{
 "cells": [
  {
   "cell_type": "code",
   "execution_count": 1,
   "id": "a2c1a4d9",
   "metadata": {},
   "outputs": [],
   "source": [
    "import time\n",
    "import pandas as pd\n",
    "import numpy as np\n",
    "import matplotlib.pyplot as plt\n",
    "import seaborn as sns\n",
    "\n",
    "from tqdm import tqdm\n",
    "from dotenv import dotenv_values"
   ]
  },
  {
   "cell_type": "code",
   "execution_count": 2,
   "id": "bcd9226a",
   "metadata": {},
   "outputs": [],
   "source": [
    "DATABASE_URL = dotenv_values(\"../.env.local\")['DATABASE_URL']"
   ]
  },
  {
   "cell_type": "code",
   "execution_count": 3,
   "id": "6e595628",
   "metadata": {},
   "outputs": [],
   "source": [
    "%load_ext sql\n",
    "\n",
    "%sql $DATABASE_URL"
   ]
  },
  {
   "cell_type": "code",
   "execution_count": 4,
   "id": "a94f8f54",
   "metadata": {},
   "outputs": [],
   "source": [
    "def get_statistics(durations):\n",
    "    \"\"\"\n",
    "    Calculate the mean and standard deviation of a list of durations.\n",
    "    \"\"\"\n",
    "    mean = np.mean(durations)\n",
    "    median = np.median(durations)\n",
    "    std = np.std(durations)\n",
    "    min_duration = np.min(durations)\n",
    "    max_duration = np.max(durations)\n",
    "\n",
    "    print(f\"Mean: {mean:.6f} s\")\n",
    "    print(f\"Median: {median:.6f} s\")\n",
    "    print(f\"Std Dev: {std:.6f} s\")\n",
    "    print(f\"Min: {min_duration:.6f} s\")\n",
    "    print(f\"Max: {max_duration:.6f} s\")"
   ]
  },
  {
   "cell_type": "markdown",
   "id": "fe227db1",
   "metadata": {},
   "source": [
    "# Analysis Thirth Query\n",
    "---"
   ]
  },
  {
   "cell_type": "markdown",
   "id": "6b83a87c",
   "metadata": {},
   "source": [
    "* **Query 3: Análise do Desempenho do Pneu em relação a temperatura da pista**\n",
    "    * Essa consulta ranqueia quais tipos de pneus possuem maior uso com relação a temperatura média da pista. Dentro da Base, foram armazenadas diversas informações sobre cada tipo de pneu e informações sobre condições climáticas no tempo que permitem realizar esta análise.  \n"
   ]
  },
  {
   "cell_type": "code",
   "execution_count": 5,
   "id": "7fe3f386",
   "metadata": {},
   "outputs": [],
   "source": [
    "third_query = f\"\"\"\n",
    "    SELECT  \n",
    "        TS.compound AS CompostoPneu,\n",
    "        AVG(WC.track_temperature)::NUMERIC(8,2) AS TemperaturaMediaPista,\n",
    "        MAX(TS.lap_end - TS.lap_start) AS MaxLapDurationTyre\n",
    "    FROM raw.tyre_stints AS TS\n",
    "    INNER JOIN raw.weather_conditions AS WC ON WC.session_key = TS.session_key\n",
    "    GROUP BY TS.compound\n",
    "    ORDER BY MaxLapDurationTyre DESC\n",
    "\"\"\""
   ]
  },
  {
   "cell_type": "code",
   "execution_count": 6,
   "id": "369e5e4c",
   "metadata": {},
   "outputs": [
    {
     "name": "stdout",
     "output_type": "stream",
     "text": [
      " * postgresql+psycopg2://postgresadmin:***@localhost:5000/postgresdb\n",
      "8 rows affected.\n"
     ]
    },
    {
     "data": {
      "text/html": [
       "<table>\n",
       "    <thead>\n",
       "        <tr>\n",
       "            <th>compostopneu</th>\n",
       "            <th>temperaturamediapista</th>\n",
       "            <th>maxlapdurationtyre</th>\n",
       "        </tr>\n",
       "    </thead>\n",
       "    <tbody>\n",
       "        <tr>\n",
       "            <td>HARD</td>\n",
       "            <td>37.73</td>\n",
       "            <td>55</td>\n",
       "        </tr>\n",
       "        <tr>\n",
       "            <td>MEDIUM</td>\n",
       "            <td>37.95</td>\n",
       "            <td>54</td>\n",
       "        </tr>\n",
       "        <tr>\n",
       "            <td>None</td>\n",
       "            <td>24.09</td>\n",
       "            <td>32</td>\n",
       "        </tr>\n",
       "        <tr>\n",
       "            <td>SOFT</td>\n",
       "            <td>36.61</td>\n",
       "            <td>28</td>\n",
       "        </tr>\n",
       "        <tr>\n",
       "            <td>INTERMEDIATE</td>\n",
       "            <td>21.81</td>\n",
       "            <td>25</td>\n",
       "        </tr>\n",
       "        <tr>\n",
       "            <td>WET</td>\n",
       "            <td>25.27</td>\n",
       "            <td>16</td>\n",
       "        </tr>\n",
       "        <tr>\n",
       "            <td>UNKNOWN</td>\n",
       "            <td>33.75</td>\n",
       "            <td>13</td>\n",
       "        </tr>\n",
       "        <tr>\n",
       "            <td>TEST_UNKNOWN</td>\n",
       "            <td>38.31</td>\n",
       "            <td>12</td>\n",
       "        </tr>\n",
       "    </tbody>\n",
       "</table>"
      ],
      "text/plain": [
       "[('HARD', Decimal('37.73'), 55),\n",
       " ('MEDIUM', Decimal('37.95'), 54),\n",
       " (None, Decimal('24.09'), 32),\n",
       " ('SOFT', Decimal('36.61'), 28),\n",
       " ('INTERMEDIATE', Decimal('21.81'), 25),\n",
       " ('WET', Decimal('25.27'), 16),\n",
       " ('UNKNOWN', Decimal('33.75'), 13),\n",
       " ('TEST_UNKNOWN', Decimal('38.31'), 12)]"
      ]
     },
     "execution_count": 6,
     "metadata": {},
     "output_type": "execute_result"
    }
   ],
   "source": [
    "%sql $third_query LIMIT 10"
   ]
  },
  {
   "cell_type": "code",
   "execution_count": 7,
   "id": "d798bf56",
   "metadata": {},
   "outputs": [
    {
     "name": "stdout",
     "output_type": "stream",
     "text": [
      " * postgresql+psycopg2://postgresadmin:***@localhost:5000/postgresdb\n",
      "14 rows affected.\n"
     ]
    },
    {
     "data": {
      "text/html": [
       "<table>\n",
       "    <thead>\n",
       "        <tr>\n",
       "            <th>QUERY PLAN</th>\n",
       "        </tr>\n",
       "    </thead>\n",
       "    <tbody>\n",
       "        <tr>\n",
       "            <td>Sort  (cost=14785.94..14785.96 rows=7 width=24) (actual time=160.657..160.661 rows=8 loops=1)</td>\n",
       "        </tr>\n",
       "        <tr>\n",
       "            <td>&nbsp;&nbsp;Sort Key: (max((ts.lap_end - ts.lap_start))) DESC</td>\n",
       "        </tr>\n",
       "        <tr>\n",
       "            <td>&nbsp;&nbsp;Sort Method: quicksort  Memory: 25kB</td>\n",
       "        </tr>\n",
       "        <tr>\n",
       "            <td>&nbsp;&nbsp;-&gt;  HashAggregate  (cost=14785.72..14785.84 rows=7 width=24) (actual time=160.625..160.635 rows=8 loops=1)</td>\n",
       "        </tr>\n",
       "        <tr>\n",
       "            <td>&nbsp;&nbsp;&nbsp;&nbsp;&nbsp;&nbsp;&nbsp;&nbsp;Group Key: ts.compound</td>\n",
       "        </tr>\n",
       "        <tr>\n",
       "            <td>&nbsp;&nbsp;&nbsp;&nbsp;&nbsp;&nbsp;&nbsp;&nbsp;Batches: 1  Memory Usage: 24kB</td>\n",
       "        </tr>\n",
       "        <tr>\n",
       "            <td>&nbsp;&nbsp;&nbsp;&nbsp;&nbsp;&nbsp;&nbsp;&nbsp;-&gt;  Hash Join  (cost=230.94..8239.11 rows=654661 width=22) (actual time=2.487..59.557 rows=654661 loops=1)</td>\n",
       "        </tr>\n",
       "        <tr>\n",
       "            <td>&nbsp;&nbsp;&nbsp;&nbsp;&nbsp;&nbsp;&nbsp;&nbsp;&nbsp;&nbsp;&nbsp;&nbsp;&nbsp;&nbsp;Hash Cond: (wc.session_key = ts.session_key)</td>\n",
       "        </tr>\n",
       "        <tr>\n",
       "            <td>&nbsp;&nbsp;&nbsp;&nbsp;&nbsp;&nbsp;&nbsp;&nbsp;&nbsp;&nbsp;&nbsp;&nbsp;&nbsp;&nbsp;-&gt;  Seq Scan on weather_conditions wc  (cost=0.00..188.19 rows=8419 width=12) (actual time=0.010..0.999 rows=8419 loops=1)</td>\n",
       "        </tr>\n",
       "        <tr>\n",
       "            <td>&nbsp;&nbsp;&nbsp;&nbsp;&nbsp;&nbsp;&nbsp;&nbsp;&nbsp;&nbsp;&nbsp;&nbsp;&nbsp;&nbsp;-&gt;  Hash  (cost=134.86..134.86 rows=7686 width=18) (actual time=2.463..2.464 rows=7686 loops=1)</td>\n",
       "        </tr>\n",
       "        <tr>\n",
       "            <td>&nbsp;&nbsp;&nbsp;&nbsp;&nbsp;&nbsp;&nbsp;&nbsp;&nbsp;&nbsp;&nbsp;&nbsp;&nbsp;&nbsp;&nbsp;&nbsp;&nbsp;&nbsp;&nbsp;&nbsp;Buckets: 8192  Batches: 1  Memory Usage: 459kB</td>\n",
       "        </tr>\n",
       "        <tr>\n",
       "            <td>&nbsp;&nbsp;&nbsp;&nbsp;&nbsp;&nbsp;&nbsp;&nbsp;&nbsp;&nbsp;&nbsp;&nbsp;&nbsp;&nbsp;&nbsp;&nbsp;&nbsp;&nbsp;&nbsp;&nbsp;-&gt;  Seq Scan on tyre_stints ts  (cost=0.00..134.86 rows=7686 width=18) (actual time=0.005..1.118 rows=7686 loops=1)</td>\n",
       "        </tr>\n",
       "        <tr>\n",
       "            <td>Planning Time: 0.275 ms</td>\n",
       "        </tr>\n",
       "        <tr>\n",
       "            <td>Execution Time: 160.808 ms</td>\n",
       "        </tr>\n",
       "    </tbody>\n",
       "</table>"
      ],
      "text/plain": [
       "[('Sort  (cost=14785.94..14785.96 rows=7 width=24) (actual time=160.657..160.661 rows=8 loops=1)',),\n",
       " ('  Sort Key: (max((ts.lap_end - ts.lap_start))) DESC',),\n",
       " ('  Sort Method: quicksort  Memory: 25kB',),\n",
       " ('  ->  HashAggregate  (cost=14785.72..14785.84 rows=7 width=24) (actual time=160.625..160.635 rows=8 loops=1)',),\n",
       " ('        Group Key: ts.compound',),\n",
       " ('        Batches: 1  Memory Usage: 24kB',),\n",
       " ('        ->  Hash Join  (cost=230.94..8239.11 rows=654661 width=22) (actual time=2.487..59.557 rows=654661 loops=1)',),\n",
       " ('              Hash Cond: (wc.session_key = ts.session_key)',),\n",
       " ('              ->  Seq Scan on weather_conditions wc  (cost=0.00..188.19 rows=8419 width=12) (actual time=0.010..0.999 rows=8419 loops=1)',),\n",
       " ('              ->  Hash  (cost=134.86..134.86 rows=7686 width=18) (actual time=2.463..2.464 rows=7686 loops=1)',),\n",
       " ('                    Buckets: 8192  Batches: 1  Memory Usage: 459kB',),\n",
       " ('                    ->  Seq Scan on tyre_stints ts  (cost=0.00..134.86 rows=7686 width=18) (actual time=0.005..1.118 rows=7686 loops=1)',),\n",
       " ('Planning Time: 0.275 ms',),\n",
       " ('Execution Time: 160.808 ms',)]"
      ]
     },
     "execution_count": 7,
     "metadata": {},
     "output_type": "execute_result"
    }
   ],
   "source": [
    "%sql EXPLAIN ANALYZE $third_query"
   ]
  },
  {
   "cell_type": "markdown",
   "id": "86c252f4",
   "metadata": {},
   "source": [
    "## Default\n",
    "---"
   ]
  },
  {
   "cell_type": "markdown",
   "id": "7870dd63",
   "metadata": {},
   "source": [
    "Como default a consulta não utiliza os índices criados no formação do dataset. O que iremos fazer agora será ver o desempenho dessa consulta sem nenhum índide. Depois disso iremos propor algum índice que faça sendito para o nosso problema e seja de uma série temporal, abordanddo o escolo do nosso projeto."
   ]
  },
  {
   "cell_type": "code",
   "execution_count": 8,
   "id": "101ea3de",
   "metadata": {},
   "outputs": [],
   "source": [
    "check_indexes = \"\"\"\n",
    "    SELECT\n",
    "        indexname,\n",
    "        indexdef\n",
    "    FROM\n",
    "        pg_indexes\n",
    "    WHERE\n",
    "        schemaname = 'raw' AND tablename = 'tyre_stints';\n",
    "\"\"\""
   ]
  },
  {
   "cell_type": "code",
   "execution_count": 9,
   "id": "c0011246",
   "metadata": {},
   "outputs": [
    {
     "name": "stdout",
     "output_type": "stream",
     "text": [
      " * postgresql+psycopg2://postgresadmin:***@localhost:5000/postgresdb\n",
      "1 rows affected.\n"
     ]
    },
    {
     "data": {
      "text/html": [
       "<table>\n",
       "    <thead>\n",
       "        <tr>\n",
       "            <th>indexname</th>\n",
       "            <th>indexdef</th>\n",
       "        </tr>\n",
       "    </thead>\n",
       "    <tbody>\n",
       "        <tr>\n",
       "            <td>tyre_stints_pkey</td>\n",
       "            <td>CREATE UNIQUE INDEX tyre_stints_pkey ON raw.tyre_stints USING btree (session_key, driver_number, stint_number)</td>\n",
       "        </tr>\n",
       "    </tbody>\n",
       "</table>"
      ],
      "text/plain": [
       "[('tyre_stints_pkey', 'CREATE UNIQUE INDEX tyre_stints_pkey ON raw.tyre_stints USING btree (session_key, driver_number, stint_number)')]"
      ]
     },
     "execution_count": 9,
     "metadata": {},
     "output_type": "execute_result"
    }
   ],
   "source": [
    "%sql $check_indexes"
   ]
  },
  {
   "cell_type": "code",
   "execution_count": 10,
   "id": "07dfd34b",
   "metadata": {},
   "outputs": [
    {
     "name": "stderr",
     "output_type": "stream",
     "text": [
      "100%|██████████| 100/100 [00:14<00:00,  6.71it/s]\n"
     ]
    }
   ],
   "source": [
    "duration_btree = []\n",
    "\n",
    "for _ in tqdm(range(100)):\n",
    "    start = time.time()\n",
    "    _ = pd.read_sql(third_query, DATABASE_URL)\n",
    "    end = time.time()\n",
    "    \n",
    "    duration_btree.append(end - start)"
   ]
  },
  {
   "cell_type": "code",
   "execution_count": 11,
   "id": "bfdb0bff",
   "metadata": {},
   "outputs": [
    {
     "name": "stdout",
     "output_type": "stream",
     "text": [
      "Mean: 0.147944 s\n",
      "Median: 0.146394 s\n",
      "Std Dev: 0.013917 s\n",
      "Min: 0.128907 s\n",
      "Max: 0.203166 s\n"
     ]
    }
   ],
   "source": [
    "get_statistics(duration_btree)"
   ]
  },
  {
   "cell_type": "markdown",
   "id": "c546fadd",
   "metadata": {},
   "source": [
    "# Proposta de melhoria (btree)"
   ]
  },
  {
   "cell_type": "markdown",
   "id": "30d400b1",
   "metadata": {},
   "source": [
    "Esta proposta de melhoria tem como objetivo criar um índice auxiliar para otimizar as consultas. Para isso, optamos por criar um índice com as colunas que representam as datas de início e fim do stint de pneus."
   ]
  },
  {
   "cell_type": "code",
   "execution_count": 21,
   "id": "dcfdf013",
   "metadata": {},
   "outputs": [
    {
     "name": "stdout",
     "output_type": "stream",
     "text": [
      " * postgresql+psycopg2://postgresadmin:***@localhost:5000/postgresdb\n",
      "Done.\n",
      " * postgresql+psycopg2://postgresadmin:***@localhost:5000/postgresdb\n",
      "Done.\n"
     ]
    },
    {
     "data": {
      "text/plain": [
       "[]"
      ]
     },
     "execution_count": 21,
     "metadata": {},
     "output_type": "execute_result"
    }
   ],
   "source": [
    "%sql CREATE INDEX IF NOT EXISTS idx_tyre_stints_compound_laps ON raw.tyre_stints(compound, lap_end, lap_start)\n",
    "%sql ANALYZE raw.tyre_stints"
   ]
  },
  {
   "cell_type": "code",
   "execution_count": 23,
   "id": "8231398e",
   "metadata": {},
   "outputs": [
    {
     "name": "stdout",
     "output_type": "stream",
     "text": [
      " * postgresql+psycopg2://postgresadmin:***@localhost:5000/postgresdb\n",
      "2 rows affected.\n"
     ]
    },
    {
     "data": {
      "text/html": [
       "<table>\n",
       "    <thead>\n",
       "        <tr>\n",
       "            <th>indexname</th>\n",
       "            <th>indexdef</th>\n",
       "        </tr>\n",
       "    </thead>\n",
       "    <tbody>\n",
       "        <tr>\n",
       "            <td>tyre_stints_pkey</td>\n",
       "            <td>CREATE UNIQUE INDEX tyre_stints_pkey ON raw.tyre_stints USING btree (session_key, driver_number, stint_number)</td>\n",
       "        </tr>\n",
       "        <tr>\n",
       "            <td>idx_tyre_stints_compound_laps</td>\n",
       "            <td>CREATE INDEX idx_tyre_stints_compound_laps ON raw.tyre_stints USING btree (compound, lap_end, lap_start)</td>\n",
       "        </tr>\n",
       "    </tbody>\n",
       "</table>"
      ],
      "text/plain": [
       "[('tyre_stints_pkey', 'CREATE UNIQUE INDEX tyre_stints_pkey ON raw.tyre_stints USING btree (session_key, driver_number, stint_number)'),\n",
       " ('idx_tyre_stints_compound_laps', 'CREATE INDEX idx_tyre_stints_compound_laps ON raw.tyre_stints USING btree (compound, lap_end, lap_start)')]"
      ]
     },
     "execution_count": 23,
     "metadata": {},
     "output_type": "execute_result"
    }
   ],
   "source": [
    "%sql $check_indexes"
   ]
  },
  {
   "cell_type": "code",
   "execution_count": 22,
   "id": "99a402ea",
   "metadata": {},
   "outputs": [
    {
     "name": "stdout",
     "output_type": "stream",
     "text": [
      " * postgresql+psycopg2://postgresadmin:***@localhost:5000/postgresdb\n",
      "14 rows affected.\n"
     ]
    },
    {
     "data": {
      "text/html": [
       "<table>\n",
       "    <thead>\n",
       "        <tr>\n",
       "            <th>QUERY PLAN</th>\n",
       "        </tr>\n",
       "    </thead>\n",
       "    <tbody>\n",
       "        <tr>\n",
       "            <td>Sort  (cost=14785.94..14785.96 rows=7 width=24) (actual time=175.802..175.806 rows=8 loops=1)</td>\n",
       "        </tr>\n",
       "        <tr>\n",
       "            <td>&nbsp;&nbsp;Sort Key: (max((ts.lap_end - ts.lap_start))) DESC</td>\n",
       "        </tr>\n",
       "        <tr>\n",
       "            <td>&nbsp;&nbsp;Sort Method: quicksort  Memory: 25kB</td>\n",
       "        </tr>\n",
       "        <tr>\n",
       "            <td>&nbsp;&nbsp;-&gt;  HashAggregate  (cost=14785.72..14785.84 rows=7 width=24) (actual time=175.611..175.625 rows=8 loops=1)</td>\n",
       "        </tr>\n",
       "        <tr>\n",
       "            <td>&nbsp;&nbsp;&nbsp;&nbsp;&nbsp;&nbsp;&nbsp;&nbsp;Group Key: ts.compound</td>\n",
       "        </tr>\n",
       "        <tr>\n",
       "            <td>&nbsp;&nbsp;&nbsp;&nbsp;&nbsp;&nbsp;&nbsp;&nbsp;Batches: 1  Memory Usage: 24kB</td>\n",
       "        </tr>\n",
       "        <tr>\n",
       "            <td>&nbsp;&nbsp;&nbsp;&nbsp;&nbsp;&nbsp;&nbsp;&nbsp;-&gt;  Hash Join  (cost=230.94..8239.11 rows=654661 width=22) (actual time=2.654..66.189 rows=654661 loops=1)</td>\n",
       "        </tr>\n",
       "        <tr>\n",
       "            <td>&nbsp;&nbsp;&nbsp;&nbsp;&nbsp;&nbsp;&nbsp;&nbsp;&nbsp;&nbsp;&nbsp;&nbsp;&nbsp;&nbsp;Hash Cond: (wc.session_key = ts.session_key)</td>\n",
       "        </tr>\n",
       "        <tr>\n",
       "            <td>&nbsp;&nbsp;&nbsp;&nbsp;&nbsp;&nbsp;&nbsp;&nbsp;&nbsp;&nbsp;&nbsp;&nbsp;&nbsp;&nbsp;-&gt;  Seq Scan on weather_conditions wc  (cost=0.00..188.19 rows=8419 width=12) (actual time=0.062..1.729 rows=8419 loops=1)</td>\n",
       "        </tr>\n",
       "        <tr>\n",
       "            <td>&nbsp;&nbsp;&nbsp;&nbsp;&nbsp;&nbsp;&nbsp;&nbsp;&nbsp;&nbsp;&nbsp;&nbsp;&nbsp;&nbsp;-&gt;  Hash  (cost=134.86..134.86 rows=7686 width=18) (actual time=2.564..2.565 rows=7686 loops=1)</td>\n",
       "        </tr>\n",
       "        <tr>\n",
       "            <td>&nbsp;&nbsp;&nbsp;&nbsp;&nbsp;&nbsp;&nbsp;&nbsp;&nbsp;&nbsp;&nbsp;&nbsp;&nbsp;&nbsp;&nbsp;&nbsp;&nbsp;&nbsp;&nbsp;&nbsp;Buckets: 8192  Batches: 1  Memory Usage: 459kB</td>\n",
       "        </tr>\n",
       "        <tr>\n",
       "            <td>&nbsp;&nbsp;&nbsp;&nbsp;&nbsp;&nbsp;&nbsp;&nbsp;&nbsp;&nbsp;&nbsp;&nbsp;&nbsp;&nbsp;&nbsp;&nbsp;&nbsp;&nbsp;&nbsp;&nbsp;-&gt;  Seq Scan on tyre_stints ts  (cost=0.00..134.86 rows=7686 width=18) (actual time=0.011..1.222 rows=7686 loops=1)</td>\n",
       "        </tr>\n",
       "        <tr>\n",
       "            <td>Planning Time: 1.311 ms</td>\n",
       "        </tr>\n",
       "        <tr>\n",
       "            <td>Execution Time: 175.901 ms</td>\n",
       "        </tr>\n",
       "    </tbody>\n",
       "</table>"
      ],
      "text/plain": [
       "[('Sort  (cost=14785.94..14785.96 rows=7 width=24) (actual time=175.802..175.806 rows=8 loops=1)',),\n",
       " ('  Sort Key: (max((ts.lap_end - ts.lap_start))) DESC',),\n",
       " ('  Sort Method: quicksort  Memory: 25kB',),\n",
       " ('  ->  HashAggregate  (cost=14785.72..14785.84 rows=7 width=24) (actual time=175.611..175.625 rows=8 loops=1)',),\n",
       " ('        Group Key: ts.compound',),\n",
       " ('        Batches: 1  Memory Usage: 24kB',),\n",
       " ('        ->  Hash Join  (cost=230.94..8239.11 rows=654661 width=22) (actual time=2.654..66.189 rows=654661 loops=1)',),\n",
       " ('              Hash Cond: (wc.session_key = ts.session_key)',),\n",
       " ('              ->  Seq Scan on weather_conditions wc  (cost=0.00..188.19 rows=8419 width=12) (actual time=0.062..1.729 rows=8419 loops=1)',),\n",
       " ('              ->  Hash  (cost=134.86..134.86 rows=7686 width=18) (actual time=2.564..2.565 rows=7686 loops=1)',),\n",
       " ('                    Buckets: 8192  Batches: 1  Memory Usage: 459kB',),\n",
       " ('                    ->  Seq Scan on tyre_stints ts  (cost=0.00..134.86 rows=7686 width=18) (actual time=0.011..1.222 rows=7686 loops=1)',),\n",
       " ('Planning Time: 1.311 ms',),\n",
       " ('Execution Time: 175.901 ms',)]"
      ]
     },
     "execution_count": 22,
     "metadata": {},
     "output_type": "execute_result"
    }
   ],
   "source": [
    "%sql EXPLAIN ANALYZE $third_query"
   ]
  },
  {
   "cell_type": "markdown",
   "id": "0ad04549",
   "metadata": {},
   "source": [
    "Como podemos perceber pela tabela acima, memso com o indexe criado o postgres prefere fazer um seq scan, o que pode ser um indicativo de que o indexe não é necessário."
   ]
  }
 ],
 "metadata": {
  "kernelspec": {
   "display_name": "Python 3",
   "language": "python",
   "name": "python3"
  },
  "language_info": {
   "codemirror_mode": {
    "name": "ipython",
    "version": 3
   },
   "file_extension": ".py",
   "mimetype": "text/x-python",
   "name": "python",
   "nbconvert_exporter": "python",
   "pygments_lexer": "ipython3",
   "version": "3.10.12"
  }
 },
 "nbformat": 4,
 "nbformat_minor": 5
}
