{
 "cells": [
  {
   "cell_type": "code",
   "execution_count": 25,
   "id": "7842318f",
   "metadata": {},
   "outputs": [],
   "source": [
    "import time\n",
    "import pandas as pd\n",
    "import numpy as np\n",
    "import matplotlib.pyplot as plt\n",
    "import seaborn as sns\n",
    "\n",
    "from tqdm import tqdm\n",
    "from dotenv import dotenv_values"
   ]
  },
  {
   "cell_type": "code",
   "execution_count": 2,
   "id": "e51bfa95",
   "metadata": {},
   "outputs": [],
   "source": [
    "DATABASE_URL = dotenv_values(\"../.env.local\")['DATABASE_URL']"
   ]
  },
  {
   "cell_type": "code",
   "execution_count": 3,
   "id": "28c20937",
   "metadata": {},
   "outputs": [],
   "source": [
    "%load_ext sql\n",
    "\n",
    "%sql $DATABASE_URL"
   ]
  },
  {
   "cell_type": "code",
   "execution_count": 4,
   "id": "1181f498",
   "metadata": {},
   "outputs": [],
   "source": [
    "def get_statistics(durations):\n",
    "    \"\"\"\n",
    "    Calculate the mean and standard deviation of a list of durations.\n",
    "    \"\"\"\n",
    "    mean = np.mean(durations)\n",
    "    median = np.median(durations)\n",
    "    std = np.std(durations)\n",
    "    min_duration = np.min(durations)\n",
    "    max_duration = np.max(durations)\n",
    "\n",
    "    print(f\"Mean: {mean:.6f} s\")\n",
    "    print(f\"Median: {median:.6f} s\")\n",
    "    print(f\"Std Dev: {std:.6f} s\")\n",
    "    print(f\"Min: {min_duration:.6f} s\")\n",
    "    print(f\"Max: {max_duration:.6f} s\")"
   ]
  },
  {
   "cell_type": "markdown",
   "id": "a37987fe",
   "metadata": {},
   "source": [
    "# Analysis First Query\n",
    "---"
   ]
  },
  {
   "cell_type": "markdown",
   "id": "dca26759",
   "metadata": {},
   "source": [
    "\n",
    "* **Query 1: Análise de Desempenho de Velocidade Média por Setor**\n",
    "    * Esta consulta avalia a velocidade média de cada piloto em sessões classificadas como corridas, considerando a melhor volta de cada um. O resultado é um relatório detalhado que destaca os pilotos com maior consistência e velocidade em condições de corrida.\n"
   ]
  },
  {
   "cell_type": "code",
   "execution_count": 5,
   "id": "bb74ec18",
   "metadata": {},
   "outputs": [],
   "source": [
    "first_query = \"\"\"\n",
    "    WITH race_laps AS (\n",
    "        SELECT\n",
    "            session_key,\n",
    "            driver_number,\n",
    "            lap_number,\n",
    "            date_start,\n",
    "            lap_duration,\n",
    "            duration_sector_1,\n",
    "            duration_sector_2,\n",
    "            duration_sector_3,\n",
    "            ROW_NUMBER() OVER (PARTITION BY session_key, driver_number ORDER BY lap_duration ASC) AS rank_lap\n",
    "        FROM raw.laps\n",
    "        WHERE session_key in (\n",
    "            SELECT session_key \n",
    "            FROM raw.sessions \n",
    "            WHERE session_name = 'Race'\n",
    "        )\n",
    "        AND lap_number IS NOT NULL\t\n",
    "    ),\n",
    "    best_laps AS (\n",
    "        SELECT *\n",
    "        FROM race_laps\n",
    "        WHERE rank_lap = 1\n",
    "    ),\n",
    "    filtred_telemetrys AS (\n",
    "        SELECT \n",
    "            BL.*, \n",
    "            TLM.date,\n",
    "            TLM.speed\n",
    "        FROM raw.telemetrys TLM\n",
    "        JOIN best_laps BL ON TLM.session_key = BL.session_key AND TLM.driver_number = BL.driver_number\n",
    "        WHERE TLM.date BETWEEN BL.date_start AND BL.date_start + (INTERVAL '1 second' * (BL.duration_sector_1 + BL.duration_sector_2 + BL.duration_sector_3))\n",
    "    ),\n",
    "    avg_speed_per_sector AS (\n",
    "        SELECT \n",
    "            session_key, \n",
    "            driver_number,\n",
    "            MIN(lap_duration) AS best_lap_duration,\n",
    "            CASE \n",
    "                WHEN date > date_start AND date < date_start + INTERVAL '1 second' * duration_sector_1 THEN 'SECTOR 1'\n",
    "                WHEN date > (date_start + INTERVAL '1 second' * duration_sector_1) AND date < (date_start + INTERVAL '1 second' * (duration_sector_1 + duration_sector_2)) THEN 'SECTOR 2'\n",
    "                WHEN date > (date_start + INTERVAL '1 second' * (duration_sector_1 + duration_sector_2)) AND (date <= date_start + INTERVAL '1 second' * (duration_sector_1 + duration_sector_2 + duration_sector_3)) THEN 'SECTOR 3'\n",
    "            END AS sector,\n",
    "            AVG(speed) AS max_speed\n",
    "        FROM filtred_telemetrys\n",
    "        GROUP BY session_key, driver_number, sector\n",
    "    )\n",
    "    SELECT *\n",
    "    FROM avg_speed_per_sector\n",
    "\"\"\""
   ]
  },
  {
   "cell_type": "code",
   "execution_count": 6,
   "id": "00c0cd2c",
   "metadata": {},
   "outputs": [
    {
     "name": "stdout",
     "output_type": "stream",
     "text": [
      " * postgresql+psycopg2://postgresadmin:***@localhost:5000/postgresdb\n",
      "10 rows affected.\n"
     ]
    },
    {
     "data": {
      "text/html": [
       "<table>\n",
       "    <thead>\n",
       "        <tr>\n",
       "            <th>session_key</th>\n",
       "            <th>driver_number</th>\n",
       "            <th>best_lap_duration</th>\n",
       "            <th>sector</th>\n",
       "            <th>max_speed</th>\n",
       "        </tr>\n",
       "    </thead>\n",
       "    <tbody>\n",
       "        <tr>\n",
       "            <td>9070</td>\n",
       "            <td>1</td>\n",
       "            <td>104.232</td>\n",
       "            <td>SECTOR 1</td>\n",
       "            <td>195.0979020979021</td>\n",
       "        </tr>\n",
       "        <tr>\n",
       "            <td>9070</td>\n",
       "            <td>1</td>\n",
       "            <td>104.232</td>\n",
       "            <td>SECTOR 2</td>\n",
       "            <td>163.69426751592357</td>\n",
       "        </tr>\n",
       "        <tr>\n",
       "            <td>9070</td>\n",
       "            <td>1</td>\n",
       "            <td>104.232</td>\n",
       "            <td>SECTOR 3</td>\n",
       "            <td>278.21276595744683</td>\n",
       "        </tr>\n",
       "        <tr>\n",
       "            <td>9070</td>\n",
       "            <td>10</td>\n",
       "            <td>105.54</td>\n",
       "            <td>SECTOR 1</td>\n",
       "            <td>193.28082191780823</td>\n",
       "        </tr>\n",
       "        <tr>\n",
       "            <td>9070</td>\n",
       "            <td>10</td>\n",
       "            <td>105.54</td>\n",
       "            <td>SECTOR 2</td>\n",
       "            <td>164.33532934131736</td>\n",
       "        </tr>\n",
       "        <tr>\n",
       "            <td>9070</td>\n",
       "            <td>10</td>\n",
       "            <td>105.54</td>\n",
       "            <td>SECTOR 3</td>\n",
       "            <td>278.8777777777778</td>\n",
       "        </tr>\n",
       "        <tr>\n",
       "            <td>9070</td>\n",
       "            <td>14</td>\n",
       "            <td>104.241</td>\n",
       "            <td>SECTOR 1</td>\n",
       "            <td>196.64028776978418</td>\n",
       "        </tr>\n",
       "        <tr>\n",
       "            <td>9070</td>\n",
       "            <td>14</td>\n",
       "            <td>104.241</td>\n",
       "            <td>SECTOR 2</td>\n",
       "            <td>169.70063694267515</td>\n",
       "        </tr>\n",
       "        <tr>\n",
       "            <td>9070</td>\n",
       "            <td>14</td>\n",
       "            <td>104.241</td>\n",
       "            <td>SECTOR 3</td>\n",
       "            <td>285.314606741573</td>\n",
       "        </tr>\n",
       "        <tr>\n",
       "            <td>9070</td>\n",
       "            <td>16</td>\n",
       "            <td>104.561</td>\n",
       "            <td>SECTOR 1</td>\n",
       "            <td>194.11347517730496</td>\n",
       "        </tr>\n",
       "    </tbody>\n",
       "</table>"
      ],
      "text/plain": [
       "[(9070, 1, 104.232, 'SECTOR 1', 195.0979020979021),\n",
       " (9070, 1, 104.232, 'SECTOR 2', 163.69426751592357),\n",
       " (9070, 1, 104.232, 'SECTOR 3', 278.21276595744683),\n",
       " (9070, 10, 105.54, 'SECTOR 1', 193.28082191780823),\n",
       " (9070, 10, 105.54, 'SECTOR 2', 164.33532934131736),\n",
       " (9070, 10, 105.54, 'SECTOR 3', 278.8777777777778),\n",
       " (9070, 14, 104.241, 'SECTOR 1', 196.64028776978418),\n",
       " (9070, 14, 104.241, 'SECTOR 2', 169.70063694267515),\n",
       " (9070, 14, 104.241, 'SECTOR 3', 285.314606741573),\n",
       " (9070, 16, 104.561, 'SECTOR 1', 194.11347517730496)]"
      ]
     },
     "execution_count": 6,
     "metadata": {},
     "output_type": "execute_result"
    }
   ],
   "source": [
    "%sql $first_query LIMIT 10"
   ]
  },
  {
   "cell_type": "code",
   "execution_count": 7,
   "id": "bdcfa2a7",
   "metadata": {},
   "outputs": [
    {
     "name": "stdout",
     "output_type": "stream",
     "text": [
      " * postgresql+psycopg2://postgresadmin:***@localhost:5000/postgresdb\n",
      "31 rows affected.\n"
     ]
    },
    {
     "data": {
      "text/html": [
       "<table>\n",
       "    <thead>\n",
       "        <tr>\n",
       "            <th>QUERY PLAN</th>\n",
       "        </tr>\n",
       "    </thead>\n",
       "    <tbody>\n",
       "        <tr>\n",
       "            <td>GroupAggregate  (cost=980.13..39653.47 rows=979 width=56) (actual time=7.282..99.039 rows=208 loops=1)</td>\n",
       "        </tr>\n",
       "        <tr>\n",
       "            <td>&nbsp;&nbsp;Group Key: race_laps.session_key, race_laps.driver_number, (CASE WHEN ((tlm.date &gt; race_laps.date_start) AND (tlm.date &lt; (race_laps.date_start + (&#x27;00:00:01&#x27;::interval * race_laps.duration_sector_1)))) THEN &#x27;SECTOR 1&#x27;::text WHEN ((tlm.date &gt; (race_laps.date_start + (&#x27;00:00:01&#x27;::interval * race_laps.duration_sector_1))) AND (tlm.date &lt; (race_laps.date_start + (&#x27;00:00:01&#x27;::interval * (race_laps.duration_sector_1 + race_laps.duration_sector_2))))) THEN &#x27;SECTOR 2&#x27;::text WHEN ((tlm.date &gt; (race_laps.date_start + (&#x27;00:00:01&#x27;::interval * (race_laps.duration_sector_1 + race_laps.duration_sector_2)))) AND (tlm.date &lt;= (race_laps.date_start + (&#x27;00:00:01&#x27;::interval * ((race_laps.duration_sector_1 + race_laps.duration_sector_2) + race_laps.duration_sector_3))))) THEN &#x27;SECTOR 3&#x27;::text ELSE NULL::text END)</td>\n",
       "        </tr>\n",
       "        <tr>\n",
       "            <td>&nbsp;&nbsp;-&gt;  Incremental Sort  (cost=980.13..39580.04 rows=979 width=56) (actual time=7.252..95.357 rows=24459 loops=1)</td>\n",
       "        </tr>\n",
       "        <tr>\n",
       "            <td>&nbsp;&nbsp;&nbsp;&nbsp;&nbsp;&nbsp;&nbsp;&nbsp;Sort Key: race_laps.session_key, race_laps.driver_number, (CASE WHEN ((tlm.date &gt; race_laps.date_start) AND (tlm.date &lt; (race_laps.date_start + (&#x27;00:00:01&#x27;::interval * race_laps.duration_sector_1)))) THEN &#x27;SECTOR 1&#x27;::text WHEN ((tlm.date &gt; (race_laps.date_start + (&#x27;00:00:01&#x27;::interval * race_laps.duration_sector_1))) AND (tlm.date &lt; (race_laps.date_start + (&#x27;00:00:01&#x27;::interval * (race_laps.duration_sector_1 + race_laps.duration_sector_2))))) THEN &#x27;SECTOR 2&#x27;::text WHEN ((tlm.date &gt; (race_laps.date_start + (&#x27;00:00:01&#x27;::interval * (race_laps.duration_sector_1 + race_laps.duration_sector_2)))) AND (tlm.date &lt;= (race_laps.date_start + (&#x27;00:00:01&#x27;::interval * ((race_laps.duration_sector_1 + race_laps.duration_sector_2) + race_laps.duration_sector_3))))) THEN &#x27;SECTOR 3&#x27;::text ELSE NULL::text END)</td>\n",
       "        </tr>\n",
       "        <tr>\n",
       "            <td>&nbsp;&nbsp;&nbsp;&nbsp;&nbsp;&nbsp;&nbsp;&nbsp;Presorted Key: race_laps.session_key, race_laps.driver_number</td>\n",
       "        </tr>\n",
       "        <tr>\n",
       "            <td>&nbsp;&nbsp;&nbsp;&nbsp;&nbsp;&nbsp;&nbsp;&nbsp;Full-sort Groups: 70  Sort Method: quicksort  Average Memory: 30kB  Peak Memory: 30kB</td>\n",
       "        </tr>\n",
       "        <tr>\n",
       "            <td>&nbsp;&nbsp;&nbsp;&nbsp;&nbsp;&nbsp;&nbsp;&nbsp;Pre-sorted Groups: 70  Sort Method: quicksort  Average Memory: 55kB  Peak Memory: 55kB</td>\n",
       "        </tr>\n",
       "        <tr>\n",
       "            <td>&nbsp;&nbsp;&nbsp;&nbsp;&nbsp;&nbsp;&nbsp;&nbsp;-&gt;  Nested Loop  (cost=940.70..39535.99 rows=979 width=56) (actual time=7.018..88.796 rows=24459 loops=1)</td>\n",
       "        </tr>\n",
       "        <tr>\n",
       "            <td>&nbsp;&nbsp;&nbsp;&nbsp;&nbsp;&nbsp;&nbsp;&nbsp;&nbsp;&nbsp;&nbsp;&nbsp;&nbsp;&nbsp;-&gt;  Subquery Scan on race_laps  (cost=910.26..986.49 rows=11 width=48) (actual time=6.957..8.167 rows=77 loops=1)</td>\n",
       "        </tr>\n",
       "        <tr>\n",
       "            <td>&nbsp;&nbsp;&nbsp;&nbsp;&nbsp;&nbsp;&nbsp;&nbsp;&nbsp;&nbsp;&nbsp;&nbsp;&nbsp;&nbsp;&nbsp;&nbsp;&nbsp;&nbsp;&nbsp;&nbsp;Filter: (race_laps.rank_lap = 1)</td>\n",
       "        </tr>\n",
       "        <tr>\n",
       "            <td>&nbsp;&nbsp;&nbsp;&nbsp;&nbsp;&nbsp;&nbsp;&nbsp;&nbsp;&nbsp;&nbsp;&nbsp;&nbsp;&nbsp;&nbsp;&nbsp;&nbsp;&nbsp;&nbsp;&nbsp;-&gt;  WindowAgg  (cost=910.26..959.27 rows=2178 width=60) (actual time=6.956..8.113 rows=77 loops=1)</td>\n",
       "        </tr>\n",
       "        <tr>\n",
       "            <td>&nbsp;&nbsp;&nbsp;&nbsp;&nbsp;&nbsp;&nbsp;&nbsp;&nbsp;&nbsp;&nbsp;&nbsp;&nbsp;&nbsp;&nbsp;&nbsp;&nbsp;&nbsp;&nbsp;&nbsp;&nbsp;&nbsp;&nbsp;&nbsp;&nbsp;&nbsp;Run Condition: (row_number() OVER (?) &lt;= 1)</td>\n",
       "        </tr>\n",
       "        <tr>\n",
       "            <td>&nbsp;&nbsp;&nbsp;&nbsp;&nbsp;&nbsp;&nbsp;&nbsp;&nbsp;&nbsp;&nbsp;&nbsp;&nbsp;&nbsp;&nbsp;&nbsp;&nbsp;&nbsp;&nbsp;&nbsp;&nbsp;&nbsp;&nbsp;&nbsp;&nbsp;&nbsp;-&gt;  Sort  (cost=910.26..915.71 rows=2178 width=48) (actual time=6.942..7.419 rows=3604 loops=1)</td>\n",
       "        </tr>\n",
       "        <tr>\n",
       "            <td>&nbsp;&nbsp;&nbsp;&nbsp;&nbsp;&nbsp;&nbsp;&nbsp;&nbsp;&nbsp;&nbsp;&nbsp;&nbsp;&nbsp;&nbsp;&nbsp;&nbsp;&nbsp;&nbsp;&nbsp;&nbsp;&nbsp;&nbsp;&nbsp;&nbsp;&nbsp;&nbsp;&nbsp;&nbsp;&nbsp;&nbsp;&nbsp;Sort Key: laps.session_key, laps.driver_number, laps.lap_duration</td>\n",
       "        </tr>\n",
       "        <tr>\n",
       "            <td>&nbsp;&nbsp;&nbsp;&nbsp;&nbsp;&nbsp;&nbsp;&nbsp;&nbsp;&nbsp;&nbsp;&nbsp;&nbsp;&nbsp;&nbsp;&nbsp;&nbsp;&nbsp;&nbsp;&nbsp;&nbsp;&nbsp;&nbsp;&nbsp;&nbsp;&nbsp;&nbsp;&nbsp;&nbsp;&nbsp;&nbsp;&nbsp;Sort Method: quicksort  Memory: 404kB</td>\n",
       "        </tr>\n",
       "        <tr>\n",
       "            <td>&nbsp;&nbsp;&nbsp;&nbsp;&nbsp;&nbsp;&nbsp;&nbsp;&nbsp;&nbsp;&nbsp;&nbsp;&nbsp;&nbsp;&nbsp;&nbsp;&nbsp;&nbsp;&nbsp;&nbsp;&nbsp;&nbsp;&nbsp;&nbsp;&nbsp;&nbsp;&nbsp;&nbsp;&nbsp;&nbsp;&nbsp;&nbsp;-&gt;  Hash Join  (cost=3.31..789.51 rows=2178 width=48) (actual time=0.029..5.165 rows=3604 loops=1)</td>\n",
       "        </tr>\n",
       "        <tr>\n",
       "            <td>&nbsp;&nbsp;&nbsp;&nbsp;&nbsp;&nbsp;&nbsp;&nbsp;&nbsp;&nbsp;&nbsp;&nbsp;&nbsp;&nbsp;&nbsp;&nbsp;&nbsp;&nbsp;&nbsp;&nbsp;&nbsp;&nbsp;&nbsp;&nbsp;&nbsp;&nbsp;&nbsp;&nbsp;&nbsp;&nbsp;&nbsp;&nbsp;&nbsp;&nbsp;&nbsp;&nbsp;&nbsp;&nbsp;Hash Cond: (laps.session_key = sessions.session_key)</td>\n",
       "        </tr>\n",
       "        <tr>\n",
       "            <td>&nbsp;&nbsp;&nbsp;&nbsp;&nbsp;&nbsp;&nbsp;&nbsp;&nbsp;&nbsp;&nbsp;&nbsp;&nbsp;&nbsp;&nbsp;&nbsp;&nbsp;&nbsp;&nbsp;&nbsp;&nbsp;&nbsp;&nbsp;&nbsp;&nbsp;&nbsp;&nbsp;&nbsp;&nbsp;&nbsp;&nbsp;&nbsp;&nbsp;&nbsp;&nbsp;&nbsp;&nbsp;&nbsp;-&gt;  Seq Scan on laps  (cost=0.00..704.46 rows=30493 width=48) (actual time=0.010..3.293 rows=28193 loops=1)</td>\n",
       "        </tr>\n",
       "        <tr>\n",
       "            <td>&nbsp;&nbsp;&nbsp;&nbsp;&nbsp;&nbsp;&nbsp;&nbsp;&nbsp;&nbsp;&nbsp;&nbsp;&nbsp;&nbsp;&nbsp;&nbsp;&nbsp;&nbsp;&nbsp;&nbsp;&nbsp;&nbsp;&nbsp;&nbsp;&nbsp;&nbsp;&nbsp;&nbsp;&nbsp;&nbsp;&nbsp;&nbsp;&nbsp;&nbsp;&nbsp;&nbsp;&nbsp;&nbsp;&nbsp;&nbsp;&nbsp;&nbsp;&nbsp;&nbsp;Filter: (lap_number IS NOT NULL)</td>\n",
       "        </tr>\n",
       "        <tr>\n",
       "            <td>&nbsp;&nbsp;&nbsp;&nbsp;&nbsp;&nbsp;&nbsp;&nbsp;&nbsp;&nbsp;&nbsp;&nbsp;&nbsp;&nbsp;&nbsp;&nbsp;&nbsp;&nbsp;&nbsp;&nbsp;&nbsp;&nbsp;&nbsp;&nbsp;&nbsp;&nbsp;&nbsp;&nbsp;&nbsp;&nbsp;&nbsp;&nbsp;&nbsp;&nbsp;&nbsp;&nbsp;&nbsp;&nbsp;-&gt;  Hash  (cost=3.23..3.23 rows=7 width=4) (actual time=0.015..0.016 rows=7 loops=1)</td>\n",
       "        </tr>\n",
       "        <tr>\n",
       "            <td>&nbsp;&nbsp;&nbsp;&nbsp;&nbsp;&nbsp;&nbsp;&nbsp;&nbsp;&nbsp;&nbsp;&nbsp;&nbsp;&nbsp;&nbsp;&nbsp;&nbsp;&nbsp;&nbsp;&nbsp;&nbsp;&nbsp;&nbsp;&nbsp;&nbsp;&nbsp;&nbsp;&nbsp;&nbsp;&nbsp;&nbsp;&nbsp;&nbsp;&nbsp;&nbsp;&nbsp;&nbsp;&nbsp;&nbsp;&nbsp;&nbsp;&nbsp;&nbsp;&nbsp;Buckets: 1024  Batches: 1  Memory Usage: 9kB</td>\n",
       "        </tr>\n",
       "        <tr>\n",
       "            <td>&nbsp;&nbsp;&nbsp;&nbsp;&nbsp;&nbsp;&nbsp;&nbsp;&nbsp;&nbsp;&nbsp;&nbsp;&nbsp;&nbsp;&nbsp;&nbsp;&nbsp;&nbsp;&nbsp;&nbsp;&nbsp;&nbsp;&nbsp;&nbsp;&nbsp;&nbsp;&nbsp;&nbsp;&nbsp;&nbsp;&nbsp;&nbsp;&nbsp;&nbsp;&nbsp;&nbsp;&nbsp;&nbsp;&nbsp;&nbsp;&nbsp;&nbsp;&nbsp;&nbsp;-&gt;  Seq Scan on sessions  (cost=0.00..3.23 rows=7 width=4) (actual time=0.005..0.012 rows=7 loops=1)</td>\n",
       "        </tr>\n",
       "        <tr>\n",
       "            <td>&nbsp;&nbsp;&nbsp;&nbsp;&nbsp;&nbsp;&nbsp;&nbsp;&nbsp;&nbsp;&nbsp;&nbsp;&nbsp;&nbsp;&nbsp;&nbsp;&nbsp;&nbsp;&nbsp;&nbsp;&nbsp;&nbsp;&nbsp;&nbsp;&nbsp;&nbsp;&nbsp;&nbsp;&nbsp;&nbsp;&nbsp;&nbsp;&nbsp;&nbsp;&nbsp;&nbsp;&nbsp;&nbsp;&nbsp;&nbsp;&nbsp;&nbsp;&nbsp;&nbsp;&nbsp;&nbsp;&nbsp;&nbsp;&nbsp;&nbsp;Filter: ((session_name)::text = &#x27;Race&#x27;::text)</td>\n",
       "        </tr>\n",
       "        <tr>\n",
       "            <td>&nbsp;&nbsp;&nbsp;&nbsp;&nbsp;&nbsp;&nbsp;&nbsp;&nbsp;&nbsp;&nbsp;&nbsp;&nbsp;&nbsp;&nbsp;&nbsp;&nbsp;&nbsp;&nbsp;&nbsp;&nbsp;&nbsp;&nbsp;&nbsp;&nbsp;&nbsp;&nbsp;&nbsp;&nbsp;&nbsp;&nbsp;&nbsp;&nbsp;&nbsp;&nbsp;&nbsp;&nbsp;&nbsp;&nbsp;&nbsp;&nbsp;&nbsp;&nbsp;&nbsp;&nbsp;&nbsp;&nbsp;&nbsp;&nbsp;&nbsp;Rows Removed by Filter: 91</td>\n",
       "        </tr>\n",
       "        <tr>\n",
       "            <td>&nbsp;&nbsp;&nbsp;&nbsp;&nbsp;&nbsp;&nbsp;&nbsp;&nbsp;&nbsp;&nbsp;&nbsp;&nbsp;&nbsp;-&gt;  Bitmap Heap Scan on telemetrys tlm  (cost=30.43..3490.96 rows=909 width=24) (actual time=0.496..0.944 rows=318 loops=77)</td>\n",
       "        </tr>\n",
       "        <tr>\n",
       "            <td>&nbsp;&nbsp;&nbsp;&nbsp;&nbsp;&nbsp;&nbsp;&nbsp;&nbsp;&nbsp;&nbsp;&nbsp;&nbsp;&nbsp;&nbsp;&nbsp;&nbsp;&nbsp;&nbsp;&nbsp;Recheck Cond: ((session_key = race_laps.session_key) AND (driver_number = race_laps.driver_number) AND (date &gt;= race_laps.date_start) AND (date &lt;= (race_laps.date_start + (&#x27;00:00:01&#x27;::interval * ((race_laps.duration_sector_1 + race_laps.duration_sector_2) + race_laps.duration_sector_3)))))</td>\n",
       "        </tr>\n",
       "        <tr>\n",
       "            <td>&nbsp;&nbsp;&nbsp;&nbsp;&nbsp;&nbsp;&nbsp;&nbsp;&nbsp;&nbsp;&nbsp;&nbsp;&nbsp;&nbsp;&nbsp;&nbsp;&nbsp;&nbsp;&nbsp;&nbsp;Heap Blocks: exact=351</td>\n",
       "        </tr>\n",
       "        <tr>\n",
       "            <td>&nbsp;&nbsp;&nbsp;&nbsp;&nbsp;&nbsp;&nbsp;&nbsp;&nbsp;&nbsp;&nbsp;&nbsp;&nbsp;&nbsp;&nbsp;&nbsp;&nbsp;&nbsp;&nbsp;&nbsp;-&gt;  Bitmap Index Scan on telemetrys_pkey  (cost=0.00..30.21 rows=909 width=0) (actual time=0.373..0.373 rows=318 loops=77)</td>\n",
       "        </tr>\n",
       "        <tr>\n",
       "            <td>&nbsp;&nbsp;&nbsp;&nbsp;&nbsp;&nbsp;&nbsp;&nbsp;&nbsp;&nbsp;&nbsp;&nbsp;&nbsp;&nbsp;&nbsp;&nbsp;&nbsp;&nbsp;&nbsp;&nbsp;&nbsp;&nbsp;&nbsp;&nbsp;&nbsp;&nbsp;Index Cond: ((session_key = race_laps.session_key) AND (driver_number = race_laps.driver_number) AND (date &gt;= race_laps.date_start) AND (date &lt;= (race_laps.date_start + (&#x27;00:00:01&#x27;::interval * ((race_laps.duration_sector_1 + race_laps.duration_sector_2) + race_laps.duration_sector_3)))))</td>\n",
       "        </tr>\n",
       "        <tr>\n",
       "            <td>Planning Time: 0.423 ms</td>\n",
       "        </tr>\n",
       "        <tr>\n",
       "            <td>Execution Time: 99.146 ms</td>\n",
       "        </tr>\n",
       "    </tbody>\n",
       "</table>"
      ],
      "text/plain": [
       "[('GroupAggregate  (cost=980.13..39653.47 rows=979 width=56) (actual time=7.282..99.039 rows=208 loops=1)',),\n",
       " (\"  Group Key: race_laps.session_key, race_laps.driver_number, (CASE WHEN ((tlm.date > race_laps.date_start) AND (tlm.date < (race_laps.date_start + (' ... (506 characters truncated) ... interval * ((race_laps.duration_sector_1 + race_laps.duration_sector_2) + race_laps.duration_sector_3))))) THEN 'SECTOR 3'::text ELSE NULL::text END)\",),\n",
       " ('  ->  Incremental Sort  (cost=980.13..39580.04 rows=979 width=56) (actual time=7.252..95.357 rows=24459 loops=1)',),\n",
       " (\"        Sort Key: race_laps.session_key, race_laps.driver_number, (CASE WHEN ((tlm.date > race_laps.date_start) AND (tlm.date < (race_laps.date_start ... (511 characters truncated) ... interval * ((race_laps.duration_sector_1 + race_laps.duration_sector_2) + race_laps.duration_sector_3))))) THEN 'SECTOR 3'::text ELSE NULL::text END)\",),\n",
       " ('        Presorted Key: race_laps.session_key, race_laps.driver_number',),\n",
       " ('        Full-sort Groups: 70  Sort Method: quicksort  Average Memory: 30kB  Peak Memory: 30kB',),\n",
       " ('        Pre-sorted Groups: 70  Sort Method: quicksort  Average Memory: 55kB  Peak Memory: 55kB',),\n",
       " ('        ->  Nested Loop  (cost=940.70..39535.99 rows=979 width=56) (actual time=7.018..88.796 rows=24459 loops=1)',),\n",
       " ('              ->  Subquery Scan on race_laps  (cost=910.26..986.49 rows=11 width=48) (actual time=6.957..8.167 rows=77 loops=1)',),\n",
       " ('                    Filter: (race_laps.rank_lap = 1)',),\n",
       " ('                    ->  WindowAgg  (cost=910.26..959.27 rows=2178 width=60) (actual time=6.956..8.113 rows=77 loops=1)',),\n",
       " ('                          Run Condition: (row_number() OVER (?) <= 1)',),\n",
       " ('                          ->  Sort  (cost=910.26..915.71 rows=2178 width=48) (actual time=6.942..7.419 rows=3604 loops=1)',),\n",
       " ('                                Sort Key: laps.session_key, laps.driver_number, laps.lap_duration',),\n",
       " ('                                Sort Method: quicksort  Memory: 404kB',),\n",
       " ('                                ->  Hash Join  (cost=3.31..789.51 rows=2178 width=48) (actual time=0.029..5.165 rows=3604 loops=1)',),\n",
       " ('                                      Hash Cond: (laps.session_key = sessions.session_key)',),\n",
       " ('                                      ->  Seq Scan on laps  (cost=0.00..704.46 rows=30493 width=48) (actual time=0.010..3.293 rows=28193 loops=1)',),\n",
       " ('                                            Filter: (lap_number IS NOT NULL)',),\n",
       " ('                                      ->  Hash  (cost=3.23..3.23 rows=7 width=4) (actual time=0.015..0.016 rows=7 loops=1)',),\n",
       " ('                                            Buckets: 1024  Batches: 1  Memory Usage: 9kB',),\n",
       " ('                                            ->  Seq Scan on sessions  (cost=0.00..3.23 rows=7 width=4) (actual time=0.005..0.012 rows=7 loops=1)',),\n",
       " (\"                                                  Filter: ((session_name)::text = 'Race'::text)\",),\n",
       " ('                                                  Rows Removed by Filter: 91',),\n",
       " ('              ->  Bitmap Heap Scan on telemetrys tlm  (cost=30.43..3490.96 rows=909 width=24) (actual time=0.496..0.944 rows=318 loops=77)',),\n",
       " (\"                    Recheck Cond: ((session_key = race_laps.session_key) AND (driver_number = race_laps.driver_number) AND (date >= race_laps.date_st ... (12 characters truncated) ... te <= (race_laps.date_start + ('00:00:01'::interval * ((race_laps.duration_sector_1 + race_laps.duration_sector_2) + race_laps.duration_sector_3)))))\",),\n",
       " ('                    Heap Blocks: exact=351',),\n",
       " ('                    ->  Bitmap Index Scan on telemetrys_pkey  (cost=0.00..30.21 rows=909 width=0) (actual time=0.373..0.373 rows=318 loops=77)',),\n",
       " (\"                          Index Cond: ((session_key = race_laps.session_key) AND (driver_number = race_laps.driver_number) AND (date >= race_laps.dat ... (16 characters truncated) ... te <= (race_laps.date_start + ('00:00:01'::interval * ((race_laps.duration_sector_1 + race_laps.duration_sector_2) + race_laps.duration_sector_3)))))\",),\n",
       " ('Planning Time: 0.423 ms',),\n",
       " ('Execution Time: 99.146 ms',)]"
      ]
     },
     "execution_count": 7,
     "metadata": {},
     "output_type": "execute_result"
    }
   ],
   "source": [
    "%sql EXPLAIN ANALYZE $first_query"
   ]
  },
  {
   "cell_type": "markdown",
   "id": "1df6df40",
   "metadata": {},
   "source": [
    "# Desempenho por indexe\n",
    "---"
   ]
  },
  {
   "cell_type": "markdown",
   "id": "a5c8ab85",
   "metadata": {},
   "source": [
    "Podemos perceber que durante esta query iremos usar o índice na série temporal em:\n",
    "```\n",
    "\t-> Bitmap Index Scan on telemetrys_pkey (cost=0.00..30.19 rows=908 width=0) (actual time=0.038..0.038 rows=318 loops=77)\n",
    "```\n",
    "\n",
    "Pois, ela irá aplicar o filtro nos tempo de volta que estão dentro da faixa de melhor volta. Isto acontece, pois o índice temporal permite que o banco de dados otimize a busca por registros dentro de um intervalo de tempo. Isso ocorre porque o índice temporal armazena os registros de forma ordenada, facilitando a localização dos dados no intervalo especificado. Com isso, o banco de dados reduz a quantidade de leituras no disco, tornando a operação mais eficiente. Além disso, o Bitmap Index Scan permite combinar múltiplos índices rapidamente, otimizando ainda mais a busca em grandes volumes de dados. Dessa forma, a consulta se beneficia de menor tempo de execução e melhor aproveitamento de recursos."
   ]
  },
  {
   "cell_type": "code",
   "execution_count": 8,
   "id": "c03e9105",
   "metadata": {},
   "outputs": [],
   "source": [
    "check_indexes = \"\"\"\n",
    "    SELECT\n",
    "        indexname,\n",
    "        indexdef\n",
    "    FROM\n",
    "        pg_indexes\n",
    "    WHERE\n",
    "        schemaname = 'raw' AND tablename = 'telemetrys';\n",
    "\"\"\""
   ]
  },
  {
   "cell_type": "markdown",
   "id": "0e1a2f3e",
   "metadata": {},
   "source": [
    "## Default index (pkey) "
   ]
  },
  {
   "cell_type": "markdown",
   "id": "6f4c257c",
   "metadata": {},
   "source": [
    "Durante a criação de uma tabela, o PostgreSQL automaticamente cria um índice padrão do tipo B-tree para a chave primária ou para colunas que possuem restrições de unicidade. Esse índice é fundamental para garantir a eficiência das operações de busca, ordenação e acesso aos dados. Portanto, nossa primeira comparação será feita utilizando esse índice padrão, que serve como referência para avaliar o desempenho de outras estratégias de indexação."
   ]
  },
  {
   "cell_type": "code",
   "execution_count": 9,
   "id": "aff82055",
   "metadata": {},
   "outputs": [
    {
     "name": "stdout",
     "output_type": "stream",
     "text": [
      " * postgresql+psycopg2://postgresadmin:***@localhost:5000/postgresdb\n",
      "1 rows affected.\n"
     ]
    },
    {
     "data": {
      "text/html": [
       "<table>\n",
       "    <thead>\n",
       "        <tr>\n",
       "            <th>indexname</th>\n",
       "            <th>indexdef</th>\n",
       "        </tr>\n",
       "    </thead>\n",
       "    <tbody>\n",
       "        <tr>\n",
       "            <td>telemetrys_pkey</td>\n",
       "            <td>CREATE UNIQUE INDEX telemetrys_pkey ON raw.telemetrys USING btree (session_key, driver_number, date)</td>\n",
       "        </tr>\n",
       "    </tbody>\n",
       "</table>"
      ],
      "text/plain": [
       "[('telemetrys_pkey', 'CREATE UNIQUE INDEX telemetrys_pkey ON raw.telemetrys USING btree (session_key, driver_number, date)')]"
      ]
     },
     "execution_count": 9,
     "metadata": {},
     "output_type": "execute_result"
    }
   ],
   "source": [
    "%sql $check_indexes"
   ]
  },
  {
   "cell_type": "code",
   "execution_count": 10,
   "id": "e38f2dfe",
   "metadata": {},
   "outputs": [
    {
     "name": "stderr",
     "output_type": "stream",
     "text": [
      "100%|██████████| 100/100 [00:06<00:00, 15.26it/s]\n"
     ]
    }
   ],
   "source": [
    "duration_btree = []\n",
    "\n",
    "for _ in tqdm(range(100)):\n",
    "    start = time.time()\n",
    "    _ = pd.read_sql(first_query, DATABASE_URL)\n",
    "    end = time.time()\n",
    "    \n",
    "    duration_btree.append(end - start)"
   ]
  },
  {
   "cell_type": "code",
   "execution_count": 11,
   "id": "89dce458",
   "metadata": {},
   "outputs": [
    {
     "name": "stdout",
     "output_type": "stream",
     "text": [
      "Mean: 0.065100 s\n",
      "Median: 0.044653 s\n",
      "Std Dev: 0.192101 s\n",
      "Min: 0.036563 s\n",
      "Max: 1.975461 s\n"
     ]
    }
   ],
   "source": [
    "get_statistics(duration_btree)"
   ]
  },
  {
   "cell_type": "markdown",
   "id": "e6429bdd",
   "metadata": {},
   "source": [
    "# brin\n",
    "Neste passo, removeremos o índice existente e criaremos um índice BRIN nas colunas session_key, driver_number e date. O índice BRIN é indicado para grandes volumes de dados com ordenação natural, oferecendo economia de espaço. Faremos uma comparação entre o desempenho do BRIN e do índice B-tree. Assim, avaliaremos qual é mais eficiente para nossa consulta."
   ]
  },
  {
   "cell_type": "code",
   "execution_count": 12,
   "id": "100c198e",
   "metadata": {},
   "outputs": [
    {
     "name": "stdout",
     "output_type": "stream",
     "text": [
      " * postgresql+psycopg2://postgresadmin:***@localhost:5000/postgresdb\n",
      "Done.\n",
      " * postgresql+psycopg2://postgresadmin:***@localhost:5000/postgresdb\n",
      "Done.\n",
      " * postgresql+psycopg2://postgresadmin:***@localhost:5000/postgresdb\n",
      "1 rows affected.\n"
     ]
    },
    {
     "data": {
      "text/html": [
       "<table>\n",
       "    <thead>\n",
       "        <tr>\n",
       "            <th>indexname</th>\n",
       "            <th>indexdef</th>\n",
       "        </tr>\n",
       "    </thead>\n",
       "    <tbody>\n",
       "        <tr>\n",
       "            <td>telemetrys_brin_idx</td>\n",
       "            <td>CREATE INDEX telemetrys_brin_idx ON raw.telemetrys USING brin (session_key, driver_number, date)</td>\n",
       "        </tr>\n",
       "    </tbody>\n",
       "</table>"
      ],
      "text/plain": [
       "[('telemetrys_brin_idx', 'CREATE INDEX telemetrys_brin_idx ON raw.telemetrys USING brin (session_key, driver_number, date)')]"
      ]
     },
     "execution_count": 12,
     "metadata": {},
     "output_type": "execute_result"
    }
   ],
   "source": [
    "%sql ALTER TABLE raw.telemetrys DROP CONSTRAINT telemetrys_pkey\n",
    "%sql CREATE INDEX IF NOT EXISTS telemetrys_brin_idx ON raw.telemetrys USING brin (session_key, driver_number, date)\n",
    "%sql $check_indexes"
   ]
  },
  {
   "cell_type": "code",
   "execution_count": 13,
   "id": "2be2aca7",
   "metadata": {},
   "outputs": [
    {
     "name": "stdout",
     "output_type": "stream",
     "text": [
      " * postgresql+psycopg2://postgresadmin:***@localhost:5000/postgresdb\n",
      "34 rows affected.\n"
     ]
    },
    {
     "data": {
      "text/html": [
       "<table>\n",
       "    <thead>\n",
       "        <tr>\n",
       "            <th>QUERY PLAN</th>\n",
       "        </tr>\n",
       "    </thead>\n",
       "    <tbody>\n",
       "        <tr>\n",
       "            <td>GroupAggregate  (cost=1588306.91..1589614.95 rows=16878 width=56) (actual time=5817.356..5820.478 rows=208 loops=1)</td>\n",
       "        </tr>\n",
       "        <tr>\n",
       "            <td>&nbsp;&nbsp;Group Key: race_laps.session_key, race_laps.driver_number, (CASE WHEN ((tlm.date &gt; race_laps.date_start) AND (tlm.date &lt; (race_laps.date_start + (&#x27;00:00:01&#x27;::interval * race_laps.duration_sector_1)))) THEN &#x27;SECTOR 1&#x27;::text WHEN ((tlm.date &gt; (race_laps.date_start + (&#x27;00:00:01&#x27;::interval * race_laps.duration_sector_1))) AND (tlm.date &lt; (race_laps.date_start + (&#x27;00:00:01&#x27;::interval * (race_laps.duration_sector_1 + race_laps.duration_sector_2))))) THEN &#x27;SECTOR 2&#x27;::text WHEN ((tlm.date &gt; (race_laps.date_start + (&#x27;00:00:01&#x27;::interval * (race_laps.duration_sector_1 + race_laps.duration_sector_2)))) AND (tlm.date &lt;= (race_laps.date_start + (&#x27;00:00:01&#x27;::interval * ((race_laps.duration_sector_1 + race_laps.duration_sector_2) + race_laps.duration_sector_3))))) THEN &#x27;SECTOR 3&#x27;::text ELSE NULL::text END)</td>\n",
       "        </tr>\n",
       "        <tr>\n",
       "            <td>&nbsp;&nbsp;-&gt;  Sort  (cost=1588306.91..1588349.10 rows=16878 width=56) (actual time=5817.286..5818.258 rows=24459 loops=1)</td>\n",
       "        </tr>\n",
       "        <tr>\n",
       "            <td>&nbsp;&nbsp;&nbsp;&nbsp;&nbsp;&nbsp;&nbsp;&nbsp;Sort Key: race_laps.session_key, race_laps.driver_number, (CASE WHEN ((tlm.date &gt; race_laps.date_start) AND (tlm.date &lt; (race_laps.date_start + (&#x27;00:00:01&#x27;::interval * race_laps.duration_sector_1)))) THEN &#x27;SECTOR 1&#x27;::text WHEN ((tlm.date &gt; (race_laps.date_start + (&#x27;00:00:01&#x27;::interval * race_laps.duration_sector_1))) AND (tlm.date &lt; (race_laps.date_start + (&#x27;00:00:01&#x27;::interval * (race_laps.duration_sector_1 + race_laps.duration_sector_2))))) THEN &#x27;SECTOR 2&#x27;::text WHEN ((tlm.date &gt; (race_laps.date_start + (&#x27;00:00:01&#x27;::interval * (race_laps.duration_sector_1 + race_laps.duration_sector_2)))) AND (tlm.date &lt;= (race_laps.date_start + (&#x27;00:00:01&#x27;::interval * ((race_laps.duration_sector_1 + race_laps.duration_sector_2) + race_laps.duration_sector_3))))) THEN &#x27;SECTOR 3&#x27;::text ELSE NULL::text END)</td>\n",
       "        </tr>\n",
       "        <tr>\n",
       "            <td>&nbsp;&nbsp;&nbsp;&nbsp;&nbsp;&nbsp;&nbsp;&nbsp;Sort Method: quicksort  Memory: 2679kB</td>\n",
       "        </tr>\n",
       "        <tr>\n",
       "            <td>&nbsp;&nbsp;&nbsp;&nbsp;&nbsp;&nbsp;&nbsp;&nbsp;-&gt;  Hash Join  (cost=941.62..1587121.83 rows=16878 width=56) (actual time=582.520..5805.618 rows=24459 loops=1)</td>\n",
       "        </tr>\n",
       "        <tr>\n",
       "            <td>&nbsp;&nbsp;&nbsp;&nbsp;&nbsp;&nbsp;&nbsp;&nbsp;&nbsp;&nbsp;&nbsp;&nbsp;&nbsp;&nbsp;Hash Cond: ((tlm.session_key = race_laps.session_key) AND (tlm.driver_number = race_laps.driver_number))</td>\n",
       "        </tr>\n",
       "        <tr>\n",
       "            <td>&nbsp;&nbsp;&nbsp;&nbsp;&nbsp;&nbsp;&nbsp;&nbsp;&nbsp;&nbsp;&nbsp;&nbsp;&nbsp;&nbsp;Join Filter: ((tlm.date &gt;= race_laps.date_start) AND (tlm.date &lt;= (race_laps.date_start + (&#x27;00:00:01&#x27;::interval * ((race_laps.duration_sector_1 + race_laps.duration_sector_2) + race_laps.duration_sector_3)))))</td>\n",
       "        </tr>\n",
       "        <tr>\n",
       "            <td>&nbsp;&nbsp;&nbsp;&nbsp;&nbsp;&nbsp;&nbsp;&nbsp;&nbsp;&nbsp;&nbsp;&nbsp;&nbsp;&nbsp;Rows Removed by Join Filter: 2307514</td>\n",
       "        </tr>\n",
       "        <tr>\n",
       "            <td>&nbsp;&nbsp;&nbsp;&nbsp;&nbsp;&nbsp;&nbsp;&nbsp;&nbsp;&nbsp;&nbsp;&nbsp;&nbsp;&nbsp;-&gt;  Seq Scan on telemetrys tlm  (cost=0.00..620106.44 rows=32047744 width=24) (actual time=0.033..2870.353 rows=32047744 loops=1)</td>\n",
       "        </tr>\n",
       "        <tr>\n",
       "            <td>&nbsp;&nbsp;&nbsp;&nbsp;&nbsp;&nbsp;&nbsp;&nbsp;&nbsp;&nbsp;&nbsp;&nbsp;&nbsp;&nbsp;-&gt;  Hash  (cost=941.47..941.47 rows=10 width=48) (actual time=449.687..449.692 rows=77 loops=1)</td>\n",
       "        </tr>\n",
       "        <tr>\n",
       "            <td>&nbsp;&nbsp;&nbsp;&nbsp;&nbsp;&nbsp;&nbsp;&nbsp;&nbsp;&nbsp;&nbsp;&nbsp;&nbsp;&nbsp;&nbsp;&nbsp;&nbsp;&nbsp;&nbsp;&nbsp;Buckets: 1024  Batches: 1  Memory Usage: 14kB</td>\n",
       "        </tr>\n",
       "        <tr>\n",
       "            <td>&nbsp;&nbsp;&nbsp;&nbsp;&nbsp;&nbsp;&nbsp;&nbsp;&nbsp;&nbsp;&nbsp;&nbsp;&nbsp;&nbsp;&nbsp;&nbsp;&nbsp;&nbsp;&nbsp;&nbsp;-&gt;  Subquery Scan on race_laps  (cost=870.98..941.47 rows=10 width=48) (actual time=449.076..449.660 rows=77 loops=1)</td>\n",
       "        </tr>\n",
       "        <tr>\n",
       "            <td>&nbsp;&nbsp;&nbsp;&nbsp;&nbsp;&nbsp;&nbsp;&nbsp;&nbsp;&nbsp;&nbsp;&nbsp;&nbsp;&nbsp;&nbsp;&nbsp;&nbsp;&nbsp;&nbsp;&nbsp;&nbsp;&nbsp;&nbsp;&nbsp;&nbsp;&nbsp;Filter: (race_laps.rank_lap = 1)</td>\n",
       "        </tr>\n",
       "        <tr>\n",
       "            <td>&nbsp;&nbsp;&nbsp;&nbsp;&nbsp;&nbsp;&nbsp;&nbsp;&nbsp;&nbsp;&nbsp;&nbsp;&nbsp;&nbsp;&nbsp;&nbsp;&nbsp;&nbsp;&nbsp;&nbsp;&nbsp;&nbsp;&nbsp;&nbsp;&nbsp;&nbsp;-&gt;  WindowAgg  (cost=870.98..916.29 rows=2014 width=60) (actual time=449.069..449.642 rows=77 loops=1)</td>\n",
       "        </tr>\n",
       "        <tr>\n",
       "            <td>&nbsp;&nbsp;&nbsp;&nbsp;&nbsp;&nbsp;&nbsp;&nbsp;&nbsp;&nbsp;&nbsp;&nbsp;&nbsp;&nbsp;&nbsp;&nbsp;&nbsp;&nbsp;&nbsp;&nbsp;&nbsp;&nbsp;&nbsp;&nbsp;&nbsp;&nbsp;&nbsp;&nbsp;&nbsp;&nbsp;&nbsp;&nbsp;Run Condition: (row_number() OVER (?) &lt;= 1)</td>\n",
       "        </tr>\n",
       "        <tr>\n",
       "            <td>&nbsp;&nbsp;&nbsp;&nbsp;&nbsp;&nbsp;&nbsp;&nbsp;&nbsp;&nbsp;&nbsp;&nbsp;&nbsp;&nbsp;&nbsp;&nbsp;&nbsp;&nbsp;&nbsp;&nbsp;&nbsp;&nbsp;&nbsp;&nbsp;&nbsp;&nbsp;&nbsp;&nbsp;&nbsp;&nbsp;&nbsp;&nbsp;-&gt;  Sort  (cost=870.98..876.01 rows=2014 width=48) (actual time=449.005..449.231 rows=3604 loops=1)</td>\n",
       "        </tr>\n",
       "        <tr>\n",
       "            <td>&nbsp;&nbsp;&nbsp;&nbsp;&nbsp;&nbsp;&nbsp;&nbsp;&nbsp;&nbsp;&nbsp;&nbsp;&nbsp;&nbsp;&nbsp;&nbsp;&nbsp;&nbsp;&nbsp;&nbsp;&nbsp;&nbsp;&nbsp;&nbsp;&nbsp;&nbsp;&nbsp;&nbsp;&nbsp;&nbsp;&nbsp;&nbsp;&nbsp;&nbsp;&nbsp;&nbsp;&nbsp;&nbsp;Sort Key: laps.session_key, laps.driver_number, laps.lap_duration</td>\n",
       "        </tr>\n",
       "        <tr>\n",
       "            <td>&nbsp;&nbsp;&nbsp;&nbsp;&nbsp;&nbsp;&nbsp;&nbsp;&nbsp;&nbsp;&nbsp;&nbsp;&nbsp;&nbsp;&nbsp;&nbsp;&nbsp;&nbsp;&nbsp;&nbsp;&nbsp;&nbsp;&nbsp;&nbsp;&nbsp;&nbsp;&nbsp;&nbsp;&nbsp;&nbsp;&nbsp;&nbsp;&nbsp;&nbsp;&nbsp;&nbsp;&nbsp;&nbsp;Sort Method: quicksort  Memory: 404kB</td>\n",
       "        </tr>\n",
       "        <tr>\n",
       "            <td>&nbsp;&nbsp;&nbsp;&nbsp;&nbsp;&nbsp;&nbsp;&nbsp;&nbsp;&nbsp;&nbsp;&nbsp;&nbsp;&nbsp;&nbsp;&nbsp;&nbsp;&nbsp;&nbsp;&nbsp;&nbsp;&nbsp;&nbsp;&nbsp;&nbsp;&nbsp;&nbsp;&nbsp;&nbsp;&nbsp;&nbsp;&nbsp;&nbsp;&nbsp;&nbsp;&nbsp;&nbsp;&nbsp;-&gt;  Hash Join  (cost=3.31..760.45 rows=2014 width=48) (actual time=441.519..446.202 rows=3604 loops=1)</td>\n",
       "        </tr>\n",
       "        <tr>\n",
       "            <td>&nbsp;&nbsp;&nbsp;&nbsp;&nbsp;&nbsp;&nbsp;&nbsp;&nbsp;&nbsp;&nbsp;&nbsp;&nbsp;&nbsp;&nbsp;&nbsp;&nbsp;&nbsp;&nbsp;&nbsp;&nbsp;&nbsp;&nbsp;&nbsp;&nbsp;&nbsp;&nbsp;&nbsp;&nbsp;&nbsp;&nbsp;&nbsp;&nbsp;&nbsp;&nbsp;&nbsp;&nbsp;&nbsp;&nbsp;&nbsp;&nbsp;&nbsp;&nbsp;&nbsp;Hash Cond: (laps.session_key = sessions.session_key)</td>\n",
       "        </tr>\n",
       "        <tr>\n",
       "            <td>&nbsp;&nbsp;&nbsp;&nbsp;&nbsp;&nbsp;&nbsp;&nbsp;&nbsp;&nbsp;&nbsp;&nbsp;&nbsp;&nbsp;&nbsp;&nbsp;&nbsp;&nbsp;&nbsp;&nbsp;&nbsp;&nbsp;&nbsp;&nbsp;&nbsp;&nbsp;&nbsp;&nbsp;&nbsp;&nbsp;&nbsp;&nbsp;&nbsp;&nbsp;&nbsp;&nbsp;&nbsp;&nbsp;&nbsp;&nbsp;&nbsp;&nbsp;&nbsp;&nbsp;-&gt;  Seq Scan on laps  (cost=0.00..679.93 rows=28193 width=48) (actual time=441.452..444.167 rows=28193 loops=1)</td>\n",
       "        </tr>\n",
       "        <tr>\n",
       "            <td>&nbsp;&nbsp;&nbsp;&nbsp;&nbsp;&nbsp;&nbsp;&nbsp;&nbsp;&nbsp;&nbsp;&nbsp;&nbsp;&nbsp;&nbsp;&nbsp;&nbsp;&nbsp;&nbsp;&nbsp;&nbsp;&nbsp;&nbsp;&nbsp;&nbsp;&nbsp;&nbsp;&nbsp;&nbsp;&nbsp;&nbsp;&nbsp;&nbsp;&nbsp;&nbsp;&nbsp;&nbsp;&nbsp;&nbsp;&nbsp;&nbsp;&nbsp;&nbsp;&nbsp;&nbsp;&nbsp;&nbsp;&nbsp;&nbsp;&nbsp;Filter: (lap_number IS NOT NULL)</td>\n",
       "        </tr>\n",
       "        <tr>\n",
       "            <td>&nbsp;&nbsp;&nbsp;&nbsp;&nbsp;&nbsp;&nbsp;&nbsp;&nbsp;&nbsp;&nbsp;&nbsp;&nbsp;&nbsp;&nbsp;&nbsp;&nbsp;&nbsp;&nbsp;&nbsp;&nbsp;&nbsp;&nbsp;&nbsp;&nbsp;&nbsp;&nbsp;&nbsp;&nbsp;&nbsp;&nbsp;&nbsp;&nbsp;&nbsp;&nbsp;&nbsp;&nbsp;&nbsp;&nbsp;&nbsp;&nbsp;&nbsp;&nbsp;&nbsp;-&gt;  Hash  (cost=3.23..3.23 rows=7 width=4) (actual time=0.044..0.045 rows=7 loops=1)</td>\n",
       "        </tr>\n",
       "        <tr>\n",
       "            <td>&nbsp;&nbsp;&nbsp;&nbsp;&nbsp;&nbsp;&nbsp;&nbsp;&nbsp;&nbsp;&nbsp;&nbsp;&nbsp;&nbsp;&nbsp;&nbsp;&nbsp;&nbsp;&nbsp;&nbsp;&nbsp;&nbsp;&nbsp;&nbsp;&nbsp;&nbsp;&nbsp;&nbsp;&nbsp;&nbsp;&nbsp;&nbsp;&nbsp;&nbsp;&nbsp;&nbsp;&nbsp;&nbsp;&nbsp;&nbsp;&nbsp;&nbsp;&nbsp;&nbsp;&nbsp;&nbsp;&nbsp;&nbsp;&nbsp;&nbsp;Buckets: 1024  Batches: 1  Memory Usage: 9kB</td>\n",
       "        </tr>\n",
       "        <tr>\n",
       "            <td>&nbsp;&nbsp;&nbsp;&nbsp;&nbsp;&nbsp;&nbsp;&nbsp;&nbsp;&nbsp;&nbsp;&nbsp;&nbsp;&nbsp;&nbsp;&nbsp;&nbsp;&nbsp;&nbsp;&nbsp;&nbsp;&nbsp;&nbsp;&nbsp;&nbsp;&nbsp;&nbsp;&nbsp;&nbsp;&nbsp;&nbsp;&nbsp;&nbsp;&nbsp;&nbsp;&nbsp;&nbsp;&nbsp;&nbsp;&nbsp;&nbsp;&nbsp;&nbsp;&nbsp;&nbsp;&nbsp;&nbsp;&nbsp;&nbsp;&nbsp;-&gt;  Seq Scan on sessions  (cost=0.00..3.23 rows=7 width=4) (actual time=0.033..0.039 rows=7 loops=1)</td>\n",
       "        </tr>\n",
       "        <tr>\n",
       "            <td>&nbsp;&nbsp;&nbsp;&nbsp;&nbsp;&nbsp;&nbsp;&nbsp;&nbsp;&nbsp;&nbsp;&nbsp;&nbsp;&nbsp;&nbsp;&nbsp;&nbsp;&nbsp;&nbsp;&nbsp;&nbsp;&nbsp;&nbsp;&nbsp;&nbsp;&nbsp;&nbsp;&nbsp;&nbsp;&nbsp;&nbsp;&nbsp;&nbsp;&nbsp;&nbsp;&nbsp;&nbsp;&nbsp;&nbsp;&nbsp;&nbsp;&nbsp;&nbsp;&nbsp;&nbsp;&nbsp;&nbsp;&nbsp;&nbsp;&nbsp;&nbsp;&nbsp;&nbsp;&nbsp;&nbsp;&nbsp;Filter: ((session_name)::text = &#x27;Race&#x27;::text)</td>\n",
       "        </tr>\n",
       "        <tr>\n",
       "            <td>&nbsp;&nbsp;&nbsp;&nbsp;&nbsp;&nbsp;&nbsp;&nbsp;&nbsp;&nbsp;&nbsp;&nbsp;&nbsp;&nbsp;&nbsp;&nbsp;&nbsp;&nbsp;&nbsp;&nbsp;&nbsp;&nbsp;&nbsp;&nbsp;&nbsp;&nbsp;&nbsp;&nbsp;&nbsp;&nbsp;&nbsp;&nbsp;&nbsp;&nbsp;&nbsp;&nbsp;&nbsp;&nbsp;&nbsp;&nbsp;&nbsp;&nbsp;&nbsp;&nbsp;&nbsp;&nbsp;&nbsp;&nbsp;&nbsp;&nbsp;&nbsp;&nbsp;&nbsp;&nbsp;&nbsp;&nbsp;Rows Removed by Filter: 91</td>\n",
       "        </tr>\n",
       "        <tr>\n",
       "            <td>Planning Time: 2.594 ms</td>\n",
       "        </tr>\n",
       "        <tr>\n",
       "            <td>JIT:</td>\n",
       "        </tr>\n",
       "        <tr>\n",
       "            <td>&nbsp;&nbsp;Functions: 41</td>\n",
       "        </tr>\n",
       "        <tr>\n",
       "            <td>&nbsp;&nbsp;Options: Inlining true, Optimization true, Expressions true, Deforming true</td>\n",
       "        </tr>\n",
       "        <tr>\n",
       "            <td>&nbsp;&nbsp;Timing: Generation 2.634 ms, Inlining 61.948 ms, Optimization 221.089 ms, Emission 158.545 ms, Total 444.217 ms</td>\n",
       "        </tr>\n",
       "        <tr>\n",
       "            <td>Execution Time: 5905.902 ms</td>\n",
       "        </tr>\n",
       "    </tbody>\n",
       "</table>"
      ],
      "text/plain": [
       "[('GroupAggregate  (cost=1588306.91..1589614.95 rows=16878 width=56) (actual time=5817.356..5820.478 rows=208 loops=1)',),\n",
       " (\"  Group Key: race_laps.session_key, race_laps.driver_number, (CASE WHEN ((tlm.date > race_laps.date_start) AND (tlm.date < (race_laps.date_start + (' ... (506 characters truncated) ... interval * ((race_laps.duration_sector_1 + race_laps.duration_sector_2) + race_laps.duration_sector_3))))) THEN 'SECTOR 3'::text ELSE NULL::text END)\",),\n",
       " ('  ->  Sort  (cost=1588306.91..1588349.10 rows=16878 width=56) (actual time=5817.286..5818.258 rows=24459 loops=1)',),\n",
       " (\"        Sort Key: race_laps.session_key, race_laps.driver_number, (CASE WHEN ((tlm.date > race_laps.date_start) AND (tlm.date < (race_laps.date_start ... (511 characters truncated) ... interval * ((race_laps.duration_sector_1 + race_laps.duration_sector_2) + race_laps.duration_sector_3))))) THEN 'SECTOR 3'::text ELSE NULL::text END)\",),\n",
       " ('        Sort Method: quicksort  Memory: 2679kB',),\n",
       " ('        ->  Hash Join  (cost=941.62..1587121.83 rows=16878 width=56) (actual time=582.520..5805.618 rows=24459 loops=1)',),\n",
       " ('              Hash Cond: ((tlm.session_key = race_laps.session_key) AND (tlm.driver_number = race_laps.driver_number))',),\n",
       " (\"              Join Filter: ((tlm.date >= race_laps.date_start) AND (tlm.date <= (race_laps.date_start + ('00:00:01'::interval * ((race_laps.duration_sector_1 + race_laps.duration_sector_2) + race_laps.duration_sector_3)))))\",),\n",
       " ('              Rows Removed by Join Filter: 2307514',),\n",
       " ('              ->  Seq Scan on telemetrys tlm  (cost=0.00..620106.44 rows=32047744 width=24) (actual time=0.033..2870.353 rows=32047744 loops=1)',),\n",
       " ('              ->  Hash  (cost=941.47..941.47 rows=10 width=48) (actual time=449.687..449.692 rows=77 loops=1)',),\n",
       " ('                    Buckets: 1024  Batches: 1  Memory Usage: 14kB',),\n",
       " ('                    ->  Subquery Scan on race_laps  (cost=870.98..941.47 rows=10 width=48) (actual time=449.076..449.660 rows=77 loops=1)',),\n",
       " ('                          Filter: (race_laps.rank_lap = 1)',),\n",
       " ('                          ->  WindowAgg  (cost=870.98..916.29 rows=2014 width=60) (actual time=449.069..449.642 rows=77 loops=1)',),\n",
       " ('                                Run Condition: (row_number() OVER (?) <= 1)',),\n",
       " ('                                ->  Sort  (cost=870.98..876.01 rows=2014 width=48) (actual time=449.005..449.231 rows=3604 loops=1)',),\n",
       " ('                                      Sort Key: laps.session_key, laps.driver_number, laps.lap_duration',),\n",
       " ('                                      Sort Method: quicksort  Memory: 404kB',),\n",
       " ('                                      ->  Hash Join  (cost=3.31..760.45 rows=2014 width=48) (actual time=441.519..446.202 rows=3604 loops=1)',),\n",
       " ('                                            Hash Cond: (laps.session_key = sessions.session_key)',),\n",
       " ('                                            ->  Seq Scan on laps  (cost=0.00..679.93 rows=28193 width=48) (actual time=441.452..444.167 rows=28193 loops=1)',),\n",
       " ('                                                  Filter: (lap_number IS NOT NULL)',),\n",
       " ('                                            ->  Hash  (cost=3.23..3.23 rows=7 width=4) (actual time=0.044..0.045 rows=7 loops=1)',),\n",
       " ('                                                  Buckets: 1024  Batches: 1  Memory Usage: 9kB',),\n",
       " ('                                                  ->  Seq Scan on sessions  (cost=0.00..3.23 rows=7 width=4) (actual time=0.033..0.039 rows=7 loops=1)',),\n",
       " (\"                                                        Filter: ((session_name)::text = 'Race'::text)\",),\n",
       " ('                                                        Rows Removed by Filter: 91',),\n",
       " ('Planning Time: 2.594 ms',),\n",
       " ('JIT:',),\n",
       " ('  Functions: 41',),\n",
       " ('  Options: Inlining true, Optimization true, Expressions true, Deforming true',),\n",
       " ('  Timing: Generation 2.634 ms, Inlining 61.948 ms, Optimization 221.089 ms, Emission 158.545 ms, Total 444.217 ms',),\n",
       " ('Execution Time: 5905.902 ms',)]"
      ]
     },
     "execution_count": 13,
     "metadata": {},
     "output_type": "execute_result"
    }
   ],
   "source": [
    "%sql EXPLAIN ANALYZE $first_query"
   ]
  },
  {
   "cell_type": "markdown",
   "id": "57ae3883",
   "metadata": {},
   "source": [
    "Por meio da análise, verificamos que o uso do índice BRIN não foi eficiente para esta consulta, pois o banco de dados optou por realizar um scan sequencial em vez de utilizar o BRIN scan."
   ]
  },
  {
   "cell_type": "code",
   "execution_count": 14,
   "id": "d988afcb",
   "metadata": {},
   "outputs": [
    {
     "name": "stderr",
     "output_type": "stream",
     "text": [
      "100%|██████████| 100/100 [04:59<00:00,  2.99s/it]"
     ]
    },
    {
     "name": "stdout",
     "output_type": "stream",
     "text": [
      "Mean: 2.993709 s\n",
      "Median: 2.973829 s\n",
      "Std Dev: 0.227200 s\n",
      "Min: 2.587095 s\n",
      "Max: 3.980396 s\n"
     ]
    },
    {
     "name": "stderr",
     "output_type": "stream",
     "text": [
      "\n"
     ]
    }
   ],
   "source": [
    "duration_brin = []\n",
    "\n",
    "for _ in tqdm(range(100)):\n",
    "    start = time.time()\n",
    "    _ = pd.read_sql(first_query, DATABASE_URL)\n",
    "    end = time.time()\n",
    "    \n",
    "    duration_brin.append(end - start)\n",
    "    \n",
    "get_statistics(duration_brin)"
   ]
  },
  {
   "cell_type": "markdown",
   "id": "66a68c31",
   "metadata": {},
   "source": [
    "## gist\n",
    "Nesta etapa, testamos a funcionalidade do gist utilizando a extensão btree_gist. Para isso, executamos o comando SQL abaixo para garantir que a extensão esteja instalada e habilitada no banco de dados:\n",
    "\n",
    "```CREATE EXTENSION IF NOT EXISTS btree_gist;```\n",
    "\n",
    "Essa extensão permite o uso de índices GiST com operadores B-tree, ampliando as possibilidades de indexação e otimização das consultas."
   ]
  },
  {
   "cell_type": "code",
   "execution_count": 15,
   "id": "a9b6bcba",
   "metadata": {},
   "outputs": [
    {
     "name": "stdout",
     "output_type": "stream",
     "text": [
      " * postgresql+psycopg2://postgresadmin:***@localhost:5000/postgresdb\n",
      "Done.\n"
     ]
    },
    {
     "data": {
      "text/plain": [
       "[]"
      ]
     },
     "execution_count": 15,
     "metadata": {},
     "output_type": "execute_result"
    }
   ],
   "source": [
    "%sql CREATE EXTENSION IF NOT EXISTS btree_gist"
   ]
  },
  {
   "cell_type": "code",
   "execution_count": 16,
   "id": "9c38785b",
   "metadata": {},
   "outputs": [
    {
     "name": "stdout",
     "output_type": "stream",
     "text": [
      " * postgresql+psycopg2://postgresadmin:***@localhost:5000/postgresdb\n",
      "Done.\n",
      " * postgresql+psycopg2://postgresadmin:***@localhost:5000/postgresdb\n",
      "Done.\n",
      " * postgresql+psycopg2://postgresadmin:***@localhost:5000/postgresdb\n",
      "1 rows affected.\n"
     ]
    },
    {
     "data": {
      "text/html": [
       "<table>\n",
       "    <thead>\n",
       "        <tr>\n",
       "            <th>indexname</th>\n",
       "            <th>indexdef</th>\n",
       "        </tr>\n",
       "    </thead>\n",
       "    <tbody>\n",
       "        <tr>\n",
       "            <td>telemetrys_gist_idx</td>\n",
       "            <td>CREATE INDEX telemetrys_gist_idx ON raw.telemetrys USING gist (session_key, driver_number, date)</td>\n",
       "        </tr>\n",
       "    </tbody>\n",
       "</table>"
      ],
      "text/plain": [
       "[('telemetrys_gist_idx', 'CREATE INDEX telemetrys_gist_idx ON raw.telemetrys USING gist (session_key, driver_number, date)')]"
      ]
     },
     "execution_count": 16,
     "metadata": {},
     "output_type": "execute_result"
    }
   ],
   "source": [
    "%sql DROP INDEX IF EXISTS raw.telemetrys_brin_idx\n",
    "%sql CREATE INDEX telemetrys_gist_idx ON raw.telemetrys USING gist (session_key, driver_number, date)\n",
    "%sql $check_indexes"
   ]
  },
  {
   "cell_type": "code",
   "execution_count": 17,
   "id": "39194567",
   "metadata": {},
   "outputs": [
    {
     "name": "stdout",
     "output_type": "stream",
     "text": [
      " * postgresql+psycopg2://postgresadmin:***@localhost:5000/postgresdb\n",
      "27 rows affected.\n"
     ]
    },
    {
     "data": {
      "text/html": [
       "<table>\n",
       "    <thead>\n",
       "        <tr>\n",
       "            <th>QUERY PLAN</th>\n",
       "        </tr>\n",
       "    </thead>\n",
       "    <tbody>\n",
       "        <tr>\n",
       "            <td>HashAggregate  (cost=37274.86..38329.74 rows=16878 width=56) (actual time=87.127..87.327 rows=208 loops=1)</td>\n",
       "        </tr>\n",
       "        <tr>\n",
       "            <td>&nbsp;&nbsp;Group Key: race_laps.session_key, race_laps.driver_number, CASE WHEN ((tlm.date &gt; race_laps.date_start) AND (tlm.date &lt; (race_laps.date_start + (&#x27;00:00:01&#x27;::interval * race_laps.duration_sector_1)))) THEN &#x27;SECTOR 1&#x27;::text WHEN ((tlm.date &gt; (race_laps.date_start + (&#x27;00:00:01&#x27;::interval * race_laps.duration_sector_1))) AND (tlm.date &lt; (race_laps.date_start + (&#x27;00:00:01&#x27;::interval * (race_laps.duration_sector_1 + race_laps.duration_sector_2))))) THEN &#x27;SECTOR 2&#x27;::text WHEN ((tlm.date &gt; (race_laps.date_start + (&#x27;00:00:01&#x27;::interval * (race_laps.duration_sector_1 + race_laps.duration_sector_2)))) AND (tlm.date &lt;= (race_laps.date_start + (&#x27;00:00:01&#x27;::interval * ((race_laps.duration_sector_1 + race_laps.duration_sector_2) + race_laps.duration_sector_3))))) THEN &#x27;SECTOR 3&#x27;::text ELSE NULL::text END</td>\n",
       "        </tr>\n",
       "        <tr>\n",
       "            <td>&nbsp;&nbsp;Batches: 1  Memory Usage: 849kB</td>\n",
       "        </tr>\n",
       "        <tr>\n",
       "            <td>&nbsp;&nbsp;-&gt;  Nested Loop  (cost=929.26..37063.89 rows=16878 width=56) (actual time=12.529..81.912 rows=24459 loops=1)</td>\n",
       "        </tr>\n",
       "        <tr>\n",
       "            <td>&nbsp;&nbsp;&nbsp;&nbsp;&nbsp;&nbsp;&nbsp;&nbsp;-&gt;  Subquery Scan on race_laps  (cost=870.98..941.47 rows=10 width=48) (actual time=11.267..12.437 rows=77 loops=1)</td>\n",
       "        </tr>\n",
       "        <tr>\n",
       "            <td>&nbsp;&nbsp;&nbsp;&nbsp;&nbsp;&nbsp;&nbsp;&nbsp;&nbsp;&nbsp;&nbsp;&nbsp;&nbsp;&nbsp;Filter: (race_laps.rank_lap = 1)</td>\n",
       "        </tr>\n",
       "        <tr>\n",
       "            <td>&nbsp;&nbsp;&nbsp;&nbsp;&nbsp;&nbsp;&nbsp;&nbsp;&nbsp;&nbsp;&nbsp;&nbsp;&nbsp;&nbsp;-&gt;  WindowAgg  (cost=870.98..916.29 rows=2014 width=60) (actual time=11.265..12.392 rows=77 loops=1)</td>\n",
       "        </tr>\n",
       "        <tr>\n",
       "            <td>&nbsp;&nbsp;&nbsp;&nbsp;&nbsp;&nbsp;&nbsp;&nbsp;&nbsp;&nbsp;&nbsp;&nbsp;&nbsp;&nbsp;&nbsp;&nbsp;&nbsp;&nbsp;&nbsp;&nbsp;Run Condition: (row_number() OVER (?) &lt;= 1)</td>\n",
       "        </tr>\n",
       "        <tr>\n",
       "            <td>&nbsp;&nbsp;&nbsp;&nbsp;&nbsp;&nbsp;&nbsp;&nbsp;&nbsp;&nbsp;&nbsp;&nbsp;&nbsp;&nbsp;&nbsp;&nbsp;&nbsp;&nbsp;&nbsp;&nbsp;-&gt;  Sort  (cost=870.98..876.01 rows=2014 width=48) (actual time=11.244..11.746 rows=3604 loops=1)</td>\n",
       "        </tr>\n",
       "        <tr>\n",
       "            <td>&nbsp;&nbsp;&nbsp;&nbsp;&nbsp;&nbsp;&nbsp;&nbsp;&nbsp;&nbsp;&nbsp;&nbsp;&nbsp;&nbsp;&nbsp;&nbsp;&nbsp;&nbsp;&nbsp;&nbsp;&nbsp;&nbsp;&nbsp;&nbsp;&nbsp;&nbsp;Sort Key: laps.session_key, laps.driver_number, laps.lap_duration</td>\n",
       "        </tr>\n",
       "        <tr>\n",
       "            <td>&nbsp;&nbsp;&nbsp;&nbsp;&nbsp;&nbsp;&nbsp;&nbsp;&nbsp;&nbsp;&nbsp;&nbsp;&nbsp;&nbsp;&nbsp;&nbsp;&nbsp;&nbsp;&nbsp;&nbsp;&nbsp;&nbsp;&nbsp;&nbsp;&nbsp;&nbsp;Sort Method: quicksort  Memory: 404kB</td>\n",
       "        </tr>\n",
       "        <tr>\n",
       "            <td>&nbsp;&nbsp;&nbsp;&nbsp;&nbsp;&nbsp;&nbsp;&nbsp;&nbsp;&nbsp;&nbsp;&nbsp;&nbsp;&nbsp;&nbsp;&nbsp;&nbsp;&nbsp;&nbsp;&nbsp;&nbsp;&nbsp;&nbsp;&nbsp;&nbsp;&nbsp;-&gt;  Hash Join  (cost=3.31..760.45 rows=2014 width=48) (actual time=0.416..9.436 rows=3604 loops=1)</td>\n",
       "        </tr>\n",
       "        <tr>\n",
       "            <td>&nbsp;&nbsp;&nbsp;&nbsp;&nbsp;&nbsp;&nbsp;&nbsp;&nbsp;&nbsp;&nbsp;&nbsp;&nbsp;&nbsp;&nbsp;&nbsp;&nbsp;&nbsp;&nbsp;&nbsp;&nbsp;&nbsp;&nbsp;&nbsp;&nbsp;&nbsp;&nbsp;&nbsp;&nbsp;&nbsp;&nbsp;&nbsp;Hash Cond: (laps.session_key = sessions.session_key)</td>\n",
       "        </tr>\n",
       "        <tr>\n",
       "            <td>&nbsp;&nbsp;&nbsp;&nbsp;&nbsp;&nbsp;&nbsp;&nbsp;&nbsp;&nbsp;&nbsp;&nbsp;&nbsp;&nbsp;&nbsp;&nbsp;&nbsp;&nbsp;&nbsp;&nbsp;&nbsp;&nbsp;&nbsp;&nbsp;&nbsp;&nbsp;&nbsp;&nbsp;&nbsp;&nbsp;&nbsp;&nbsp;-&gt;  Seq Scan on laps  (cost=0.00..679.93 rows=28193 width=48) (actual time=0.280..7.508 rows=28193 loops=1)</td>\n",
       "        </tr>\n",
       "        <tr>\n",
       "            <td>&nbsp;&nbsp;&nbsp;&nbsp;&nbsp;&nbsp;&nbsp;&nbsp;&nbsp;&nbsp;&nbsp;&nbsp;&nbsp;&nbsp;&nbsp;&nbsp;&nbsp;&nbsp;&nbsp;&nbsp;&nbsp;&nbsp;&nbsp;&nbsp;&nbsp;&nbsp;&nbsp;&nbsp;&nbsp;&nbsp;&nbsp;&nbsp;&nbsp;&nbsp;&nbsp;&nbsp;&nbsp;&nbsp;Filter: (lap_number IS NOT NULL)</td>\n",
       "        </tr>\n",
       "        <tr>\n",
       "            <td>&nbsp;&nbsp;&nbsp;&nbsp;&nbsp;&nbsp;&nbsp;&nbsp;&nbsp;&nbsp;&nbsp;&nbsp;&nbsp;&nbsp;&nbsp;&nbsp;&nbsp;&nbsp;&nbsp;&nbsp;&nbsp;&nbsp;&nbsp;&nbsp;&nbsp;&nbsp;&nbsp;&nbsp;&nbsp;&nbsp;&nbsp;&nbsp;-&gt;  Hash  (cost=3.23..3.23 rows=7 width=4) (actual time=0.125..0.127 rows=7 loops=1)</td>\n",
       "        </tr>\n",
       "        <tr>\n",
       "            <td>&nbsp;&nbsp;&nbsp;&nbsp;&nbsp;&nbsp;&nbsp;&nbsp;&nbsp;&nbsp;&nbsp;&nbsp;&nbsp;&nbsp;&nbsp;&nbsp;&nbsp;&nbsp;&nbsp;&nbsp;&nbsp;&nbsp;&nbsp;&nbsp;&nbsp;&nbsp;&nbsp;&nbsp;&nbsp;&nbsp;&nbsp;&nbsp;&nbsp;&nbsp;&nbsp;&nbsp;&nbsp;&nbsp;Buckets: 1024  Batches: 1  Memory Usage: 9kB</td>\n",
       "        </tr>\n",
       "        <tr>\n",
       "            <td>&nbsp;&nbsp;&nbsp;&nbsp;&nbsp;&nbsp;&nbsp;&nbsp;&nbsp;&nbsp;&nbsp;&nbsp;&nbsp;&nbsp;&nbsp;&nbsp;&nbsp;&nbsp;&nbsp;&nbsp;&nbsp;&nbsp;&nbsp;&nbsp;&nbsp;&nbsp;&nbsp;&nbsp;&nbsp;&nbsp;&nbsp;&nbsp;&nbsp;&nbsp;&nbsp;&nbsp;&nbsp;&nbsp;-&gt;  Seq Scan on sessions  (cost=0.00..3.23 rows=7 width=4) (actual time=0.009..0.018 rows=7 loops=1)</td>\n",
       "        </tr>\n",
       "        <tr>\n",
       "            <td>&nbsp;&nbsp;&nbsp;&nbsp;&nbsp;&nbsp;&nbsp;&nbsp;&nbsp;&nbsp;&nbsp;&nbsp;&nbsp;&nbsp;&nbsp;&nbsp;&nbsp;&nbsp;&nbsp;&nbsp;&nbsp;&nbsp;&nbsp;&nbsp;&nbsp;&nbsp;&nbsp;&nbsp;&nbsp;&nbsp;&nbsp;&nbsp;&nbsp;&nbsp;&nbsp;&nbsp;&nbsp;&nbsp;&nbsp;&nbsp;&nbsp;&nbsp;&nbsp;&nbsp;Filter: ((session_name)::text = &#x27;Race&#x27;::text)</td>\n",
       "        </tr>\n",
       "        <tr>\n",
       "            <td>&nbsp;&nbsp;&nbsp;&nbsp;&nbsp;&nbsp;&nbsp;&nbsp;&nbsp;&nbsp;&nbsp;&nbsp;&nbsp;&nbsp;&nbsp;&nbsp;&nbsp;&nbsp;&nbsp;&nbsp;&nbsp;&nbsp;&nbsp;&nbsp;&nbsp;&nbsp;&nbsp;&nbsp;&nbsp;&nbsp;&nbsp;&nbsp;&nbsp;&nbsp;&nbsp;&nbsp;&nbsp;&nbsp;&nbsp;&nbsp;&nbsp;&nbsp;&nbsp;&nbsp;Rows Removed by Filter: 91</td>\n",
       "        </tr>\n",
       "        <tr>\n",
       "            <td>&nbsp;&nbsp;&nbsp;&nbsp;&nbsp;&nbsp;&nbsp;&nbsp;-&gt;  Bitmap Heap Scan on telemetrys tlm  (cost=58.28..3518.77 rows=908 width=24) (actual time=0.619..0.811 rows=318 loops=77)</td>\n",
       "        </tr>\n",
       "        <tr>\n",
       "            <td>&nbsp;&nbsp;&nbsp;&nbsp;&nbsp;&nbsp;&nbsp;&nbsp;&nbsp;&nbsp;&nbsp;&nbsp;&nbsp;&nbsp;Recheck Cond: ((session_key = race_laps.session_key) AND (driver_number = race_laps.driver_number) AND (date &gt;= race_laps.date_start) AND (date &lt;= (race_laps.date_start + (&#x27;00:00:01&#x27;::interval * ((race_laps.duration_sector_1 + race_laps.duration_sector_2) + race_laps.duration_sector_3)))))</td>\n",
       "        </tr>\n",
       "        <tr>\n",
       "            <td>&nbsp;&nbsp;&nbsp;&nbsp;&nbsp;&nbsp;&nbsp;&nbsp;&nbsp;&nbsp;&nbsp;&nbsp;&nbsp;&nbsp;Heap Blocks: exact=351</td>\n",
       "        </tr>\n",
       "        <tr>\n",
       "            <td>&nbsp;&nbsp;&nbsp;&nbsp;&nbsp;&nbsp;&nbsp;&nbsp;&nbsp;&nbsp;&nbsp;&nbsp;&nbsp;&nbsp;-&gt;  Bitmap Index Scan on telemetrys_gist_idx  (cost=0.00..58.05 rows=908 width=0) (actual time=0.557..0.557 rows=318 loops=77)</td>\n",
       "        </tr>\n",
       "        <tr>\n",
       "            <td>&nbsp;&nbsp;&nbsp;&nbsp;&nbsp;&nbsp;&nbsp;&nbsp;&nbsp;&nbsp;&nbsp;&nbsp;&nbsp;&nbsp;&nbsp;&nbsp;&nbsp;&nbsp;&nbsp;&nbsp;Index Cond: ((session_key = race_laps.session_key) AND (driver_number = race_laps.driver_number) AND (date &gt;= race_laps.date_start) AND (date &lt;= (race_laps.date_start + (&#x27;00:00:01&#x27;::interval * ((race_laps.duration_sector_1 + race_laps.duration_sector_2) + race_laps.duration_sector_3)))))</td>\n",
       "        </tr>\n",
       "        <tr>\n",
       "            <td>Planning Time: 7.873 ms</td>\n",
       "        </tr>\n",
       "        <tr>\n",
       "            <td>Execution Time: 87.625 ms</td>\n",
       "        </tr>\n",
       "    </tbody>\n",
       "</table>"
      ],
      "text/plain": [
       "[('HashAggregate  (cost=37274.86..38329.74 rows=16878 width=56) (actual time=87.127..87.327 rows=208 loops=1)',),\n",
       " (\"  Group Key: race_laps.session_key, race_laps.driver_number, CASE WHEN ((tlm.date > race_laps.date_start) AND (tlm.date < (race_laps.date_start + ('0 ... (504 characters truncated) ... :interval * ((race_laps.duration_sector_1 + race_laps.duration_sector_2) + race_laps.duration_sector_3))))) THEN 'SECTOR 3'::text ELSE NULL::text END\",),\n",
       " ('  Batches: 1  Memory Usage: 849kB',),\n",
       " ('  ->  Nested Loop  (cost=929.26..37063.89 rows=16878 width=56) (actual time=12.529..81.912 rows=24459 loops=1)',),\n",
       " ('        ->  Subquery Scan on race_laps  (cost=870.98..941.47 rows=10 width=48) (actual time=11.267..12.437 rows=77 loops=1)',),\n",
       " ('              Filter: (race_laps.rank_lap = 1)',),\n",
       " ('              ->  WindowAgg  (cost=870.98..916.29 rows=2014 width=60) (actual time=11.265..12.392 rows=77 loops=1)',),\n",
       " ('                    Run Condition: (row_number() OVER (?) <= 1)',),\n",
       " ('                    ->  Sort  (cost=870.98..876.01 rows=2014 width=48) (actual time=11.244..11.746 rows=3604 loops=1)',),\n",
       " ('                          Sort Key: laps.session_key, laps.driver_number, laps.lap_duration',),\n",
       " ('                          Sort Method: quicksort  Memory: 404kB',),\n",
       " ('                          ->  Hash Join  (cost=3.31..760.45 rows=2014 width=48) (actual time=0.416..9.436 rows=3604 loops=1)',),\n",
       " ('                                Hash Cond: (laps.session_key = sessions.session_key)',),\n",
       " ('                                ->  Seq Scan on laps  (cost=0.00..679.93 rows=28193 width=48) (actual time=0.280..7.508 rows=28193 loops=1)',),\n",
       " ('                                      Filter: (lap_number IS NOT NULL)',),\n",
       " ('                                ->  Hash  (cost=3.23..3.23 rows=7 width=4) (actual time=0.125..0.127 rows=7 loops=1)',),\n",
       " ('                                      Buckets: 1024  Batches: 1  Memory Usage: 9kB',),\n",
       " ('                                      ->  Seq Scan on sessions  (cost=0.00..3.23 rows=7 width=4) (actual time=0.009..0.018 rows=7 loops=1)',),\n",
       " (\"                                            Filter: ((session_name)::text = 'Race'::text)\",),\n",
       " ('                                            Rows Removed by Filter: 91',),\n",
       " ('        ->  Bitmap Heap Scan on telemetrys tlm  (cost=58.28..3518.77 rows=908 width=24) (actual time=0.619..0.811 rows=318 loops=77)',),\n",
       " (\"              Recheck Cond: ((session_key = race_laps.session_key) AND (driver_number = race_laps.driver_number) AND (date >= race_laps.date_start) A ... (6 characters truncated) ... te <= (race_laps.date_start + ('00:00:01'::interval * ((race_laps.duration_sector_1 + race_laps.duration_sector_2) + race_laps.duration_sector_3)))))\",),\n",
       " ('              Heap Blocks: exact=351',),\n",
       " ('              ->  Bitmap Index Scan on telemetrys_gist_idx  (cost=0.00..58.05 rows=908 width=0) (actual time=0.557..0.557 rows=318 loops=77)',),\n",
       " (\"                    Index Cond: ((session_key = race_laps.session_key) AND (driver_number = race_laps.driver_number) AND (date >= race_laps.date_star ... (10 characters truncated) ... te <= (race_laps.date_start + ('00:00:01'::interval * ((race_laps.duration_sector_1 + race_laps.duration_sector_2) + race_laps.duration_sector_3)))))\",),\n",
       " ('Planning Time: 7.873 ms',),\n",
       " ('Execution Time: 87.625 ms',)]"
      ]
     },
     "execution_count": 17,
     "metadata": {},
     "output_type": "execute_result"
    }
   ],
   "source": [
    "%sql EXPLAIN ANALYZE $first_query"
   ]
  },
  {
   "cell_type": "code",
   "execution_count": 18,
   "id": "72fca355",
   "metadata": {},
   "outputs": [
    {
     "name": "stderr",
     "output_type": "stream",
     "text": [
      "100%|██████████| 100/100 [00:05<00:00, 19.55it/s]"
     ]
    },
    {
     "name": "stdout",
     "output_type": "stream",
     "text": [
      "Mean: 0.050596 s\n",
      "Median: 0.049404 s\n",
      "Std Dev: 0.007748 s\n",
      "Min: 0.036258 s\n",
      "Max: 0.076766 s\n"
     ]
    },
    {
     "name": "stderr",
     "output_type": "stream",
     "text": [
      "\n"
     ]
    }
   ],
   "source": [
    "duration_gist = []\n",
    "\n",
    "for _ in tqdm(range(100)):\n",
    "    start = time.time()\n",
    "    _ = pd.read_sql(first_query, DATABASE_URL)\n",
    "    end = time.time()\n",
    "    \n",
    "    duration_gist.append(end - start)\n",
    "    \n",
    "get_statistics(duration_gist)"
   ]
  },
  {
   "cell_type": "markdown",
   "id": "bf1a85cf",
   "metadata": {},
   "source": [
    "# Retornando para Default"
   ]
  },
  {
   "cell_type": "code",
   "execution_count": null,
   "id": "dce3db0b",
   "metadata": {},
   "outputs": [
    {
     "name": "stdout",
     "output_type": "stream",
     "text": [
      " * postgresql+psycopg2://postgresadmin:***@localhost:5000/postgresdb\n",
      "1 rows affected.\n"
     ]
    },
    {
     "data": {
      "text/html": [
       "<table>\n",
       "    <thead>\n",
       "        <tr>\n",
       "            <th>indexname</th>\n",
       "            <th>indexdef</th>\n",
       "        </tr>\n",
       "    </thead>\n",
       "    <tbody>\n",
       "        <tr>\n",
       "            <td>telemetrys_pkey</td>\n",
       "            <td>CREATE UNIQUE INDEX telemetrys_pkey ON raw.telemetrys USING btree (session_key, driver_number, date)</td>\n",
       "        </tr>\n",
       "    </tbody>\n",
       "</table>"
      ],
      "text/plain": [
       "[('telemetrys_pkey', 'CREATE UNIQUE INDEX telemetrys_pkey ON raw.telemetrys USING btree (session_key, driver_number, date)')]"
      ]
     },
     "execution_count": 21,
     "metadata": {},
     "output_type": "execute_result"
    }
   ],
   "source": [
    "%sql DROP INDEX IF EXISTS raw.telemetrys_gist_idx\n",
    "%sql CREATE UNIQUE INDEX telemetrys_pkey ON raw.telemetrys USING btree (session_key, driver_number, date)\n",
    "%sql $check_indexes"
   ]
  },
  {
   "cell_type": "code",
   "execution_count": 34,
   "id": "ad1de6e4",
   "metadata": {},
   "outputs": [
    {
     "data": {
      "image/png": "iVBORw0KGgoAAAANSUhEUgAAArMAAAHFCAYAAADhdHFaAAAAOXRFWHRTb2Z0d2FyZQBNYXRwbG90bGliIHZlcnNpb24zLjkuMCwgaHR0cHM6Ly9tYXRwbG90bGliLm9yZy80BEi2AAAACXBIWXMAAA9hAAAPYQGoP6dpAAA5rElEQVR4nO3de1yUZf7/8feIMqgc8sRBxQNimmfDCrQVLRQPqfS1NHcLNVPXrDxkKu6uaVbUmqZmSeaqu2uWeUhd10PmMY0yD5iVmqWIGngOBF1QuH9/9HNy4uAwDgx3vp6Px/14MNdc93V/7mlG3t1c9zUWwzAMAQAAACZUzt0FAAAAAM4izAIAAMC0CLMAAAAwLcIsAAAATIswCwAAANMizAIAAMC0CLMAAAAwLcIsAAAATIswCwAAANMizAIATGXHjh167bXXlJOT4+5SAJQBhFkAgGmkpKSod+/eatSokTw9Pd1dDoAywGIYhuHuIgAA+W3fvl1bt27ViBEj5Ofn5+5yyoRVq1ZJknr16uXmSgCUFVyZBXDbyMnJUYcOHVSlShX9/e9/14kTJ3THHXe4u6wCHT9+XDExMfLx8XE4yNarV08DBgywPd66dassFou2bt1aMkW6Qa9evVweZAt6nQYMGKB69eq59DgASgZhFsBNLVy4UBaLxbZ5eXmpZs2aio6O1qxZs3Tp0iV3l+iQTz/9VGlpaRo/frxmzJihunXr6qmnnnLpMW58rXbs2JHvecMwFBwcLIvFooceeqjAMa5evaq+fftqwIABGjVqlEvrM7tJkybJYrHo3Llz7i4FQBlR3t0FADCPl156SfXr19fVq1eVlpamrVu3auTIkZo+fbpWr16tFi1auLvEIv3hD3/Q9u3b5e/vr9GjR+v8+fMKDAwskWN5eXlp8eLFuv/+++3at23bppMnT8pqtRa677fffqvHHntMI0aMuKUa2rdvrytXrjC31Anvvfee8vLy3F0GAAcQZgE4rGvXrmrTpo3tcVxcnDZv3qyHHnpIPXv21MGDB1WxYsVbPs61a9eUl5fn8hDm4+MjHx8fSVKFChVKLMhKUrdu3bR06VLNmjVL5cv/+k/t4sWLFRYWVuSVxVatWqlVq1a3XEO5cuXk5eV1y+OUtsuXL6tSpUpuraFChQpuPT4AxzHNAMAteeCBB/S3v/1Nx48f16JFi2ztHTp0UIcOHfL1/+1cxOTkZFksFr3xxhuaMWOGGjRoIKvVqu+++045OTmaOHGiwsLC5Ofnp8qVK+sPf/iDtmzZkm/cvLw8zZw5U82bN5eXl5dq1KihLl26aPfu3bY+//jHP/TAAw/I399fVqtVTZo00Zw5cwo8r3feeUdNmzaV1WpVzZo1NXz4cP38888Ovy79+vXT+fPntXHjRltbTk6Oli1bpj/+8Y8F7pOXl6cZM2aoadOm8vLyUkBAgIYOHaqLFy/a9TMMQy+//LJq166tSpUqqWPHjvr222/zjVfQXNDPPvtMjz76qOrUqSOr1arg4GCNGjVKV65cuek5XZ9CsX37dg0dOlTVqlWTr6+vYmNj89UoOfYadujQQc2aNdOePXvUvn17VapUSRMmTLhpLQWN8d1336ljx46qVKmSatWqpb///e/5+p48eVIxMTGqXLmy/P39NWrUKGVnZ+frV9CcWUfeY5K0aNEihYWFqWLFiqpataoee+wxnThxoljnBMBxhFkAt+yJJ56QJH3yySdOj7FgwQK99dZbGjJkiKZNm6aqVasqIyND8+bNU4cOHfT6669r0qRJOnv2rKKjo5WUlGS3/6BBgzRy5EgFBwfr9ddf1/jx4+Xl5aUvvvjC1uedd95RvXr1NGHCBE2bNk3BwcF6+umn9fbbb9uNNWnSJA0fPlw1a9bUtGnT1Lt3b7377rvq3Lmzrl696tD51KtXTxEREfrggw9sbevWrVN6eroee+yxAvcZOnSoXnjhBbVr104zZ87UwIED9f777ys6OtruuBMnTtTf/vY3tWzZUlOnTlVISIg6d+6srKysm9a1dOlSXb58WcOGDdNbb72l6OhovfXWW4qNjXXovCTpmWee0cGDBzVp0iTFxsbq/fffV0xMjG5cHKc4r+H58+fVtWtXtWrVSjNmzFDHjh0druW6ixcvqkuXLmrZsqWmTZumxo0ba9y4cVq3bp2tz5UrV/Tggw9qw4YNeuaZZ/SXv/xFn332mcaOHevQMRx5j73yyiuKjY1Vw4YNNX36dI0cOVKbNm1S+/bti/U/QwCKwQCAm1iwYIEhyfjqq68K7ePn52e0bt3a9jgyMtKIjIzM169///5G3bp1bY+PHTtmSDJ8fX2NM2fO2PW9du2akZ2dbdd28eJFIyAgwHjyySdtbZs3bzYkGc8991y+4+Xl5dl+zsrKyvd8dHS0ERISYnt85swZw9PT0+jcubORm5tra589e7YhyZg/f34BZ/+rG1+r2bNnGz4+Psbly5cNwzCMRx991OjYsaNhGIZRt25do3v37rb9PvvsM0OS8f7779uNt379erv26/V1797d7twmTJhgSDL69+9va9uyZYshydiyZYut7XotN4qPjzcsFotx/Phxh84tLCzMyMnJsbX//e9/NyQZq1atsqvRkdcwMjLSkGQkJCQUeezrXnzxRUOScfbs2Xxj/Otf/7K1ZWdnG4GBgUbv3r1tbTNmzDAkGR999JGtLSsrywgNDc33Ov32ferIeyw5Odnw8PAwXnnlFbvnDxw4YJQvXz5fOwDX4MosAJfw9va+pVUNevfurRo1ati1eXh42ObN5uXl6cKFC7p27ZratGmjvXv32votX75cFotFL774Yr5xLRaL7ecb52Gmp6fr3LlzioyM1NGjR5Weni7plxUPcnJyNHLkSJUr9+s/kYMHD5avr6/++9//OnxOffr00ZUrV7RmzRpdunRJa9asKXSKwdKlS+Xn56dOnTrp3Llzti0sLEze3t62qRXX63v22Wftzm3kyJEO1XTjnOasrCydO3dObdu2lWEY2rdvn0NjDBkyxG5O6bBhw1S+fHmtXbvWrkZHX0Or1aqBAwc6dOzCeHt76/HHH7c99vT01L333qujR4/a2tauXaugoCA98sgjtrZKlSppyJAhNx3fkffYihUrlJeXpz59+tj9NwwMDFTDhg0LnB4D4NZxAxgAl8jMzJS/v7/T+9evX7/A9n/+85+aNm2aDh06ZPfn6Rv7//jjj6pZs6aqVq1a5DF27typF198UYmJibp8+bLdc+np6fLz89Px48clSY0aNbJ73tPTUyEhIbbnHVGjRg1FRUVp8eLFunz5snJzc+2C1I2OHDmi9PT0Ql/DM2fOSJLt+A0bNsx3rCpVqty0ppSUFE2cOFGrV6/ON8/1eqC/md8e29vbW0FBQUpOTrar0dHXsFatWrd8s1/t2rXtwr0kValSRV9//bXt8fHjxxUaGpqv32/rLIgj77EjR47IMIx8r8913FQGlAzCLIBbdvLkSaWnpys0NNTWZrFY7OZQXpebm1vgGAWtgrBo0SINGDBAMTExeuGFF+Tv7y8PDw/Fx8frxx9/LFaNP/74ox588EE1btxY06dPV3BwsDw9PbV27Vq9+eabJbYM0x//+EcNHjxYaWlp6tq1a6Ff0pCXlyd/f3+9//77BT7/26vWzsjNzVWnTp104cIFjRs3To0bN1blypV16tQpDRgwwG1LUbliBQwPD48C2wt6D5aUvLw8WSwWrVu3rsB6vL29S60W4HZCmAVwy/79739LkqKjo21tVapUsfsT73XFubK5bNkyhYSEaMWKFXZX0377p94GDRpow4YNunDhQqFXzv7zn/8oOztbq1evVp06dWztv/3Tb926dSVJhw8fVkhIiK09JydHx44dU1RUlMP1S9LDDz+soUOH6osvvtCSJUsK7degQQN9+umnateuXZHh7np9R44csavv7NmzBa4ocKMDBw7o+++/1z//+U+7G75uXHHBEUeOHLG7SSszM1Opqanq1q2bXY2ueg1dpW7duvrmm29kGIbd++nw4cM33deR91iDBg1kGIbq16+vO++802V1Aygac2YB3JLNmzdrypQpql+/vv70pz/Z2hs0aKBDhw7p7Nmztrb9+/dr586dDo99/erWjVfXvvzySyUmJtr16927twzD0OTJk/ONcX3fgsZKT0/XggUL7PpHRUXJ09NTs2bNsuv7j3/8Q+np6erevbvD9Uu/XI2bM2eOJk2apB49ehTar0+fPsrNzdWUKVPyPXft2jXbnfBRUVGqUKGC3nrrLbv6ZsyYcdNaCnoNDMPQzJkzHTybX8ydO9duysecOXN07do1de3a1VajK19DV+nWrZt++uknLVu2zNZ2+fJlzZ0796b7OvIe+7//+z95eHho8uTJ+a4IG4ah8+fP3+IZACgIV2YBOGzdunU6dOiQrl27ptOnT2vz5s3auHGj6tatq9WrV9st0P/kk09q+vTpio6O1qBBg3TmzBklJCSoadOmysjIcOh4Dz30kFasWKGHH35Y3bt317Fjx5SQkKAmTZooMzPT1q9jx4564oknNGvWLB05ckRdunRRXl6ePvvsM3Xs2FHPPPOMOnfuLE9PT/Xo0UNDhw5VZmam3nvvPfn7+ys1NdU2Vo0aNRQXF6fJkyerS5cu6tmzpw4fPqx33nlH99xzj91NRo7q37//TftERkZq6NChio+PV1JSkjp37qwKFSroyJEjWrp0qWbOnKlHHnlENWrU0JgxYxQfH6+HHnpI3bp10759+7Ru3TpVr169yGM0btxYDRo00JgxY3Tq1Cn5+vpq+fLlN72i+1s5OTl68MEH1adPH9trc//996tnz56SSuY1dIXBgwdr9uzZio2N1Z49exQUFKR///vfDn1BgyPvsQYNGujll19WXFyckpOTFRMTIx8fHx07dkwff/yxhgwZojFjxpTCmQK3mVJePQGACV1fkun65unpaQQGBhqdOnUyZs6caWRkZBS436JFi4yQkBDD09PTaNWqlbFhw4ZCl+aaOnVqvv3z8vKMV1991ahbt65htVqN1q1bG2vWrMk3hmH8sozX1KlTjcaNG9vq7Nq1q7Fnzx5bn9WrVxstWrQwvLy8jHr16hmvv/66MX/+fEOScezYMbvxZs+ebTRu3NioUKGCERAQYAwbNsy4ePGiw69VUcuYGUb+pbmumzt3rhEWFmZUrFjR8PHxMZo3b26MHTvW+Omnn2x9cnNzjcmTJxtBQUFGxYoVjQ4dOhjffPONUbdu3ZsuzfXdd98ZUVFRhre3t1G9enVj8ODBxv79+w1JxoIFCxw6t23bthlDhgwxqlSpYnh7ext/+tOfjPPnz+fr78hrGBkZaTRt2rTI496osKW5ChqjoPfJ8ePHjZ49exqVKlUyqlevbowYMcK2/FlRS3MZhv17zNPT06hRo0a+95hhGMby5cuN+++/36hcubJRuXJlo3Hjxsbw4cONw4cPO3yeABxnMYxSnB0PAKVgx44dGjduXLGmNODmFi5cqIEDB+qrr76y+1pjAHAn5swC+N25//77dfDgwQJvQAMA/L4wZxbA78bZs2c1f/58Sb/c3HXjvFoAwO8TYRbA70Zubq5mzZqlixcv6vHHH1eLFi3cXRIAoIQxZxYAAACmxZxZAAAAmNZtOc0gLy9PP/30k3x8fPJ9RzcAAADczzAMXbp0STVr1lS5coVff70tw+xPP/2k4OBgd5cBAACAmzhx4oRq165d6PO3ZZj18fGR9MuL4+vr6+ZqAAAA8FsZGRkKDg625bbC3JZh9vrUAl9fX8IsAABAGXazKaHcAAYAAADTIswCAADAtAizAAAAMC3CLAAAAEyLMAsAAADTIswCAADAtAizAAAAMC3CLAAAAEyLMAsAAADTIswCAADAtAizAAAAMC23htk5c+aoRYsW8vX1la+vryIiIrRu3boi91m6dKkaN24sLy8vNW/eXGvXri2lagEAAFDWuDXM1q5dW6+99pr27Nmj3bt364EHHlCvXr307bffFtj/888/V79+/TRo0CDt27dPMTExiomJ0TfffFPKlQMAAKAssBiGYbi7iBtVrVpVU6dO1aBBg/I917dvX2VlZWnNmjW2tvDwcLVq1UoJCQkOHyMjI0N+fn5KT0+Xr6+vS+oGAACA6zia18rMnNnc3Fx9+OGHysrKUkRERIF9EhMTFRUVZdcWHR2txMTEIsfOzs5WRkaG3QYAAADzc3uYPXDggLy9vWW1WvXnP/9ZH3/8sZo0aVJg37S0NAUEBNi1BQQEKC0trchjxMfHy8/Pz7YFBwe7rH4AAAC4T3l3F9CoUSMlJSUpPT1dy5YtU//+/bVt27ZCA60z4uLiNHr0aNvjjIwMAi0AwHR29urt7hJwm2u3arm7S8jH7WHW09NToaGhkqSwsDB99dVXmjlzpt599918fQMDA3X69Gm7ttOnTyswMLDIY1itVlmtVtcVDQAAgDLB7dMMfisvL0/Z2dkFPhcREaFNmzbZtW3cuLHQObYAAAD4fXPrldm4uDh17dpVderU0aVLl7R48WJt3bpVGzZskCTFxsaqVq1aio+PlySNGDFCkZGRmjZtmrp3764PP/xQu3fv1ty5c915GgAAAHATt4bZM2fOKDY2VqmpqfLz81OLFi20YcMGderUSZKUkpKicuV+vXjctm1bLV68WH/96181YcIENWzYUCtXrlSzZs3cdQoAAABwozK3zmxpYJ1ZAIAZcQMY3K00bwAz3TqzAAAAQHERZgEAAGBahFkAAACYFmEWAAAApkWYBQAAgGkRZgEAAGBahFkAAACYFmEWAAAApkWYBQAAgGkRZgEAAGBahFkAAACYFmEWAAAApkWYBQAAgGkRZgEAAGBahFkAAACYFmEWAAAApkWYBQAAgGkRZgEAAGBahFkAAACYFmEWAAAApkWYBQAAgGkRZgEAAGBahFkAAACYFmEWAAAApkWYBQAAgGkRZgEAAGBahFkAAACYFmEWAAAApkWYBQAAgGkRZgEAAGBahFkAAACYFmEWAAAApkWYBQAAgGkRZgEAAGBahFkAAACYFmEWAAAApkWYBQAAgGkRZgEAAGBahFkAAACYFmEWAAAApkWYBQAAgGkRZgEAAGBahFkAAACYFmEWAAAApkWYBQAAgGkRZgEAAGBahFkAAACYFmEWAAAApkWYBQAAgGkRZgEAAGBabg2z8fHxuueee+Tj4yN/f3/FxMTo8OHDRe6zcOFCWSwWu83Ly6uUKgYAAEBZ4tYwu23bNg0fPlxffPGFNm7cqKtXr6pz587Kysoqcj9fX1+lpqbatuPHj5dSxQAAAChLyrvz4OvXr7d7vHDhQvn7+2vPnj1q3759oftZLBYFBgaWdHkAAAAo48rUnNn09HRJUtWqVYvsl5mZqbp16yo4OFi9evXSt99+W2T/7OxsZWRk2G0AAAAwvzITZvPy8jRy5Ei1a9dOzZo1K7Rfo0aNNH/+fK1atUqLFi1SXl6e2rZtq5MnTxa6T3x8vPz8/GxbcHBwSZwCAAAASpnFMAzD3UVI0rBhw7Ru3Trt2LFDtWvXdni/q1ev6q677lK/fv00ZcqUAvtkZ2crOzvb9jgjI0PBwcFKT0+Xr6/vLdcOAEBp2Nmrt7tLwG2u3arlpXasjIwM+fn53TSvuXXO7HXPPPOM1qxZo+3btxcryEpShQoV1Lp1a/3www+F9rFarbJarbdaJgAAAMoYt04zMAxDzzzzjD7++GNt3rxZ9evXL/YYubm5OnDggIKCgkqgQgAAAJRlbr0yO3z4cC1evFirVq2Sj4+P0tLSJEl+fn6qWLGiJCk2Nla1atVSfHy8JOmll15SeHi4QkND9fPPP2vq1Kk6fvy4nnrqKbedBwAAANzDrWF2zpw5kqQOHTrYtS9YsEADBgyQJKWkpKhcuV8vIF+8eFGDBw9WWlqaqlSporCwMH3++edq0qRJaZUNAACAMqLM3ABWmhydUAwAQFnCDWBwt7J4A1iZWZoLAAAAKC7CLAAAAEyLMAsAAADTIswCAADAtAizAAAAMC3CLAAAAEyLMAsAAADTIswCAADAtAizAAAAMC3CLAAAAEyLMAsAAADTIswCAADAtAizAAAAMC3CLAAAAEyLMAsAAADTIswCAADAtAizAAAAMC3CLAAAAEyLMAsAAADTIswCAADAtAizAAAAMC3CLAAAAEyLMAsAAADTIswCAADAtAizAAAAMC3CLAAAAEyLMAsAAADTIswCAADAtAizAAAAMC3CLAAAAEyLMAsAAADTIswCAADAtAizAAAAMC3CLAAAAEyLMAsAAADTIswCAADAtAizAAAAMC3CLAAAAEyLMAsAAADTIswCAADAtAizAAAAMC3CLAAAAEyLMAsAAADTIswCAADAtAizAAAAMC3CLAAAAEyLMAsAAADTIswCAADAtAizAAAAMC3CLAAAAEzLrWE2Pj5e99xzj3x8fOTv76+YmBgdPnz4pvstXbpUjRs3lpeXl5o3b661a9eWQrUAAAAoa9waZrdt26bhw4friy++0MaNG3X16lV17txZWVlZhe7z+eefq1+/fho0aJD27dunmJgYxcTE6JtvvinFygEAAFAWWAzDMNxdxHVnz56Vv7+/tm3bpvbt2xfYp2/fvsrKytKaNWtsbeHh4WrVqpUSEhIcOk5GRob8/PyUnp4uX19fl9QOAEBJ29mrt7tLwG2u3arlpXYsR/NamZozm56eLkmqWrVqoX0SExMVFRVl1xYdHa3ExMRC98nOzlZGRobdBgAAAPMrM2E2Ly9PI0eOVLt27dSsWbNC+6WlpSkgIMCuLSAgQGlpaYXuEx8fLz8/P9sWHBzssroBAADgPmUmzA4fPlzffPONPvzwQ5ePHRcXp/T0dNt24sQJlx8DAAAApa+8uwuQpGeeeUZr1qzR9u3bVbt27SL7BgYG6vTp03Ztp0+fVmBgYKH7WK1WWa1Wl9QKAACAssPpMHvy5EmtXr1aKSkpysnJsXtu+vTpDo1hGIaeffZZffzxx9q6davq169/030iIiK0adMmjRw50ta2ceNGRUREFKt+AAAAmJ9TYXbTpk3q2bOnQkJCdOjQITVr1kzJyckyDEN33323w+MMHz5cixcv1qpVq+Tj42Ob9+rn56eKFStKkmJjY1WrVi3Fx8dLkkaMGKHIyEhNmzZN3bt314cffqjdu3dr7ty5zpwKAAAATMypObNxcXEaM2aMDhw4IC8vLy1fvlwnTpxQZGSkHn30UYfHmTNnjtLT09WhQwcFBQXZtiVLltj6pKSkKDU11fa4bdu2Wrx4sebOnauWLVtq2bJlWrlyZZE3jQEAAOD3yal1Zn18fJSUlKQGDRqoSpUq2rFjh5o2bar9+/erV69eSk5OLoFSXYd1ZgEAZsQ6s3C33806s5UrV7bNkw0KCtKPP/5oe+7cuXPODAkAAAAUm1NzZsPDw7Vjxw7ddddd6tatm55//nkdOHBAK1asUHh4uKtrBAAAAArkVJidPn26MjMzJUmTJ09WZmamlixZooYNGzq8kgEAAABwq5wKsyEhIbafK1eurISEBJcVBAAAADiqzHwDGAAAAFBcDl+ZrVq1qr7//ntVr15dVapUkcViKbTvhQsXXFIcAAAAUBSHw+ybb74pHx8fSdKMGTNKqh4AAADAYQ6H2f79+xf4MwAAAOAuDofZjIwMhwfliwgAAABQGhwOs3fccUeR82RvlJub63RBAAAAgKMcDrNbtmyx/ZycnKzx48drwIABioiIkCQlJibqn//8p+Lj411fJQAAAFAAh8NsZGSk7eeXXnpJ06dPV79+/WxtPXv2VPPmzTV37lzm1AIAAKBUOLXObGJiotq0aZOvvU2bNtq1a9ctFwUAAAA4wqkwGxwcrPfeey9f+7x58xQcHHzLRQEAAACOcOrrbN9880317t1b69at03333SdJ2rVrl44cOaLly5e7tEAAAACgME5dme3WrZu+//579ejRQxcuXNCFCxfUo0cPff/99+rWrZurawQAAAAK5NSVWemXqQavvvqqK2sBAAAAisWpK7OS9Nlnn+nxxx9X27ZtderUKUnSv//9b+3YscNlxQEAAABFcSjMfvnll7p69art8fLlyxUdHa2KFStq7969ys7OliSlp6dztRYAAAClxuEw27lzZ126dEmS9PLLLyshIUHvvfeeKlSoYOvXrl077d27t2QqBQAAAH7DoTmzzz33nK5evarIyEjt3btXhw8fVvv27fP18/Pz088//+zqGgEAAIACOXwD2PPPP2/76trAwED98MMPqlevnl2fHTt2KCQkxKUFAgAAAIUp1g1gbdu2lSQNHjxYI0aM0JdffimLxaKffvpJ77//vsaMGaNhw4aVSKEAAADAbzm1NNf48eOVl5enBx98UJcvX1b79u1ltVo1ZswYPfvss66uEQAAACiQU2HWYrHoL3/5i1544QX98MMPyszMVJMmTeTt7e3q+gAAAIBCOf2lCZLk6empJk2auKoWAAAAoFiKFWaffPJJh/rNnz/fqWIAAACA4ihWmF24cKHq1q2r1q1byzCMkqoJAAAAcEixwuywYcP0wQcf6NixYxo4cKAef/xxVa1ataRqAwAAAIpUrKW53n77baWmpmrs2LH6z3/+o+DgYPXp00cbNmzgSi0AAABKXbHCrCRZrVb169dPGzdu1HfffaemTZvq6aefVr169ZSZmVkSNQIAAAAFKnaYtdu5XDlZLBYZhqHc3FxX1QQAAAA4pNhhNjs7Wx988IE6deqkO++8UwcOHNDs2bOVkpLCOrMAAAAoVcW6Aezpp5/Whx9+qODgYD355JP64IMPVL169ZKqDQAAAChSscJsQkKC6tSpo5CQEG3btk3btm0rsN+KFStcUhwAAABQlGKF2djYWFkslpKqBQAAACiWYn9pAgAAAFBW3NJqBgAAAIA7EWYBAABgWoRZAAAAmBZhFgAAAKZFmAUAAIBpFWs1gxv9+OOPmjFjhg4ePChJatKkiUaMGKEGDRq4rDgAAACgKE5dmd2wYYOaNGmiXbt2qUWLFmrRooW+/PJLNW3aVBs3bnR1jQAAAECBnLoyO378eI0aNUqvvfZavvZx48apU6dOLikOAAAAKIpTV2YPHjyoQYMG5Wt/8skn9d13391yUQAAAIAjnAqzNWrUUFJSUr72pKQk+fv732pNAAAAgEOcmmYwePBgDRkyREePHlXbtm0lSTt37tTrr7+u0aNHu7RAAAAAoDBOhdm//e1v8vHx0bRp0xQXFydJqlmzpiZNmqTnnnvOpQUCAAAAhXEqzFosFo0aNUqjRo3SpUuXJEk+Pj4uLQwAAAC4GafXmb2OEAsAAAB3cfobwJYtW6Y+ffooPDxcd999t91WHNu3b1ePHj1Us2ZNWSwWrVy5ssj+W7dulcViybelpaU5eyoAAAAwKYfD7EMPPaT//ve/kqRZs2Zp4MCBCggI0L59+3TvvfeqWrVqOnr0qLp27VqsArKystSyZUu9/fbbxdrv8OHDSk1NtW2sogAAAHD7cXiawRtvvKHu3bure/fueueddzR37lz169dPCxcu1NixYxUSEqKJEyfqwoULxSqga9euxQ7AkuTv76877rij2PsBAADg98PhK7PTp09X3759JUkpKSm2JbkqVqxouwnsiSee0AcffFACZebXqlUrBQUFqVOnTtq5c2eRfbOzs5WRkWG3AQAAwPwcDrMrVqxQaGioJCkwMNB2BbZOnTr64osvJEnHjh2TYRglUOavgoKClJCQoOXLl2v58uUKDg5Whw4dtHfv3kL3iY+Pl5+fn20LDg4u0RoBAABQOhwOs2vWrNHRo0clSQ888IBWr14tSRo4cKBGjRqlTp06qW/fvnr44YdLptL/r1GjRho6dKjCwsLUtm1bzZ8/X23bttWbb75Z6D5xcXFKT0+3bSdOnCjRGgEAAFA6HJ4zGx4ervDwcEnS3LlzlZeXJ0kaPny4qlWrps8//1w9e/bU0KFDS6bSItx7773asWNHoc9brVZZrdZSrAgAAAClwal1ZsuVK6dy5X69qPvYY4/psccec1lRxZWUlKSgoCC3HR8AAADu4VSYXbBggby9vfXoo4/atS9dulSXL19W//79HR4rMzNTP/zwg+3xsWPHlJSUpKpVq6pOnTqKi4vTqVOn9K9//UuSNGPGDNWvX19NmzbV//73P82bN0+bN2/WJ5984sypAAAAwMScCrPx8fF6991387X7+/tryJAhqlOnjlavXq3u3bsrKiqqyLF2796tjh072h6PHj1aktS/f38tXLhQqampSklJsT2fk5Oj559/XqdOnVKlSpXUokULffrpp3ZjAAAA4PZgMZxYfsDLy0uHDh1SvXr17NqTk5MVEhKioUOHqkKFCvroo4/K5DdzZWRkyM/PT+np6fL19XV3OQAAOGRnr97uLgG3uXarlpfasRzNa059na2/v7++/vrrfO379+9XzZo1NWfOHI0YMUJXrlxxZngAAADAIU6F2X79+um5557Tli1blJubq9zcXG3evFkjRoyw3QhWo0YN2/qzAAAAQElwas7slClTlJycrAcffFDly/8yRF5enmJjY/Xqq69Kknx9ffkTPgAAAEqUU2HW09NTS5Ys0ZQpU7R//35VrFhRzZs3V926dV1dHwAAAFAop8LsdXfeeafuvPNOV9UCAAAAFIvTYfbkyZNavXq1UlJSlJOTY/fc9OnTb7kwAAAA4GacCrObNm1Sz549FRISokOHDqlZs2ZKTk6WYRi6++67XV0jAAAAUCCnVjOIi4vTmDFjdODAAXl5eWn58uU6ceKEIiMj830rGAAAAFBSnAqzBw8eVGxsrCSpfPnyunLliry9vfXSSy/p9ddfd2mBAAAAQGGcCrOVK1e2zZMNCgrSjz/+aHvu3LlzrqkMAAAAuAmn5syGh4drx44duuuuu9StWzc9//zzOnDggFasWKHw8HBX1wgAAAAUyKkwO336dGVmZkqSJk+erMzMTC1ZskQNGzZkJQMAAACUmmKH2dzcXJ08eVItWrSQ9MuUg4SEBJcXBgAAANxMsefMenh4qHPnzrp48WJJ1AMAAAA4zKkbwJo1a6ajR4+6uhYAAACgWJwKsy+//LLGjBmjNWvWKDU1VRkZGXYbAAAAUBqcugGsW7dukqSePXvKYrHY2g3DkMViUW5urmuqAwAAAIrgVJjdsmWLq+sAAAAAis2pMBsZGenqOgAAAIBicyrMbt++vcjn27dv71QxAAAAQHE4FWY7dOiQr+3GubPMmQUAAEBpcGo1g4sXL9ptZ86c0fr163XPPffok08+cXWNAAAAQIGcujLr5+eXr61Tp07y9PTU6NGjtWfPnlsuDAAAALgZp67MFiYgIECHDx925ZAAAABAoZy6Mvv111/bPTYMQ6mpqXrttdfUqlUrV9QFAAAA3JRTYbZVq1ayWCwyDMOuPTw8XPPnz3dJYQAAAMDNOBVmjx07Zve4XLlyqlGjhry8vFxSFAAAAOAIp8Js3bp1XV0HAAAAUGzFDrN5eXlauHChVqxYoeTkZFksFtWvX1+PPPKInnjiCbv1ZgEAAICSVKzVDAzDUM+ePfXUU0/p1KlTat68uZo2barjx49rwIABevjhh0uqTgAAACCfYl2ZXbhwobZv365NmzapY8eOds9t3rxZMTEx+te//qXY2FiXFgkAAAAUpFhXZj/44ANNmDAhX5CVpAceeEDjx4/X+++/77LiAAAAgKIUK8x+/fXX6tKlS6HPd+3aVfv377/logAAAABHFCvMXrhwQQEBAYU+HxAQoIsXL95yUQAAAIAjihVmc3NzVb584dNsPTw8dO3atVsuCgAAAHBEsW4AMwxDAwYMkNVqLfD57OxslxQFAAAAOKJYYbZ///437cNKBgAAACgtxQqzCxYsKKk6AAAAgGIr1pxZAAAAoCwhzAIAAMC0CLMAAAAwLcIsAAAATIswCwAAANMizAIAAMC0CLMAAAAwLcIsAAAATIswCwAAANMizAIAAMC0CLMAAAAwLcIsAAAATMvtYXb79u3q0aOHatasKYvFopUrV950n61bt+ruu++W1WpVaGioFi5cWOJ1AgAAoOxxe5jNyspSy5Yt9fbbbzvU/9ixY+revbs6duyopKQkjRw5Uk899ZQ2bNhQwpUCAACgrCnv7gK6du2qrl27Otw/ISFB9evX17Rp0yRJd911l3bs2KE333xT0dHRJVUmAAAAyiC3X5ktrsTEREVFRdm1RUdHKzExsdB9srOzlZGRYbcBAADA/EwXZtPS0hQQEGDXFhAQoIyMDF25cqXAfeLj4+Xn52fbgoODS6NUAAAAlDDThVlnxMXFKT093badOHHC3SUBAADABdw+Z7a4AgMDdfr0abu206dPy9fXVxUrVixwH6vVKqvVWhrlAQAAoBSZ7spsRESENm3aZNe2ceNGRUREuKkiAAAAuIvbw2xmZqaSkpKUlJQk6Zelt5KSkpSSkiLplykCsbGxtv5//vOfdfToUY0dO1aHDh3SO++8o48++kijRo1yR/kAAABwI7eH2d27d6t169Zq3bq1JGn06NFq3bq1Jk6cKElKTU21BVtJql+/vv773/9q48aNatmypaZNm6Z58+axLBcAAMBtyGIYhuHuIkpbRkaG/Pz8lJ6eLl9fX3eXAwCAQ3b26u3uEnCba7dqeakdy9G85vYrswAAAICzCLMAAAAwLcIsAAAATIswCwAAANMizAIAAMC0CLMAAAAwLcIsAAAATIswCwAAANMizAIAAMC0CLMAAAAwLcIsAAAATIswCwAAANMizAIAAMC0CLMAAAAwLcIsAAAATIswCwAAANMizAIAAMC0CLMAAAAwLcIsAAAATIswCwAAANMizAIAAMC0CLMAAAAwLcIsAAAATIswCwAAANMizAIAAMC0CLMAAAAwLcIsAAAATIswCwAAANMizAIAAMC0CLMAAAAwLcIsAAAATIswCwAAANMizAIAAMC0CLMAAAAwLcIsAAAATIswCwAAANMizAIAAMC0CLMAAAAwLcIsAAAATIswCwAAANMizAIAAMC0CLMAAAAwLcIsAAAATIswCwAAANMizAIAAMC0CLMAAAAwLcIsAAAATIswCwAAANMizAIAAMC0CLMAAAAwrTIRZt9++23Vq1dPXl5euu+++7Rr165C+y5cuFAWi8Vu8/LyKsVqAQAAUFa4PcwuWbJEo0eP1osvvqi9e/eqZcuWio6O1pkzZwrdx9fXV6mpqbbt+PHjpVgxAAAAygq3h9np06dr8ODBGjhwoJo0aaKEhARVqlRJ8+fPL3Qfi8WiwMBA2xYQEFCKFQMAAKCscGuYzcnJ0Z49exQVFWVrK1eunKKiopSYmFjofpmZmapbt66Cg4PVq1cvffvtt0UeJzs7WxkZGXYbAAAAzM+tYfbcuXPKzc3Nd2U1ICBAaWlpBe7TqFEjzZ8/X6tWrdKiRYuUl5entm3b6uTJk4UeJz4+Xn5+frYtODjYpecBAAAA93D7NIPiioiIUGxsrFq1aqXIyEitWLFCNWrU0LvvvlvoPnFxcUpPT7dtJ06cKMWKAQAAUFLKu/Pg1atXl4eHh06fPm3Xfvr0aQUGBjo0RoUKFdS6dWv98MMPhfaxWq2yWq23VCsAAADKHrdemfX09FRYWJg2bdpka8vLy9OmTZsUERHh0Bi5ubk6cOCAgoKCSqpMAAAAlFFuvTIrSaNHj1b//v3Vpk0b3XvvvZoxY4aysrI0cOBASVJsbKxq1aql+Ph4SdJLL72k8PBwhYaG6ueff9bUqVN1/PhxPfXUU+48DQAAALiB28Ns3759dfbsWU2cOFFpaWlq1aqV1q9fb7spLCUlReXK/XoB+eLFixo8eLDS0tJUpUoVhYWF6fPPP1eTJk3cdQoAAABwE4thGIa7iyhtGRkZ8vPzU3p6unx9fd1dDgAADtnZq7e7S8Btrt2q5aV2LEfzmulWMwAAAACuI8wCAADAtAizAAAAMC3CLAAAAEyLMAsAAADTIswCAADAtAizAAAAMC3CLAAAAEyLMAsAAADTIswCAADAtAizAAAAMC3CLAAAAEyLMAsAAADTIswCAADAtAizAAAAMC3CLAAAAEyLMAsAAADTIswCAADAtAizAAAAMC3CLAAAAEyLMAsAAADTIswCAADAtAizAAAAMC3CLAAAAEyLMAsAAADTIswCAADAtAizAAAAMC3CLAAAAEyLMAsAAADTIswCAADAtAizAAAAMC3CLAAAAEyLMAsAAADTIswCAADAtAizAAAAMC3CLAAAAEyLMAsAAADTIswCAADAtAizAAAAMC3CLAAAAEyLMAsAAADTIswCAADAtAizAAAAMC3CLAAAAEyLMAsAAADTIswCAADAtMq7u4DbRY/nV7m7BNzm/jOtl7tLAADA5bgyCwAAANPiyiyAMqHPkmHuLgG3uY/6znF3CQCcwJVZAAAAmFaZCLNvv/226tWrJy8vL913333atWtXkf2XLl2qxo0by8vLS82bN9fatWtLqVIAAACUJW4Ps0uWLNHo0aP14osvau/evWrZsqWio6N15syZAvt//vnn6tevnwYNGqR9+/YpJiZGMTEx+uabb0q5cgAAALib28Ps9OnTNXjwYA0cOFBNmjRRQkKCKlWqpPnz5xfYf+bMmerSpYteeOEF3XXXXZoyZYruvvtuzZ49u5QrBwAAgLu59QawnJwc7dmzR3Fxcba2cuXKKSoqSomJiQXuk5iYqNGjR9u1RUdHa+XKlYUeJzs7W9nZ2bbH6enpkqSMjIxbqL54rmZfLrVjAQUpzfe7M65eznF3CbjNlfXPiCRlXb3q7hJwmyvNz8n1YxmGUWQ/t4bZc+fOKTc3VwEBAXbtAQEBOnToUIH7pKWlFdg/LS2t0OPEx8dr8uTJ+dqDg4OdqBowJ7+33V0BULb5PVnwXwQB3MDPr9QPeenSJfkVcdzbYmmuuLg4u6u5eXl5unDhgqpVqyaLxeLGyuCIjIwMBQcH68SJE/L19XV3OUCZxOcEKBqfEfMxDEOXLl1SzZo1i+zn1jBbvXp1eXh46PTp03btp0+fVmBgYIH7BAYGFqu/JFmtVlmtVru2O+64w7mi4Ta+vr78AwTcBJ8ToGh8RsylqCuy17n1BjBPT0+FhYVp06ZNtra8vDxt2rRJERERBe4TERFh11+SNm7cWGh/AAAA/H65fZrB6NGj1b9/f7Vp00b33nuvZsyYoaysLA0cOFCSFBsbq1q1aik+Pl6SNGLECEVGRmratGnq3r27PvzwQ+3evVtz585152kAAADADdweZvv27auzZ89q4sSJSktLU6tWrbR+/XrbTV4pKSkqV+7XC8ht27bV4sWL9de//lUTJkxQw4YNtXLlSjVr1sxdp4ASZrVa9eKLL+abKgLgV3xOgKLxGfn9shg3W+8AAAAAKKPc/qUJAAAAgLMIswAAADAtwiwAAABMizALAAAA0yLMAgAAwLQIs3C5AQMGyGKx2LZq1aqpS5cu+vrrr7Vw4UK75wrakpOTNWnSJNtjDw8PBQcHa8iQIbpw4YLdserVq1fgGK+99pokKTk5udDjfPHFF+54eQCHpKWlacSIEQoNDZWXl5cCAgLUrl07zZkzR5cvX5b0y/t/xowZtn3279+vnj17yt/fX15eXqpXr5769u2rM2fO2H2mCtsAMyjqd8x1Nz7v6+ure+65R6tWrbIbZ+HChXbfBnr991OXLl3s+v3888+yWCzaunVrSZ4WbgFhFiWiS5cuSk1NVWpqqjZt2qTy5cvroYceUt++fW3tqampioiI0ODBg+3agoODJUlNmzZVamqqUlJStGDBAq1fv17Dhg3Ld6yXXnrJbv/U1FQ9++yzdn0+/fTTfH3CwsJK5bUAiuvo0aNq3bq1PvnkE7366qvat2+fEhMTNXbsWK1Zs0affvppvn3Onj2rBx98UFWrVtWGDRt08OBBLViwQDVr1lRWVpbGjBlj9/6vXbt2vs8OYBaF/Y650YIFC5Samqrdu3erXbt2euSRR3TgwIEixy1fvrw+/fRTbdmypSTLh4u5/UsT8PtktVoVGBgoSQoMDNT48eP1hz/8QZmZmbZ26ZevNK5UqZJd23Xly5e3tdeqVUuPPvqoFixYkK+fj49PgfvfqFq1ajftA5QVTz/9tMqXL6/du3ercuXKtvaQkBD16tVLBS0PvnPnTqWnp2vevHkqX/6Xf9rr16+vjh072vp4e3vbfvbw8HDoswOURYX9jjl79qxq1KghSbrjjjsUGBiowMBATZkyRTNnztSWLVvUvHnzQsetXLmy+vTpo/Hjx+vLL78slXPBrePKLEpcZmamFi1apNDQUFWrVs2pMZKTk7VhwwZ5enq6uDqgbDl//rw++eQTDR8+3C7I3qigKQGBgYG6du2aPv744wLDLvB7dbPfMdeuXdM//vEPSXLod8ikSZN04MABLVu2zOW1omQQZlEi1qxZI29vb3l7e8vHx0erV6/WkiVL7L6a+GYOHDggb29vVaxYUfXr19e3336rcePG5es3btw427Gub5999pldn7Zt2+brA5RFP/zwgwzDUKNGjezaq1evbnvvFvQ5CA8P14QJE/THP/5R1atXV9euXTV16lSdPn26tEoHSo0jv2P69esnb29vWa1WjRo1SvXq1VOfPn1uOnbNmjU1YsQI/eUvf9G1a9dK8jTgIoRZlIiOHTsqKSlJSUlJ2rVrl6Kjo9W1a1cdP37c4TEaNWqkpKQkffXVVxo3bpyio6PzzYWVpBdeeMF2rOtbmzZt7PosWbIkXx/ATHbt2qWkpCQ1bdpU2dnZBfZ55ZVXlJaWpoSEBDVt2lQJCQlq3LjxTecJAmbjyO+YN998U0lJSVq3bp2aNGmiefPmqWrVqg6NP27cOJ09e1bz588vqVOACxFmUSIqV66s0NBQhYaG6p577tG8efOUlZWl9957z+ExPD09FRoaqmbNmum1116Th4eHJk+enK9f9erVbce6vlWsWNGuT3BwcL4+QFkUGhoqi8Wiw4cP27WHhIQU+N7+rWrVqunRRx/VG2+8oYMHD6pmzZp64403SrJkoNQ58jsmMDBQoaGh6ty5sxYsWGBb2cMRd9xxh+Li4jR58mTb6iEouwizKBUWi0XlypXTlStXnB7jr3/9q9544w399NNPLqwMKFuqVaumTp06afbs2crKyrqlsTw9PdWgQYNbHgco6272O+bee+9VWFiYXnnlFYfHfPbZZ1WuXDnNnDnTVWWihBBmUSKys7OVlpamtLQ0HTx4UM8++6wyMzPVo0cPp8eMiIhQixYt9Oqrr9q1X7p0yXas61tGRoZdn/Pnz+fr87///c/pWoCS9M477+jatWtq06aNlixZooMHD+rw4cNatGiRDh06JA8Pj3z7rFmzRo8//rjWrFmj77//XocPH9Ybb7yhtWvXqlevXm44C6DkOPM7ZuTIkXr33Xd16tQph47h5eWlyZMna9asWa4qGyWEMIsSsX79egUFBSkoKEj33XefvvrqKy1dulQdOnS4pXFHjRqlefPm6cSJE7a2iRMn2o51fRs7dqzdflFRUfn6rFy58pZqAUpKgwYNtG/fPkVFRSkuLk4tW7ZUmzZt9NZbb2nMmDGaMmVKvn2aNGmiSpUq6fnnn1erVq0UHh6ujz76SPPmzdMTTzzhhrMASo4zv2O6dOmi+vXrF+vqbP/+/RUSEuKCilGSLAZruAAAAMCkuDILAAAA0yLMAgAAwLQIswAAADAtwiwAAABMizALAAAA0yLMAgAAwLQIswAAADAtwiwAAABMizALAAAA0yLMAgAAwLQIswAAADCt/weXyTHj71n5AgAAAABJRU5ErkJggg==",
      "text/plain": [
       "<Figure size 800x500 with 1 Axes>"
      ]
     },
     "metadata": {},
     "output_type": "display_data"
    },
    {
     "data": {
      "image/png": "iVBORw0KGgoAAAANSUhEUgAAArYAAAHZCAYAAABzSXj+AAAAOXRFWHRTb2Z0d2FyZQBNYXRwbG90bGliIHZlcnNpb24zLjkuMCwgaHR0cHM6Ly9tYXRwbG90bGliLm9yZy80BEi2AAAACXBIWXMAAA9hAAAPYQGoP6dpAAA920lEQVR4nO3deVhV5f7//9cGZFDAEQQFAcUhpyzDEi01Leeyk5rVKS1TSxu09IhaOZTpOZmVlkPlcI72LUUrPZaa5tDJrCylHEstcRbLBEdUuH9/9GN/3DIICGy4eT6ua1+Xe+37Xuu97r1Yvljce22HMcYIAAAAKOE83F0AAAAAUBAItgAAALACwRYAAABWINgCAADACgRbAAAAWIFgCwAAACsQbAEAAGAFgi0AAACsQLAFAKCAnTp1SuPGjdNPP/3k7lKAUsXBN48BAFCwevToIUlasGCBPDy4hgQUFX7aAAAoQImJiWratKnmz59PqAWKGD9xgGXGjBkjh8NRJNtq3bq1Wrdu7Xy+bt06ORwOLVq0qMC2sW/fPjkcDs2dOzfPfRctWqQKFSqoRYsW2r17t/r376833nijwGrLicPh0JgxY4pkWyWJO9+TohIREaG4uDj5+PgU6HojIyPVp08f5/OMn7d169YV6HaAkoxgCxRjc+fOlcPhcD58fX1VrVo1tW/fXlOmTNGpU6cKZDuHDx/WmDFjlJCQUCDrKy7+9a9/qX///goNDVW9evX00UcfqVu3bu4uK18iIyOdx4GHh4cqVKigRo0aqX///vr222/dXV6u2fSeZCfjl7FJkya5uxSg1PFydwEArm7cuHGKiorSxYsXdfToUa1bt06DBw/W5MmTtXTpUjVu3NjZ9vnnn1dcXFye1n/48GGNHTtWkZGRatKkSa77ff7553naTn5ERETo3LlzKlOmTJ77xsfHq3r16vLy8tLx48cVEBAgX1/fQqiyaDRp0kTPPfecpL8+nLRz507Fx8fr3Xff1ZAhQzR58mQ3V3h1tr0n7nTbbbfp3Llz8vb2dncpQLFBsAVKgI4dO+qmm25yPh8xYoTWrFmjLl266K677tLOnTvl5+cnSfLy8pKXV+H+aJ89e1Zly5Ytkv9QM65U50dERITz30FBQQVVkttUr15df//7312W/fOf/9QDDzyg119/XbVr19YTTzxRINs6c+aMypUrVyDrupwt70lhjU9eeHh48EsBcAWmIgAl1O23364XXnhBiYmJmj9/vnN5VnNsV61apZYtW6pChQry9/dX3bp1NXLkSEl/zdOLiYmRJD3yyCPOP3dnzGlt3bq1GjZsqB9++EG33XabypYt6+x75RzbDGlpaRo5cqRCQkJUrlw53XXXXTpw4IBLmyvnC2a4cp3ZzbHdtWuXevbsqaCgIPn5+alu3boaNWqU8/XffvtNTzzxhOrUqSM/Pz9VrlxZPXr00L59+zJt89dff1WPHj1UqVIllS1bVrfccos+/fTTTO2ykpqaqiFDhigoKEgBAQG66667dPDgwSzbHjp0SI8++qiqVq0qHx8fNWjQQLNnz87VdrLj5+enefPmqVKlSho/frwybnST3fzLrMazT58+8vf31969e9WpUycFBATowQcflCT973//U48ePVSjRg35+PgoPDxcQ4YM0blz5zLVUlzeE4fDoSeffFLvv/++6tatK19fXzVt2lRffvllprZbtmxRx44dFRgYKH9/f7Vt21bffPONS5uMKUHr16/XwIEDFRwcrLCwsFzVcuU6NmzYoGeffVZBQUEqV66c7rnnHh0/ftylrTFGL7/8ssLCwlS2bFm1adNG27dvz7TO7N7jb7/9Vp06dVLFihVVrlw5NW7cWG+++aZLm127dql79+6qVKmSfH19ddNNN2np0qV52iegOOKKLVCCPfTQQxo5cqQ+//xz9evXL8s227dvV5cuXdS4cWONGzdOPj4+2rNnjzZs2CBJuu666zRu3Di9+OKL6t+/v2699VZJUmxsrHMdf/zxhzp27KhevXrp73//u6pWrZpjXePHj5fD4dDw4cOVlJSkN954Q+3atVNCQoLzyvK1+Omnn3TrrbeqTJky6t+/vyIjI7V3717997//1fjx4yX99Z/7xo0bdf/99yssLEy//fabZsyYodatW2vHjh0qW7asJOnYsWOKjY3V2bNn9fTTT6ty5cr697//rbvuukuLFi3SPffck2Mtjz32mObPn68HHnhAsbGxWrNmjTp37pyp3bFjx3TLLbc4Q1dQUJCWL1+uvn37KiUlRYMHD873ePj7++uee+7RrFmztGPHDjVo0CDP67h06ZLat2+vli1batKkSc7xiY+P19mzZ/XEE0+ocuXK+u677zR16lQdPHhQ8fHxzv7F6T2RpPXr12vBggV6+umn5ePjo2nTpqlDhw767rvv1LBhQ0l//WzceuutCgwM1D/+8Q+VKVNGM2fOVOvWrbV+/XrdfPPNLuscOHCggoKC9OKLL+rMmTN5HmNJeuqpp1SxYkWNHj1a+/bt0xtvvKEnn3xSCxYscLZ58cUX9fLLL6tTp07q1KmTNm/erDvvvFMXLly46vpXrVqlLl26KDQ0VM8884xCQkK0c+dOLVu2TM8884xzv1u0aKHq1asrLi5O5cqV08KFC9WtWzctXrw4V+MLFFsGQLE1Z84cI8ls2rQp2zbly5c3N9xwg/P56NGjzeU/2q+//rqRZI4fP57tOjZt2mQkmTlz5mR6rVWrVkaSmTFjRpavtWrVyvl87dq1RpKpXr26SUlJcS5fuHChkWTefPNN57KIiAjTu3fvq67zt99+y1TbbbfdZgICAkxiYqJL3/T0dOe/z549m2ndGzduNJLMf/7zH+eywYMHG0nmf//7n3PZqVOnTFRUlImMjDRpaWmZ1pMhISHBSDIDBw50Wf7AAw8YSWb06NHOZX379jWhoaHm999/d2nbq1cvU758+SzrvVxERITp3Llztq9nvM9Lliwxxvzfe7F27VqXdlmNZ+/evY0kExcXl2m9WdU1YcIE43A4XMa/uLwnxhgjyUgy33//vXNZYmKi8fX1Nffcc49zWbdu3Yy3t7fZu3evc9nhw4dNQECAue2225zLMn4OW7ZsaS5dupTjto35vzF+9dVXM62jXbt2LmMyZMgQ4+npaU6ePGmMMSYpKcl4e3ubzp07u7QbOXKkkeTyM3Ple3zp0iUTFRVlIiIizJ9//ulS0+Xratu2rWnUqJE5f/68y+uxsbGmdu3aV90/oDhjKgJQwvn7++d4d4QKFSpIkpYsWaL09PR8bcPHx0ePPPJIrts//PDDCggIcD7v3r27QkND9dlnn+Vr+5c7fvy4vvzySz366KOqUaOGy2uXT8G4/MrwxYsX9ccffyg6OloVKlTQ5s2bna999tlnatasmVq2bOlc5u/vr/79+2vfvn3asWNHtrVk7M/TTz/tsvzKq6/GGC1evFhdu3aVMUa///6789G+fXslJye71JQf/v7+knRNd8rIan7u5eN45swZ/f7774qNjZUxRlu2bJFUvN6TDM2bN1fTpk2dz2vUqKG7775bK1euVFpamtLS0vT555+rW7duqlmzprNdaGioHnjgAX311VdKSUlxWWe/fv3k6el51W3npH///i5jcuuttyotLU2JiYmSpNWrV+vChQt66qmnXNrl5or+li1b9Ntvv2nw4MHOn/sMGes6ceKE1qxZo549e+rUqVPO4/CPP/5Q+/bttXv3bh06dOia9hFwJ4ItUMKdPn3aJURe6b777lOLFi302GOPqWrVqurVq5cWLlyYp5BbvXr1PH1QrHbt2i7PHQ6HoqOjs5xLmVe//vqrJDn/nJydc+fO6cUXX1R4eLh8fHxUpUoVBQUF6eTJk0pOTna2S0xMVN26dTP1v+6665yvZycxMVEeHh6qVauWy/Ir13f8+HGdPHlS77zzjoKCglweGb8wJCUl5bg/V3P69GlJyvFYyImXl1eW80b379+vPn36qFKlSvL391dQUJBatWolSc5xLE7vSYYrj0FJqlOnjs6ePavjx4/r+PHjOnv2bLbbSU9PzzQvPCoq6qrbvZorg3/FihUlSX/++aek/9u3K+sPCgpyts3O3r17JeX8PuzZs0fGGL3wwguZjsXRo0dLuvZjEXAn5tgCJdjBgweVnJys6OjobNv4+fnpyy+/1Nq1a/Xpp59qxYoVWrBggW6//XZ9/vnnuboCVRDzYq+U3ZdIpKWlXfNVMemvuYxz5szR4MGD1bx5c5UvX14Oh0O9evXK95Xr/MrY3t///nf17t07yzaX37ItP7Zt2yZJzmMhp/HNio+PT6ZvyUpLS9Mdd9yhEydOaPjw4apXr57KlSunQ4cOqU+fPnkex+L0nuRHQfwcZHdsmyL6dvuMcR46dKjat2+fZZuczidAcUewBUqwefPmSVK2/0Fl8PDwUNu2bdW2bVtNnjxZr7zyikaNGqW1a9eqXbt2Bf5NZbt373Z5bozRnj17XMJbxYoVdfLkyUx9ExMTXf40fKWM1zKCXHYWLVqk3r1767XXXnMuO3/+fKZtRkRE6Oeff87Uf9euXc7XsxMREaH09HTt3bvX5crflevLuGNCWlqa2rVrl2Pd+XH69Gl9/PHHCg8Pd17VzLi6d+X+5uZqZ4atW7fql19+0b///W89/PDDzuWrVq1yaVec3pMMVx6DkvTLL7+obNmyztuMlS1bNtvteHh4KDw8/KrbKWgZ+7Z7926Xn4Pjx487r+pmJ+MvB9u2bcv2OMtYZ5kyZQrlWATcjakIQAm1Zs0avfTSS4qKinLemikrJ06cyLQs40sYUlNTJcl5P86sgmZ+/Oc//3GZ67lo0SIdOXJEHTt2dC6rVauWvvnmG5dPei9btizTn3+vFBQUpNtuu02zZ8/W/v37XV67/KqXp6dnpqtgU6dOzXTFslOnTvruu++0ceNG57IzZ87onXfeUWRkpOrXr59tLRn7M2XKFJflV35FrKenp+69914tXrw4y/B35e2e8uLcuXN66KGHdOLECY0aNcr5S0pERIQ8PT0z3eJq2rRpuV53xtXFy8fRGJPp1lHF6T3JsHHjRpd5uwcOHNCSJUt05513ytPTU56enrrzzju1ZMkSlykyx44d0//7f/9PLVu2VGBg4FW3U9DatWunMmXKaOrUqS5jlZuvHb7xxhsVFRWlN954I9PPcsa6goOD1bp1a82cOVNHjhzJtI5rORaB4oArtkAJsHz5cu3atUuXLl3SsWPHtGbNGq1atUoRERFaunRpjjdpHzdunL788kt17txZERERSkpK0rRp0xQWFub8cE6tWrVUoUIFzZgxQwEBASpXrpxuvvnmfM8prFSpklq2bKlHHnlEx44d0xtvvKHo6GiXW5I99thjWrRokTp06KCePXtq7969mj9/fqb5qlmZMmWKWrZsqRtvvFH9+/dXVFSU9u3bp08//dT5tcBdunTRvHnzVL58edWvX18bN27U6tWrVblyZZd1xcXF6YMPPlDHjh319NNPq1KlSvr3v/+t3377TYsXL8705/nLNWnSRPfff7+mTZum5ORkxcbG6osvvtCePXsytZ04caLWrl2rm2++Wf369VP9+vV14sQJbd68WatXr87yF5ArHTp0yHnP4tOnT2vHjh2Kj4/X0aNH9dxzz2nAgAHOtuXLl1ePHj00depUORwO1apVS8uWLcvT/Ml69eqpVq1aGjp0qA4dOqTAwEAtXrw4yyuHxeU9ydCwYUO1b9/e5XZfkjR27Fhnm5dfftl5j+eBAwfKy8tLM2fOVGpqqv71r3/lepwKUlBQkIYOHaoJEyaoS5cu6tSpk7Zs2aLly5erSpUqOfb18PDQ9OnT1bVrVzVp0kSPPPKIQkNDtWvXLm3fvl0rV66UJL399ttq2bKlGjVqpH79+qlmzZo6duyYNm7cqIMHD+rHH38sil0FCoc7bsUAIHcybhGU8fD29jYhISHmjjvuMG+++abLLbUyXHm7ry+++MLcfffdplq1asbb29tUq1bN3H///eaXX35x6bdkyRJTv3594+Xl5XI7qFatWpkGDRpkWV92t/v64IMPzIgRI0xwcLDx8/MznTt3znQbKGOMee2110z16tWNj4+PadGihfn+++9zdbsvY4zZtm2bueeee0xgYKCRZOrWrWteeOEF5+t//vmneeSRR0yVKlWMv7+/ad++vdm1a1eWtxnbu3ev6d69u6lQoYLx9fU1zZo1M8uWLctyn6907tw58/TTT5vKlSubcuXKma5du5oDBw5kut2XMcYcO3bMDBo0yISHh5syZcqYkJAQ07ZtW/POO+9cdTsRERHO48DhcJjAwEDToEED069fP/Ptt99m2ef48ePm3nvvNWXLljUVK1Y0AwYMMNu2bcvydl/lypXLch07duww7dq1M/7+/qZKlSqmX79+5scffyzW74kkM2jQIDN//nxTu3Zt4+PjY2644YZMtz4zxpjNmzeb9u3bG39/f1O2bFnTpk0b8/XXX7u0yc1t9y6X0+2+rlxHVrdlS0tLM2PHjjWhoaHGz8/PtG7d2mzbti3TOGV3S7evvvrK3HHHHSYgIMCUK1fONG7c2EydOtWlzd69e83DDz9sQkJCTJkyZUz16tVNly5dzKJFi3K1j0Bx5TCmiGasA0Ahadeunf7xj3/ozjvvdHcp+P+58z1xOBwaNGiQ3nrrrSLfNgD3Yo4tgBKva9euLl8rDPfjPQHgDsyxBVBiffDBBzpz5ozi4+MVHBzs7nIg3hMA7sUVWwAl1vbt2/Xkk0/q0KFDGjp0qLvLgXhPALgXc2wBAABgBa7YAgAAwAoEWwAAAFiBYAsAAAArlPq7IqSnp+vw4cMKCAhwfhUlAAAAig9jjE6dOqVq1arl+O2DpT7YHj58WOHh4e4uAwAAAFdx4MABhYWFZft6qQ+2AQEBkv4aqMDAQDdXAwAAgCulpKQoPDzcmduyU+qDbcb0g8DAQIItAABAMXa1aaN8eAwAAABWINgCAADACgRbAAAAWIFgCwAAACsQbAEAAGAFgi0AAACsQLAFAACAFQi2AAAAsALBFgAAAFYg2LpJUlKSkpKS3F0GAACANQi2bvDLL7+oX79+GvD444RbAACAAkKwdYNDhw4pPT1dly5eVEpKirvLAQAAsALBFgAAAFYg2AIAAMAKBFsAAABYgWALAAAAKxBsAQAAYAWCLQAAAKxAsAUAAIAVCLYAAACwAsEWAAAAViDYAgAAwAoEWwAAAFiBYAsAAAArEGwBAABgBYItAAAArECwBQAAgBUItgAAALACwRYAAABWINgCAADACgRbAAAAWIFgCwAAACsQbAEAAGAFgi0AAACsQLAtYufPn9exY8eczw8cOKDz58+7sSIAAAA7EGyL2MGDB/X+++87n0+ePFkHDx50Y0UAAAB2INgCAADACgRbAAAAWIFgCwAAACsQbAEAAGAFgi0AAACsQLAFAACAFQi2AAAAsALBFgAAAFYg2AIAAMAKBFsAAABYgWALAAAAKxBsAQAAYAWCLQAAAKxAsAUAAIAVCLYAAACwAsEWAAAAViDYAgAAwAoEWwAAAFiBYAsAAAArEGwBAABghTwF2z59+sjhcDgflStXVocOHfTTTz9p7ty5Lq9l9di3b5/GjBnjfO7p6anw8HD1799fJ06ccNlWZGRkluuYOHGiJGnfvn3Zbuebb74puBEqAosWLdL06dP1xRdfaOvWrUpLS3N3SQBKgLS0NG3dulXr16/n3AEAkrzy2qFDhw6aM2eOJOno0aN6/vnn1aVLF/3888/q0KGDs93f/vY3NWzYUOPGjXMuCwoKkiQ1aNBAq1evVlpamnbu3KlHH31UycnJWrBggcu2xo0bp379+rksCwgIcHm+evVqNWjQwGVZ5cqV87pbbrVhwwZJ0meffSZJCg4OVt++fRUbG+vOsgAUY19//bVmzZqlpKQk5zLOHQBKuzwHWx8fH4WEhEiSQkJCFBcXp1tvvVWnT592Lpckb29vlS1b1mWZc6NeXs7l1atXV48ePZxh+XIBAQFZ9r9c5cqVr9qmuKtTp44aN26sVatWKTk5WR4eHpo4caLi4uL4DwpAJl9//bUmTpyomJgYDRs2TBEREUpMTFR8fDznDgCl2jXNsT19+rTmz5+v6OjofF8l3bdvn1auXClvb+9rKaXEuHTpUqZlAwYMUO/evTV37lxVqFBBx48fV9OmTTV79mz+tAjARVpammbNmqWYmBiNGjVK9erVk5+fn+rVq6dRo0YpJiaGcweAUivPwXbZsmXy9/eXv7+/AgICtHTpUi1YsEAeHrlf1datW+Xv7y8/Pz9FRUVp+/btGj58eKZ2w4cPd24r4/G///3PpU1sbGymNjlJTU1VSkqKy6MoZUw7uFzG2Hl5eenBBx9UWlqaQkNDdezYMe3YsaNI6wNQvO3YsUNJSUnq0aNHpvOuh4eHevTowbkDQKmV56kIbdq00fTp0yVJf/75p6ZNm6aOHTvqu+++U0RERK7WUbduXS1dulTnz5/X/PnzlZCQoKeeeipTu2HDhqlPnz4uy6pXr+7yfMGCBbruuutyXf+ECRM0duzYXLcvaL///nuOr8fExEiSLly4IEmZPlQHoHTLOCdkd76tUaOGSzsAKE3yfMW2XLlyio6OVnR0tGJiYvTee+/pzJkzevfdd3O9Dm9vb0VHR6thw4aaOHGiPD09swybVapUcW4r4+Hn5+fSJjw8PFObnIwYMULJycnOx4EDB3Jdd0GoUqVKjq9v2rRJkpxTMypVqlToNQEoOTLOCYmJiVm+vn//fpd2AFCaXPN9bB0Ohzw8PHTu3Ll8r+P555/XpEmTdPjw4Wst56p8fHwUGBjo8ihKLVq0yLQsPT1d0l/zb99//315enrqyJEjqlq1qurXr1+k9QEo3urXr6/g4GDFx8c7zx0Z0tPTFR8fz7kDQKmV56kIqampOnr0qKS/piK89dZbOn36tLp27ZrvIpo3b67GjRvrlVde0VtvveVcfurUKee2MpQtW9YljP7xxx+Z2lSoUEG+vr75rqcweXllHvIZM2aocePGWr16tZKTkxUSEqIffvhBcXFx8vT0dEOVAIorT09P9e3bVxMnTtT48ePVo0cP1ahRQ/v371d8fLw2bdrEuQNAqZXnYLtixQqFhoZK+ut2XPXq1VN8fLxat259TYUMGTJEffr00fDhwxUeHi5JevHFF/Xiiy+6tBswYIBmzJjhfN6uXbtM6/rggw/Uq1eva6qnKO3evVu7d+92PjfGcLseANmKjY1VXFycZs2apWHDhjmXV61alXMHgFLNYYwx7i7CnVJSUlS+fHklJycXybSEPXv2aMiQIS7LWrRoofLly6tOnToKDg5W/fr1udoC4KrS0tK0Y8cOnThxQpUqVeLcAcBauc1reb5ii4LXvXv3q37oDQCu5OnpqUaNGrm7DAAoNq75w2MAAABAcUCwBQAAgBUItgAAALACwRYAAABWINgCAADACgRbAAAAWIFgCwAAACsQbAEAAGAFgi0AAACsQLAFAACAFQi2AAAAsALBFgAAAFYg2AIAAMAKBFsAAABYgWALAAAAKxBsAQAAYAWCLQAAAKxAsAUAAIAVCLYAAACwAsEWAAAAViDYFrGwsDA9+OCDzufPPvuswsLC3FgRAACAHQi2RczX11dVq1Z1Pg8PD5evr68bKwIAALADwRYAAABWINgCAADACgRbAAAAWIFgCwAAACsQbAEAAGAFgi0AAACsQLAFAACAFQi2AAAAsALBFgAAAFYg2AIAAMAKBFsAAABYgWALAAAAKxBsAQAAYAWCLQAAAKxAsAUAAIAVCLYAAACwAsEWAAAAViDYAgAAwAoEWwAAAFiBYAsAAAArEGwBAABgBYItAAAArODl7gJKo+rVq8vDw0Menp4KDAx0dzkAAABWINi6QZ06dfTuu+9KkoKDg91cDQAAgB0Itm5CoAUAAChYzLEFAACAFQi2AAAAsALBFgAAAFYg2AIAAMAKBFsAAABYgWALAAAAKxBsAQAAYAWCLQAAAKxAsAUAAIAVCLYAAACwAsEWAAAAViDYAgAAwAoEWwAAAFiBYAsAAAArEGwBAABgBYItAAAArECwBQAAgBUItgAAALACwRYAAABWINgCAADACgRbAAAAWIFgCwAAACt4ubuA0iopKUkpKSkKDAxUcHCwu8sBAAAo8Qi2bpCUlKQBjz+uSxcvyqtMGc2cMYNwCwAAcI2YiuAGKSkpunTxoiTp0sWLSklJcXNFAAAAJR/BFgAAAFYg2AIAAMAKBFsAAABYgWALAAAAKxBsAQAAYAWCLQAAAKxAsAUAAIAVCLYAAACwAsEWAAAAViDYAgAAwAoEWwAAAFiBYAsAAAArEGwBAABgBYItAAAArECwBQAAgBUItgAAALACwRYAAABWINgCAADACgRbAAAAWIFgCwAAACsQbAEAAGAFgi0AAACsQLAFAACAFQi2Rez8+fM6cOCAy7ILFy5oz549On/+vJuqAgAAKPkItkXs4MGDmjx5ssuyY8eOaciQITp48KCbqgIAACj5CLYAAACwAsEWAAAAViDYAgAAwAoEWwAAAFiBYAsAAAArEGwBAABgBYItAAAArECwBQAAgBUItgAAALACwRYAAABWINgCAADACgRbAAAAWIFgCwAAACsQbAEAAGAFgi0AAACsQLAFAACAFQi2AAAAsALBFgAAAFYg2AIAAMAKBNtiIDExUZI0a9Ysffzxx7pw4YKbKwIAACh5iizYHj16VM8884yio6Pl6+urqlWrqkWLFpo+fbrOnj0rSYqMjNQbb7zh7PPjjz/qrrvuUnBwsHx9fRUZGan77rtPSUlJGjNmjBwOR46PkmLx4sWSpG3btmn27Nnq3r275syZ4+aqAAAASpYiCba//vqrbrjhBn3++ed65ZVXtGXLFm3cuFH/+Mc/tGzZMq1evTpTn+PHj6tt27aqVKmSVq5cqZ07d2rOnDmqVq2azpw5o6FDh+rIkSPOR1hYmMaNG+eyrKTw8fGRJD322GOKjIyUMUYfffQR4RYAACAPvIpiIwMHDpSXl5e+//57lStXzrm8Zs2auvvuu2WMydRnw4YNSk5O1nvvvScvr7/KjIqKUps2bZxt/P39nf/29PRUQECAQkJCCnFPCscTTzyhN954Qw0aNFDXrl310ksv6YcfftCSJUv04IMPytvb290lAgAAFHuFfsX2jz/+0Oeff65Bgwa5hNrLZTVtICQkRJcuXdLHH3+cZfDNr9TUVKWkpLg83O348ePOf3t4eOi+++6TMUZpaWlavny5GysDAAAoOQo92O7Zs0fGGNWtW9dleZUqVeTv7y9/f38NHz48U79bbrlFI0eO1AMPPKAqVaqoY8eOevXVV3Xs2LFrqmfChAkqX7688xEeHn5N6ysI77//vsvzGjVqOP9dkqZUAAAAuJPb7orw3XffKSEhQQ0aNFBqamqWbcaPH6+jR49qxowZatCggWbMmKF69epp69at+d7uiBEjlJyc7HwcOHAg3+sqKA8++KDL8/379zv/HRoaWtTlAAAAlEiFHmyjo6PlcDj0888/uyyvWbOmoqOj5efnl2P/ypUrq0ePHpo0aZJ27typatWqadKkSfmux8fHR4GBgS4PdwsKCnL+Oz09XQsWLJDD4ZCnp6c6duzoxsoAAABKjkIPtpUrV9Ydd9yht956S2fOnLmmdXl7e6tWrVrXvJ7iZvr06ZL+ut3X008/re+//17GGN199918cAwAACCXiuSuCNOmTVOLFi100003acyYMWrcuLE8PDy0adMm7dq1S02bNs3UZ9myZfrwww/Vq1cv1alTR8YY/fe//9Vnn31m3W2wMqZizJo1S9JfHyDr1q2bHnnkEXeWBQAAUKIUSbCtVauWtmzZoldeeUUjRozQwYMH5ePjo/r162vo0KEaOHBgpj7169dX2bJl9dxzz+nAgQPy8fFR7dq19d577+mhhx4qirKLzL333qvFixerYcOGatasmTp37syVWgAAgDwqkmAr/fUhqKlTp2rq1KnZttm3b5/z3zVr1tQ777yT6/Vf3rekiYiIkCT17dtX0dHRbq4GAACgZHLbXREAAACAgkSwBQAAgBUItgAAALACwRYAAABWINgCAADACgRbAAAAWIFgCwAAACsQbAEAAGAFgi0AAACsQLAFAACAFQi2AAAAsALBFgAAAFYg2AIAAMAKBFsAAABYgWALAAAAKxBsAQAAYAWCLQAAAKxAsAUAAIAVCLYAAACwAsEWAAAAViDYFrGwsDA9++yzLsuqVq2q119/XWFhYW6qCgAAoOTzcncBpY2vr6/Cw8Ndlnl7eys6OtpNFQEAANiBK7YAAACwAsEWAAAAViDYAgAAwAoEWwAAAFiBYAsAAAArEGwBAABgBYItAAAArECwBQAAgBUItgAAALACwRYAAABWINgCAADACgRbAAAAWIFgCwAAACsQbAEAAGAFgi0AAACsQLAFAACAFQi2AAAAsALBFgAAAFYg2AIAAMAKBFsAAABYgWALAAAAKxBsAQAAYAWCLQAAAKxAsHWDwMBAeZUpI0nyKlNGgYGBbq4IAACg5PNydwGlUXBwsGbOmKGUlBQFBgYqODjY3SUBAACUeARbNwkODibQAgAAFCCmIgAAAMAKBFsAAABYgWALAAAAKxBsAQAAYAWCLQAAAKxAsAUAAIAVCLYAAACwAsEWAAAAViDYAgAAwAoEWwAAAFiBYAsAAAArEGwBAABgBYItAAAArECwBQAAgBUItgAAALACwRYAAABWINgCAADACgRbAAAAWIFgCwAAACsQbAEAAGAFgi0AAACs4OXuAgAAQP4kJSUpJSXFLdsODAxUcHCwW7YNZIdgCwBACZSUlKQnHn9cFy5edMv2vcuU0fQZMwi3KFYItgAAlEApKSm6cPGi2pb1V0XPvP93/mfaJX1x9nS++mf0TUlJIdiiWCHYAgBQglX09FKQV/7/O7/W/kBxwofHAAAAYAWCLQAAAKxAsAUAAIAVCLYAAACwAsEWAAAAViDYAgAAwAoEWwAAAFiBYAsAAAArEGwBAABgBYItAAAArECwBQAAgBUItgAAALACwRYAAABWINgCAADACgRbAAAAWIFgCwAAACsQbAEAAGAFgi0AAACsQLAFAACAFQi2AAAAsALBFgAAAFYg2AIAAMAKBFsAALJx/vx57dmzR+fPn3d3KSgAvJ/2I9gCAJCNgwcPasiQITp48KC7S0EB4P20H8EWAAAAViDYAgAAwAoEWwAAAFiBYAsAAAArEGwBAABgBYItAAAArECwBQAAgBUItgAAALACwRYAAABWINgCAADACgRbAAAAWIFgCwAAACsQbAEAAGAFgi0AAACsQLAFAACAFQi2AAAAsALBFgAAAFYg2AIAAMAKBFsAAABYgWALAAAAKxRqsO3Tp48cDofzUblyZXXo0EE//fSTs83lrwcGBiomJkZLlixxWc/cuXNVoUIFl+cOh0MdOnRwaXfy5Ek5HA6tW7euMHcLAABYIi0tTVu3btX69eu1detWpaWlZbksu74JCQmaP3++5s2bpx9//DHbtjbJ7fi4g1dhb6BDhw6aM2eOJOno0aN6/vnn1aVLF+3fv9/ZZs6cOerQoYNSUlI0bdo0de/eXZs3b1ajRo2yL9zLS6tXr9batWvVpk2bwt4NAABgma+//lqzZs1SUlKSc1lgYKAcDoeSk5Ody4KDg9W3b1/Fxsa69J02bZpLu4ULFyowMFCDBg1yaWuTrMYsq/Fxl0KfiuDj46OQkBCFhISoSZMmiouL04EDB3T8+HFnmwoVKigkJER16tTRSy+9pEuXLmnt2rU5rrdcuXJ69NFHFRcXV9i7AAAALPP1119r4sSJioyM1KuvvqqFCxfq4YcfVkpKipKTk/Xwww9r4cKFevXVVxUZGamJEyfq66+/dvadMGGCkpOTVb9+fb388st6+eWXVb9+faWkpGjChAnOtjbJasyyGh93KtI5tqdPn9b8+fMVHR2typUrZ3r90qVLmjVrliTJ29v7qusbM2aMtm7dqkWLFhV4rQAAwE7p6emaNWuWYmJiNGrUKNWrV0/e3t5asWKFYmJiFBMTo5UrV8rb21v16tXTqFGjFBMTo9mzZ+vChQuaNWuWvL29FRMTowkTJuj666/X9ddfrwkTJigmJkY+Pj6aNWtWsfoT/bVKS0vLNGZ+fn6Zxsfd+1zoUxGWLVsmf39/SdKZM2cUGhqqZcuWycPj/zL1/fffL09PT507d07p6emKjIxUz549r7ruatWq6ZlnntGoUaPUrVu3XNWTmpqq1NRU5/OUlJS87RAAoNQ5cOCAu0vIpDjUVBxqyIuMen/99VclJSVp2LBhzjyyY8cO5zJJGjZsmHbs2KFGjRrJw8NDPXr00LBhw7R8+XLnn+F79uzpkmc8PDzUs2dPbdq0SUlJSc7+Nrh8fC7fZ0ku4+PufS70YNumTRtNnz5dkvTnn39q2rRp6tixo7777jtFRERIkl5//XW1a9dOv/76q4YMGaIpU6aoUqVKuVr/8OHDNXPmTM2ePTtXYXjChAkaO3Zs/ncIAFDqTJ482d0lFEsldVwyLmpl5BBJOnHihHOZMcZlmSTVqFFDknTkyBHnssv7X9nuyv4l3eXjk5WM/Xb3Phd6sC1Xrpyio6Odz9977z2VL19e7777rl5++WVJUkhIiKKjoxUdHa05c+aoU6dO2rFjh4KDg6+6/goVKmjEiBEaO3asunTpctX2I0aM0LPPPut8npKSovDw8HzsGQCgtHj22WeL3f8VBw4ccHuwLI7jkpOMMQsMDJQkJSYmql69epLkvKCWmJjobH/5RbaMD72HhoY6l13e/8p2V/Yv6S4fnyv3Wfq//Xb3Phd6sL2Sw+GQh4eHzp07l+XrzZo1U9OmTTV+/Hi9+eabuVrnU089pSlTpuSqvY+Pj3x8fPJUMwCgdAsPD3e5SIO/lNRxqVmzpoKDgxUfH69Ro0bJw8ND9evXV3BwsBYuXChJqlq1qurXry/przm58fHxqlq1qjp27KilS5fq5MmTWrhwoZ5//nnnn+bT09O1cOFC+fj4qHz58s7+NsgYn8vHLMPl4+PufS70D4+lpqbq6NGjOnr0qHbu3KmnnnpKp0+fVteuXbPtM3jwYM2cOVOHDh3K1TZ8fX01duxYTZkypaDKBgAAlvLw8FDfvn21adMmjR8/Xrt27VJqaqo6dOigTZs2adOmTbrzzjuVmpqqXbt2afz48dq0aZMeffRReXt7q2/fvrpw4YI2bdqkuLg4JSQkKCEhQSNGjNCmTZuUmpqqvn37ytPT0927WmA8PT0zjdnZs2czjY+797nQr9iuWLHCedk+ICBA9erVU3x8vFq3bp1tnw4dOigqKkrjx4/XtGnTcrWd3r1767XXXtOOHTsKomwAAGCx2NhYxcXFadasWc4PjElS+fLlJUnz5s3TvHnzJP119TYuLs55n9bY2FiNGDFC06ZN086dO/XCCy+49B84cGCxuKdrQctuzK4cH3cq1GA7d+5czZ07N8c2GRO0L+dwOLRz507n8z59+qhPnz7ZPpf++k1i+/bt11IuAAAoRWJjY3XzzTdrx44dOnHihCpVquT8U/qVy668EpnRd+vWrdq2bZuMMWrcuLEaNmzo9quWhSm7MSsu+1zkc2wBAACKC09PzyxvT5WbW1Z5enqqSZMmatKkSSFUVnxlN2bFQZF+QQMAAABQWAi2AAAAsALBFgAAAFYg2AIAAMAKBFsAAABYgWALAAAAKxBsAQAAYAWCLQAAAKxAsAUAAIAVCLYAAACwAsEWAAAAViDYAgAAwAoEWwAAAFiBYAsAAAArEGwBAABgBYItAAAArECwBQAAgBUItgAAALACwRYAAABWINgCAJCNsLAwvf766woLC3N3KSgAvJ/283J3AQAAFFe+vr6Kjo52dxkoILyf9uOKLQAAAKxAsAUAAIAVCLYAAACwAsEWAAAAViDYAgAAwAoEWwAAAFiBYAsAAAArEGwBAABgBYItAAAArECwBQAAgBUItgAAALACwRYAAABWINgCAADACgRbAAAAWIFgCwAAACsQbAEAAGAFgi0AAACsQLAFAACAFQi2AAAAsALBFgAAAFYg2AIAAMAKBFsAAABYwcvdBQAAgPz7M+3SNfXLT//8bhMobARbAABKoMDAQHmXKaMvzp6+pvXkt793mTIKDAy8pm0DBY1gCwBACRQcHKzpM2YoJSXFLdsPDAxUcHCwW7YNZIdgCwBACRUcHEy4BC7Dh8cAAABgBYItAAAArECwBQAAgBUItgAAALACwRYAAABWINgCAADACgRbAAAAWIFgCwAAACsQbAEAAGCFUv/NY8YYSXLbVxICAAAgZxk5LSO3ZafUB9tTp05JksLDw91cCQAAAHJy6tQplS9fPtvXHeZq0ddy6enpOnz4sAICAuRwOAp03SkpKQoPD9eBAwcUGBhYoOsu6RibnDE+2WNscsb4ZI+xyRnjkz3GJmdFMT7GGJ06dUrVqlWTh0f2M2lL/RVbDw8PhYWFFeo2AgMD+UHIBmOTM8Yne4xNzhif7DE2OWN8ssfY5KywxyenK7UZ+PAYAAAArECwBQAAgBUItoXIx8dHo0ePlo+Pj7tLKXYYm5wxPtljbHLG+GSPsckZ45M9xiZnxWl8Sv2HxwAAAGAHrtgCAADACgRbAAAAWIFgCwAAACsQbAEAAGAFgu01evvttxUZGSlfX1/dfPPN+u6773JsHx8fr3r16snX11eNGjXSZ599VkSVFr28jM3cuXPlcDhcHr6+vkVYbdH58ssv1bVrV1WrVk0Oh0OffPLJVfusW7dON954o3x8fBQdHa25c+cWep3uktfxWbduXaZjx+Fw6OjRo0VTcBGaMGGCYmJiFBAQoODgYHXr1k0///zzVfuVhvNOfsamNJ13pk+frsaNGztvoN+8eXMtX748xz6l4biR8j42pem4udLEiRPlcDg0ePDgHNu589gh2F6DBQsW6Nlnn9Xo0aO1efNmXX/99Wrfvr2SkpKybP/111/r/vvvV9++fbVlyxZ169ZN3bp107Zt24q48sKX17GR/vrGkiNHjjgfiYmJRVhx0Tlz5oyuv/56vf3227lq/9tvv6lz585q06aNEhISNHjwYD322GNauXJlIVfqHnkdnww///yzy/ETHBxcSBW6z/r16zVo0CB98803WrVqlS5evKg777xTZ86cybZPaTnv5GdspNJz3gkLC9PEiRP1ww8/6Pvvv9ftt9+uu+++W9u3b8+yfWk5bqS8j41Ueo6by23atEkzZ85U48aNc2zn9mPHIN+aNWtmBg0a5HyelpZmqlWrZiZMmJBl+549e5rOnTu7LLv55pvNgAEDCrVOd8jr2MyZM8eUL1++iKorPiSZjz/+OMc2//jHP0yDBg1clt13332mffv2hVhZ8ZCb8Vm7dq2RZP78888iqak4SUpKMpLM+vXrs21Tms47l8vN2JTW806GihUrmvfeey/L10rrcZMhp7EpjcfNqVOnTO3atc2qVatMq1atzDPPPJNtW3cfO1yxzacLFy7ohx9+ULt27ZzLPDw81K5dO23cuDHLPhs3bnRpL0nt27fPtn1JlZ+xkaTTp08rIiJC4eHhV/1tuTQpLcfNtWrSpIlCQ0N1xx13aMOGDe4up0gkJydLkipVqpRtm9J6/ORmbKTSed5JS0vThx9+qDNnzqh58+ZZtimtx01uxkYqfcfNoEGD1Llz50zHRFbcfewQbPPp999/V1pamqpWreqyvGrVqtnO7Tt69Gie2pdU+RmbunXravbs2VqyZInmz5+v9PR0xcbG6uDBg0VRcrGW3XGTkpKic+fOuamq4iM0NFQzZszQ4sWLtXjxYoWHh6t169bavHmzu0srVOnp6Ro8eLBatGihhg0bZtuutJx3LpfbsSlt552tW7fK399fPj4+evzxx/Xxxx+rfv36WbYtbcdNXsamtB03H374oTZv3qwJEybkqr27jx2vItkKcBXNmzd3+e04NjZW1113nWbOnKmXXnrJjZWhuKtbt67q1q3rfB4bG6u9e/fq9ddf17x589xYWeEaNGiQtm3bpq+++srdpRQ7uR2b0nbeqVu3rhISEpScnKxFixapd+/eWr9+fbYBrjTJy9iUpuPmwIEDeuaZZ7Rq1aoS8wE5gm0+ValSRZ6enjp27JjL8mPHjikkJCTLPiEhIXlqX1LlZ2yuVKZMGd1www3as2dPYZRYomR33AQGBsrPz89NVRVvzZo1szrwPfnkk1q2bJm+/PJLhYWF5di2tJx3MuRlbK5k+3nH29tb0dHRkqSmTZtq06ZNevPNNzVz5sxMbUvbcZOXsbmSzcfNDz/8oKSkJN14443OZWlpafryyy/11ltvKTU1VZ6eni593H3sMBUhn7y9vdW0aVN98cUXzmXp6en64osvsp2X07x5c5f2krRq1aoc5/GURPkZmyulpaVp69atCg0NLawyS4zSctwUpISEBCuPHWOMnnzySX388cdas2aNoqKirtqntBw/+RmbK5W28056erpSU1OzfK20HDfZyWlsrmTzcdO2bVtt3bpVCQkJzsdNN92kBx98UAkJCZlCrVQMjp0i+YiapT788EPj4+Nj5s6da3bs2GH69+9vKlSoYI4ePWqMMeahhx4ycXFxzvYbNmwwXl5eZtKkSWbnzp1m9OjRpkyZMmbr1q3u2oVCk9exGTt2rFm5cqXZu3ev+eGHH0yvXr2Mr6+v2b59u7t2odCcOnXKbNmyxWzZssVIMpMnTzZbtmwxiYmJxhhj4uLizEMPPeRs/+uvv5qyZcuaYcOGmZ07d5q3337beHp6mhUrVrhrFwpVXsfn9ddfN5988onZvXu32bp1q3nmmWeMh4eHWb16tbt2odA88cQTpnz58mbdunXmyJEjzsfZs2edbUrreSc/Y1OazjtxcXFm/fr15rfffjM//fSTiYuLMw6Hw3z++efGmNJ73BiT97EpTcdNVq68K0JxO3YIttdo6tSppkaNGsbb29s0a9bMfPPNN87XWrVqZXr37u3SfuHChaZOnTrG29vbNGjQwHz66adFXHHRycvYDB482Nm2atWqplOnTmbz5s1uqLrwZdye6spHxnj07t3btGrVKlOfJk2aGG9vb1OzZk0zZ86cIq+7qOR1fP75z3+aWrVqGV9fX1OpUiXTunVrs2bNGvcUX8iyGhdJLsdDaT3v5GdsStN559FHHzURERHG29vbBAUFmbZt2zqDmzGl97gxJu9jU5qOm6xcGWyL27HjMMaYork2DAAAABQe5tgCAADACgRbAAAAWIFgCwAAACsQbAEAAGAFgi0AAACsQLAFAACAFQi2AAAAsALBFgAgSfrmm29UuXJlPfbYY9q5c6c6d+7s7pIAIE8ItgBQBPr06SOHwyGHw6EyZcqoatWquuOOOzR79mylp6e7uzxJ0tKlS/XPf/5TVapUUadOnTRgwAB3lwQAecI3jwFAEejTp4+OHTumOXPmKC0tTceOHdOKFSs0YcIE3XrrrVq6dKm8vLzyvF5jjNLS0vLVFwBswxVbACgiPj4+CgkJUfXq1XXjjTdq5MiRWrJkiZYvX665c+dq3759cjgcSkhIcPY5efKkHA6H1q1bJ0lat26dHA6Hli9frqZNm8rHx0dfffWV9u7dq7vvvltVq1aVv7+/YmJitHr1apftp6amavjw4QoPD5ePj4+io6M1a9YsSVJaWpr69u2rqKgo+fn5qW7dunrzzTdd+qenp2vcuHEKCwuTj4+PmjRpohUrVhTqmAFAXhBsAcCNbr/9dl1//fX66KOP8tQvLi5OEydO1M6dO9W4cWOdPn1anTp10hdffKEtW7aoQ4cO6tq1q/bv3+/s8/DDD+uDDz7QlClTtHPnTs2cOVP+/v6S/gqtYWFhio+P144dO/Tiiy9q5MiRWrhwobP/m2++qddee02TJk3STz/9pPbt2+uuu+7S7t27C2YwAOAaMRUBAIpAnz59dPLkSX3yySeZXuvVq5d++uknffbZZ4qKitKWLVvUpEkTSX9dsa1YsaLWrl2r1q1ba926dWrTpo0++eQT3X333Tlus2HDhnr88cf15JNP6pdfflHdunW1atUqtWvXLlc1P/nkkzp69KgWLVokSapevboGDRqkkSNHOts0a9ZMMTExevvtt3M3EABQiJiUBQBuZoyRw+HIU5+bbrrJ5fnp06c1ZswYffrppzpy5IguXbqkc+fOOa/YJiQkyNPTU61atcp2nW+//bZmz56t/fv369y5c7pw4YIzYKekpOjw4cNq0aKFS58WLVroxx9/zFPtAFBYCLYA4GY7d+5UVFSUPDz+mh12+R/SLl68mGWfcuXKuTwfOnSoVq1apUmTJik6Olp+fn7q3r27Lly4IEny8/PLsYYPP/xQQ4cO1WuvvabmzZsrICBAr776qr799ttr2TUAKFLMsQUAN1qzZo22bt2qe++9V0FBQZKkI0eOOF+//INkOdmwYYP69Omje+65R40aNVJISIj27dvnfL1Ro0ZKT0/X+vXrs+0fGxurgQMH6oYbblB0dLT27t3rfD0wMFDVqlXThg0bMvWrX79+LvcWAAoXV2wBoIikpqbq6NGjmW731aVLFz388MPy9PTULbfcookTJyoqKkpJSUl6/vnnc7Xu2rVr66OPPlLXrl3lcDj0wgsvuNwfNzIyUr1799ajjz6qKVOm6Prrr1diYqKSkpLUs2dP1a5dW//5z3+0cuVKRUVFad68edq0aZOioqKc6xg2bJhGjx6tWrVqqUmTJpozZ44SEhL0/vvvF/hYAUB+cMUWAIrIihUrFBoaqsjISHXo0EFr167VlClTtGTJEnl6ekqSZs+erUuXLqlp06YaPHiwXn755Vyte/LkyapYsaJiY2PVtWtXtW/fXjfeeKNLm+nTp6t79+4aOHCgatasqX79+unMmTOSpAEDBuhvf/ub7rvvPt188836448/NHDgQJf+Tz/9tJ599lk999xzatSokVasWKGlS5eqdu3aBTA6AHDtuCsCAJRCAwYMUM+ePdW2bVt3lwIABYYrtgBQiiQnJ2vv3r3y9vbW0qVL3V0OABQo5tgCQCly6NAh3XLLLfL19dX8+fPdXQ4AFCimIgAAAMAKTEUAAACAFQi2AAAAsALBFgAAAFYg2AIAAMAKBFsAAABYgWALAAAAKxBsAQAAYAWCLQAAAKxAsAUAAIAV/j9ULtnElr0UmQAAAABJRU5ErkJggg==",
      "text/plain": [
       "<Figure size 800x500 with 1 Axes>"
      ]
     },
     "metadata": {},
     "output_type": "display_data"
    }
   ],
   "source": [
    "means = {\n",
    "    'BTREE': sum(duration_btree) / len(duration_btree),\n",
    "    'GIST': sum(duration_gist) / len(duration_gist),\n",
    "    'BRIN': sum(duration_brin) / len(duration_brin),\n",
    "}\n",
    "\n",
    "# Gráfico de Barras (Médias)\n",
    "plt.figure(figsize=(8, 5))\n",
    "plt.bar(means.keys(), means.values(), color=['#4C72B0', '#55A868', '#C44E52'])\n",
    "plt.title('Duração Média por Índice')\n",
    "plt.ylabel('Duração Média')\n",
    "plt.show()\n",
    "\n",
    "# Box Plot Horizontal\n",
    "plt.figure(figsize=(8, 5))\n",
    "sns.boxplot(data=[duration_btree, duration_gist, duration_brin], \n",
    "            palette=['#4C72B0', '#55A868', '#C44E52'], orient='h')\n",
    "plt.yticks([0, 1, 2], ['BTREE', 'GIST', 'BRIN'])\n",
    "plt.title('Distribuição de Duração por Índice')\n",
    "plt.xlabel('Duração')\n",
    "plt.show()"
   ]
  }
 ],
 "metadata": {
  "kernelspec": {
   "display_name": "Python 3",
   "language": "python",
   "name": "python3"
  },
  "language_info": {
   "codemirror_mode": {
    "name": "ipython",
    "version": 3
   },
   "file_extension": ".py",
   "mimetype": "text/x-python",
   "name": "python",
   "nbconvert_exporter": "python",
   "pygments_lexer": "ipython3",
   "version": "3.10.12"
  }
 },
 "nbformat": 4,
 "nbformat_minor": 5
}
