{
 "cells": [
  {
   "cell_type": "code",
   "execution_count": 1,
   "id": "7842318f",
   "metadata": {},
   "outputs": [],
   "source": [
    "import time\n",
    "import pandas as pd\n",
    "import numpy as np\n",
    "import matplotlib.pyplot as plt\n",
    "import seaborn as sns\n",
    "\n",
    "from tqdm import tqdm\n",
    "from dotenv import dotenv_values"
   ]
  },
  {
   "cell_type": "code",
   "execution_count": null,
   "id": "e51bfa95",
   "metadata": {},
   "outputs": [],
   "source": [
    "DATABASE_URL = dotenv_values(\"../.env.local\")['DATABASE_URL']\n",
    "schema_name = \"raw\""
   ]
  },
  {
   "cell_type": "code",
   "execution_count": 3,
   "id": "28c20937",
   "metadata": {},
   "outputs": [],
   "source": [
    "%load_ext sql\n",
    "\n",
    "%sql $DATABASE_URL"
   ]
  },
  {
   "cell_type": "code",
   "execution_count": 4,
   "id": "1181f498",
   "metadata": {},
   "outputs": [],
   "source": [
    "def get_statistics(durations):\n",
    "    \"\"\"\n",
    "    Calculate the mean and standard deviation of a list of durations.\n",
    "    \"\"\"\n",
    "    mean = np.mean(durations)\n",
    "    median = np.median(durations)\n",
    "    std = np.std(durations)\n",
    "    min_duration = np.min(durations)\n",
    "    max_duration = np.max(durations)\n",
    "\n",
    "    print(f\"Mean: {mean:.6f} s\")\n",
    "    print(f\"Median: {median:.6f} s\")\n",
    "    print(f\"Std Dev: {std:.6f} s\")\n",
    "    print(f\"Min: {min_duration:.6f} s\")\n",
    "    print(f\"Max: {max_duration:.6f} s\")"
   ]
  },
  {
   "cell_type": "markdown",
   "id": "a37987fe",
   "metadata": {},
   "source": [
    "# Analysis First Query\n",
    "---"
   ]
  },
  {
   "cell_type": "markdown",
   "id": "dca26759",
   "metadata": {},
   "source": [
    "\n",
    "* **Query 1: Análise de Desempenho de Velocidade Média por Setor**\n",
    "    * Esta consulta avalia a velocidade média de cada piloto em sessões classificadas como corridas, considerando a melhor volta de cada um. O resultado é um relatório detalhado que destaca os pilotos com maior consistência e velocidade em condições de corrida.\n"
   ]
  },
  {
   "cell_type": "code",
   "execution_count": null,
   "id": "bb74ec18",
   "metadata": {},
   "outputs": [],
   "source": [
    "first_query = f\"\"\"\n",
    "    WITH race_laps AS (\n",
    "        SELECT\n",
    "            session_key,\n",
    "            driver_number,\n",
    "            lap_number,\n",
    "            date_start,\n",
    "            lap_duration,\n",
    "            duration_sector_1,\n",
    "            duration_sector_2,\n",
    "            duration_sector_3,\n",
    "            ROW_NUMBER() OVER (PARTITION BY session_key, driver_number ORDER BY lap_duration ASC) AS rank_lap\n",
    "        FROM {schema_name}.laps\n",
    "        WHERE session_key in (\n",
    "            SELECT session_key \n",
    "            FROM raw.sessions \n",
    "            WHERE session_name = 'Race'\n",
    "        )\n",
    "        AND lap_number IS NOT NULL\t\n",
    "    ),\n",
    "    best_laps AS (\n",
    "        SELECT *\n",
    "        FROM race_laps\n",
    "        WHERE rank_lap = 1\n",
    "    ),\n",
    "    filtred_telemetrys AS (\n",
    "        SELECT \n",
    "            BL.*, \n",
    "            TLM.date,\n",
    "            TLM.speed\n",
    "        FROM {schema_name}.telemetrys TLM\n",
    "        JOIN best_laps BL ON TLM.session_key = BL.session_key AND TLM.driver_number = BL.driver_number\n",
    "        WHERE TLM.date BETWEEN BL.date_start AND BL.date_start + (INTERVAL '1 second' * (BL.duration_sector_1 + BL.duration_sector_2 + BL.duration_sector_3))\n",
    "    ),\n",
    "    avg_speed_per_sector AS (\n",
    "        SELECT \n",
    "            session_key, \n",
    "            driver_number,\n",
    "            MIN(lap_duration) AS best_lap_duration,\n",
    "            CASE \n",
    "                WHEN date > date_start AND date < date_start + INTERVAL '1 second' * duration_sector_1 THEN 'SECTOR 1'\n",
    "                WHEN date > (date_start + INTERVAL '1 second' * duration_sector_1) AND date < (date_start + INTERVAL '1 second' * (duration_sector_1 + duration_sector_2)) THEN 'SECTOR 2'\n",
    "                WHEN date > (date_start + INTERVAL '1 second' * (duration_sector_1 + duration_sector_2)) AND (date <= date_start + INTERVAL '1 second' * (duration_sector_1 + duration_sector_2 + duration_sector_3)) THEN 'SECTOR 3'\n",
    "            END AS sector,\n",
    "            AVG(speed) AS max_speed\n",
    "        FROM filtred_telemetrys\n",
    "        GROUP BY session_key, driver_number, sector\n",
    "    )\n",
    "    SELECT *\n",
    "    FROM avg_speed_per_sector\n",
    "\"\"\""
   ]
  },
  {
   "cell_type": "code",
   "execution_count": 6,
   "id": "00c0cd2c",
   "metadata": {},
   "outputs": [
    {
     "name": "stdout",
     "output_type": "stream",
     "text": [
      " * postgresql+psycopg2://postgresadmin:***@localhost:5000/postgresdb\n",
      "10 rows affected.\n"
     ]
    },
    {
     "data": {
      "text/html": [
       "<table>\n",
       "    <thead>\n",
       "        <tr>\n",
       "            <th>session_key</th>\n",
       "            <th>driver_number</th>\n",
       "            <th>best_lap_duration</th>\n",
       "            <th>sector</th>\n",
       "            <th>max_speed</th>\n",
       "        </tr>\n",
       "    </thead>\n",
       "    <tbody>\n",
       "        <tr>\n",
       "            <td>9070</td>\n",
       "            <td>1</td>\n",
       "            <td>104.232</td>\n",
       "            <td>SECTOR 1</td>\n",
       "            <td>195.0979020979021</td>\n",
       "        </tr>\n",
       "        <tr>\n",
       "            <td>9070</td>\n",
       "            <td>1</td>\n",
       "            <td>104.232</td>\n",
       "            <td>SECTOR 2</td>\n",
       "            <td>163.69426751592357</td>\n",
       "        </tr>\n",
       "        <tr>\n",
       "            <td>9070</td>\n",
       "            <td>1</td>\n",
       "            <td>104.232</td>\n",
       "            <td>SECTOR 3</td>\n",
       "            <td>278.21276595744683</td>\n",
       "        </tr>\n",
       "        <tr>\n",
       "            <td>9070</td>\n",
       "            <td>10</td>\n",
       "            <td>105.54</td>\n",
       "            <td>SECTOR 1</td>\n",
       "            <td>193.28082191780823</td>\n",
       "        </tr>\n",
       "        <tr>\n",
       "            <td>9070</td>\n",
       "            <td>10</td>\n",
       "            <td>105.54</td>\n",
       "            <td>SECTOR 2</td>\n",
       "            <td>164.33532934131736</td>\n",
       "        </tr>\n",
       "        <tr>\n",
       "            <td>9070</td>\n",
       "            <td>10</td>\n",
       "            <td>105.54</td>\n",
       "            <td>SECTOR 3</td>\n",
       "            <td>278.8777777777778</td>\n",
       "        </tr>\n",
       "        <tr>\n",
       "            <td>9070</td>\n",
       "            <td>14</td>\n",
       "            <td>104.241</td>\n",
       "            <td>SECTOR 1</td>\n",
       "            <td>196.64028776978418</td>\n",
       "        </tr>\n",
       "        <tr>\n",
       "            <td>9070</td>\n",
       "            <td>14</td>\n",
       "            <td>104.241</td>\n",
       "            <td>SECTOR 2</td>\n",
       "            <td>169.70063694267515</td>\n",
       "        </tr>\n",
       "        <tr>\n",
       "            <td>9070</td>\n",
       "            <td>14</td>\n",
       "            <td>104.241</td>\n",
       "            <td>SECTOR 3</td>\n",
       "            <td>285.314606741573</td>\n",
       "        </tr>\n",
       "        <tr>\n",
       "            <td>9070</td>\n",
       "            <td>16</td>\n",
       "            <td>104.561</td>\n",
       "            <td>SECTOR 1</td>\n",
       "            <td>194.11347517730496</td>\n",
       "        </tr>\n",
       "    </tbody>\n",
       "</table>"
      ],
      "text/plain": [
       "[(9070, 1, 104.232, 'SECTOR 1', 195.0979020979021),\n",
       " (9070, 1, 104.232, 'SECTOR 2', 163.69426751592357),\n",
       " (9070, 1, 104.232, 'SECTOR 3', 278.21276595744683),\n",
       " (9070, 10, 105.54, 'SECTOR 1', 193.28082191780823),\n",
       " (9070, 10, 105.54, 'SECTOR 2', 164.33532934131736),\n",
       " (9070, 10, 105.54, 'SECTOR 3', 278.8777777777778),\n",
       " (9070, 14, 104.241, 'SECTOR 1', 196.64028776978418),\n",
       " (9070, 14, 104.241, 'SECTOR 2', 169.70063694267515),\n",
       " (9070, 14, 104.241, 'SECTOR 3', 285.314606741573),\n",
       " (9070, 16, 104.561, 'SECTOR 1', 194.11347517730496)]"
      ]
     },
     "execution_count": 6,
     "metadata": {},
     "output_type": "execute_result"
    }
   ],
   "source": [
    "%sql $first_query LIMIT 10"
   ]
  },
  {
   "cell_type": "code",
   "execution_count": 7,
   "id": "bdcfa2a7",
   "metadata": {},
   "outputs": [
    {
     "name": "stdout",
     "output_type": "stream",
     "text": [
      " * postgresql+psycopg2://postgresadmin:***@localhost:5000/postgresdb\n",
      "27 rows affected.\n"
     ]
    },
    {
     "data": {
      "text/html": [
       "<table>\n",
       "    <thead>\n",
       "        <tr>\n",
       "            <th>QUERY PLAN</th>\n",
       "        </tr>\n",
       "    </thead>\n",
       "    <tbody>\n",
       "        <tr>\n",
       "            <td>HashAggregate  (cost=37025.23..38109.04 rows=17341 width=56) (actual time=31.678..31.806 rows=208 loops=1)</td>\n",
       "        </tr>\n",
       "        <tr>\n",
       "            <td>&nbsp;&nbsp;Group Key: race_laps.session_key, race_laps.driver_number, CASE WHEN ((tlm.date &gt; race_laps.date_start) AND (tlm.date &lt; (race_laps.date_start + (&#x27;00:00:01&#x27;::interval * race_laps.duration_sector_1)))) THEN &#x27;SECTOR 1&#x27;::text WHEN ((tlm.date &gt; (race_laps.date_start + (&#x27;00:00:01&#x27;::interval * race_laps.duration_sector_1))) AND (tlm.date &lt; (race_laps.date_start + (&#x27;00:00:01&#x27;::interval * (race_laps.duration_sector_1 + race_laps.duration_sector_2))))) THEN &#x27;SECTOR 2&#x27;::text WHEN ((tlm.date &gt; (race_laps.date_start + (&#x27;00:00:01&#x27;::interval * (race_laps.duration_sector_1 + race_laps.duration_sector_2)))) AND (tlm.date &lt;= (race_laps.date_start + (&#x27;00:00:01&#x27;::interval * ((race_laps.duration_sector_1 + race_laps.duration_sector_2) + race_laps.duration_sector_3))))) THEN &#x27;SECTOR 3&#x27;::text ELSE NULL::text END</td>\n",
       "        </tr>\n",
       "        <tr>\n",
       "            <td>&nbsp;&nbsp;Batches: 1  Memory Usage: 849kB</td>\n",
       "        </tr>\n",
       "        <tr>\n",
       "            <td>&nbsp;&nbsp;-&gt;  Nested Loop  (cost=901.40..36808.46 rows=17341 width=56) (actual time=8.331..26.343 rows=24459 loops=1)</td>\n",
       "        </tr>\n",
       "        <tr>\n",
       "            <td>&nbsp;&nbsp;&nbsp;&nbsp;&nbsp;&nbsp;&nbsp;&nbsp;-&gt;  Subquery Scan on race_laps  (cost=870.98..941.47 rows=10 width=48) (actual time=8.272..9.108 rows=77 loops=1)</td>\n",
       "        </tr>\n",
       "        <tr>\n",
       "            <td>&nbsp;&nbsp;&nbsp;&nbsp;&nbsp;&nbsp;&nbsp;&nbsp;&nbsp;&nbsp;&nbsp;&nbsp;&nbsp;&nbsp;Filter: (race_laps.rank_lap = 1)</td>\n",
       "        </tr>\n",
       "        <tr>\n",
       "            <td>&nbsp;&nbsp;&nbsp;&nbsp;&nbsp;&nbsp;&nbsp;&nbsp;&nbsp;&nbsp;&nbsp;&nbsp;&nbsp;&nbsp;-&gt;  WindowAgg  (cost=870.98..916.29 rows=2014 width=60) (actual time=8.270..9.083 rows=77 loops=1)</td>\n",
       "        </tr>\n",
       "        <tr>\n",
       "            <td>&nbsp;&nbsp;&nbsp;&nbsp;&nbsp;&nbsp;&nbsp;&nbsp;&nbsp;&nbsp;&nbsp;&nbsp;&nbsp;&nbsp;&nbsp;&nbsp;&nbsp;&nbsp;&nbsp;&nbsp;Run Condition: (row_number() OVER (?) &lt;= 1)</td>\n",
       "        </tr>\n",
       "        <tr>\n",
       "            <td>&nbsp;&nbsp;&nbsp;&nbsp;&nbsp;&nbsp;&nbsp;&nbsp;&nbsp;&nbsp;&nbsp;&nbsp;&nbsp;&nbsp;&nbsp;&nbsp;&nbsp;&nbsp;&nbsp;&nbsp;-&gt;  Sort  (cost=870.98..876.01 rows=2014 width=48) (actual time=8.256..8.586 rows=3604 loops=1)</td>\n",
       "        </tr>\n",
       "        <tr>\n",
       "            <td>&nbsp;&nbsp;&nbsp;&nbsp;&nbsp;&nbsp;&nbsp;&nbsp;&nbsp;&nbsp;&nbsp;&nbsp;&nbsp;&nbsp;&nbsp;&nbsp;&nbsp;&nbsp;&nbsp;&nbsp;&nbsp;&nbsp;&nbsp;&nbsp;&nbsp;&nbsp;Sort Key: laps.session_key, laps.driver_number, laps.lap_duration</td>\n",
       "        </tr>\n",
       "        <tr>\n",
       "            <td>&nbsp;&nbsp;&nbsp;&nbsp;&nbsp;&nbsp;&nbsp;&nbsp;&nbsp;&nbsp;&nbsp;&nbsp;&nbsp;&nbsp;&nbsp;&nbsp;&nbsp;&nbsp;&nbsp;&nbsp;&nbsp;&nbsp;&nbsp;&nbsp;&nbsp;&nbsp;Sort Method: quicksort  Memory: 404kB</td>\n",
       "        </tr>\n",
       "        <tr>\n",
       "            <td>&nbsp;&nbsp;&nbsp;&nbsp;&nbsp;&nbsp;&nbsp;&nbsp;&nbsp;&nbsp;&nbsp;&nbsp;&nbsp;&nbsp;&nbsp;&nbsp;&nbsp;&nbsp;&nbsp;&nbsp;&nbsp;&nbsp;&nbsp;&nbsp;&nbsp;&nbsp;-&gt;  Hash Join  (cost=3.31..760.45 rows=2014 width=48) (actual time=0.042..5.733 rows=3604 loops=1)</td>\n",
       "        </tr>\n",
       "        <tr>\n",
       "            <td>&nbsp;&nbsp;&nbsp;&nbsp;&nbsp;&nbsp;&nbsp;&nbsp;&nbsp;&nbsp;&nbsp;&nbsp;&nbsp;&nbsp;&nbsp;&nbsp;&nbsp;&nbsp;&nbsp;&nbsp;&nbsp;&nbsp;&nbsp;&nbsp;&nbsp;&nbsp;&nbsp;&nbsp;&nbsp;&nbsp;&nbsp;&nbsp;Hash Cond: (laps.session_key = sessions.session_key)</td>\n",
       "        </tr>\n",
       "        <tr>\n",
       "            <td>&nbsp;&nbsp;&nbsp;&nbsp;&nbsp;&nbsp;&nbsp;&nbsp;&nbsp;&nbsp;&nbsp;&nbsp;&nbsp;&nbsp;&nbsp;&nbsp;&nbsp;&nbsp;&nbsp;&nbsp;&nbsp;&nbsp;&nbsp;&nbsp;&nbsp;&nbsp;&nbsp;&nbsp;&nbsp;&nbsp;&nbsp;&nbsp;-&gt;  Seq Scan on laps  (cost=0.00..679.93 rows=28193 width=48) (actual time=0.018..3.513 rows=28193 loops=1)</td>\n",
       "        </tr>\n",
       "        <tr>\n",
       "            <td>&nbsp;&nbsp;&nbsp;&nbsp;&nbsp;&nbsp;&nbsp;&nbsp;&nbsp;&nbsp;&nbsp;&nbsp;&nbsp;&nbsp;&nbsp;&nbsp;&nbsp;&nbsp;&nbsp;&nbsp;&nbsp;&nbsp;&nbsp;&nbsp;&nbsp;&nbsp;&nbsp;&nbsp;&nbsp;&nbsp;&nbsp;&nbsp;&nbsp;&nbsp;&nbsp;&nbsp;&nbsp;&nbsp;Filter: (lap_number IS NOT NULL)</td>\n",
       "        </tr>\n",
       "        <tr>\n",
       "            <td>&nbsp;&nbsp;&nbsp;&nbsp;&nbsp;&nbsp;&nbsp;&nbsp;&nbsp;&nbsp;&nbsp;&nbsp;&nbsp;&nbsp;&nbsp;&nbsp;&nbsp;&nbsp;&nbsp;&nbsp;&nbsp;&nbsp;&nbsp;&nbsp;&nbsp;&nbsp;&nbsp;&nbsp;&nbsp;&nbsp;&nbsp;&nbsp;-&gt;  Hash  (cost=3.23..3.23 rows=7 width=4) (actual time=0.018..0.019 rows=7 loops=1)</td>\n",
       "        </tr>\n",
       "        <tr>\n",
       "            <td>&nbsp;&nbsp;&nbsp;&nbsp;&nbsp;&nbsp;&nbsp;&nbsp;&nbsp;&nbsp;&nbsp;&nbsp;&nbsp;&nbsp;&nbsp;&nbsp;&nbsp;&nbsp;&nbsp;&nbsp;&nbsp;&nbsp;&nbsp;&nbsp;&nbsp;&nbsp;&nbsp;&nbsp;&nbsp;&nbsp;&nbsp;&nbsp;&nbsp;&nbsp;&nbsp;&nbsp;&nbsp;&nbsp;Buckets: 1024  Batches: 1  Memory Usage: 9kB</td>\n",
       "        </tr>\n",
       "        <tr>\n",
       "            <td>&nbsp;&nbsp;&nbsp;&nbsp;&nbsp;&nbsp;&nbsp;&nbsp;&nbsp;&nbsp;&nbsp;&nbsp;&nbsp;&nbsp;&nbsp;&nbsp;&nbsp;&nbsp;&nbsp;&nbsp;&nbsp;&nbsp;&nbsp;&nbsp;&nbsp;&nbsp;&nbsp;&nbsp;&nbsp;&nbsp;&nbsp;&nbsp;&nbsp;&nbsp;&nbsp;&nbsp;&nbsp;&nbsp;-&gt;  Seq Scan on sessions  (cost=0.00..3.23 rows=7 width=4) (actual time=0.008..0.015 rows=7 loops=1)</td>\n",
       "        </tr>\n",
       "        <tr>\n",
       "            <td>&nbsp;&nbsp;&nbsp;&nbsp;&nbsp;&nbsp;&nbsp;&nbsp;&nbsp;&nbsp;&nbsp;&nbsp;&nbsp;&nbsp;&nbsp;&nbsp;&nbsp;&nbsp;&nbsp;&nbsp;&nbsp;&nbsp;&nbsp;&nbsp;&nbsp;&nbsp;&nbsp;&nbsp;&nbsp;&nbsp;&nbsp;&nbsp;&nbsp;&nbsp;&nbsp;&nbsp;&nbsp;&nbsp;&nbsp;&nbsp;&nbsp;&nbsp;&nbsp;&nbsp;Filter: ((session_name)::text = &#x27;Race&#x27;::text)</td>\n",
       "        </tr>\n",
       "        <tr>\n",
       "            <td>&nbsp;&nbsp;&nbsp;&nbsp;&nbsp;&nbsp;&nbsp;&nbsp;&nbsp;&nbsp;&nbsp;&nbsp;&nbsp;&nbsp;&nbsp;&nbsp;&nbsp;&nbsp;&nbsp;&nbsp;&nbsp;&nbsp;&nbsp;&nbsp;&nbsp;&nbsp;&nbsp;&nbsp;&nbsp;&nbsp;&nbsp;&nbsp;&nbsp;&nbsp;&nbsp;&nbsp;&nbsp;&nbsp;&nbsp;&nbsp;&nbsp;&nbsp;&nbsp;&nbsp;Rows Removed by Filter: 91</td>\n",
       "        </tr>\n",
       "        <tr>\n",
       "            <td>&nbsp;&nbsp;&nbsp;&nbsp;&nbsp;&nbsp;&nbsp;&nbsp;-&gt;  Bitmap Heap Scan on telemetrys tlm  (cost=30.42..3490.91 rows=908 width=24) (actual time=0.070..0.130 rows=318 loops=77)</td>\n",
       "        </tr>\n",
       "        <tr>\n",
       "            <td>&nbsp;&nbsp;&nbsp;&nbsp;&nbsp;&nbsp;&nbsp;&nbsp;&nbsp;&nbsp;&nbsp;&nbsp;&nbsp;&nbsp;Recheck Cond: ((session_key = race_laps.session_key) AND (driver_number = race_laps.driver_number) AND (date &gt;= race_laps.date_start) AND (date &lt;= (race_laps.date_start + (&#x27;00:00:01&#x27;::interval * ((race_laps.duration_sector_1 + race_laps.duration_sector_2) + race_laps.duration_sector_3)))))</td>\n",
       "        </tr>\n",
       "        <tr>\n",
       "            <td>&nbsp;&nbsp;&nbsp;&nbsp;&nbsp;&nbsp;&nbsp;&nbsp;&nbsp;&nbsp;&nbsp;&nbsp;&nbsp;&nbsp;Heap Blocks: exact=351</td>\n",
       "        </tr>\n",
       "        <tr>\n",
       "            <td>&nbsp;&nbsp;&nbsp;&nbsp;&nbsp;&nbsp;&nbsp;&nbsp;&nbsp;&nbsp;&nbsp;&nbsp;&nbsp;&nbsp;-&gt;  Bitmap Index Scan on telemetrys_pkey  (cost=0.00..30.19 rows=908 width=0) (actual time=0.056..0.056 rows=318 loops=77)</td>\n",
       "        </tr>\n",
       "        <tr>\n",
       "            <td>&nbsp;&nbsp;&nbsp;&nbsp;&nbsp;&nbsp;&nbsp;&nbsp;&nbsp;&nbsp;&nbsp;&nbsp;&nbsp;&nbsp;&nbsp;&nbsp;&nbsp;&nbsp;&nbsp;&nbsp;Index Cond: ((session_key = race_laps.session_key) AND (driver_number = race_laps.driver_number) AND (date &gt;= race_laps.date_start) AND (date &lt;= (race_laps.date_start + (&#x27;00:00:01&#x27;::interval * ((race_laps.duration_sector_1 + race_laps.duration_sector_2) + race_laps.duration_sector_3)))))</td>\n",
       "        </tr>\n",
       "        <tr>\n",
       "            <td>Planning Time: 0.482 ms</td>\n",
       "        </tr>\n",
       "        <tr>\n",
       "            <td>Execution Time: 34.740 ms</td>\n",
       "        </tr>\n",
       "    </tbody>\n",
       "</table>"
      ],
      "text/plain": [
       "[('HashAggregate  (cost=37025.23..38109.04 rows=17341 width=56) (actual time=31.678..31.806 rows=208 loops=1)',),\n",
       " (\"  Group Key: race_laps.session_key, race_laps.driver_number, CASE WHEN ((tlm.date > race_laps.date_start) AND (tlm.date < (race_laps.date_start + ('0 ... (504 characters truncated) ... :interval * ((race_laps.duration_sector_1 + race_laps.duration_sector_2) + race_laps.duration_sector_3))))) THEN 'SECTOR 3'::text ELSE NULL::text END\",),\n",
       " ('  Batches: 1  Memory Usage: 849kB',),\n",
       " ('  ->  Nested Loop  (cost=901.40..36808.46 rows=17341 width=56) (actual time=8.331..26.343 rows=24459 loops=1)',),\n",
       " ('        ->  Subquery Scan on race_laps  (cost=870.98..941.47 rows=10 width=48) (actual time=8.272..9.108 rows=77 loops=1)',),\n",
       " ('              Filter: (race_laps.rank_lap = 1)',),\n",
       " ('              ->  WindowAgg  (cost=870.98..916.29 rows=2014 width=60) (actual time=8.270..9.083 rows=77 loops=1)',),\n",
       " ('                    Run Condition: (row_number() OVER (?) <= 1)',),\n",
       " ('                    ->  Sort  (cost=870.98..876.01 rows=2014 width=48) (actual time=8.256..8.586 rows=3604 loops=1)',),\n",
       " ('                          Sort Key: laps.session_key, laps.driver_number, laps.lap_duration',),\n",
       " ('                          Sort Method: quicksort  Memory: 404kB',),\n",
       " ('                          ->  Hash Join  (cost=3.31..760.45 rows=2014 width=48) (actual time=0.042..5.733 rows=3604 loops=1)',),\n",
       " ('                                Hash Cond: (laps.session_key = sessions.session_key)',),\n",
       " ('                                ->  Seq Scan on laps  (cost=0.00..679.93 rows=28193 width=48) (actual time=0.018..3.513 rows=28193 loops=1)',),\n",
       " ('                                      Filter: (lap_number IS NOT NULL)',),\n",
       " ('                                ->  Hash  (cost=3.23..3.23 rows=7 width=4) (actual time=0.018..0.019 rows=7 loops=1)',),\n",
       " ('                                      Buckets: 1024  Batches: 1  Memory Usage: 9kB',),\n",
       " ('                                      ->  Seq Scan on sessions  (cost=0.00..3.23 rows=7 width=4) (actual time=0.008..0.015 rows=7 loops=1)',),\n",
       " (\"                                            Filter: ((session_name)::text = 'Race'::text)\",),\n",
       " ('                                            Rows Removed by Filter: 91',),\n",
       " ('        ->  Bitmap Heap Scan on telemetrys tlm  (cost=30.42..3490.91 rows=908 width=24) (actual time=0.070..0.130 rows=318 loops=77)',),\n",
       " (\"              Recheck Cond: ((session_key = race_laps.session_key) AND (driver_number = race_laps.driver_number) AND (date >= race_laps.date_start) A ... (6 characters truncated) ... te <= (race_laps.date_start + ('00:00:01'::interval * ((race_laps.duration_sector_1 + race_laps.duration_sector_2) + race_laps.duration_sector_3)))))\",),\n",
       " ('              Heap Blocks: exact=351',),\n",
       " ('              ->  Bitmap Index Scan on telemetrys_pkey  (cost=0.00..30.19 rows=908 width=0) (actual time=0.056..0.056 rows=318 loops=77)',),\n",
       " (\"                    Index Cond: ((session_key = race_laps.session_key) AND (driver_number = race_laps.driver_number) AND (date >= race_laps.date_star ... (10 characters truncated) ... te <= (race_laps.date_start + ('00:00:01'::interval * ((race_laps.duration_sector_1 + race_laps.duration_sector_2) + race_laps.duration_sector_3)))))\",),\n",
       " ('Planning Time: 0.482 ms',),\n",
       " ('Execution Time: 34.740 ms',)]"
      ]
     },
     "execution_count": 7,
     "metadata": {},
     "output_type": "execute_result"
    }
   ],
   "source": [
    "%sql EXPLAIN ANALYZE $first_query"
   ]
  },
  {
   "cell_type": "markdown",
   "id": "1df6df40",
   "metadata": {},
   "source": [
    "# Desempenho por indexe\n",
    "---"
   ]
  },
  {
   "cell_type": "markdown",
   "id": "a5c8ab85",
   "metadata": {},
   "source": [
    "Podemos perceber que durante esta query iremos usar o índice na série temporal em:\n",
    "```\n",
    "\t-> Bitmap Index Scan on telemetrys_pkey (cost=0.00..30.19 rows=908 width=0) (actual time=0.038..0.038 rows=318 loops=77)\n",
    "```\n",
    "\n",
    "Pois, ela irá aplicar o filtro nos tempo de volta que estão dentro da faixa de melhor volta. Isto acontece, pois o índice temporal permite que o banco de dados otimize a busca por registros dentro de um intervalo de tempo. Isso ocorre porque o índice temporal armazena os registros de forma ordenada, facilitando a localização dos dados no intervalo especificado. Com isso, o banco de dados reduz a quantidade de leituras no disco, tornando a operação mais eficiente. Além disso, o Bitmap Index Scan permite combinar múltiplos índices rapidamente, otimizando ainda mais a busca em grandes volumes de dados. Dessa forma, a consulta se beneficia de menor tempo de execução e melhor aproveitamento de recursos."
   ]
  },
  {
   "cell_type": "code",
   "execution_count": null,
   "id": "c03e9105",
   "metadata": {},
   "outputs": [],
   "source": [
    "check_indexes = f\"\"\"\n",
    "    SELECT\n",
    "        indexname,\n",
    "        indexdef\n",
    "    FROM\n",
    "        pg_indexes\n",
    "    WHERE\n",
    "        schemaname = '{schema_name}' AND tablename = 'telemetrys';\n",
    "\"\"\""
   ]
  },
  {
   "cell_type": "markdown",
   "id": "0e1a2f3e",
   "metadata": {},
   "source": [
    "## Default index (pkey) "
   ]
  },
  {
   "cell_type": "markdown",
   "id": "6f4c257c",
   "metadata": {},
   "source": [
    "Durante a criação de uma tabela, o PostgreSQL automaticamente cria um índice padrão do tipo B-tree para a chave primária ou para colunas que possuem restrições de unicidade. Esse índice é fundamental para garantir a eficiência das operações de busca, ordenação e acesso aos dados. Portanto, nossa primeira comparação será feita utilizando esse índice padrão, que serve como referência para avaliar o desempenho de outras estratégias de indexação."
   ]
  },
  {
   "cell_type": "code",
   "execution_count": 9,
   "id": "aff82055",
   "metadata": {},
   "outputs": [
    {
     "name": "stdout",
     "output_type": "stream",
     "text": [
      " * postgresql+psycopg2://postgresadmin:***@localhost:5000/postgresdb\n",
      "1 rows affected.\n"
     ]
    },
    {
     "data": {
      "text/html": [
       "<table>\n",
       "    <thead>\n",
       "        <tr>\n",
       "            <th>indexname</th>\n",
       "            <th>indexdef</th>\n",
       "        </tr>\n",
       "    </thead>\n",
       "    <tbody>\n",
       "        <tr>\n",
       "            <td>telemetrys_pkey</td>\n",
       "            <td>CREATE UNIQUE INDEX telemetrys_pkey ON raw.telemetrys USING btree (session_key, driver_number, date)</td>\n",
       "        </tr>\n",
       "    </tbody>\n",
       "</table>"
      ],
      "text/plain": [
       "[('telemetrys_pkey', 'CREATE UNIQUE INDEX telemetrys_pkey ON raw.telemetrys USING btree (session_key, driver_number, date)')]"
      ]
     },
     "execution_count": 9,
     "metadata": {},
     "output_type": "execute_result"
    }
   ],
   "source": [
    "%sql $check_indexes"
   ]
  },
  {
   "cell_type": "code",
   "execution_count": 10,
   "id": "e38f2dfe",
   "metadata": {},
   "outputs": [
    {
     "name": "stderr",
     "output_type": "stream",
     "text": [
      "  0%|          | 0/100 [00:00<?, ?it/s]"
     ]
    },
    {
     "name": "stderr",
     "output_type": "stream",
     "text": [
      "100%|██████████| 100/100 [00:04<00:00, 24.44it/s]\n"
     ]
    }
   ],
   "source": [
    "duration_btree = []\n",
    "\n",
    "for _ in tqdm(range(100)):\n",
    "    start = time.time()\n",
    "    _ = pd.read_sql(first_query, DATABASE_URL)\n",
    "    end = time.time()\n",
    "    \n",
    "    duration_btree.append(end - start)"
   ]
  },
  {
   "cell_type": "code",
   "execution_count": 11,
   "id": "89dce458",
   "metadata": {},
   "outputs": [
    {
     "name": "stdout",
     "output_type": "stream",
     "text": [
      "Mean: 0.040491 s\n",
      "Median: 0.040280 s\n",
      "Std Dev: 0.003646 s\n",
      "Min: 0.033735 s\n",
      "Max: 0.053423 s\n"
     ]
    }
   ],
   "source": [
    "get_statistics(duration_btree)"
   ]
  },
  {
   "cell_type": "markdown",
   "id": "e6429bdd",
   "metadata": {},
   "source": [
    "# brin\n",
    "Neste passo, removeremos o índice existente e criaremos um índice BRIN nas colunas session_key, driver_number e date. O índice BRIN é indicado para grandes volumes de dados com ordenação natural, oferecendo economia de espaço. Faremos uma comparação entre o desempenho do BRIN e do índice B-tree. Assim, avaliaremos qual é mais eficiente para nossa consulta."
   ]
  },
  {
   "cell_type": "code",
   "execution_count": 12,
   "id": "100c198e",
   "metadata": {},
   "outputs": [
    {
     "name": "stdout",
     "output_type": "stream",
     "text": [
      " * postgresql+psycopg2://postgresadmin:***@localhost:5000/postgresdb\n",
      "Done.\n",
      " * postgresql+psycopg2://postgresadmin:***@localhost:5000/postgresdb\n",
      "Done.\n",
      " * postgresql+psycopg2://postgresadmin:***@localhost:5000/postgresdb\n",
      "Done.\n",
      " * postgresql+psycopg2://postgresadmin:***@localhost:5000/postgresdb\n",
      "1 rows affected.\n"
     ]
    },
    {
     "data": {
      "text/html": [
       "<table>\n",
       "    <thead>\n",
       "        <tr>\n",
       "            <th>indexname</th>\n",
       "            <th>indexdef</th>\n",
       "        </tr>\n",
       "    </thead>\n",
       "    <tbody>\n",
       "        <tr>\n",
       "            <td>telemetrys_brin_idx</td>\n",
       "            <td>CREATE INDEX telemetrys_brin_idx ON raw.telemetrys USING brin (session_key, driver_number, date)</td>\n",
       "        </tr>\n",
       "    </tbody>\n",
       "</table>"
      ],
      "text/plain": [
       "[('telemetrys_brin_idx', 'CREATE INDEX telemetrys_brin_idx ON raw.telemetrys USING brin (session_key, driver_number, date)')]"
      ]
     },
     "execution_count": 12,
     "metadata": {},
     "output_type": "execute_result"
    }
   ],
   "source": [
    "%sql DROP INDEX IF EXISTS raw.telemetrys_pkey\n",
    "%sql CREATE INDEX IF NOT EXISTS telemetrys_brin_idx ON raw.telemetrys USING brin (session_key, driver_number, date)\n",
    "%sql ANALYZE raw.telemetrys\n",
    "%sql $check_indexes"
   ]
  },
  {
   "cell_type": "code",
   "execution_count": 13,
   "id": "2be2aca7",
   "metadata": {},
   "outputs": [
    {
     "name": "stdout",
     "output_type": "stream",
     "text": [
      " * postgresql+psycopg2://postgresadmin:***@localhost:5000/postgresdb\n",
      "34 rows affected.\n"
     ]
    },
    {
     "data": {
      "text/html": [
       "<table>\n",
       "    <thead>\n",
       "        <tr>\n",
       "            <th>QUERY PLAN</th>\n",
       "        </tr>\n",
       "    </thead>\n",
       "    <tbody>\n",
       "        <tr>\n",
       "            <td>GroupAggregate  (cost=1588297.74..1589620.51 rows=17068 width=56) (actual time=5017.523..5021.286 rows=208 loops=1)</td>\n",
       "        </tr>\n",
       "        <tr>\n",
       "            <td>&nbsp;&nbsp;Group Key: race_laps.session_key, race_laps.driver_number, (CASE WHEN ((tlm.date &gt; race_laps.date_start) AND (tlm.date &lt; (race_laps.date_start + (&#x27;00:00:01&#x27;::interval * race_laps.duration_sector_1)))) THEN &#x27;SECTOR 1&#x27;::text WHEN ((tlm.date &gt; (race_laps.date_start + (&#x27;00:00:01&#x27;::interval * race_laps.duration_sector_1))) AND (tlm.date &lt; (race_laps.date_start + (&#x27;00:00:01&#x27;::interval * (race_laps.duration_sector_1 + race_laps.duration_sector_2))))) THEN &#x27;SECTOR 2&#x27;::text WHEN ((tlm.date &gt; (race_laps.date_start + (&#x27;00:00:01&#x27;::interval * (race_laps.duration_sector_1 + race_laps.duration_sector_2)))) AND (tlm.date &lt;= (race_laps.date_start + (&#x27;00:00:01&#x27;::interval * ((race_laps.duration_sector_1 + race_laps.duration_sector_2) + race_laps.duration_sector_3))))) THEN &#x27;SECTOR 3&#x27;::text ELSE NULL::text END)</td>\n",
       "        </tr>\n",
       "        <tr>\n",
       "            <td>&nbsp;&nbsp;-&gt;  Sort  (cost=1588297.74..1588340.41 rows=17068 width=56) (actual time=5017.442..5018.674 rows=24459 loops=1)</td>\n",
       "        </tr>\n",
       "        <tr>\n",
       "            <td>&nbsp;&nbsp;&nbsp;&nbsp;&nbsp;&nbsp;&nbsp;&nbsp;Sort Key: race_laps.session_key, race_laps.driver_number, (CASE WHEN ((tlm.date &gt; race_laps.date_start) AND (tlm.date &lt; (race_laps.date_start + (&#x27;00:00:01&#x27;::interval * race_laps.duration_sector_1)))) THEN &#x27;SECTOR 1&#x27;::text WHEN ((tlm.date &gt; (race_laps.date_start + (&#x27;00:00:01&#x27;::interval * race_laps.duration_sector_1))) AND (tlm.date &lt; (race_laps.date_start + (&#x27;00:00:01&#x27;::interval * (race_laps.duration_sector_1 + race_laps.duration_sector_2))))) THEN &#x27;SECTOR 2&#x27;::text WHEN ((tlm.date &gt; (race_laps.date_start + (&#x27;00:00:01&#x27;::interval * (race_laps.duration_sector_1 + race_laps.duration_sector_2)))) AND (tlm.date &lt;= (race_laps.date_start + (&#x27;00:00:01&#x27;::interval * ((race_laps.duration_sector_1 + race_laps.duration_sector_2) + race_laps.duration_sector_3))))) THEN &#x27;SECTOR 3&#x27;::text ELSE NULL::text END)</td>\n",
       "        </tr>\n",
       "        <tr>\n",
       "            <td>&nbsp;&nbsp;&nbsp;&nbsp;&nbsp;&nbsp;&nbsp;&nbsp;Sort Method: quicksort  Memory: 2679kB</td>\n",
       "        </tr>\n",
       "        <tr>\n",
       "            <td>&nbsp;&nbsp;&nbsp;&nbsp;&nbsp;&nbsp;&nbsp;&nbsp;-&gt;  Hash Join  (cost=941.62..1587097.94 rows=17068 width=56) (actual time=765.290..5001.775 rows=24459 loops=1)</td>\n",
       "        </tr>\n",
       "        <tr>\n",
       "            <td>&nbsp;&nbsp;&nbsp;&nbsp;&nbsp;&nbsp;&nbsp;&nbsp;&nbsp;&nbsp;&nbsp;&nbsp;&nbsp;&nbsp;Hash Cond: ((tlm.session_key = race_laps.session_key) AND (tlm.driver_number = race_laps.driver_number))</td>\n",
       "        </tr>\n",
       "        <tr>\n",
       "            <td>&nbsp;&nbsp;&nbsp;&nbsp;&nbsp;&nbsp;&nbsp;&nbsp;&nbsp;&nbsp;&nbsp;&nbsp;&nbsp;&nbsp;Join Filter: ((tlm.date &gt;= race_laps.date_start) AND (tlm.date &lt;= (race_laps.date_start + (&#x27;00:00:01&#x27;::interval * ((race_laps.duration_sector_1 + race_laps.duration_sector_2) + race_laps.duration_sector_3)))))</td>\n",
       "        </tr>\n",
       "        <tr>\n",
       "            <td>&nbsp;&nbsp;&nbsp;&nbsp;&nbsp;&nbsp;&nbsp;&nbsp;&nbsp;&nbsp;&nbsp;&nbsp;&nbsp;&nbsp;Rows Removed by Join Filter: 2307514</td>\n",
       "        </tr>\n",
       "        <tr>\n",
       "            <td>&nbsp;&nbsp;&nbsp;&nbsp;&nbsp;&nbsp;&nbsp;&nbsp;&nbsp;&nbsp;&nbsp;&nbsp;&nbsp;&nbsp;-&gt;  Seq Scan on telemetrys tlm  (cost=0.00..620087.40 rows=32045840 width=24) (actual time=0.030..2259.918 rows=32047744 loops=1)</td>\n",
       "        </tr>\n",
       "        <tr>\n",
       "            <td>&nbsp;&nbsp;&nbsp;&nbsp;&nbsp;&nbsp;&nbsp;&nbsp;&nbsp;&nbsp;&nbsp;&nbsp;&nbsp;&nbsp;-&gt;  Hash  (cost=941.47..941.47 rows=10 width=48) (actual time=607.142..607.147 rows=77 loops=1)</td>\n",
       "        </tr>\n",
       "        <tr>\n",
       "            <td>&nbsp;&nbsp;&nbsp;&nbsp;&nbsp;&nbsp;&nbsp;&nbsp;&nbsp;&nbsp;&nbsp;&nbsp;&nbsp;&nbsp;&nbsp;&nbsp;&nbsp;&nbsp;&nbsp;&nbsp;Buckets: 1024  Batches: 1  Memory Usage: 14kB</td>\n",
       "        </tr>\n",
       "        <tr>\n",
       "            <td>&nbsp;&nbsp;&nbsp;&nbsp;&nbsp;&nbsp;&nbsp;&nbsp;&nbsp;&nbsp;&nbsp;&nbsp;&nbsp;&nbsp;&nbsp;&nbsp;&nbsp;&nbsp;&nbsp;&nbsp;-&gt;  Subquery Scan on race_laps  (cost=870.98..941.47 rows=10 width=48) (actual time=606.748..607.127 rows=77 loops=1)</td>\n",
       "        </tr>\n",
       "        <tr>\n",
       "            <td>&nbsp;&nbsp;&nbsp;&nbsp;&nbsp;&nbsp;&nbsp;&nbsp;&nbsp;&nbsp;&nbsp;&nbsp;&nbsp;&nbsp;&nbsp;&nbsp;&nbsp;&nbsp;&nbsp;&nbsp;&nbsp;&nbsp;&nbsp;&nbsp;&nbsp;&nbsp;Filter: (race_laps.rank_lap = 1)</td>\n",
       "        </tr>\n",
       "        <tr>\n",
       "            <td>&nbsp;&nbsp;&nbsp;&nbsp;&nbsp;&nbsp;&nbsp;&nbsp;&nbsp;&nbsp;&nbsp;&nbsp;&nbsp;&nbsp;&nbsp;&nbsp;&nbsp;&nbsp;&nbsp;&nbsp;&nbsp;&nbsp;&nbsp;&nbsp;&nbsp;&nbsp;-&gt;  WindowAgg  (cost=870.98..916.29 rows=2014 width=60) (actual time=606.745..607.117 rows=77 loops=1)</td>\n",
       "        </tr>\n",
       "        <tr>\n",
       "            <td>&nbsp;&nbsp;&nbsp;&nbsp;&nbsp;&nbsp;&nbsp;&nbsp;&nbsp;&nbsp;&nbsp;&nbsp;&nbsp;&nbsp;&nbsp;&nbsp;&nbsp;&nbsp;&nbsp;&nbsp;&nbsp;&nbsp;&nbsp;&nbsp;&nbsp;&nbsp;&nbsp;&nbsp;&nbsp;&nbsp;&nbsp;&nbsp;Run Condition: (row_number() OVER (?) &lt;= 1)</td>\n",
       "        </tr>\n",
       "        <tr>\n",
       "            <td>&nbsp;&nbsp;&nbsp;&nbsp;&nbsp;&nbsp;&nbsp;&nbsp;&nbsp;&nbsp;&nbsp;&nbsp;&nbsp;&nbsp;&nbsp;&nbsp;&nbsp;&nbsp;&nbsp;&nbsp;&nbsp;&nbsp;&nbsp;&nbsp;&nbsp;&nbsp;&nbsp;&nbsp;&nbsp;&nbsp;&nbsp;&nbsp;-&gt;  Sort  (cost=870.98..876.01 rows=2014 width=48) (actual time=606.694..606.834 rows=3604 loops=1)</td>\n",
       "        </tr>\n",
       "        <tr>\n",
       "            <td>&nbsp;&nbsp;&nbsp;&nbsp;&nbsp;&nbsp;&nbsp;&nbsp;&nbsp;&nbsp;&nbsp;&nbsp;&nbsp;&nbsp;&nbsp;&nbsp;&nbsp;&nbsp;&nbsp;&nbsp;&nbsp;&nbsp;&nbsp;&nbsp;&nbsp;&nbsp;&nbsp;&nbsp;&nbsp;&nbsp;&nbsp;&nbsp;&nbsp;&nbsp;&nbsp;&nbsp;&nbsp;&nbsp;Sort Key: laps.session_key, laps.driver_number, laps.lap_duration</td>\n",
       "        </tr>\n",
       "        <tr>\n",
       "            <td>&nbsp;&nbsp;&nbsp;&nbsp;&nbsp;&nbsp;&nbsp;&nbsp;&nbsp;&nbsp;&nbsp;&nbsp;&nbsp;&nbsp;&nbsp;&nbsp;&nbsp;&nbsp;&nbsp;&nbsp;&nbsp;&nbsp;&nbsp;&nbsp;&nbsp;&nbsp;&nbsp;&nbsp;&nbsp;&nbsp;&nbsp;&nbsp;&nbsp;&nbsp;&nbsp;&nbsp;&nbsp;&nbsp;Sort Method: quicksort  Memory: 404kB</td>\n",
       "        </tr>\n",
       "        <tr>\n",
       "            <td>&nbsp;&nbsp;&nbsp;&nbsp;&nbsp;&nbsp;&nbsp;&nbsp;&nbsp;&nbsp;&nbsp;&nbsp;&nbsp;&nbsp;&nbsp;&nbsp;&nbsp;&nbsp;&nbsp;&nbsp;&nbsp;&nbsp;&nbsp;&nbsp;&nbsp;&nbsp;&nbsp;&nbsp;&nbsp;&nbsp;&nbsp;&nbsp;&nbsp;&nbsp;&nbsp;&nbsp;&nbsp;&nbsp;-&gt;  Hash Join  (cost=3.31..760.45 rows=2014 width=48) (actual time=595.907..604.990 rows=3604 loops=1)</td>\n",
       "        </tr>\n",
       "        <tr>\n",
       "            <td>&nbsp;&nbsp;&nbsp;&nbsp;&nbsp;&nbsp;&nbsp;&nbsp;&nbsp;&nbsp;&nbsp;&nbsp;&nbsp;&nbsp;&nbsp;&nbsp;&nbsp;&nbsp;&nbsp;&nbsp;&nbsp;&nbsp;&nbsp;&nbsp;&nbsp;&nbsp;&nbsp;&nbsp;&nbsp;&nbsp;&nbsp;&nbsp;&nbsp;&nbsp;&nbsp;&nbsp;&nbsp;&nbsp;&nbsp;&nbsp;&nbsp;&nbsp;&nbsp;&nbsp;Hash Cond: (laps.session_key = sessions.session_key)</td>\n",
       "        </tr>\n",
       "        <tr>\n",
       "            <td>&nbsp;&nbsp;&nbsp;&nbsp;&nbsp;&nbsp;&nbsp;&nbsp;&nbsp;&nbsp;&nbsp;&nbsp;&nbsp;&nbsp;&nbsp;&nbsp;&nbsp;&nbsp;&nbsp;&nbsp;&nbsp;&nbsp;&nbsp;&nbsp;&nbsp;&nbsp;&nbsp;&nbsp;&nbsp;&nbsp;&nbsp;&nbsp;&nbsp;&nbsp;&nbsp;&nbsp;&nbsp;&nbsp;&nbsp;&nbsp;&nbsp;&nbsp;&nbsp;&nbsp;-&gt;  Seq Scan on laps  (cost=0.00..679.93 rows=28193 width=48) (actual time=595.829..602.838 rows=28193 loops=1)</td>\n",
       "        </tr>\n",
       "        <tr>\n",
       "            <td>&nbsp;&nbsp;&nbsp;&nbsp;&nbsp;&nbsp;&nbsp;&nbsp;&nbsp;&nbsp;&nbsp;&nbsp;&nbsp;&nbsp;&nbsp;&nbsp;&nbsp;&nbsp;&nbsp;&nbsp;&nbsp;&nbsp;&nbsp;&nbsp;&nbsp;&nbsp;&nbsp;&nbsp;&nbsp;&nbsp;&nbsp;&nbsp;&nbsp;&nbsp;&nbsp;&nbsp;&nbsp;&nbsp;&nbsp;&nbsp;&nbsp;&nbsp;&nbsp;&nbsp;&nbsp;&nbsp;&nbsp;&nbsp;&nbsp;&nbsp;Filter: (lap_number IS NOT NULL)</td>\n",
       "        </tr>\n",
       "        <tr>\n",
       "            <td>&nbsp;&nbsp;&nbsp;&nbsp;&nbsp;&nbsp;&nbsp;&nbsp;&nbsp;&nbsp;&nbsp;&nbsp;&nbsp;&nbsp;&nbsp;&nbsp;&nbsp;&nbsp;&nbsp;&nbsp;&nbsp;&nbsp;&nbsp;&nbsp;&nbsp;&nbsp;&nbsp;&nbsp;&nbsp;&nbsp;&nbsp;&nbsp;&nbsp;&nbsp;&nbsp;&nbsp;&nbsp;&nbsp;&nbsp;&nbsp;&nbsp;&nbsp;&nbsp;&nbsp;-&gt;  Hash  (cost=3.23..3.23 rows=7 width=4) (actual time=0.051..0.052 rows=7 loops=1)</td>\n",
       "        </tr>\n",
       "        <tr>\n",
       "            <td>&nbsp;&nbsp;&nbsp;&nbsp;&nbsp;&nbsp;&nbsp;&nbsp;&nbsp;&nbsp;&nbsp;&nbsp;&nbsp;&nbsp;&nbsp;&nbsp;&nbsp;&nbsp;&nbsp;&nbsp;&nbsp;&nbsp;&nbsp;&nbsp;&nbsp;&nbsp;&nbsp;&nbsp;&nbsp;&nbsp;&nbsp;&nbsp;&nbsp;&nbsp;&nbsp;&nbsp;&nbsp;&nbsp;&nbsp;&nbsp;&nbsp;&nbsp;&nbsp;&nbsp;&nbsp;&nbsp;&nbsp;&nbsp;&nbsp;&nbsp;Buckets: 1024  Batches: 1  Memory Usage: 9kB</td>\n",
       "        </tr>\n",
       "        <tr>\n",
       "            <td>&nbsp;&nbsp;&nbsp;&nbsp;&nbsp;&nbsp;&nbsp;&nbsp;&nbsp;&nbsp;&nbsp;&nbsp;&nbsp;&nbsp;&nbsp;&nbsp;&nbsp;&nbsp;&nbsp;&nbsp;&nbsp;&nbsp;&nbsp;&nbsp;&nbsp;&nbsp;&nbsp;&nbsp;&nbsp;&nbsp;&nbsp;&nbsp;&nbsp;&nbsp;&nbsp;&nbsp;&nbsp;&nbsp;&nbsp;&nbsp;&nbsp;&nbsp;&nbsp;&nbsp;&nbsp;&nbsp;&nbsp;&nbsp;&nbsp;&nbsp;-&gt;  Seq Scan on sessions  (cost=0.00..3.23 rows=7 width=4) (actual time=0.039..0.046 rows=7 loops=1)</td>\n",
       "        </tr>\n",
       "        <tr>\n",
       "            <td>&nbsp;&nbsp;&nbsp;&nbsp;&nbsp;&nbsp;&nbsp;&nbsp;&nbsp;&nbsp;&nbsp;&nbsp;&nbsp;&nbsp;&nbsp;&nbsp;&nbsp;&nbsp;&nbsp;&nbsp;&nbsp;&nbsp;&nbsp;&nbsp;&nbsp;&nbsp;&nbsp;&nbsp;&nbsp;&nbsp;&nbsp;&nbsp;&nbsp;&nbsp;&nbsp;&nbsp;&nbsp;&nbsp;&nbsp;&nbsp;&nbsp;&nbsp;&nbsp;&nbsp;&nbsp;&nbsp;&nbsp;&nbsp;&nbsp;&nbsp;&nbsp;&nbsp;&nbsp;&nbsp;&nbsp;&nbsp;Filter: ((session_name)::text = &#x27;Race&#x27;::text)</td>\n",
       "        </tr>\n",
       "        <tr>\n",
       "            <td>&nbsp;&nbsp;&nbsp;&nbsp;&nbsp;&nbsp;&nbsp;&nbsp;&nbsp;&nbsp;&nbsp;&nbsp;&nbsp;&nbsp;&nbsp;&nbsp;&nbsp;&nbsp;&nbsp;&nbsp;&nbsp;&nbsp;&nbsp;&nbsp;&nbsp;&nbsp;&nbsp;&nbsp;&nbsp;&nbsp;&nbsp;&nbsp;&nbsp;&nbsp;&nbsp;&nbsp;&nbsp;&nbsp;&nbsp;&nbsp;&nbsp;&nbsp;&nbsp;&nbsp;&nbsp;&nbsp;&nbsp;&nbsp;&nbsp;&nbsp;&nbsp;&nbsp;&nbsp;&nbsp;&nbsp;&nbsp;Rows Removed by Filter: 91</td>\n",
       "        </tr>\n",
       "        <tr>\n",
       "            <td>Planning Time: 1.319 ms</td>\n",
       "        </tr>\n",
       "        <tr>\n",
       "            <td>JIT:</td>\n",
       "        </tr>\n",
       "        <tr>\n",
       "            <td>&nbsp;&nbsp;Functions: 41</td>\n",
       "        </tr>\n",
       "        <tr>\n",
       "            <td>&nbsp;&nbsp;Options: Inlining true, Optimization true, Expressions true, Deforming true</td>\n",
       "        </tr>\n",
       "        <tr>\n",
       "            <td>&nbsp;&nbsp;Timing: Generation 3.168 ms, Inlining 146.545 ms, Optimization 265.962 ms, Emission 183.456 ms, Total 599.131 ms</td>\n",
       "        </tr>\n",
       "        <tr>\n",
       "            <td>Execution Time: 5159.366 ms</td>\n",
       "        </tr>\n",
       "    </tbody>\n",
       "</table>"
      ],
      "text/plain": [
       "[('GroupAggregate  (cost=1588297.74..1589620.51 rows=17068 width=56) (actual time=5017.523..5021.286 rows=208 loops=1)',),\n",
       " (\"  Group Key: race_laps.session_key, race_laps.driver_number, (CASE WHEN ((tlm.date > race_laps.date_start) AND (tlm.date < (race_laps.date_start + (' ... (506 characters truncated) ... interval * ((race_laps.duration_sector_1 + race_laps.duration_sector_2) + race_laps.duration_sector_3))))) THEN 'SECTOR 3'::text ELSE NULL::text END)\",),\n",
       " ('  ->  Sort  (cost=1588297.74..1588340.41 rows=17068 width=56) (actual time=5017.442..5018.674 rows=24459 loops=1)',),\n",
       " (\"        Sort Key: race_laps.session_key, race_laps.driver_number, (CASE WHEN ((tlm.date > race_laps.date_start) AND (tlm.date < (race_laps.date_start ... (511 characters truncated) ... interval * ((race_laps.duration_sector_1 + race_laps.duration_sector_2) + race_laps.duration_sector_3))))) THEN 'SECTOR 3'::text ELSE NULL::text END)\",),\n",
       " ('        Sort Method: quicksort  Memory: 2679kB',),\n",
       " ('        ->  Hash Join  (cost=941.62..1587097.94 rows=17068 width=56) (actual time=765.290..5001.775 rows=24459 loops=1)',),\n",
       " ('              Hash Cond: ((tlm.session_key = race_laps.session_key) AND (tlm.driver_number = race_laps.driver_number))',),\n",
       " (\"              Join Filter: ((tlm.date >= race_laps.date_start) AND (tlm.date <= (race_laps.date_start + ('00:00:01'::interval * ((race_laps.duration_sector_1 + race_laps.duration_sector_2) + race_laps.duration_sector_3)))))\",),\n",
       " ('              Rows Removed by Join Filter: 2307514',),\n",
       " ('              ->  Seq Scan on telemetrys tlm  (cost=0.00..620087.40 rows=32045840 width=24) (actual time=0.030..2259.918 rows=32047744 loops=1)',),\n",
       " ('              ->  Hash  (cost=941.47..941.47 rows=10 width=48) (actual time=607.142..607.147 rows=77 loops=1)',),\n",
       " ('                    Buckets: 1024  Batches: 1  Memory Usage: 14kB',),\n",
       " ('                    ->  Subquery Scan on race_laps  (cost=870.98..941.47 rows=10 width=48) (actual time=606.748..607.127 rows=77 loops=1)',),\n",
       " ('                          Filter: (race_laps.rank_lap = 1)',),\n",
       " ('                          ->  WindowAgg  (cost=870.98..916.29 rows=2014 width=60) (actual time=606.745..607.117 rows=77 loops=1)',),\n",
       " ('                                Run Condition: (row_number() OVER (?) <= 1)',),\n",
       " ('                                ->  Sort  (cost=870.98..876.01 rows=2014 width=48) (actual time=606.694..606.834 rows=3604 loops=1)',),\n",
       " ('                                      Sort Key: laps.session_key, laps.driver_number, laps.lap_duration',),\n",
       " ('                                      Sort Method: quicksort  Memory: 404kB',),\n",
       " ('                                      ->  Hash Join  (cost=3.31..760.45 rows=2014 width=48) (actual time=595.907..604.990 rows=3604 loops=1)',),\n",
       " ('                                            Hash Cond: (laps.session_key = sessions.session_key)',),\n",
       " ('                                            ->  Seq Scan on laps  (cost=0.00..679.93 rows=28193 width=48) (actual time=595.829..602.838 rows=28193 loops=1)',),\n",
       " ('                                                  Filter: (lap_number IS NOT NULL)',),\n",
       " ('                                            ->  Hash  (cost=3.23..3.23 rows=7 width=4) (actual time=0.051..0.052 rows=7 loops=1)',),\n",
       " ('                                                  Buckets: 1024  Batches: 1  Memory Usage: 9kB',),\n",
       " ('                                                  ->  Seq Scan on sessions  (cost=0.00..3.23 rows=7 width=4) (actual time=0.039..0.046 rows=7 loops=1)',),\n",
       " (\"                                                        Filter: ((session_name)::text = 'Race'::text)\",),\n",
       " ('                                                        Rows Removed by Filter: 91',),\n",
       " ('Planning Time: 1.319 ms',),\n",
       " ('JIT:',),\n",
       " ('  Functions: 41',),\n",
       " ('  Options: Inlining true, Optimization true, Expressions true, Deforming true',),\n",
       " ('  Timing: Generation 3.168 ms, Inlining 146.545 ms, Optimization 265.962 ms, Emission 183.456 ms, Total 599.131 ms',),\n",
       " ('Execution Time: 5159.366 ms',)]"
      ]
     },
     "execution_count": 13,
     "metadata": {},
     "output_type": "execute_result"
    }
   ],
   "source": [
    "%sql EXPLAIN ANALYZE $first_query"
   ]
  },
  {
   "cell_type": "markdown",
   "id": "57ae3883",
   "metadata": {},
   "source": [
    "Por meio da análise, verificamos que o uso do índice BRIN não foi eficiente para esta consulta, pois o banco de dados optou por realizar um scan sequencial em vez de utilizar o BRIN scan."
   ]
  },
  {
   "cell_type": "code",
   "execution_count": 14,
   "id": "d988afcb",
   "metadata": {},
   "outputs": [
    {
     "name": "stderr",
     "output_type": "stream",
     "text": [
      "100%|██████████| 100/100 [04:46<00:00,  2.86s/it]"
     ]
    },
    {
     "name": "stdout",
     "output_type": "stream",
     "text": [
      "Mean: 2.859726 s\n",
      "Median: 2.822212 s\n",
      "Std Dev: 0.206908 s\n",
      "Min: 2.689245 s\n",
      "Max: 4.504648 s\n"
     ]
    },
    {
     "name": "stderr",
     "output_type": "stream",
     "text": [
      "\n"
     ]
    }
   ],
   "source": [
    "duration_brin = []\n",
    "\n",
    "for _ in tqdm(range(100)):\n",
    "    start = time.time()\n",
    "    _ = pd.read_sql(first_query, DATABASE_URL)\n",
    "    end = time.time()\n",
    "    \n",
    "    duration_brin.append(end - start)\n",
    "    \n",
    "get_statistics(duration_brin)"
   ]
  },
  {
   "cell_type": "markdown",
   "id": "66a68c31",
   "metadata": {},
   "source": [
    "## gist\n",
    "Nesta etapa, testamos a funcionalidade do gist utilizando a extensão btree_gist. Para isso, executamos o comando SQL abaixo para garantir que a extensão esteja instalada e habilitada no banco de dados:\n",
    "\n",
    "```CREATE EXTENSION IF NOT EXISTS btree_gist;```\n",
    "\n",
    "Essa extensão permite o uso de índices GiST com operadores B-tree, ampliando as possibilidades de indexação e otimização das consultas."
   ]
  },
  {
   "cell_type": "code",
   "execution_count": 15,
   "id": "a9b6bcba",
   "metadata": {},
   "outputs": [
    {
     "name": "stdout",
     "output_type": "stream",
     "text": [
      " * postgresql+psycopg2://postgresadmin:***@localhost:5000/postgresdb\n",
      "Done.\n"
     ]
    },
    {
     "data": {
      "text/plain": [
       "[]"
      ]
     },
     "execution_count": 15,
     "metadata": {},
     "output_type": "execute_result"
    }
   ],
   "source": [
    "%sql CREATE EXTENSION IF NOT EXISTS btree_gist"
   ]
  },
  {
   "cell_type": "code",
   "execution_count": 16,
   "id": "9c38785b",
   "metadata": {},
   "outputs": [
    {
     "name": "stdout",
     "output_type": "stream",
     "text": [
      " * postgresql+psycopg2://postgresadmin:***@localhost:5000/postgresdb\n",
      "Done.\n",
      " * postgresql+psycopg2://postgresadmin:***@localhost:5000/postgresdb\n",
      "Done.\n",
      " * postgresql+psycopg2://postgresadmin:***@localhost:5000/postgresdb\n",
      "Done.\n",
      " * postgresql+psycopg2://postgresadmin:***@localhost:5000/postgresdb\n",
      "1 rows affected.\n"
     ]
    },
    {
     "data": {
      "text/html": [
       "<table>\n",
       "    <thead>\n",
       "        <tr>\n",
       "            <th>indexname</th>\n",
       "            <th>indexdef</th>\n",
       "        </tr>\n",
       "    </thead>\n",
       "    <tbody>\n",
       "        <tr>\n",
       "            <td>telemetrys_gist_idx</td>\n",
       "            <td>CREATE INDEX telemetrys_gist_idx ON raw.telemetrys USING gist (session_key, driver_number, date)</td>\n",
       "        </tr>\n",
       "    </tbody>\n",
       "</table>"
      ],
      "text/plain": [
       "[('telemetrys_gist_idx', 'CREATE INDEX telemetrys_gist_idx ON raw.telemetrys USING gist (session_key, driver_number, date)')]"
      ]
     },
     "execution_count": 16,
     "metadata": {},
     "output_type": "execute_result"
    }
   ],
   "source": [
    "%sql DROP INDEX IF EXISTS raw.telemetrys_brin_idx\n",
    "%sql CREATE INDEX telemetrys_gist_idx ON raw.telemetrys USING gist (session_key, driver_number, date)\n",
    "%sql ANALYZE raw.telemetrys\n",
    "%sql $check_indexes"
   ]
  },
  {
   "cell_type": "code",
   "execution_count": 17,
   "id": "39194567",
   "metadata": {},
   "outputs": [
    {
     "name": "stdout",
     "output_type": "stream",
     "text": [
      " * postgresql+psycopg2://postgresadmin:***@localhost:5000/postgresdb\n",
      "27 rows affected.\n"
     ]
    },
    {
     "data": {
      "text/html": [
       "<table>\n",
       "    <thead>\n",
       "        <tr>\n",
       "            <th>QUERY PLAN</th>\n",
       "        </tr>\n",
       "    </thead>\n",
       "    <tbody>\n",
       "        <tr>\n",
       "            <td>HashAggregate  (cost=37286.30..38352.61 rows=17061 width=56) (actual time=82.465..82.560 rows=208 loops=1)</td>\n",
       "        </tr>\n",
       "        <tr>\n",
       "            <td>&nbsp;&nbsp;Group Key: race_laps.session_key, race_laps.driver_number, CASE WHEN ((tlm.date &gt; race_laps.date_start) AND (tlm.date &lt; (race_laps.date_start + (&#x27;00:00:01&#x27;::interval * race_laps.duration_sector_1)))) THEN &#x27;SECTOR 1&#x27;::text WHEN ((tlm.date &gt; (race_laps.date_start + (&#x27;00:00:01&#x27;::interval * race_laps.duration_sector_1))) AND (tlm.date &lt; (race_laps.date_start + (&#x27;00:00:01&#x27;::interval * (race_laps.duration_sector_1 + race_laps.duration_sector_2))))) THEN &#x27;SECTOR 2&#x27;::text WHEN ((tlm.date &gt; (race_laps.date_start + (&#x27;00:00:01&#x27;::interval * (race_laps.duration_sector_1 + race_laps.duration_sector_2)))) AND (tlm.date &lt;= (race_laps.date_start + (&#x27;00:00:01&#x27;::interval * ((race_laps.duration_sector_1 + race_laps.duration_sector_2) + race_laps.duration_sector_3))))) THEN &#x27;SECTOR 3&#x27;::text ELSE NULL::text END</td>\n",
       "        </tr>\n",
       "        <tr>\n",
       "            <td>&nbsp;&nbsp;Batches: 1  Memory Usage: 849kB</td>\n",
       "        </tr>\n",
       "        <tr>\n",
       "            <td>&nbsp;&nbsp;-&gt;  Nested Loop  (cost=929.26..37073.04 rows=17061 width=56) (actual time=15.472..76.904 rows=24459 loops=1)</td>\n",
       "        </tr>\n",
       "        <tr>\n",
       "            <td>&nbsp;&nbsp;&nbsp;&nbsp;&nbsp;&nbsp;&nbsp;&nbsp;-&gt;  Subquery Scan on race_laps  (cost=870.98..941.47 rows=10 width=48) (actual time=14.571..15.799 rows=77 loops=1)</td>\n",
       "        </tr>\n",
       "        <tr>\n",
       "            <td>&nbsp;&nbsp;&nbsp;&nbsp;&nbsp;&nbsp;&nbsp;&nbsp;&nbsp;&nbsp;&nbsp;&nbsp;&nbsp;&nbsp;Filter: (race_laps.rank_lap = 1)</td>\n",
       "        </tr>\n",
       "        <tr>\n",
       "            <td>&nbsp;&nbsp;&nbsp;&nbsp;&nbsp;&nbsp;&nbsp;&nbsp;&nbsp;&nbsp;&nbsp;&nbsp;&nbsp;&nbsp;-&gt;  WindowAgg  (cost=870.98..916.29 rows=2014 width=60) (actual time=14.570..15.717 rows=77 loops=1)</td>\n",
       "        </tr>\n",
       "        <tr>\n",
       "            <td>&nbsp;&nbsp;&nbsp;&nbsp;&nbsp;&nbsp;&nbsp;&nbsp;&nbsp;&nbsp;&nbsp;&nbsp;&nbsp;&nbsp;&nbsp;&nbsp;&nbsp;&nbsp;&nbsp;&nbsp;Run Condition: (row_number() OVER (?) &lt;= 1)</td>\n",
       "        </tr>\n",
       "        <tr>\n",
       "            <td>&nbsp;&nbsp;&nbsp;&nbsp;&nbsp;&nbsp;&nbsp;&nbsp;&nbsp;&nbsp;&nbsp;&nbsp;&nbsp;&nbsp;&nbsp;&nbsp;&nbsp;&nbsp;&nbsp;&nbsp;-&gt;  Sort  (cost=870.98..876.01 rows=2014 width=48) (actual time=14.552..14.996 rows=3604 loops=1)</td>\n",
       "        </tr>\n",
       "        <tr>\n",
       "            <td>&nbsp;&nbsp;&nbsp;&nbsp;&nbsp;&nbsp;&nbsp;&nbsp;&nbsp;&nbsp;&nbsp;&nbsp;&nbsp;&nbsp;&nbsp;&nbsp;&nbsp;&nbsp;&nbsp;&nbsp;&nbsp;&nbsp;&nbsp;&nbsp;&nbsp;&nbsp;Sort Key: laps.session_key, laps.driver_number, laps.lap_duration</td>\n",
       "        </tr>\n",
       "        <tr>\n",
       "            <td>&nbsp;&nbsp;&nbsp;&nbsp;&nbsp;&nbsp;&nbsp;&nbsp;&nbsp;&nbsp;&nbsp;&nbsp;&nbsp;&nbsp;&nbsp;&nbsp;&nbsp;&nbsp;&nbsp;&nbsp;&nbsp;&nbsp;&nbsp;&nbsp;&nbsp;&nbsp;Sort Method: quicksort  Memory: 404kB</td>\n",
       "        </tr>\n",
       "        <tr>\n",
       "            <td>&nbsp;&nbsp;&nbsp;&nbsp;&nbsp;&nbsp;&nbsp;&nbsp;&nbsp;&nbsp;&nbsp;&nbsp;&nbsp;&nbsp;&nbsp;&nbsp;&nbsp;&nbsp;&nbsp;&nbsp;&nbsp;&nbsp;&nbsp;&nbsp;&nbsp;&nbsp;-&gt;  Hash Join  (cost=3.31..760.45 rows=2014 width=48) (actual time=0.090..12.849 rows=3604 loops=1)</td>\n",
       "        </tr>\n",
       "        <tr>\n",
       "            <td>&nbsp;&nbsp;&nbsp;&nbsp;&nbsp;&nbsp;&nbsp;&nbsp;&nbsp;&nbsp;&nbsp;&nbsp;&nbsp;&nbsp;&nbsp;&nbsp;&nbsp;&nbsp;&nbsp;&nbsp;&nbsp;&nbsp;&nbsp;&nbsp;&nbsp;&nbsp;&nbsp;&nbsp;&nbsp;&nbsp;&nbsp;&nbsp;Hash Cond: (laps.session_key = sessions.session_key)</td>\n",
       "        </tr>\n",
       "        <tr>\n",
       "            <td>&nbsp;&nbsp;&nbsp;&nbsp;&nbsp;&nbsp;&nbsp;&nbsp;&nbsp;&nbsp;&nbsp;&nbsp;&nbsp;&nbsp;&nbsp;&nbsp;&nbsp;&nbsp;&nbsp;&nbsp;&nbsp;&nbsp;&nbsp;&nbsp;&nbsp;&nbsp;&nbsp;&nbsp;&nbsp;&nbsp;&nbsp;&nbsp;-&gt;  Seq Scan on laps  (cost=0.00..679.93 rows=28193 width=48) (actual time=0.025..10.803 rows=28193 loops=1)</td>\n",
       "        </tr>\n",
       "        <tr>\n",
       "            <td>&nbsp;&nbsp;&nbsp;&nbsp;&nbsp;&nbsp;&nbsp;&nbsp;&nbsp;&nbsp;&nbsp;&nbsp;&nbsp;&nbsp;&nbsp;&nbsp;&nbsp;&nbsp;&nbsp;&nbsp;&nbsp;&nbsp;&nbsp;&nbsp;&nbsp;&nbsp;&nbsp;&nbsp;&nbsp;&nbsp;&nbsp;&nbsp;&nbsp;&nbsp;&nbsp;&nbsp;&nbsp;&nbsp;Filter: (lap_number IS NOT NULL)</td>\n",
       "        </tr>\n",
       "        <tr>\n",
       "            <td>&nbsp;&nbsp;&nbsp;&nbsp;&nbsp;&nbsp;&nbsp;&nbsp;&nbsp;&nbsp;&nbsp;&nbsp;&nbsp;&nbsp;&nbsp;&nbsp;&nbsp;&nbsp;&nbsp;&nbsp;&nbsp;&nbsp;&nbsp;&nbsp;&nbsp;&nbsp;&nbsp;&nbsp;&nbsp;&nbsp;&nbsp;&nbsp;-&gt;  Hash  (cost=3.23..3.23 rows=7 width=4) (actual time=0.041..0.042 rows=7 loops=1)</td>\n",
       "        </tr>\n",
       "        <tr>\n",
       "            <td>&nbsp;&nbsp;&nbsp;&nbsp;&nbsp;&nbsp;&nbsp;&nbsp;&nbsp;&nbsp;&nbsp;&nbsp;&nbsp;&nbsp;&nbsp;&nbsp;&nbsp;&nbsp;&nbsp;&nbsp;&nbsp;&nbsp;&nbsp;&nbsp;&nbsp;&nbsp;&nbsp;&nbsp;&nbsp;&nbsp;&nbsp;&nbsp;&nbsp;&nbsp;&nbsp;&nbsp;&nbsp;&nbsp;Buckets: 1024  Batches: 1  Memory Usage: 9kB</td>\n",
       "        </tr>\n",
       "        <tr>\n",
       "            <td>&nbsp;&nbsp;&nbsp;&nbsp;&nbsp;&nbsp;&nbsp;&nbsp;&nbsp;&nbsp;&nbsp;&nbsp;&nbsp;&nbsp;&nbsp;&nbsp;&nbsp;&nbsp;&nbsp;&nbsp;&nbsp;&nbsp;&nbsp;&nbsp;&nbsp;&nbsp;&nbsp;&nbsp;&nbsp;&nbsp;&nbsp;&nbsp;&nbsp;&nbsp;&nbsp;&nbsp;&nbsp;&nbsp;-&gt;  Seq Scan on sessions  (cost=0.00..3.23 rows=7 width=4) (actual time=0.007..0.015 rows=7 loops=1)</td>\n",
       "        </tr>\n",
       "        <tr>\n",
       "            <td>&nbsp;&nbsp;&nbsp;&nbsp;&nbsp;&nbsp;&nbsp;&nbsp;&nbsp;&nbsp;&nbsp;&nbsp;&nbsp;&nbsp;&nbsp;&nbsp;&nbsp;&nbsp;&nbsp;&nbsp;&nbsp;&nbsp;&nbsp;&nbsp;&nbsp;&nbsp;&nbsp;&nbsp;&nbsp;&nbsp;&nbsp;&nbsp;&nbsp;&nbsp;&nbsp;&nbsp;&nbsp;&nbsp;&nbsp;&nbsp;&nbsp;&nbsp;&nbsp;&nbsp;Filter: ((session_name)::text = &#x27;Race&#x27;::text)</td>\n",
       "        </tr>\n",
       "        <tr>\n",
       "            <td>&nbsp;&nbsp;&nbsp;&nbsp;&nbsp;&nbsp;&nbsp;&nbsp;&nbsp;&nbsp;&nbsp;&nbsp;&nbsp;&nbsp;&nbsp;&nbsp;&nbsp;&nbsp;&nbsp;&nbsp;&nbsp;&nbsp;&nbsp;&nbsp;&nbsp;&nbsp;&nbsp;&nbsp;&nbsp;&nbsp;&nbsp;&nbsp;&nbsp;&nbsp;&nbsp;&nbsp;&nbsp;&nbsp;&nbsp;&nbsp;&nbsp;&nbsp;&nbsp;&nbsp;Rows Removed by Filter: 91</td>\n",
       "        </tr>\n",
       "        <tr>\n",
       "            <td>&nbsp;&nbsp;&nbsp;&nbsp;&nbsp;&nbsp;&nbsp;&nbsp;-&gt;  Bitmap Heap Scan on telemetrys tlm  (cost=58.28..3518.77 rows=908 width=24) (actual time=0.317..0.698 rows=318 loops=77)</td>\n",
       "        </tr>\n",
       "        <tr>\n",
       "            <td>&nbsp;&nbsp;&nbsp;&nbsp;&nbsp;&nbsp;&nbsp;&nbsp;&nbsp;&nbsp;&nbsp;&nbsp;&nbsp;&nbsp;Recheck Cond: ((session_key = race_laps.session_key) AND (driver_number = race_laps.driver_number) AND (date &gt;= race_laps.date_start) AND (date &lt;= (race_laps.date_start + (&#x27;00:00:01&#x27;::interval * ((race_laps.duration_sector_1 + race_laps.duration_sector_2) + race_laps.duration_sector_3)))))</td>\n",
       "        </tr>\n",
       "        <tr>\n",
       "            <td>&nbsp;&nbsp;&nbsp;&nbsp;&nbsp;&nbsp;&nbsp;&nbsp;&nbsp;&nbsp;&nbsp;&nbsp;&nbsp;&nbsp;Heap Blocks: exact=351</td>\n",
       "        </tr>\n",
       "        <tr>\n",
       "            <td>&nbsp;&nbsp;&nbsp;&nbsp;&nbsp;&nbsp;&nbsp;&nbsp;&nbsp;&nbsp;&nbsp;&nbsp;&nbsp;&nbsp;-&gt;  Bitmap Index Scan on telemetrys_gist_idx  (cost=0.00..58.05 rows=908 width=0) (actual time=0.148..0.148 rows=318 loops=77)</td>\n",
       "        </tr>\n",
       "        <tr>\n",
       "            <td>&nbsp;&nbsp;&nbsp;&nbsp;&nbsp;&nbsp;&nbsp;&nbsp;&nbsp;&nbsp;&nbsp;&nbsp;&nbsp;&nbsp;&nbsp;&nbsp;&nbsp;&nbsp;&nbsp;&nbsp;Index Cond: ((session_key = race_laps.session_key) AND (driver_number = race_laps.driver_number) AND (date &gt;= race_laps.date_start) AND (date &lt;= (race_laps.date_start + (&#x27;00:00:01&#x27;::interval * ((race_laps.duration_sector_1 + race_laps.duration_sector_2) + race_laps.duration_sector_3)))))</td>\n",
       "        </tr>\n",
       "        <tr>\n",
       "            <td>Planning Time: 5.097 ms</td>\n",
       "        </tr>\n",
       "        <tr>\n",
       "            <td>Execution Time: 82.811 ms</td>\n",
       "        </tr>\n",
       "    </tbody>\n",
       "</table>"
      ],
      "text/plain": [
       "[('HashAggregate  (cost=37286.30..38352.61 rows=17061 width=56) (actual time=82.465..82.560 rows=208 loops=1)',),\n",
       " (\"  Group Key: race_laps.session_key, race_laps.driver_number, CASE WHEN ((tlm.date > race_laps.date_start) AND (tlm.date < (race_laps.date_start + ('0 ... (504 characters truncated) ... :interval * ((race_laps.duration_sector_1 + race_laps.duration_sector_2) + race_laps.duration_sector_3))))) THEN 'SECTOR 3'::text ELSE NULL::text END\",),\n",
       " ('  Batches: 1  Memory Usage: 849kB',),\n",
       " ('  ->  Nested Loop  (cost=929.26..37073.04 rows=17061 width=56) (actual time=15.472..76.904 rows=24459 loops=1)',),\n",
       " ('        ->  Subquery Scan on race_laps  (cost=870.98..941.47 rows=10 width=48) (actual time=14.571..15.799 rows=77 loops=1)',),\n",
       " ('              Filter: (race_laps.rank_lap = 1)',),\n",
       " ('              ->  WindowAgg  (cost=870.98..916.29 rows=2014 width=60) (actual time=14.570..15.717 rows=77 loops=1)',),\n",
       " ('                    Run Condition: (row_number() OVER (?) <= 1)',),\n",
       " ('                    ->  Sort  (cost=870.98..876.01 rows=2014 width=48) (actual time=14.552..14.996 rows=3604 loops=1)',),\n",
       " ('                          Sort Key: laps.session_key, laps.driver_number, laps.lap_duration',),\n",
       " ('                          Sort Method: quicksort  Memory: 404kB',),\n",
       " ('                          ->  Hash Join  (cost=3.31..760.45 rows=2014 width=48) (actual time=0.090..12.849 rows=3604 loops=1)',),\n",
       " ('                                Hash Cond: (laps.session_key = sessions.session_key)',),\n",
       " ('                                ->  Seq Scan on laps  (cost=0.00..679.93 rows=28193 width=48) (actual time=0.025..10.803 rows=28193 loops=1)',),\n",
       " ('                                      Filter: (lap_number IS NOT NULL)',),\n",
       " ('                                ->  Hash  (cost=3.23..3.23 rows=7 width=4) (actual time=0.041..0.042 rows=7 loops=1)',),\n",
       " ('                                      Buckets: 1024  Batches: 1  Memory Usage: 9kB',),\n",
       " ('                                      ->  Seq Scan on sessions  (cost=0.00..3.23 rows=7 width=4) (actual time=0.007..0.015 rows=7 loops=1)',),\n",
       " (\"                                            Filter: ((session_name)::text = 'Race'::text)\",),\n",
       " ('                                            Rows Removed by Filter: 91',),\n",
       " ('        ->  Bitmap Heap Scan on telemetrys tlm  (cost=58.28..3518.77 rows=908 width=24) (actual time=0.317..0.698 rows=318 loops=77)',),\n",
       " (\"              Recheck Cond: ((session_key = race_laps.session_key) AND (driver_number = race_laps.driver_number) AND (date >= race_laps.date_start) A ... (6 characters truncated) ... te <= (race_laps.date_start + ('00:00:01'::interval * ((race_laps.duration_sector_1 + race_laps.duration_sector_2) + race_laps.duration_sector_3)))))\",),\n",
       " ('              Heap Blocks: exact=351',),\n",
       " ('              ->  Bitmap Index Scan on telemetrys_gist_idx  (cost=0.00..58.05 rows=908 width=0) (actual time=0.148..0.148 rows=318 loops=77)',),\n",
       " (\"                    Index Cond: ((session_key = race_laps.session_key) AND (driver_number = race_laps.driver_number) AND (date >= race_laps.date_star ... (10 characters truncated) ... te <= (race_laps.date_start + ('00:00:01'::interval * ((race_laps.duration_sector_1 + race_laps.duration_sector_2) + race_laps.duration_sector_3)))))\",),\n",
       " ('Planning Time: 5.097 ms',),\n",
       " ('Execution Time: 82.811 ms',)]"
      ]
     },
     "execution_count": 17,
     "metadata": {},
     "output_type": "execute_result"
    }
   ],
   "source": [
    "%sql EXPLAIN ANALYZE $first_query"
   ]
  },
  {
   "cell_type": "code",
   "execution_count": 18,
   "id": "72fca355",
   "metadata": {},
   "outputs": [
    {
     "name": "stderr",
     "output_type": "stream",
     "text": [
      "100%|██████████| 100/100 [00:05<00:00, 18.10it/s]"
     ]
    },
    {
     "name": "stdout",
     "output_type": "stream",
     "text": [
      "Mean: 0.054560 s\n",
      "Median: 0.052037 s\n",
      "Std Dev: 0.010227 s\n",
      "Min: 0.038474 s\n",
      "Max: 0.090789 s\n"
     ]
    },
    {
     "name": "stderr",
     "output_type": "stream",
     "text": [
      "\n"
     ]
    }
   ],
   "source": [
    "duration_gist = []\n",
    "\n",
    "for _ in tqdm(range(100)):\n",
    "    start = time.time()\n",
    "    _ = pd.read_sql(first_query, DATABASE_URL)\n",
    "    end = time.time()\n",
    "    \n",
    "    duration_gist.append(end - start)\n",
    "    \n",
    "get_statistics(duration_gist)"
   ]
  },
  {
   "cell_type": "markdown",
   "id": "bf1a85cf",
   "metadata": {},
   "source": [
    "# Retornando para Default"
   ]
  },
  {
   "cell_type": "code",
   "execution_count": 19,
   "id": "dce3db0b",
   "metadata": {},
   "outputs": [
    {
     "name": "stdout",
     "output_type": "stream",
     "text": [
      " * postgresql+psycopg2://postgresadmin:***@localhost:5000/postgresdb\n",
      "Done.\n",
      " * postgresql+psycopg2://postgresadmin:***@localhost:5000/postgresdb\n",
      "Done.\n",
      " * postgresql+psycopg2://postgresadmin:***@localhost:5000/postgresdb\n",
      "1 rows affected.\n"
     ]
    },
    {
     "data": {
      "text/html": [
       "<table>\n",
       "    <thead>\n",
       "        <tr>\n",
       "            <th>indexname</th>\n",
       "            <th>indexdef</th>\n",
       "        </tr>\n",
       "    </thead>\n",
       "    <tbody>\n",
       "        <tr>\n",
       "            <td>telemetrys_pkey</td>\n",
       "            <td>CREATE UNIQUE INDEX telemetrys_pkey ON raw.telemetrys USING btree (session_key, driver_number, date)</td>\n",
       "        </tr>\n",
       "    </tbody>\n",
       "</table>"
      ],
      "text/plain": [
       "[('telemetrys_pkey', 'CREATE UNIQUE INDEX telemetrys_pkey ON raw.telemetrys USING btree (session_key, driver_number, date)')]"
      ]
     },
     "execution_count": 19,
     "metadata": {},
     "output_type": "execute_result"
    }
   ],
   "source": [
    "%sql DROP INDEX IF EXISTS raw.telemetrys_gist_idx\n",
    "%sql CREATE UNIQUE INDEX telemetrys_pkey ON raw.telemetrys USING btree (session_key, driver_number, date)\n",
    "%sql $check_indexes"
   ]
  },
  {
   "cell_type": "markdown",
   "id": "c317d767",
   "metadata": {},
   "source": [
    "# Query otimizada\n",
    "---"
   ]
  },
  {
   "cell_type": "markdown",
   "id": "b06e3e9b",
   "metadata": {},
   "source": [
    "Após a análise da primeira query, observou-se que o índice B-Tree é o mais eficiente para a consulta em questão. O índice BRIN apresentou desempenho inferior, enquanto o índice GIST não trouxe melhorias significativas. Portanto, a recomendação é manter o índice B-Tree para otimizar as consultas na tabela de telemetria. No entanto, neste ponto, optamos por otimizar a query com base na análise anterior, removendo as CTEs. Mesmo assim, a query ainda não utilizou o índice. Por esse motivo, consideramos importante realizar testes específicos dentro do escopo do nosso projeto, para validar as melhores práticas de otimização."
   ]
  },
  {
   "cell_type": "code",
   "execution_count": null,
   "id": "bb4ca02c",
   "metadata": {},
   "outputs": [],
   "source": [
    "query_optimized = \"\"\"\n",
    "        SELECT \n",
    "                tlm.session_key, \n",
    "                tlm.driver_number,\n",
    "                lap_duration,\n",
    "                CASE \n",
    "                    WHEN tlm.date > laps.date_start AND tlm.date < laps.date_start + INTERVAL '1 second' * laps.duration_sector_1 THEN 'SECTOR 1'\n",
    "                    WHEN tlm.date > (laps.date_start + INTERVAL '1 second' * laps.duration_sector_1) AND tlm.date < (laps.date_start + INTERVAL '1 second' * (laps.duration_sector_1 + laps.duration_sector_2)) THEN 'SECTOR 2'\n",
    "                    WHEN tlm.date > (laps.date_start + INTERVAL '1 second' * (laps.duration_sector_1 + laps.duration_sector_2)) AND (tlm.date <= laps.date_start + INTERVAL '1 second' * (laps.duration_sector_1 + laps.duration_sector_2 + laps.duration_sector_3)) THEN 'SECTOR 3'\n",
    "                END AS sector,\n",
    "                AVG(tlm.speed) AS max_speed\n",
    "            FROM {schema_name}.telemetrys tlm\n",
    "            JOIN {schema_name}.telemetrys_laps tl\n",
    "            ON tlm.session_key = tl.session_key AND tlm.driver_number = tl.driver_number\n",
    "            JOIN (\n",
    "                SELECT \n",
    "                    DISTINCT ON (driver_number, session_key)\n",
    "                    driver_number,\n",
    "                    session_key,\n",
    "                    date_start,\n",
    "                    lap_duration,\n",
    "                    duration_sector_1,\n",
    "                    duration_sector_2,\n",
    "                    duration_sector_3\n",
    "                FROM {schema_name}.laps\n",
    "                WHERE session_key in (\n",
    "                    SELECT session_key \n",
    "                    FROM {schema_name}.sessions\n",
    "                    WHERE session_name = 'Race'\n",
    "                )\n",
    "            ) laps\n",
    "            ON tlm.session_key = laps.session_key AND tlm.driver_number = laps.driver_number AND tlm.date BETWEEN laps.date_start AND laps.date_start + (INTERVAL '1 second' * (laps.duration_sector_1 + laps.duration_sector_2 + laps.duration_sector_3))\n",
    "            GROUP BY tlm.session_key, tlm.driver_number, sector, lap_duration\n",
    "            HAVING lap_duration = MIN(lap_duration)\n",
    "            ORDER BY tlm.session_key, tlm.driver_number, lap_duration, sector ASC\n",
    "\"\"\""
   ]
  },
  {
   "cell_type": "code",
   "execution_count": 25,
   "id": "d059ef67",
   "metadata": {},
   "outputs": [
    {
     "name": "stdout",
     "output_type": "stream",
     "text": [
      " * postgresql+psycopg2://postgresadmin:***@localhost:5000/postgresdb\n",
      "39 rows affected.\n"
     ]
    },
    {
     "data": {
      "text/html": [
       "<table>\n",
       "    <thead>\n",
       "        <tr>\n",
       "            <th>QUERY PLAN</th>\n",
       "        </tr>\n",
       "    </thead>\n",
       "    <tbody>\n",
       "        <tr>\n",
       "            <td>GroupAggregate  (cost=517540.25..543844.88 rows=896 width=56) (actual time=1731.369..1740.513 rows=197 loops=1)</td>\n",
       "        </tr>\n",
       "        <tr>\n",
       "            <td>&nbsp;&nbsp;Group Key: tlm.session_key, tlm.driver_number, laps.lap_duration, (CASE WHEN ((tlm.date &gt; laps.date_start) AND (tlm.date &lt; (laps.date_start + (&#x27;00:00:01&#x27;::interval * laps.duration_sector_1)))) THEN &#x27;SECTOR 1&#x27;::text WHEN ((tlm.date &gt; (laps.date_start + (&#x27;00:00:01&#x27;::interval * laps.duration_sector_1))) AND (tlm.date &lt; (laps.date_start + (&#x27;00:00:01&#x27;::interval * (laps.duration_sector_1 + laps.duration_sector_2))))) THEN &#x27;SECTOR 2&#x27;::text WHEN ((tlm.date &gt; (laps.date_start + (&#x27;00:00:01&#x27;::interval * (laps.duration_sector_1 + laps.duration_sector_2)))) AND (tlm.date &lt;= (laps.date_start + (&#x27;00:00:01&#x27;::interval * ((laps.duration_sector_1 + laps.duration_sector_2) + laps.duration_sector_3))))) THEN &#x27;SECTOR 3&#x27;::text ELSE NULL::text END)</td>\n",
       "        </tr>\n",
       "        <tr>\n",
       "            <td>&nbsp;&nbsp;Filter: (laps.lap_duration = min(laps.lap_duration))</td>\n",
       "        </tr>\n",
       "        <tr>\n",
       "            <td>&nbsp;&nbsp;-&gt;  Gather Merge  (cost=517540.25..538421.41 rows=179289 width=56) (actual time=1731.292..1738.157 rows=25043 loops=1)</td>\n",
       "        </tr>\n",
       "        <tr>\n",
       "            <td>&nbsp;&nbsp;&nbsp;&nbsp;&nbsp;&nbsp;&nbsp;&nbsp;Workers Planned: 2</td>\n",
       "        </tr>\n",
       "        <tr>\n",
       "            <td>&nbsp;&nbsp;&nbsp;&nbsp;&nbsp;&nbsp;&nbsp;&nbsp;Workers Launched: 2</td>\n",
       "        </tr>\n",
       "        <tr>\n",
       "            <td>&nbsp;&nbsp;&nbsp;&nbsp;&nbsp;&nbsp;&nbsp;&nbsp;-&gt;  Sort  (cost=516540.23..516726.99 rows=74704 width=56) (actual time=1711.301..1711.635 rows=8348 loops=3)</td>\n",
       "        </tr>\n",
       "        <tr>\n",
       "            <td>&nbsp;&nbsp;&nbsp;&nbsp;&nbsp;&nbsp;&nbsp;&nbsp;&nbsp;&nbsp;&nbsp;&nbsp;&nbsp;&nbsp;Sort Key: tlm.session_key, tlm.driver_number, laps.lap_duration, (CASE WHEN ((tlm.date &gt; laps.date_start) AND (tlm.date &lt; (laps.date_start + (&#x27;00:00:01&#x27;::interval * laps.duration_sector_1)))) THEN &#x27;SECTOR 1&#x27;::text WHEN ((tlm.date &gt; (laps.date_start + (&#x27;00:00:01&#x27;::interval * laps.duration_sector_1))) AND (tlm.date &lt; (laps.date_start + (&#x27;00:00:01&#x27;::interval * (laps.duration_sector_1 + laps.duration_sector_2))))) THEN &#x27;SECTOR 2&#x27;::text WHEN ((tlm.date &gt; (laps.date_start + (&#x27;00:00:01&#x27;::interval * (laps.duration_sector_1 + laps.duration_sector_2)))) AND (tlm.date &lt;= (laps.date_start + (&#x27;00:00:01&#x27;::interval * ((laps.duration_sector_1 + laps.duration_sector_2) + laps.duration_sector_3))))) THEN &#x27;SECTOR 3&#x27;::text ELSE NULL::text END)</td>\n",
       "        </tr>\n",
       "        <tr>\n",
       "            <td>&nbsp;&nbsp;&nbsp;&nbsp;&nbsp;&nbsp;&nbsp;&nbsp;&nbsp;&nbsp;&nbsp;&nbsp;&nbsp;&nbsp;Sort Method: quicksort  Memory: 1048kB</td>\n",
       "        </tr>\n",
       "        <tr>\n",
       "            <td>&nbsp;&nbsp;&nbsp;&nbsp;&nbsp;&nbsp;&nbsp;&nbsp;&nbsp;&nbsp;&nbsp;&nbsp;&nbsp;&nbsp;Worker 0:  Sort Method: quicksort  Memory: 1033kB</td>\n",
       "        </tr>\n",
       "        <tr>\n",
       "            <td>&nbsp;&nbsp;&nbsp;&nbsp;&nbsp;&nbsp;&nbsp;&nbsp;&nbsp;&nbsp;&nbsp;&nbsp;&nbsp;&nbsp;Worker 1:  Sort Method: quicksort  Memory: 1030kB</td>\n",
       "        </tr>\n",
       "        <tr>\n",
       "            <td>&nbsp;&nbsp;&nbsp;&nbsp;&nbsp;&nbsp;&nbsp;&nbsp;&nbsp;&nbsp;&nbsp;&nbsp;&nbsp;&nbsp;-&gt;  Hash Join  (cost=936.43..507938.35 rows=74704 width=56) (actual time=357.798..1707.988 rows=8348 loops=3)</td>\n",
       "        </tr>\n",
       "        <tr>\n",
       "            <td>&nbsp;&nbsp;&nbsp;&nbsp;&nbsp;&nbsp;&nbsp;&nbsp;&nbsp;&nbsp;&nbsp;&nbsp;&nbsp;&nbsp;&nbsp;&nbsp;&nbsp;&nbsp;&nbsp;&nbsp;Hash Cond: ((tlm.session_key = laps.session_key) AND (tlm.driver_number = laps.driver_number))</td>\n",
       "        </tr>\n",
       "        <tr>\n",
       "            <td>&nbsp;&nbsp;&nbsp;&nbsp;&nbsp;&nbsp;&nbsp;&nbsp;&nbsp;&nbsp;&nbsp;&nbsp;&nbsp;&nbsp;&nbsp;&nbsp;&nbsp;&nbsp;&nbsp;&nbsp;Join Filter: ((tlm.date &gt;= laps.date_start) AND (tlm.date &lt;= (laps.date_start + (&#x27;00:00:01&#x27;::interval * ((laps.duration_sector_1 + laps.duration_sector_2) + laps.duration_sector_3)))))</td>\n",
       "        </tr>\n",
       "        <tr>\n",
       "            <td>&nbsp;&nbsp;&nbsp;&nbsp;&nbsp;&nbsp;&nbsp;&nbsp;&nbsp;&nbsp;&nbsp;&nbsp;&nbsp;&nbsp;&nbsp;&nbsp;&nbsp;&nbsp;&nbsp;&nbsp;Rows Removed by Join Filter: 768977</td>\n",
       "        </tr>\n",
       "        <tr>\n",
       "            <td>&nbsp;&nbsp;&nbsp;&nbsp;&nbsp;&nbsp;&nbsp;&nbsp;&nbsp;&nbsp;&nbsp;&nbsp;&nbsp;&nbsp;&nbsp;&nbsp;&nbsp;&nbsp;&nbsp;&nbsp;-&gt;  Parallel Seq Scan on telemetrys tlm  (cost=0.00..433161.27 rows=13353227 width=24) (actual time=0.128..741.556 rows=10682581 loops=3)</td>\n",
       "        </tr>\n",
       "        <tr>\n",
       "            <td>&nbsp;&nbsp;&nbsp;&nbsp;&nbsp;&nbsp;&nbsp;&nbsp;&nbsp;&nbsp;&nbsp;&nbsp;&nbsp;&nbsp;&nbsp;&nbsp;&nbsp;&nbsp;&nbsp;&nbsp;-&gt;  Hash  (cost=906.22..906.22 rows=2014 width=48) (actual time=288.392..288.396 rows=77 loops=3)</td>\n",
       "        </tr>\n",
       "        <tr>\n",
       "            <td>&nbsp;&nbsp;&nbsp;&nbsp;&nbsp;&nbsp;&nbsp;&nbsp;&nbsp;&nbsp;&nbsp;&nbsp;&nbsp;&nbsp;&nbsp;&nbsp;&nbsp;&nbsp;&nbsp;&nbsp;&nbsp;&nbsp;&nbsp;&nbsp;&nbsp;&nbsp;Buckets: 2048  Batches: 1  Memory Usage: 22kB</td>\n",
       "        </tr>\n",
       "        <tr>\n",
       "            <td>&nbsp;&nbsp;&nbsp;&nbsp;&nbsp;&nbsp;&nbsp;&nbsp;&nbsp;&nbsp;&nbsp;&nbsp;&nbsp;&nbsp;&nbsp;&nbsp;&nbsp;&nbsp;&nbsp;&nbsp;&nbsp;&nbsp;&nbsp;&nbsp;&nbsp;&nbsp;-&gt;  Subquery Scan on laps  (cost=870.98..906.22 rows=2014 width=48) (actual time=288.043..288.375 rows=77 loops=3)</td>\n",
       "        </tr>\n",
       "        <tr>\n",
       "            <td>&nbsp;&nbsp;&nbsp;&nbsp;&nbsp;&nbsp;&nbsp;&nbsp;&nbsp;&nbsp;&nbsp;&nbsp;&nbsp;&nbsp;&nbsp;&nbsp;&nbsp;&nbsp;&nbsp;&nbsp;&nbsp;&nbsp;&nbsp;&nbsp;&nbsp;&nbsp;&nbsp;&nbsp;&nbsp;&nbsp;&nbsp;&nbsp;-&gt;  Unique  (cost=870.98..886.08 rows=2014 width=48) (actual time=288.021..288.345 rows=77 loops=3)</td>\n",
       "        </tr>\n",
       "        <tr>\n",
       "            <td>&nbsp;&nbsp;&nbsp;&nbsp;&nbsp;&nbsp;&nbsp;&nbsp;&nbsp;&nbsp;&nbsp;&nbsp;&nbsp;&nbsp;&nbsp;&nbsp;&nbsp;&nbsp;&nbsp;&nbsp;&nbsp;&nbsp;&nbsp;&nbsp;&nbsp;&nbsp;&nbsp;&nbsp;&nbsp;&nbsp;&nbsp;&nbsp;&nbsp;&nbsp;&nbsp;&nbsp;&nbsp;&nbsp;-&gt;  Sort  (cost=870.98..876.01 rows=2014 width=48) (actual time=288.018..288.191 rows=3604 loops=3)</td>\n",
       "        </tr>\n",
       "        <tr>\n",
       "            <td>&nbsp;&nbsp;&nbsp;&nbsp;&nbsp;&nbsp;&nbsp;&nbsp;&nbsp;&nbsp;&nbsp;&nbsp;&nbsp;&nbsp;&nbsp;&nbsp;&nbsp;&nbsp;&nbsp;&nbsp;&nbsp;&nbsp;&nbsp;&nbsp;&nbsp;&nbsp;&nbsp;&nbsp;&nbsp;&nbsp;&nbsp;&nbsp;&nbsp;&nbsp;&nbsp;&nbsp;&nbsp;&nbsp;&nbsp;&nbsp;&nbsp;&nbsp;&nbsp;&nbsp;Sort Key: laps_1.driver_number, laps_1.session_key</td>\n",
       "        </tr>\n",
       "        <tr>\n",
       "            <td>&nbsp;&nbsp;&nbsp;&nbsp;&nbsp;&nbsp;&nbsp;&nbsp;&nbsp;&nbsp;&nbsp;&nbsp;&nbsp;&nbsp;&nbsp;&nbsp;&nbsp;&nbsp;&nbsp;&nbsp;&nbsp;&nbsp;&nbsp;&nbsp;&nbsp;&nbsp;&nbsp;&nbsp;&nbsp;&nbsp;&nbsp;&nbsp;&nbsp;&nbsp;&nbsp;&nbsp;&nbsp;&nbsp;&nbsp;&nbsp;&nbsp;&nbsp;&nbsp;&nbsp;Sort Method: quicksort  Memory: 404kB</td>\n",
       "        </tr>\n",
       "        <tr>\n",
       "            <td>&nbsp;&nbsp;&nbsp;&nbsp;&nbsp;&nbsp;&nbsp;&nbsp;&nbsp;&nbsp;&nbsp;&nbsp;&nbsp;&nbsp;&nbsp;&nbsp;&nbsp;&nbsp;&nbsp;&nbsp;&nbsp;&nbsp;&nbsp;&nbsp;&nbsp;&nbsp;&nbsp;&nbsp;&nbsp;&nbsp;&nbsp;&nbsp;&nbsp;&nbsp;&nbsp;&nbsp;&nbsp;&nbsp;&nbsp;&nbsp;&nbsp;&nbsp;&nbsp;&nbsp;Worker 0:  Sort Method: quicksort  Memory: 404kB</td>\n",
       "        </tr>\n",
       "        <tr>\n",
       "            <td>&nbsp;&nbsp;&nbsp;&nbsp;&nbsp;&nbsp;&nbsp;&nbsp;&nbsp;&nbsp;&nbsp;&nbsp;&nbsp;&nbsp;&nbsp;&nbsp;&nbsp;&nbsp;&nbsp;&nbsp;&nbsp;&nbsp;&nbsp;&nbsp;&nbsp;&nbsp;&nbsp;&nbsp;&nbsp;&nbsp;&nbsp;&nbsp;&nbsp;&nbsp;&nbsp;&nbsp;&nbsp;&nbsp;&nbsp;&nbsp;&nbsp;&nbsp;&nbsp;&nbsp;Worker 1:  Sort Method: quicksort  Memory: 404kB</td>\n",
       "        </tr>\n",
       "        <tr>\n",
       "            <td>&nbsp;&nbsp;&nbsp;&nbsp;&nbsp;&nbsp;&nbsp;&nbsp;&nbsp;&nbsp;&nbsp;&nbsp;&nbsp;&nbsp;&nbsp;&nbsp;&nbsp;&nbsp;&nbsp;&nbsp;&nbsp;&nbsp;&nbsp;&nbsp;&nbsp;&nbsp;&nbsp;&nbsp;&nbsp;&nbsp;&nbsp;&nbsp;&nbsp;&nbsp;&nbsp;&nbsp;&nbsp;&nbsp;&nbsp;&nbsp;&nbsp;&nbsp;&nbsp;&nbsp;-&gt;  Hash Join  (cost=3.31..760.45 rows=2014 width=48) (actual time=283.600..287.184 rows=3604 loops=3)</td>\n",
       "        </tr>\n",
       "        <tr>\n",
       "            <td>&nbsp;&nbsp;&nbsp;&nbsp;&nbsp;&nbsp;&nbsp;&nbsp;&nbsp;&nbsp;&nbsp;&nbsp;&nbsp;&nbsp;&nbsp;&nbsp;&nbsp;&nbsp;&nbsp;&nbsp;&nbsp;&nbsp;&nbsp;&nbsp;&nbsp;&nbsp;&nbsp;&nbsp;&nbsp;&nbsp;&nbsp;&nbsp;&nbsp;&nbsp;&nbsp;&nbsp;&nbsp;&nbsp;&nbsp;&nbsp;&nbsp;&nbsp;&nbsp;&nbsp;&nbsp;&nbsp;&nbsp;&nbsp;&nbsp;&nbsp;Hash Cond: (laps_1.session_key = sessions.session_key)</td>\n",
       "        </tr>\n",
       "        <tr>\n",
       "            <td>&nbsp;&nbsp;&nbsp;&nbsp;&nbsp;&nbsp;&nbsp;&nbsp;&nbsp;&nbsp;&nbsp;&nbsp;&nbsp;&nbsp;&nbsp;&nbsp;&nbsp;&nbsp;&nbsp;&nbsp;&nbsp;&nbsp;&nbsp;&nbsp;&nbsp;&nbsp;&nbsp;&nbsp;&nbsp;&nbsp;&nbsp;&nbsp;&nbsp;&nbsp;&nbsp;&nbsp;&nbsp;&nbsp;&nbsp;&nbsp;&nbsp;&nbsp;&nbsp;&nbsp;&nbsp;&nbsp;&nbsp;&nbsp;&nbsp;&nbsp;-&gt;  Seq Scan on laps laps_1  (cost=0.00..679.93 rows=28193 width=48) (actual time=0.013..1.741 rows=28193 loops=3)</td>\n",
       "        </tr>\n",
       "        <tr>\n",
       "            <td>&nbsp;&nbsp;&nbsp;&nbsp;&nbsp;&nbsp;&nbsp;&nbsp;&nbsp;&nbsp;&nbsp;&nbsp;&nbsp;&nbsp;&nbsp;&nbsp;&nbsp;&nbsp;&nbsp;&nbsp;&nbsp;&nbsp;&nbsp;&nbsp;&nbsp;&nbsp;&nbsp;&nbsp;&nbsp;&nbsp;&nbsp;&nbsp;&nbsp;&nbsp;&nbsp;&nbsp;&nbsp;&nbsp;&nbsp;&nbsp;&nbsp;&nbsp;&nbsp;&nbsp;&nbsp;&nbsp;&nbsp;&nbsp;&nbsp;&nbsp;-&gt;  Hash  (cost=3.23..3.23 rows=7 width=4) (actual time=283.570..283.571 rows=7 loops=3)</td>\n",
       "        </tr>\n",
       "        <tr>\n",
       "            <td>&nbsp;&nbsp;&nbsp;&nbsp;&nbsp;&nbsp;&nbsp;&nbsp;&nbsp;&nbsp;&nbsp;&nbsp;&nbsp;&nbsp;&nbsp;&nbsp;&nbsp;&nbsp;&nbsp;&nbsp;&nbsp;&nbsp;&nbsp;&nbsp;&nbsp;&nbsp;&nbsp;&nbsp;&nbsp;&nbsp;&nbsp;&nbsp;&nbsp;&nbsp;&nbsp;&nbsp;&nbsp;&nbsp;&nbsp;&nbsp;&nbsp;&nbsp;&nbsp;&nbsp;&nbsp;&nbsp;&nbsp;&nbsp;&nbsp;&nbsp;&nbsp;&nbsp;&nbsp;&nbsp;&nbsp;&nbsp;Buckets: 1024  Batches: 1  Memory Usage: 9kB</td>\n",
       "        </tr>\n",
       "        <tr>\n",
       "            <td>&nbsp;&nbsp;&nbsp;&nbsp;&nbsp;&nbsp;&nbsp;&nbsp;&nbsp;&nbsp;&nbsp;&nbsp;&nbsp;&nbsp;&nbsp;&nbsp;&nbsp;&nbsp;&nbsp;&nbsp;&nbsp;&nbsp;&nbsp;&nbsp;&nbsp;&nbsp;&nbsp;&nbsp;&nbsp;&nbsp;&nbsp;&nbsp;&nbsp;&nbsp;&nbsp;&nbsp;&nbsp;&nbsp;&nbsp;&nbsp;&nbsp;&nbsp;&nbsp;&nbsp;&nbsp;&nbsp;&nbsp;&nbsp;&nbsp;&nbsp;&nbsp;&nbsp;&nbsp;&nbsp;&nbsp;&nbsp;-&gt;  Seq Scan on sessions  (cost=0.00..3.23 rows=7 width=4) (actual time=283.542..283.557 rows=7 loops=3)</td>\n",
       "        </tr>\n",
       "        <tr>\n",
       "            <td>&nbsp;&nbsp;&nbsp;&nbsp;&nbsp;&nbsp;&nbsp;&nbsp;&nbsp;&nbsp;&nbsp;&nbsp;&nbsp;&nbsp;&nbsp;&nbsp;&nbsp;&nbsp;&nbsp;&nbsp;&nbsp;&nbsp;&nbsp;&nbsp;&nbsp;&nbsp;&nbsp;&nbsp;&nbsp;&nbsp;&nbsp;&nbsp;&nbsp;&nbsp;&nbsp;&nbsp;&nbsp;&nbsp;&nbsp;&nbsp;&nbsp;&nbsp;&nbsp;&nbsp;&nbsp;&nbsp;&nbsp;&nbsp;&nbsp;&nbsp;&nbsp;&nbsp;&nbsp;&nbsp;&nbsp;&nbsp;&nbsp;&nbsp;&nbsp;&nbsp;&nbsp;&nbsp;Filter: ((session_name)::text = &#x27;Race&#x27;::text)</td>\n",
       "        </tr>\n",
       "        <tr>\n",
       "            <td>&nbsp;&nbsp;&nbsp;&nbsp;&nbsp;&nbsp;&nbsp;&nbsp;&nbsp;&nbsp;&nbsp;&nbsp;&nbsp;&nbsp;&nbsp;&nbsp;&nbsp;&nbsp;&nbsp;&nbsp;&nbsp;&nbsp;&nbsp;&nbsp;&nbsp;&nbsp;&nbsp;&nbsp;&nbsp;&nbsp;&nbsp;&nbsp;&nbsp;&nbsp;&nbsp;&nbsp;&nbsp;&nbsp;&nbsp;&nbsp;&nbsp;&nbsp;&nbsp;&nbsp;&nbsp;&nbsp;&nbsp;&nbsp;&nbsp;&nbsp;&nbsp;&nbsp;&nbsp;&nbsp;&nbsp;&nbsp;&nbsp;&nbsp;&nbsp;&nbsp;&nbsp;&nbsp;Rows Removed by Filter: 91</td>\n",
       "        </tr>\n",
       "        <tr>\n",
       "            <td>Planning Time: 0.840 ms</td>\n",
       "        </tr>\n",
       "        <tr>\n",
       "            <td>JIT:</td>\n",
       "        </tr>\n",
       "        <tr>\n",
       "            <td>&nbsp;&nbsp;Functions: 94</td>\n",
       "        </tr>\n",
       "        <tr>\n",
       "            <td>&nbsp;&nbsp;Options: Inlining true, Optimization true, Expressions true, Deforming true</td>\n",
       "        </tr>\n",
       "        <tr>\n",
       "            <td>&nbsp;&nbsp;Timing: Generation 26.963 ms, Inlining 154.111 ms, Optimization 405.692 ms, Emission 290.990 ms, Total 877.756 ms</td>\n",
       "        </tr>\n",
       "        <tr>\n",
       "            <td>Execution Time: 1763.753 ms</td>\n",
       "        </tr>\n",
       "    </tbody>\n",
       "</table>"
      ],
      "text/plain": [
       "[('GroupAggregate  (cost=517540.25..543844.88 rows=896 width=56) (actual time=1731.369..1740.513 rows=197 loops=1)',),\n",
       " (\"  Group Key: tlm.session_key, tlm.driver_number, laps.lap_duration, (CASE WHEN ((tlm.date > laps.date_start) AND (tlm.date < (laps.date_start + ('00: ... (438 characters truncated) ... + ('00:00:01'::interval * ((laps.duration_sector_1 + laps.duration_sector_2) + laps.duration_sector_3))))) THEN 'SECTOR 3'::text ELSE NULL::text END)\",),\n",
       " ('  Filter: (laps.lap_duration = min(laps.lap_duration))',),\n",
       " ('  ->  Gather Merge  (cost=517540.25..538421.41 rows=179289 width=56) (actual time=1731.292..1738.157 rows=25043 loops=1)',),\n",
       " ('        Workers Planned: 2',),\n",
       " ('        Workers Launched: 2',),\n",
       " ('        ->  Sort  (cost=516540.23..516726.99 rows=74704 width=56) (actual time=1711.301..1711.635 rows=8348 loops=3)',),\n",
       " (\"              Sort Key: tlm.session_key, tlm.driver_number, laps.lap_duration, (CASE WHEN ((tlm.date > laps.date_start) AND (tlm.date < (laps.date_st ... (449 characters truncated) ... + ('00:00:01'::interval * ((laps.duration_sector_1 + laps.duration_sector_2) + laps.duration_sector_3))))) THEN 'SECTOR 3'::text ELSE NULL::text END)\",),\n",
       " ('              Sort Method: quicksort  Memory: 1048kB',),\n",
       " ('              Worker 0:  Sort Method: quicksort  Memory: 1033kB',),\n",
       " ('              Worker 1:  Sort Method: quicksort  Memory: 1030kB',),\n",
       " ('              ->  Hash Join  (cost=936.43..507938.35 rows=74704 width=56) (actual time=357.798..1707.988 rows=8348 loops=3)',),\n",
       " ('                    Hash Cond: ((tlm.session_key = laps.session_key) AND (tlm.driver_number = laps.driver_number))',),\n",
       " (\"                    Join Filter: ((tlm.date >= laps.date_start) AND (tlm.date <= (laps.date_start + ('00:00:01'::interval * ((laps.duration_sector_1 + laps.duration_sector_2) + laps.duration_sector_3)))))\",),\n",
       " ('                    Rows Removed by Join Filter: 768977',),\n",
       " ('                    ->  Parallel Seq Scan on telemetrys tlm  (cost=0.00..433161.27 rows=13353227 width=24) (actual time=0.128..741.556 rows=10682581 loops=3)',),\n",
       " ('                    ->  Hash  (cost=906.22..906.22 rows=2014 width=48) (actual time=288.392..288.396 rows=77 loops=3)',),\n",
       " ('                          Buckets: 2048  Batches: 1  Memory Usage: 22kB',),\n",
       " ('                          ->  Subquery Scan on laps  (cost=870.98..906.22 rows=2014 width=48) (actual time=288.043..288.375 rows=77 loops=3)',),\n",
       " ('                                ->  Unique  (cost=870.98..886.08 rows=2014 width=48) (actual time=288.021..288.345 rows=77 loops=3)',),\n",
       " ('                                      ->  Sort  (cost=870.98..876.01 rows=2014 width=48) (actual time=288.018..288.191 rows=3604 loops=3)',),\n",
       " ('                                            Sort Key: laps_1.driver_number, laps_1.session_key',),\n",
       " ('                                            Sort Method: quicksort  Memory: 404kB',),\n",
       " ('                                            Worker 0:  Sort Method: quicksort  Memory: 404kB',),\n",
       " ('                                            Worker 1:  Sort Method: quicksort  Memory: 404kB',),\n",
       " ('                                            ->  Hash Join  (cost=3.31..760.45 rows=2014 width=48) (actual time=283.600..287.184 rows=3604 loops=3)',),\n",
       " ('                                                  Hash Cond: (laps_1.session_key = sessions.session_key)',),\n",
       " ('                                                  ->  Seq Scan on laps laps_1  (cost=0.00..679.93 rows=28193 width=48) (actual time=0.013..1.741 rows=28193 loops=3)',),\n",
       " ('                                                  ->  Hash  (cost=3.23..3.23 rows=7 width=4) (actual time=283.570..283.571 rows=7 loops=3)',),\n",
       " ('                                                        Buckets: 1024  Batches: 1  Memory Usage: 9kB',),\n",
       " ('                                                        ->  Seq Scan on sessions  (cost=0.00..3.23 rows=7 width=4) (actual time=283.542..283.557 rows=7 loops=3)',),\n",
       " (\"                                                              Filter: ((session_name)::text = 'Race'::text)\",),\n",
       " ('                                                              Rows Removed by Filter: 91',),\n",
       " ('Planning Time: 0.840 ms',),\n",
       " ('JIT:',),\n",
       " ('  Functions: 94',),\n",
       " ('  Options: Inlining true, Optimization true, Expressions true, Deforming true',),\n",
       " ('  Timing: Generation 26.963 ms, Inlining 154.111 ms, Optimization 405.692 ms, Emission 290.990 ms, Total 877.756 ms',),\n",
       " ('Execution Time: 1763.753 ms',)]"
      ]
     },
     "execution_count": 25,
     "metadata": {},
     "output_type": "execute_result"
    }
   ],
   "source": [
    "%sql EXPLAIN ANALYZE $query_optimized"
   ]
  },
  {
   "cell_type": "code",
   "execution_count": 26,
   "id": "7f98185f",
   "metadata": {},
   "outputs": [
    {
     "name": "stderr",
     "output_type": "stream",
     "text": [
      "100%|██████████| 100/100 [00:03<00:00, 26.71it/s]"
     ]
    },
    {
     "name": "stdout",
     "output_type": "stream",
     "text": [
      "Mean: 0.037033 s\n",
      "Median: 0.035581 s\n",
      "Std Dev: 0.004465 s\n",
      "Min: 0.031245 s\n",
      "Max: 0.054931 s\n"
     ]
    },
    {
     "name": "stderr",
     "output_type": "stream",
     "text": [
      "\n"
     ]
    }
   ],
   "source": [
    "duration_query_optimized = []\n",
    "\n",
    "for _ in tqdm(range(100)):\n",
    "    start = time.time()\n",
    "    _ = pd.read_sql(first_query, DATABASE_URL)\n",
    "    end = time.time()\n",
    "    \n",
    "    duration_query_optimized.append(end - start)\n",
    "    \n",
    "get_statistics(duration_query_optimized)"
   ]
  },
  {
   "cell_type": "markdown",
   "id": "ef39341c",
   "metadata": {},
   "source": [
    "## Gráficos de desempenho\n",
    "---"
   ]
  },
  {
   "cell_type": "code",
   "execution_count": 29,
   "id": "f192fdc0",
   "metadata": {},
   "outputs": [
    {
     "data": {
      "image/png": "iVBORw0KGgoAAAANSUhEUgAAArMAAAHFCAYAAADhdHFaAAAAOXRFWHRTb2Z0d2FyZQBNYXRwbG90bGliIHZlcnNpb24zLjkuMCwgaHR0cHM6Ly9tYXRwbG90bGliLm9yZy80BEi2AAAACXBIWXMAAA9hAAAPYQGoP6dpAAA5vElEQVR4nO3deXQUVf7+8adZ0gGyyJINiCEhCLIjqAQcAhoIi0D8qiAzGkAEfgjKIgJhZpBFjQ6CgCgRGYgjosgiMIyA7IigyBJFBWQPYMJuQgKTQFK/Pzz00Gah0+mkU/p+nVPnpG/fqvpU200eb27dthiGYQgAAAAwoXLuLgAAAABwFmEWAAAApkWYBQAAgGkRZgEAAGBahFkAAACYFmEWAAAApkWYBQAAgGkRZgEAAGBahFkAAACYFmEWAGAq27dv12uvvabs7Gx3lwKgDCDMAgBMIzk5WY8++qjq168vDw8Pd5cDoAywGIZhuLsIAEBe27Zt05YtWzR8+HD5+vq6u5wyYeXKlZKknj17urkSAGUFI7MA/jCys7PVvn17Va1aVf/4xz906tQp3XHHHe4uK18nT55UTEyMvL29HQ6yderUUb9+/WyPt2zZIovFoi1btpRMkW7Qs2dPlwfZ/F6nfv36qU6dOi49D4CSQZgFcFuJiYmyWCy2zdPTUzVr1lR0dLRmzZqlK1euuLtEh2zYsEGpqakaN26cZsyYoZCQED3zzDMuPcetr9X27dvzPG8YhoKDg2WxWPTwww/ne4zr16+rd+/e6tevn0aOHOnS+sxu4sSJslgsunDhgrtLAVBGVHB3AQDMY/LkyQoNDdX169eVmpqqLVu2aMSIEZo+fbpWrVqlpk2burvEQv3pT3/Stm3b5O/vr1GjRunixYsKDAwskXN5enpq0aJFeuCBB+zat27dqtOnT8tqtRa47w8//KAnnnhCw4cPL1YN7dq107Vr15hb6oT33ntPubm57i4DgAMIswAc1qVLF7Vq1cr2OC4uTps2bdLDDz+sHj166MCBA6pUqVKxz3Pjxg3l5ua6PIR5e3vL29tbklSxYsUSC7KS1LVrVy1ZskSzZs1ShQr/+6d20aJFatmyZaEji82bN1fz5s2LXUO5cuXk6elZ7OOUtqtXr6py5cpuraFixYpuPT8AxzHNAECxPPjgg/r73/+ukydPauHChbb29u3bq3379nn6/3Yu4okTJ2SxWPTGG29oxowZqlu3rqxWq3788UdlZ2drwoQJatmypXx9fVWlShX96U9/0ubNm/McNzc3VzNnzlSTJk3k6ekpPz8/de7cWbt377b1+ec//6kHH3xQ/v7+slqtatiwoebMmZPvdb3zzjtq1KiRrFaratasqaFDh+qXX35x+HXp06ePLl68qPXr19vasrOztXTpUv35z3/Od5/c3FzNmDFDjRo1kqenpwICAjR48GBdvnzZrp9hGHr55ZdVu3ZtVa5cWR06dNAPP/yQ53j5zQX94osv9Pjjj+vOO++U1WpVcHCwRo4cqWvXrt32mm5Oodi2bZsGDx6s6tWry8fHR7GxsXlqlBx7Ddu3b6/GjRtrz549ateunSpXrqzx48fftpb8jvHjjz+qQ4cOqly5smrVqqV//OMfefqePn1aMTExqlKlivz9/TVy5EhlZWXl6ZffnFlH3mOStHDhQrVs2VKVKlVStWrV9MQTT+jUqVNFuiYAjiPMAii2p556SpL0+eefO32MBQsW6K233tKgQYM0bdo0VatWTenp6Zo3b57at2+v119/XRMnTtT58+cVHR2tpKQku/0HDBigESNGKDg4WK+//rrGjRsnT09PffXVV7Y+77zzjurUqaPx48dr2rRpCg4O1rPPPqu3337b7lgTJ07U0KFDVbNmTU2bNk2PPvqo3n33XXXq1EnXr1936Hrq1KmjiIgIffTRR7a2NWvWKC0tTU888US++wwePFgvvvii2rZtq5kzZ6p///768MMPFR0dbXfeCRMm6O9//7uaNWumqVOnKiwsTJ06dVJmZuZt61qyZImuXr2qIUOG6K233lJ0dLTeeustxcbGOnRdkjRs2DAdOHBAEydOVGxsrD788EPFxMTo1sVxivIaXrx4UV26dFHz5s01Y8YMdejQweFabrp8+bI6d+6sZs2aadq0aWrQoIHGjh2rNWvW2Ppcu3ZNDz30kNatW6dhw4bpr3/9q7744guNGTPGoXM48h575ZVXFBsbq3r16mn69OkaMWKENm7cqHbt2hXpf4YAFIEBALexYMECQ5LxzTffFNjH19fXaNGihe1xZGSkERkZmadf3759jZCQENvj48ePG5IMHx8f49y5c3Z9b9y4YWRlZdm1Xb582QgICDCefvppW9umTZsMScbzzz+f53y5ubm2nzMzM/M8Hx0dbYSFhdkenzt3zvDw8DA6depk5OTk2Npnz55tSDLmz5+fz9X/z62v1ezZsw1vb2/j6tWrhmEYxuOPP2506NDBMAzDCAkJMbp162bb74svvjAkGR9++KHd8dauXWvXfrO+bt262V3b+PHjDUlG3759bW2bN282JBmbN2+2td2s5Vbx8fGGxWIxTp486dC1tWzZ0sjOzra1/+Mf/zAkGStXrrSr0ZHXMDIy0pBkJCQkFHrum1566SVDknH+/Pk8x/jXv/5la8vKyjICAwONRx991NY2Y8YMQ5LxySef2NoyMzON8PDwPK/Tb9+njrzHTpw4YZQvX9545ZVX7J7fv3+/UaFChTztAFyDkVkALuHl5VWsVQ0effRR+fn52bWVL1/eNm82NzdXly5d0o0bN9SqVSvt3bvX1m/ZsmWyWCx66aWX8hzXYrHYfr51HmZaWpouXLigyMhIHTt2TGlpaZJ+XfEgOztbI0aMULly//sncuDAgfLx8dF//vMfh6+pV69eunbtmlavXq0rV65o9erVBU4xWLJkiXx9fdWxY0dduHDBtrVs2VJeXl62qRU363vuuefsrm3EiBEO1XTrnObMzExduHBBbdq0kWEY2rdvn0PHGDRokN2c0iFDhqhChQr67LPP7Gp09DW0Wq3q37+/Q+cuiJeXl5588knbYw8PD9133306duyYre2zzz5TUFCQHnvsMVtb5cqVNWjQoNse35H32PLly5Wbm6tevXrZ/TcMDAxUvXr18p0eA6D4uAEMgEtkZGTI39/f6f1DQ0PzbX///fc1bdo0HTx40O7P07f2P3r0qGrWrKlq1aoVeo4vv/xSL730knbu3KmrV6/aPZeWliZfX1+dPHlSklS/fn275z08PBQWFmZ73hF+fn6KiorSokWLdPXqVeXk5NgFqVsdPnxYaWlpBb6G586dkyTb+evVq5fnXFWrVr1tTcnJyZowYYJWrVqVZ57rzUB/O789t5eXl4KCgnTixAm7Gh19DWvVqlXsm/1q165tF+4lqWrVqvruu+9sj0+ePKnw8PA8/X5bZ34ceY8dPnxYhmHkeX1u4qYyoGQQZgEU2+nTp5WWlqbw8HBbm8VisZtDeVNOTk6+x8hvFYSFCxeqX79+iomJ0Ysvvih/f3+VL19e8fHxOnr0aJFqPHr0qB566CE1aNBA06dPV3BwsDw8PPTZZ5/pzTffLLFlmP785z9r4MCBSk1NVZcuXQr8kobc3Fz5+/vrww8/zPf5345aOyMnJ0cdO3bUpUuXNHbsWDVo0EBVqlTRmTNn1K9fP7ctReWKFTDKly+fb3t+78GSkpubK4vFojVr1uRbj5eXV6nVAvyREGYBFNsHH3wgSYqOjra1Va1a1e5PvDcVZWRz6dKlCgsL0/Lly+1G0377p966detq3bp1unTpUoEjZ//+97+VlZWlVatW6c4777S1//ZPvyEhIZKkQ4cOKSwszNaenZ2t48ePKyoqyuH6JemRRx7R4MGD9dVXX2nx4sUF9qtbt642bNigtm3bFhrubtZ3+PBhu/rOnz+f74oCt9q/f79++uknvf/++3Y3fN264oIjDh8+bHeTVkZGhlJSUtS1a1e7Gl31GrpKSEiIvv/+exmGYfd+OnTo0G33deQ9VrduXRmGodDQUN11110uqxtA4ZgzC6BYNm3apClTpig0NFR/+ctfbO1169bVwYMHdf78eVvbt99+qy+//NLhY98c3bp1dO3rr7/Wzp077fo9+uijMgxDkyZNynOMm/vmd6y0tDQtWLDArn9UVJQ8PDw0a9Ysu77//Oc/lZaWpm7dujlcv/TraNycOXM0ceJEde/evcB+vXr1Uk5OjqZMmZLnuRs3btjuhI+KilLFihX11ltv2dU3Y8aM29aS32tgGIZmzpzp4NX8au7cuXZTPubMmaMbN26oS5cuthpd+Rq6SteuXfXzzz9r6dKltrarV69q7ty5t93XkffY//3f/6l8+fKaNGlSnhFhwzB08eLFYl4BgPwwMgvAYWvWrNHBgwd148YNnT17Vps2bdL69esVEhKiVatW2S3Q//TTT2v69OmKjo7WgAEDdO7cOSUkJKhRo0ZKT0936HwPP/ywli9frkceeUTdunXT8ePHlZCQoIYNGyojI8PWr0OHDnrqqac0a9YsHT58WJ07d1Zubq6++OILdejQQcOGDVOnTp3k4eGh7t27a/DgwcrIyNB7770nf39/paSk2I7l5+enuLg4TZo0SZ07d1aPHj106NAhvfPOO7r33nvtbjJyVN++fW/bJzIyUoMHD1Z8fLySkpLUqVMnVaxYUYcPH9aSJUs0c+ZMPfbYY/Lz89Po0aMVHx+vhx9+WF27dtW+ffu0Zs0a1ahRo9BzNGjQQHXr1tXo0aN15swZ+fj4aNmyZbcd0f2t7OxsPfTQQ+rVq5fttXnggQfUo0cPSSXzGrrCwIEDNXv2bMXGxmrPnj0KCgrSBx984NAXNDjyHqtbt65efvllxcXF6cSJE4qJiZG3t7eOHz+uTz/9VIMGDdLo0aNL4UqBP5hSXj0BgAndXJLp5ubh4WEEBgYaHTt2NGbOnGmkp6fnu9/ChQuNsLAww8PDw2jevLmxbt26Apfmmjp1ap79c3NzjVdffdUICQkxrFar0aJFC2P16tV5jmEYvy7jNXXqVKNBgwa2Ort06WLs2bPH1mfVqlVG06ZNDU9PT6NOnTrG66+/bsyfP9+QZBw/ftzueLNnzzYaNGhgVKxY0QgICDCGDBliXL582eHXqrBlzAwj79JcN82dO9do2bKlUalSJcPb29to0qSJMWbMGOPnn3+29cnJyTEmTZpkBAUFGZUqVTLat29vfP/990ZISMhtl+b68ccfjaioKMPLy8uoUaOGMXDgQOPbb781JBkLFixw6Nq2bt1qDBo0yKhatarh5eVl/OUvfzEuXryYp78jr2FkZKTRqFGjQs97q4KW5srvGPm9T06ePGn06NHDqFy5slGjRg1j+PDhtuXPCluayzDs32MeHh6Gn59fnveYYRjGsmXLjAceeMCoUqWKUaVKFaNBgwbG0KFDjUOHDjl8nQAcZzGMUpwdDwClYPv27Ro7dmyRpjTg9hITE9W/f3998803dl9rDADuxJxZAL87DzzwgA4cOJDvDWgAgN8X5swC+N04f/685s+fL+nXm7tunVcLAPh9IswC+N3IycnRrFmzdPnyZT355JNq2rSpu0sCAJQwt04zmDNnjpo2bSofHx/5+PgoIiJCa9asKXSfJUuWqEGDBvL09FSTJk1sX58IAIGBgTpz5oyuXr2q999/393l/O7069dPhmEwXxZAmeLWMFu7dm299tpr2rNnj3bv3q0HH3xQPXv21A8//JBv/x07dqhPnz4aMGCA9u3bp5iYGMXExOj7778v5coBAABQFpS51QyqVaumqVOnasCAAXme6927tzIzM7V69WpbW+vWrdW8eXMlJCQ4fI7c3Fz9/PPP8vb2zvMd3QAAAHA/wzB05coV1axZU+XKFTz+WmbmzObk5GjJkiXKzMxUREREvn127typUaNG2bVFR0drxYoVhR47KytLWVlZtsdnzpxRw4YNi10zAAAAStapU6dUu3btAp93e5jdv3+/IiIi9N///ldeXl769NNPCwyaqampCggIsGsLCAhQampqoeeIj4/P9ysIT506JR8fH+eLBwAAQIlIT09XcHCwvL29C+3n9jBbv359JSUlKS0tTUuXLlXfvn21detWl46cxsXF2Y3o3nxxbt54BgAAgLLpdlNC3R5mPTw8FB4eLklq2bKlvvnmG82cOVPvvvtunr6BgYE6e/asXdvZs2cVGBhY6DmsVqusVqvrigYAAECZUOa+ASw3N9dufuutIiIitHHjRru29evXFzjHFgAAAL9vbh2ZjYuLU5cuXXTnnXfqypUrWrRokbZs2aJ169ZJkmJjY1WrVi3Fx8dLkoYPH67IyEhNmzZN3bp108cff6zdu3dr7ty57rwMAAAAuIlbw+y5c+cUGxurlJQU+fr6qmnTplq3bp06duwoSUpOTrZbiqFNmzZatGiR/va3v2n8+PGqV6+eVqxYocaNG7vrEgAAAOBGZW6d2dKQnp4uX19fpaWlcQMYAABAGeRoXitzc2YBAAAARxFmAQAAYFqEWQAAAJgWYRYAAACmRZgFAACAaRFmAQAAYFqEWQAAAJgWYRYAAACmRZgFAACAaRFmAQAAYFqEWQAAAJhWBXcXAAAAHHN+XRt3l4A/OL/oHe4uIQ9GZgEAAGBahFkAAACYFmEWAAAApkWYBQAAgGkRZgEAAGBahFkAAACYFmEWAAAApkWYBQAAgGkRZgEAAGBahFkAAACYFmEWAAAApkWYBQAAgGkRZgEAAGBahFkAAACYFmEWAAAApkWYBQAAgGkRZgEAAGBahFkAAACYFmEWAAAApkWYBQAAgGkRZgEAAGBahFkAAACYFmEWAAAApkWYBQAAgGkRZgEAAGBahFkAAACYFmEWAAAApkWYBQAAgGkRZgEAAGBahFkAAACYFmEWAAAApkWYBQAAgGkRZgEAAGBahFkAAACYFmEWAAAApkWYBQAAgGkRZgEAAGBahFkAAACYFmEWAAAApkWYBQAAgGkRZgEAAGBabg2z8fHxuvfee+Xt7S1/f3/FxMTo0KFDhe6TmJgoi8Vit3l6epZSxQAAAChL3Bpmt27dqqFDh+qrr77S+vXrdf36dXXq1EmZmZmF7ufj46OUlBTbdvLkyVKqGAAAAGVJBXeefO3atXaPExMT5e/vrz179qhdu3YF7mexWBQYGFjS5QEAAKCMK1NzZtPS0iRJ1apVK7RfRkaGQkJCFBwcrJ49e+qHH34otH9WVpbS09PtNgAAAJhfmQmzubm5GjFihNq2bavGjRsX2K9+/fqaP3++Vq5cqYULFyo3N1dt2rTR6dOnC9wnPj5evr6+ti04OLgkLgEAAAClzGIYhuHuIiRpyJAhWrNmjbZv367atWs7vN/169d19913q0+fPpoyZUq+fbKyspSVlWV7nJ6eruDgYKWlpcnHx6fYtQMAUBrOr2vj7hLwB+cXvaPUzpWeni5fX9/b5jW3zpm9adiwYVq9erW2bdtWpCArSRUrVlSLFi105MiRAvtYrVZZrdbilgkAAIAyxq3TDAzD0LBhw/Tpp59q06ZNCg0NLfIxcnJytH//fgUFBZVAhQAAACjL3DoyO3ToUC1atEgrV66Ut7e3UlNTJUm+vr6qVKmSJCk2Nla1atVSfHy8JGny5Mlq3bq1wsPD9csvv2jq1Kk6efKknnnmGbddBwAAANzDrWF2zpw5kqT27dvbtS9YsED9+vWTJCUnJ6tcuf8NIF++fFkDBw5UamqqqlatqpYtW2rHjh1q2LBhaZUNAACAMqLM3ABWmhydUAwAQFnCDWBwt7J4A1iZWZoLAAAAKCrCLAAAAEyLMAsAAADTIswCAADAtAizAAAAMC3CLAAAAEyLMAsAAADTIswCAADAtAizAAAAMC3CLAAAAEyLMAsAAADTIswCAADAtAizAAAAMC3CLAAAAEyLMAsAAADTIswCAADAtAizAAAAMC3CLAAAAEyLMAsAAADTIswCAADAtAizAAAAMC3CLAAAAEyLMAsAAADTIswCAADAtAizAAAAMC3CLAAAAEyLMAsAAADTIswCAADAtAizAAAAMC3CLAAAAEyLMAsAAADTIswCAADAtAizAAAAMC3CLAAAAEyLMAsAAADTIswCAADAtAizAAAAMC3CLAAAAEyLMAsAAADTIswCAADAtAizAAAAMC3CLAAAAEyLMAsAAADTIswCAADAtAizAAAAMC3CLAAAAEyLMAsAAADTIswCAADAtAizAAAAMC3CLAAAAEyLMAsAAADTIswCAADAtAizAAAAMC23htn4+Hjde++98vb2lr+/v2JiYnTo0KHb7rdkyRI1aNBAnp6eatKkiT777LNSqBYAAABljVvD7NatWzV06FB99dVXWr9+va5fv65OnTopMzOzwH127NihPn36aMCAAdq3b59iYmIUExOj77//vhQrBwAAQFlgMQzDcHcRN50/f17+/v7aunWr2rVrl2+f3r17KzMzU6tXr7a1tW7dWs2bN1dCQoJD50lPT5evr6/S0tLk4+PjktoBAChp59e1cXcJ+IPzi95RaudyNK+VqTmzaWlpkqRq1aoV2Gfnzp2Kioqya4uOjtbOnTsL3CcrK0vp6el2GwAAAMyvzITZ3NxcjRgxQm3btlXjxo0L7JeamqqAgAC7toCAAKWmpha4T3x8vHx9fW1bcHCwy+oGAACA+5SZMDt06FB9//33+vjjj11+7Li4OKWlpdm2U6dOufwcAAAAKH0V3F2AJA0bNkyrV6/Wtm3bVLt27UL7BgYG6uzZs3ZtZ8+eVWBgYIH7WK1WWa1Wl9QKAACAssOtI7OGYWjYsGH69NNPtWnTJoWGht52n4iICG3cuNGubf369YqIiCipMgEAAFBGuXVkdujQoVq0aJFWrlwpb29v27xXX19fVapUSZIUGxurWrVqKT4+XpI0fPhwRUZGatq0aerWrZs+/vhj7d69W3PnznXbdQAAAMA93DoyO2fOHKWlpal9+/YKCgqybYsXL7b1SU5OVkpKiu1xmzZttGjRIs2dO1fNmjXT0qVLtWLFikJvGgMAAMDvU5laZ7a0sM4sAMCMWGcW7sY6swAAAIALEWYBAABgWoRZAAAAmBZhFgAAAKZFmAUAAIBpEWYBAABgWoRZAAAAmJbT3wB2+vRprVq1SsnJycrOzrZ7bvr06cUuDAAAALgdp8Lsxo0b1aNHD4WFhengwYNq3LixTpw4IcMwdM8997i6RgAAACBfTk0ziIuL0+jRo7V//355enpq2bJlOnXqlCIjI/X444+7ukYAAAAgX06F2QMHDig2NlaSVKFCBV27dk1eXl6aPHmyXn/9dZcWCAAAABTEqTBbpUoV2zzZoKAgHT161PbchQsXXFMZAAAAcBtOzZlt3bq1tm/frrvvvltdu3bVCy+8oP3792v58uVq3bq1q2sEAAAA8uVUmJ0+fboyMjIkSZMmTVJGRoYWL16sevXqsZIBAAAASo1TYTYsLMz2c5UqVZSQkOCyggAAAABH8aUJAAAAMC2HR2arVaumn376STVq1FDVqlVlsVgK7Hvp0iWXFAcAAAAUxuEw++abb8rb21uSNGPGjJKqBwAAAHCYw2G2b9+++f4MAAAAuIvDYTY9Pd3hg/r4+DhVDAAAAFAUDofZO+64o9B5srfKyclxuiAAAADAUQ6H2c2bN9t+PnHihMaNG6d+/fopIiJCkrRz5069//77io+Pd32VAAAAQD4cDrORkZG2nydPnqzp06erT58+trYePXqoSZMmmjt3LnNqAQAAUCqcWmd2586datWqVZ72Vq1aadeuXcUuCgAAAHCEU2E2ODhY7733Xp72efPmKTg4uNhFAQAAAI5w6uts33zzTT366KNas2aN7r//fknSrl27dPjwYS1btsylBQIAAAAFcWpktmvXrvrpp5/UvXt3Xbp0SZcuXVL37t31008/qWvXrq6uEQAAAMiXUyOz0q9TDV599VVX1gIAAAAUiVMjs5L0xRdf6Mknn1SbNm105swZSdIHH3yg7du3u6w4AAAAoDAOhdmvv/5a169ftz1etmyZoqOjValSJe3du1dZWVmSpLS0NEZrAQAAUGocDrOdOnXSlStXJEkvv/yyEhIS9N5776lixYq2fm3bttXevXtLplIAAADgNxyaM/v888/r+vXrioyM1N69e3Xo0CG1a9cuTz9fX1/98ssvrq4RAAAAyJfDN4C98MILtq+uDQwM1JEjR1SnTh27Ptu3b1dYWJhLCwQAAAAKUqQbwNq0aSNJGjhwoIYPH66vv/5aFotFP//8sz788EONHj1aQ4YMKZFCAQAAgN9yammucePGKTc3Vw899JCuXr2qdu3ayWq1avTo0XruuedcXSMAAACQL4thGIazO2dnZ+vIkSPKyMhQw4YN5eXl5craSkx6erp8fX2VlpYmHx8fd5cDAIBDzq9r4+4S8AfnF72j1M7laF5z+ksTJMnDw0MNGzYsziEAAAAApxUpzD799NMO9Zs/f75TxQAAAABFUaQwm5iYqJCQELVo0ULFmJ0AAAAAuESRwuyQIUP00Ucf6fjx4+rfv7+efPJJVatWraRqAwAAAApVpKW53n77baWkpGjMmDH697//reDgYPXq1Uvr1q1jpBYAAAClrkhhVpKsVqv69Omj9evX68cff1SjRo307LPPqk6dOsrIyCiJGgEAAIB8FTnM2u1crpwsFosMw1BOTo6ragIAAAAcUuQwm5WVpY8++kgdO3bUXXfdpf3792v27NlKTk42zTqzAAAA+H0o0g1gzz77rD7++GMFBwfr6aef1kcffaQaNWqUVG0AAABAoYoUZhMSEnTnnXcqLCxMW7du1datW/Ptt3z5cpcUBwAAABSmSGE2NjZWFoulpGoBAAAAiqTIX5oAAAAAlBXFWs0AAAAAcCfCLAAAAEyLMAsAAADTIswCAADAtAizAAAAMC2nw+zRo0f13HPPKSoqSlFRUXr++ed19OjRIh9n27Zt6t69u2rWrCmLxaIVK1YU2n/Lli2yWCx5ttTUVCevBAAAAGblVJhdt26dGjZsqF27dqlp06Zq2rSpvv76azVq1Ejr168v0rEyMzPVrFkzvf3220Xa79ChQ0pJSbFt/v7+RdofAAAA5lekdWZvGjdunEaOHKnXXnstT/vYsWPVsWNHh4/VpUsXdenSpcg1+Pv764477ijyfgAAAPj9cGpk9sCBAxowYECe9qefflo//vhjsYtyRPPmzRUUFKSOHTvqyy+/LLRvVlaW0tPT7TYAAACYn1Nh1s/PT0lJSXnak5KSSvzP/UFBQUpISNCyZcu0bNkyBQcHq3379tq7d2+B+8THx8vX19e2BQcHl2iNAAAAKB1OTTMYOHCgBg0apGPHjqlNmzaSpC+//FKvv/66Ro0a5dICf6t+/fqqX7++7XGbNm109OhRvfnmm/rggw/y3ScuLs6urvT0dAItAADA74BTYfbvf/+7vL29NW3aNMXFxUmSatasqYkTJ+r55593aYGOuO+++7R9+/YCn7darbJaraVYEQAAAEqDU2HWYrFo5MiRGjlypK5cuSJJ8vb2dmlhRZGUlKSgoCC3nR8AAADu4VSYvVVxQ2xGRoaOHDlie3z8+HElJSWpWrVquvPOOxUXF6czZ87oX//6lyRpxowZCg0NVaNGjfTf//5X8+bN06ZNm/T5558Xqw4AAACYj9NhdunSpfrkk0+UnJys7Oxsu+cKuxnrt3bv3q0OHTrYHt+c29q3b18lJiYqJSVFycnJtuezs7P1wgsv6MyZM6pcubKaNm2qDRs22B0DAAAAfwwOr2bw8MMP6z//+Y8kadasWerfv78CAgK0b98+3XfffapevbqOHTtW5DVj27dvL8Mw8myJiYmSpMTERG3ZssXWf8yYMTpy5IiuXbumixcvavPmzQRZAACAPyiHw+wbb7xhu7nrnXfe0dy5c/XWW2/Jw8NDY8aM0fr16/X8888rLS2txIoFAAAAbuVwmJ0+fbp69+4tSUpOTrYtyVWpUiXbTWBPPfWUPvrooxIoEwAAAMjL4TC7fPlyhYeHS5ICAwN16dIlSdKdd96pr776StKvN28ZhlECZQIAAAB5ORxmV69erWPHjkmSHnzwQa1atUqS1L9/f40cOVIdO3ZU79699cgjj5RMpQAAAMBvWAwnhlJzc3OVm5urChV+XQzh448/1o4dO1SvXj0NHjxYHh4eLi/UldLT0+Xr66u0tDT5+Pi4uxwAABxyfl0bd5eAPzi/6B2ldi5H85pTS3OVK1dO5cr9b1D3iSee0BNPPOHMoQAAAACnOTzN4FYLFizQkiVL8rQvWbJE77//frGLAgAAABzhVJiNj49XjRo18rT7+/vr1Vdf1ebNmzVy5Eht2LCh2AUCAAAABXEqzCYnJys0NDRPe0hIiA4fPqxPPvlEOTk5evLJJ4tdIAAAAFAQp8Ksv7+/vvvuuzzt3377rWrWrKk5c+Zo+PDhunbtWrELBAAAAAriVJjt06ePnn/+eW3evFk5OTnKycnRpk2bNHz4cNuNYH5+frb1ZwEAAICS4NRqBlOmTNGJEyf00EMP2Zbnys3NVWxsrF599VVJko+PD8teAQAAoEQ5FWY9PDy0ePFiTZkyRd9++60qVaqkJk2aKCQkxNX1AQAAAAVyKszedNddd+muu+5yVS0AAABAkTgdZk+fPq1Vq1YpOTlZ2dnZds9Nnz692IUBAAAAt+NUmN24caN69OihsLAwHTx4UI0bN9aJEydkGIbuueceV9cIAAAA5Mup1Qzi4uI0evRo7d+/X56enlq2bJlOnTqlyMhIPf74466uEQAAAMiXU2H2wIEDio2NlSRVqFBB165dk5eXlyZPnqzXX3/dpQUCAAAABXEqzFapUsU2TzYoKEhHjx61PXfhwgXXVAYAAADchlNzZlu3bq3t27fr7rvvVteuXfXCCy9o//79Wr58uVq3bu3qGgEAAIB8ORVmp0+froyMDEnSpEmTlJGRocWLF6tevXqsZAAAAIBSU+Qwm5OTo9OnT6tp06aSfp1ykJCQ4PLCAAAAgNsp8pzZ8uXLq1OnTrp8+XJJ1AMAAAA4zKkbwBo3bqxjx465uhYAAACgSJwKsy+//LJGjx6t1atXKyUlRenp6XYbAAAAUBqcugGsa9eukqQePXrIYrHY2g3DkMViUU5OjmuqAwAAAArhVJjdvHmzq+sAAAAAisypMBsZGenqOgAAAIAicyrMbtu2rdDn27Vr51QxAAAAQFE4FWbbt2+fp+3WubPMmQUAAEBpcGo1g8uXL9tt586d09q1a3Xvvffq888/d3WNAAAAQL6cGpn19fXN09axY0d5eHho1KhR2rNnT7ELAwAAAG7HqZHZggQEBOjQoUOuPCQAAABQIKdGZr/77ju7x4ZhKCUlRa+99pqaN2/uiroAAACA23IqzDZv3lwWi0WGYdi1t27dWvPnz3dJYQAAAMDtOBVmjx8/bve4XLly8vPzk6enp0uKAgAAABzhVJgNCQlxdR0AAABAkRU5zObm5ioxMVHLly/XiRMnZLFYFBoaqscee0xPPfWU3XqzAAAAQEkq0moGhmGoR48eeuaZZ3TmzBk1adJEjRo10smTJ9WvXz898sgjJVUnAAAAkEeRRmYTExO1bds2bdy4UR06dLB7btOmTYqJidG//vUvxcbGurRIAAAAID9FGpn96KOPNH78+DxBVpIefPBBjRs3Th9++KHLigMAAAAKU6Qw+91336lz584FPt+lSxd9++23xS4KAAAAcESRwuylS5cUEBBQ4PMBAQG6fPlysYsCAAAAHFGkMJuTk6MKFQqeZlu+fHnduHGj2EUBAAAAjijSDWCGYahfv36yWq35Pp+VleWSogAAAABHFCnM9u3b97Z9WMkAAAAApaVIYXbBggUlVQcAAABQZEWaMwsAAACUJYRZAAAAmBZhFgAAAKZFmAUAAIBpEWYBAABgWoRZAAAAmJbbw+y2bdvUvXt31axZUxaLRStWrLjtPlu2bNE999wjq9Wq8PBwJSYmlnidAAAAKHvcHmYzMzPVrFkzvf322w71P378uLp166YOHTooKSlJI0aM0DPPPKN169aVcKUAAAAoa4r0pQkloUuXLurSpYvD/RMSEhQaGqpp06ZJku6++25t375db775pqKjo0uqTAAAAJRBbh+ZLaqdO3cqKirKri06Olo7d+4scJ+srCylp6fbbQAAADA/04XZ1NRUBQQE2LUFBAQoPT1d165dy3ef+Ph4+fr62rbg4ODSKBUAAAAlzHRh1hlxcXFKS0uzbadOnXJ3SQAAAHABt8+ZLarAwECdPXvWru3s2bPy8fFRpUqV8t3HarXKarWWRnkAAAAoRaYbmY2IiNDGjRvt2tavX6+IiAg3VQQAAAB3cXuYzcjIUFJSkpKSkiT9uvRWUlKSkpOTJf06RSA2NtbW///9v/+nY8eOacyYMTp48KDeeecdffLJJxo5cqQ7ygcAAIAbuT3M7t69Wy1atFCLFi0kSaNGjVKLFi00YcIESVJKSoot2EpSaGio/vOf/2j9+vVq1qyZpk2bpnnz5rEsFwAAwB+QxTAMw91FlLb09HT5+voqLS1NPj4+7i4HAACHnF/Xxt0l4A/OL3pHqZ3L0bzm9pFZAAAAwFmEWQAAAJgWYRYAAACmRZgFAACAaRFmAQAAYFqEWQAAAJgWYRYAAACmRZgFAACAaRFmAQAAYFqEWQAAAJgWYRYAAACmRZgFAACAaRFmAQAAYFqEWQAAAJgWYRYAAACmRZgFAACAaRFmAQAAYFqEWQAAAJgWYRYAAACmRZgFAACAaRFmAQAAYFqEWQAAAJgWYRYAAACmRZgFAACAaRFmAQAAYFqEWQAAAJgWYRYAAACmRZgFAACAaRFmAQAAYFqEWQAAAJgWYRYAAACmRZgFAACAaRFmAQAAYFqEWQAAAJgWYRYAAACmRZgFAACAaRFmAQAAYFqEWQAAAJgWYRYAAACmRZgFAACAaRFmAQAAYFqEWQAAAJgWYRYAAACmRZgFAACAaRFmAQAAYFqEWQAAAJgWYRYAAACmRZgFAACAaRFmAQAAYFqEWQAAAJgWYRYAAACmRZgFAACAaRFmAQAAYFplIsy+/fbbqlOnjjw9PXX//fdr165dBfZNTEyUxWKx2zw9PUuxWgAAAJQVbg+zixcv1qhRo/TSSy9p7969atasmaKjo3Xu3LkC9/Hx8VFKSoptO3nyZClWDAAAgLLC7WF2+vTpGjhwoPr376+GDRsqISFBlStX1vz58wvcx2KxKDAw0LYFBASUYsUAAAAoK9waZrOzs7Vnzx5FRUXZ2sqVK6eoqCjt3LmzwP0yMjIUEhKi4OBg9ezZUz/88EOh58nKylJ6errdBgAAAPNza5i9cOGCcnJy8oysBgQEKDU1Nd996tevr/nz52vlypVauHChcnNz1aZNG50+fbrA88THx8vX19e2BQcHu/Q6AAAA4B5un2ZQVBEREYqNjVXz5s0VGRmp5cuXy8/PT++++26B+8TFxSktLc22nTp1qhQrBgAAQEmp4M6T16hRQ+XLl9fZs2ft2s+ePavAwECHjlGxYkW1aNFCR44cKbCP1WqV1WotVq0AAAAoe9w6Muvh4aGWLVtq48aNtrbc3Fxt3LhRERERDh0jJydH+/fvV1BQUEmVCQAAgDLKrSOzkjRq1Cj17dtXrVq10n333acZM2YoMzNT/fv3lyTFxsaqVq1aio+PlyRNnjxZrVu3Vnh4uH755RdNnTpVJ0+e1DPPPOPOywAAAIAbuD3M9u7dW+fPn9eECROUmpqq5s2ba+3atbabwpKTk1Wu3P8GkC9fvqyBAwcqNTVVVatWVcuWLbVjxw41bNjQXZcAAAAAN7EYhmG4u4jSlp6eLl9fX6WlpcnHx8fd5QAA4JDz69q4uwT8wflF7yi1czma10y3mgEAAABwE2EWAAAApkWYBQAAgGkRZgEAAGBahFkAAACYFmEWAAAApkWYBQAAgGkRZgEAAGBahFkAAACYFmEWAAAApkWYBQAAgGkRZgEAAGBahFkAAACYFmEWAAAApkWYBQAAgGkRZgEAAGBahFkAAACYFmEWAAAApkWYBQAAgGkRZgEAAGBahFkAAACYFmEWAAAApkWYBQAAgGkRZgEAAGBahFkAAACYFmEWAAAApkWYBQAAgGkRZgEAAGBahFkAAACYFmEWAAAApkWYBQAAgGkRZgEAAGBahFkAAACYFmEWAAAApkWYBQAAgGkRZgEAAGBahFkAAACYFmEWAAAApkWYBQAAgGkRZgEAAGBahFkAAACYFmEWAAAApkWYBQAAgGkRZgEAAGBahFkAAACYFmEWAAAApkWYBQAAgGkRZgEAAGBahFkAAACYFmEWAAAAplXB3QUAgCT1WjzE3SXgD+6T3nPcXQIAJzAyCwAAANNiZLaUdH9hpbtLwB/cv6f1dHcJAAC4XJkYmX377bdVp04deXp66v7779euXbsK7b9kyRI1aNBAnp6eatKkiT777LNSqhQAAABlidvD7OLFizVq1Ci99NJL2rt3r5o1a6bo6GidO3cu3/47duxQnz59NGDAAO3bt08xMTGKiYnR999/X8qVAwAAwN3cHmanT5+ugQMHqn///mrYsKESEhJUuXJlzZ8/P9/+M2fOVOfOnfXiiy/q7rvv1pQpU3TPPfdo9uzZpVw5AAAA3M2tc2azs7O1Z88excXF2drKlSunqKgo7dy5M999du7cqVGjRtm1RUdHa8WKFQWeJysrS1lZWbbHaWlpkqT09PRiVF8017Oultq5gPyU5vvdGdevZru7BPzBlfXPiCRdybzh7hLwB2ctxc/Jzc+kYRiF9nNrmL1w4YJycnIUEBBg1x4QEKCDBw/mu09qamq+/VNTUws8T3x8vCZNmpSnPTg42ImqAXPyfdvdFQBlm+/T+f9FEMCtfEv9jFeuXJGvb8Hn/UOsZhAXF2c3mpubm6tLly6pevXqslgsbqwMjkhPT1dwcLBOnTolHx8fd5cDlEl8ToDC8RkxH8MwdOXKFdWsWbPQfm4NszVq1FD58uV19uxZu/azZ88qMDAw330CAwOL1F+SrFarrFarXdsdd9zhXNFwGx8fH/4BAm6DzwlQOD4j5lLYiOxNbr0BzMPDQy1bttTGjRttbbm5udq4caMiIiLy3SciIsKuvyStX7++wP4AAAD4/XL7NINRo0apb9++atWqle677z7NmDFDmZmZ6t+/vyQpNjZWtWrVUnx8vCRp+PDhioyM1LRp09StWzd9/PHH2r17t+bOnevOywAAAIAbuD3M9u7dW+fPn9eECROUmpqq5s2ba+3atbabvJKTk1Wu3P8GkNu0aaNFixbpb3/7m8aPH6969eppxYoVaty4sbsuASXMarXqpZdeyjNVBMD/8DkBCsdn5PfLYtxuvQMAAACgjHL7lyYAAAAAziLMAgAAwLQIswAAADAtwiwAAABMizALAAAA0yLMwuX69esni8Vi26pXr67OnTvru+++U2Jiot1z+W0nTpzQxIkTbY/Lly+v4OBgDRo0SJcuXbI7V506dfI9xmuvvSZJOnHiRIHn+eqrr9zx8gAOSU1N1fDhwxUeHi5PT08FBASobdu2mjNnjq5evSrp1/f/jBkzbPt8++236tGjh/z9/eXp6ak6deqod+/eOnfunN1nqqANMIPCfsfcdOvzPj4+uvfee7Vy5Uq74yQmJtp9G+jN30+dO3e26/fLL7/IYrFoy5YtJXlZKAbCLEpE586dlZKSopSUFG3cuFEVKlTQww8/rN69e9vaU1JSFBERoYEDB9q1BQcHS5IaNWqklJQUJScna8GCBVq7dq2GDBmS51yTJ0+22z8lJUXPPfecXZ8NGzbk6dOyZctSeS2Aojp27JhatGihzz//XK+++qr27dunnTt3asyYMVq9erU2bNiQZ5/z58/roYceUrVq1bRu3TodOHBACxYsUM2aNZWZmanRo0fbvf9r166d57MDmEVBv2NutWDBAqWkpGj37t1q27atHnvsMe3fv7/Q41aoUEEbNmzQ5s2bS7J8uJjbvzQBv09Wq1WBgYGSpMDAQI0bN05/+tOflJGRYWuXfv1K48qVK9u13VShQgVbe61atfT4449rwYIFefp5e3vnu/+tqlevfts+QFnx7LPPqkKFCtq9e7eqVKliaw8LC1PPnj2V3/LgX375pdLS0jRv3jxVqPDrP+2hoaHq0KGDrY+Xl5ft5/Llyzv02QHKooJ+x5w/f15+fn6SpDvuuEOBgYEKDAzUlClTNHPmTG3evFlNmjQp8LhVqlRRr169NG7cOH399delci0oPkZmUeIyMjK0cOFChYeHq3r16k4d48SJE1q3bp08PDxcXB1Qtly8eFGff/65hg4dahdkb5XflIDAwEDduHFDn376ab5hF/i9ut3vmBs3buif//ynJDn0O2TixInav3+/li5d6vJaUTIIsygRq1evlpeXl7y8vOTt7a1Vq1Zp8eLFdl9NfDv79++Xl5eXKlWqpNDQUP3www8aO3Zsnn5jx461nevm9sUXX9j1adOmTZ4+QFl05MgRGYah+vXr27XXqFHD9t7N73PQunVrjR8/Xn/+859Vo0YNdenSRVOnTtXZs2dLq3Sg1DjyO6ZPnz7y8vKS1WrVyJEjVadOHfXq1eu2x65Zs6aGDx+uv/71r7px40ZJXgZchDCLEtGhQwclJSUpKSlJu3btUnR0tLp06aKTJ086fIz69esrKSlJ33zzjcaOHavo6Og8c2El6cUXX7Sd6+bWqlUruz6LFy/O0wcwk127dikpKUmNGjVSVlZWvn1eeeUVpaamKiEhQY0aNVJCQoIaNGhw23mCgNk48jvmzTffVFJSktasWaOGDRtq3rx5qlatmkPHHzt2rM6fP6/58+eX1CXAhQizKBFVqlRReHi4wsPDde+992revHnKzMzUe++95/AxPDw8FB4ersaNG+u1115T+fLlNWnSpDz9atSoYTvXza1SpUp2fYKDg/P0Acqi8PBwWSwWHTp0yK49LCws3/f2b1WvXl2PP/643njjDR04cEA1a9bUG2+8UZIlA6XOkd8xgYGBCg8PV6dOnbRgwQLbyh6OuOOOOxQXF6dJkybZVg9B2UWYRamwWCwqV66crl275vQx/va3v+mNN97Qzz//7MLKgLKlevXq6tixo2bPnq3MzMxiHcvDw0N169Yt9nGAsu52v2Puu+8+tWzZUq+88orDx3zuuedUrlw5zZw501VlooQQZlEisrKylJqaqtTUVB04cEDPPfecMjIy1L17d6ePGRERoaZNm+rVV1+1a79y5YrtXDe39PR0uz4XL17M0+e///2v07UAJemdd97RjRs31KpVKy1evFgHDhzQoUOHtHDhQh08eFDly5fPs8/q1av15JNPavXq1frpp5906NAhvfHGG/rss8/Us2dPN1wFUHKc+R0zYsQIvfvuuzpz5oxD5/D09NSkSZM0a9YsV5WNEkKYRYlYu3atgoKCFBQUpPvvv1/ffPONlixZovbt2xfruCNHjtS8efN06tQpW9uECRNs57q5jRkzxm6/qKioPH1WrFhRrFqAklK3bl3t27dPUVFRiouLU7NmzdSqVSu99dZbGj16tKZMmZJnn4YNG6py5cp64YUX1Lx5c7Vu3VqffPKJ5s2bp6eeesoNVwGUHGd+x3Tu3FmhoaFFGp3t27evwsLCXFAxSpLFYA0XAAAAmBQjswAAADAtwiwAAABMizALAAAA0yLMAgAAwLQIswAAADAtwiwAAABMizALAAAA0yLMAgAAwLQIswAAADAtwiwAAABMizALAAAA0/r/EElWkcE1yEQAAAAASUVORK5CYII=",
      "text/plain": [
       "<Figure size 800x500 with 1 Axes>"
      ]
     },
     "metadata": {},
     "output_type": "display_data"
    },
    {
     "data": {
      "image/png": "iVBORw0KGgoAAAANSUhEUgAAAtYAAAHZCAYAAACirnyOAAAAOXRFWHRTb2Z0d2FyZQBNYXRwbG90bGliIHZlcnNpb24zLjkuMCwgaHR0cHM6Ly9tYXRwbG90bGliLm9yZy80BEi2AAAACXBIWXMAAA9hAAAPYQGoP6dpAABAzUlEQVR4nO3de3zP9f//8ft759kBY0ebbUw0kZLUShRyTiry6YCIihKyPk5FPok+icon6eBQ6VdMPvElipzKuRAahXIMEzHH0fb8/dF376+3Dds8t/c2t+vl8r7wfr2er+fr8Xy+X9vue+31fr0dxhgjAAAAAFfEw90FAAAAAKUBwRoAAACwgGANAAAAWECwBgAAACwgWAMAAAAWEKwBAAAACwjWAAAAgAUEawAAAMACgjUAAKXI8ePHNXz4cG3cuNHdpQBXHQefvAgAQOnRvn17SdK0adPk4cH5M6Ao8RUHAEApsWvXLtWtW1dTp04lVANuwFcdAGuGDRsmh8NRJPtq1KiRGjVq5Hy+ZMkSORwOzZgxw9o+du7cKYfDoSlTpuR72xkzZqhcuXK67bbbtG3bNvXo0UNvvPGGtdouxeFwaNiwYUWyr5LEna9JUYmNjdWAAQPk6+trtd+4uDh16dLF+Tz7623JkiVW9wOUdARrALmaMmWKHA6H8+Hn56eoqCg1a9ZMb731lo4fP25lP7///ruGDRumDRs2WOmvuPj3v/+tHj16KDIyUjVq1NDMmTN17733urusAomLi3MeBx4eHipXrpxq1aqlHj16aPXq1e4uL89K02tyMdm/DI4ePdrdpQBXJS93FwCgeBs+fLji4+N17tw5HThwQEuWLFGfPn00ZswYzZ49W7Vr13a2HTJkiAYMGJCv/n///Xe99NJLiouLU506dfK83ddff52v/RREbGysTp8+LW9v73xvm5KSokqVKsnLy0uHDh1SUFCQ/Pz8CqHKolGnTh0999xzkv5+c9yWLVuUkpKi999/X3379tWYMWPcXOHllbbXxJ3uuOMOnT59Wj4+Pu4uBShWCNYALqlFixa66aabnM8HDhyoRYsWqXXr1rrnnnu0ZcsW+fv7S5K8vLzk5VW431ZOnTqlMmXKFMkP9Owz9QURGxvr/H9oaKitktymUqVKeuSRR1yWvfrqq3rooYc0duxYVatWTU899ZSVfZ08eVIBAQFW+jpfaXlNCmt+8sPDw4NfSoBccCkIgHy766679MILL2jXrl2aOnWqc3lu11gvWLBAt99+u8qVK6fAwEBVr15dgwYNkvT3dZr16tWTJD322GPOyw2yr2lu1KiRrrvuOv3www+64447VKZMGee2F15jnS0zM1ODBg1SRESEAgICdM8992jPnj0ubS68XjTbhX1e7BrrrVu3qkOHDgoNDZW/v7+qV6+uwYMHO9f/9ttveuqpp3TNNdfI399fFSpUUPv27bVz584c+/z111/Vvn17hYSEqEyZMrrllls0d+7cHO1yk5GRob59+yo0NFRBQUG65557tHfv3lzb7tu3T127dlV4eLh8fX1Vs2ZNTZo0KU/7uRh/f399/PHHCgkJ0YgRI5R9k6mLXX+b23x26dJFgYGB2rFjh1q2bKmgoCA9/PDDkqRvv/1W7du3V+XKleXr66uYmBj17dtXp0+fzlFLcXlNHA6Hnn76aX3yySeqXr26/Pz8VLduXS1btixH2/Xr16tFixYKDg5WYGCgGjdurFWrVrm0yb4ka+nSperZs6fCwsIUHR2dp1ou7GP58uXq16+fQkNDFRAQoHbt2unQoUMubY0xevnllxUdHa0yZcrozjvv1E8//ZSjz4u9xqtXr1bLli1Vvnx5BQQEqHbt2nrzzTdd2mzdulUPPPCAQkJC5Ofnp5tuukmzZ8/O15iA4ooz1gAK5NFHH9WgQYP09ddfq3v37rm2+emnn9S6dWvVrl1bw4cPl6+vr7Zv367ly5dLkq699loNHz5cL774onr06KEGDRpIkpKSkpx9HD58WC1atFDHjh31yCOPKDw8/JJ1jRgxQg6HQ//85z+VlpamN954Q02aNNGGDRucZ9avxMaNG9WgQQN5e3urR48eiouL044dO/Q///M/GjFihKS/w8XKlSv1j3/8Q9HR0frtt980YcIENWrUSKmpqSpTpowk6eDBg0pKStKpU6fUu3dvVahQQR9++KHuuecezZgxQ+3atbtkLY8//rimTp2qhx56SElJSVq0aJFatWqVo93Bgwd1yy23OENfaGio5s2bp27duik9PV19+vQp8HwEBgaqXbt2mjhxolJTU1WzZs189/HXX3+pWbNmuv322zV69Gjn/KSkpOjUqVN66qmnVKFCBa1Zs0bjxo3T3r17lZKS4ty+OL0mkrR06VJNmzZNvXv3lq+vr8aPH6/mzZtrzZo1uu666yT9/bXRoEEDBQcH6/nnn5e3t7feffddNWrUSEuXLlX9+vVd+uzZs6dCQ0P14osv6uTJk/meY0l65plnVL58eQ0dOlQ7d+7UG2+8oaefflrTpk1ztnnxxRf18ssvq2XLlmrZsqXWrVunu+++W2fPnr1s/wsWLFDr1q0VGRmpZ599VhEREdqyZYvmzJmjZ5991jnu2267TZUqVdKAAQMUEBCg6dOn695779Xnn3+ep/kFijUDALmYPHmykWTWrl170TZly5Y1N9xwg/P50KFDzfnfVsaOHWskmUOHDl20j7Vr1xpJZvLkyTnWNWzY0EgyEyZMyHVdw4YNnc8XL15sJJlKlSqZ9PR05/Lp06cbSebNN990LouNjTWdO3e+bJ+//fZbjtruuOMOExQUZHbt2uWybVZWlvP/p06dytH3ypUrjSTz0UcfOZf16dPHSDLffvutc9nx48dNfHy8iYuLM5mZmTn6ybZhwwYjyfTs2dNl+UMPPWQkmaFDhzqXdevWzURGRpo//vjDpW3Hjh1N2bJlc633fLGxsaZVq1YXXZ/9Os+aNcsY83+vxeLFi13a5TafnTt3NpLMgAEDcvSbW10jR440DofDZf6Ly2tijDGSjCTz/fffO5ft2rXL+Pn5mXbt2jmX3XvvvcbHx8fs2LHDuez33383QUFB5o477nAuy/46vP32281ff/11yX0b839z/Nprr+Xoo0mTJi5z0rdvX+Pp6WmOHj1qjDEmLS3N+Pj4mFatWrm0GzRokJHk8jVz4Wv8119/mfj4eBMbG2v+/PNPl5rO76tx48amVq1a5syZMy7rk5KSTLVq1S47PqC441IQAAUWGBh4ybuDlCtXTpI0a9YsZWVlFWgfvr6+euyxx/LcvlOnTgoKCnI+f+CBBxQZGakvv/yyQPs/36FDh7Rs2TJ17dpVlStXdll3/iUw558ZP3funA4fPqyEhASVK1dO69atc6778ssvdfPNN+v22293LgsMDFSPHj20c+dOpaamXrSW7PH07t3bZfmFZ5+NMfr888/Vpk0bGWP0xx9/OB/NmjXTsWPHXGoqiMDAQEm6ojvF5HZ99vnzePLkSf3xxx9KSkqSMUbr16+XVLxek2y33nqr6tat63xeuXJltW3bVl999ZUyMzOVmZmpr7/+Wvfee6+qVKnibBcZGamHHnpI3333ndLT01367N69uzw9PS+770vp0aOHy5w0aNBAmZmZ2rVrlyRp4cKFOnv2rJ555hmXdnn5i8b69ev122+/qU+fPs6v+2zZfR05ckSLFi1Shw4ddPz4cedxePjwYTVr1kzbtm3Tvn37rmiMgLsRrAEU2IkTJ1xC7IUefPBB3XbbbXr88ccVHh6ujh07avr06fkK2ZUqVcrXGxWrVavm8tzhcCghISHXa2nz69dff5Uk55/zL+b06dN68cUXFRMTI19fX1WsWFGhoaE6evSojh075my3a9cuVa9ePcf21157rXP9xezatUseHh6qWrWqy/IL+zt06JCOHj2q9957T6GhoS6P7F9Y0tLSLjmeyzlx4oQkXfJYuBQvL69crxvevXu3unTpopCQEAUGBio0NFQNGzaUJOc8FqfXJNuFx6AkXXPNNTp16pQOHTqkQ4cO6dSpUxfdT1ZWVo73BcTHx192v5dz4S8e5cuXlyT9+eefkv5vbBfWHxoa6mx7MTt27JB06ddh+/btMsbohRdeyHEsDh06VNKVH4uAu3GNNYAC2bt3r44dO6aEhISLtvH399eyZcu0ePFizZ07V/Pnz9e0adN011136euvv87TGTgb10Vf6GIfYpOZmXnFZwWlv69lnTx5svr06aNbb71VZcuWlcPhUMeOHQt85r6gsvf3yCOPqHPnzrm2Of+WiQWxefNmSXIeC5ea39z4+vrm+JTAzMxMNW3aVEeOHNE///lP1ahRQwEBAdq3b5+6dOmS73ksTq9JQdj4OrjYsW3+902nhS17nvv3769mzZrl2uZS30+AkoBgDaBAPv74Y0m66A/IbB4eHmrcuLEaN26sMWPG6JVXXtHgwYO1ePFiNWnSxPonNW7bts3luTFG27dvdwmP5cuX19GjR3Nsu2vXLpc/zV8oe112kLyYGTNmqHPnznr99dedy86cOZNjn7Gxsfr5559zbL9161bn+ouJjY1VVlaWduzY4XLm88L+su8YkpmZqSZNmlyy7oI4ceKE/vvf/yomJsZ5Vjf77OaF483L2d5smzZt0i+//KIPP/xQnTp1ci5fsGCBS7vi9Jpku/AYlKRffvlFZcqUcd7mr0yZMhfdj4eHh2JiYi67H9uyx7Zt2zaXr4NDhw45z2pfTPZfTjZv3nzR4yy7T29v70I5FoHigEtBAOTbokWL9K9//Uvx8fHOW6Pl5siRIzmWZX8ITEZGhiQ578ebW9AtiI8++sjlWt8ZM2Zo//79atGihXNZ1apVtWrVKpc7HcyZMyfHn98vFBoaqjvuuEOTJk3S7t27Xdadf9bP09Mzx1nAcePG5Thj27JlS61Zs0YrV650Ljt58qTee+89xcXFKTEx8aK1ZI/nrbfecll+4Ud0e3p66v7779fnn3+ea/i88HZr+XH69Gk9+uijOnLkiAYPHuz8JSk2Nlaenp45bjE3fvz4PPedfXb1/Hk0xuS4dVtxek2yrVy50uW67T179mjWrFm6++675enpKU9PT919992aNWuWyyVKBw8e1P/7f/9Pt99+u4KDgy+7H9uaNGkib29vjRs3zmWu8vKx7zfeeKPi4+P1xhtv5Phazu4rLCxMjRo10rvvvqv9+/fn6ONKjkWguOCMNYBLmjdvnrZu3aq//vpLBw8e1KJFi7RgwQLFxsZq9uzZl/yQiOHDh2vZsmVq1aqVYmNjlZaWpvHjxys6Otr55rCqVauqXLlymjBhgoKCghQQEKD69esX+JrSkJAQ3X777Xrsscd08OBBvfHGG0pISHC5JeDjjz+uGTNmqHnz5urQoYN27NihqVOn5rheOTdvvfWWbr/9dt14443q0aOH4uPjtXPnTs2dO9f5seytW7fWxx9/rLJlyyoxMVErV67UwoULVaFCBZe+BgwYoE8//VQtWrRQ7969FRISog8//FC//fabPv/88xyXR5yvTp06+sc//qHx48fr2LFjSkpK0jfffKPt27fnaDtq1CgtXrxY9evXV/fu3ZWYmKgjR45o3bp1WrhwYa6/AF1o3759znuWnzhxQqmpqUpJSdGBAwf03HPP6YknnnC2LVu2rNq3b69x48bJ4XCoatWqmjNnTr6un61Ro4aqVq2q/v37a9++fQoODtbnn3+e65nT4vKaZLvuuuvUrFkzl9vtSdJLL73kbPPyyy877/Hes2dPeXl56d1331VGRob+/e9/53mebAoNDVX//v01cuRItW7dWi1bttT69es1b948VaxY8ZLbenh46J133lGbNm1Up04dPfbYY4qMjNTWrVv1008/6auvvpIkvf3227r99ttVq1Ytde/eXVWqVNHBgwe1cuVK7d27Vz/++GNRDBUoPO64FQmA4i/7Fl3ZDx8fHxMREWGaNm1q3nzzTZdb2mW78HZ733zzjWnbtq2JiooyPj4+JioqyvzjH/8wv/zyi8t2s2bNMomJicbLy8vldmwNGzY0NWvWzLW+i91u79NPPzUDBw40YWFhxt/f37Rq1SrHbdiMMeb11183lSpVMr6+vua2224z33//fZ5ut2eMMZs3bzbt2rUzwcHBRpKpXr26eeGFF5zr//zzT/PYY4+ZihUrmsDAQNOsWTOzdevWXG/zt2PHDvPAAw+YcuXKGT8/P3PzzTebOXPm5DrmC50+fdr07t3bVKhQwQQEBJg2bdqYPXv25LjdnjHGHDx40PTq1cvExMQYb29vExERYRo3bmzee++9y+4nNjbWeRw4HA4THBxsatasabp3725Wr16d6zaHDh0y999/vylTpowpX768eeKJJ8zmzZtzvd1eQEBArn2kpqaaJk2amMDAQFOxYkXTvXt38+OPPxbr10SS6dWrl5k6daqpVq2a8fX1NTfccEOOWw8aY8y6detMs2bNTGBgoClTpoy58847zYoVK1za5OW2l+e71O32Luwjt9siZmZmmpdeeslERkYaf39/06hRI7N58+Yc83SxWyp+9913pmnTpiYoKMgEBASY2rVrm3Hjxrm02bFjh+nUqZOJiIgw3t7eplKlSqZ169ZmxowZeRojUJw5jCmidy0AQCnUpEkTPf/887r77rvdXQr+lztfE4fDoV69euk///lPke8bgPtxjTUAXIE2bdq4fKw73I/XBIC7cI01ABTAp59+qpMnTyolJUVhYWHuLgfiNQHgfpyxBoAC+Omnn/T0009r37596t+/v7vLgXhNALgf11gDAAAAFnDGGgAAALCAYA0AAABYQLAGAAAALOCuIG6UlZWl33//XUFBQc6PAgYAAEDxYYzR8ePHFRUVddlPXyVYu9Hvv/+umJgYd5cBAACAy9izZ4+io6Mv2YZg7UZBQUGS/n6hgoOD3VwNAAAALpSenq6YmBhnbrsUgrUbZV/+ERwcTLAGAAAoxvJy2S5vXgQAAAAsIFgDAAAAFhCsAQAAAAsI1gAAAIAFBGsAAADAAoI1AAAAYAHBGgAAALCAYA0AAABYQLAGAAAALOCTF3FVSEtLU3p6urvLsCI4OFhhYWHuLgMAAFyAYI1SLy0tTU8+9ZTOnT3r7lKs8Pbx0YR33iFcAwBQzBCsUeqlp6fr3Nmz8ou6RR4+wdb7z8pI15n9q+QXeYs8fO3377Kvs+k68/sqpaenE6wBAChmCNa4anj4BMvTP6Tw+vct3P4BAEDxxpsXAQAAAAsI1gAAAIAFBGsAAADAAoI1AAAAYAHBGgAAALCAYA0AAABYQLAGAAAALCBYAwAAABYQrAEAAAALCNYAAACABQRrAAAAwAKCNQAAAGABwRoAAACwgGANAAAAWECwBgAAACwgWAMAAAAWEKwBAAAACwjWAAAAgAUEawAAAMACgjUAAABgAcEaAAAAsIBgDWvOnDmj7du368yZM+4uBeB4BAAUOYI1rNm7d6/69u2rvXv3ursUgOMRAFDkCNYAAACABQRrAAAAwAKCNQAAAGABwRoAAACwgGANAAAAWECwBgAAACwgWAMAAAAWEKwBAAAACwjWAAAAgAUEawAAAMACgjUAAABgAcEaAAAAsIBgDQAAAFhAsAYAAAAsIFgDAAAAFhCsAQAAAAsI1gAAAIAFBGsAAADAAoI1AAAAYAHBGgAAALCgRAXrLl26yOFwOB8VKlRQ8+bNtXHjRk2ZMsVlXW6PnTt3atiwYc7nnp6eiomJUY8ePXTkyBGXfcXFxeXax6hRoyRJO3fuvOh+Vq1a5Y7pAVAEMjMztWnTJi1dulSbNm1SZmamu0sCABQTXu4uIL+aN2+uyZMnS5IOHDigIUOGqHXr1vr555/VvHlzZ7v77rtP1113nYYPH+5cFhoaKkmqWbOmFi5cqMzMTG3ZskVdu3bVsWPHNG3aNJd9DR8+XN27d3dZFhQU5PJ84cKFqlmzpsuyChUqXPlAARQ7K1as0MSJE5WWluZcFhYWpm7duikpKcmNlQEAioMSF6x9fX0VEREhSYqIiNCAAQPUoEEDnThxwrlcknx8fFSmTBmXZdm8vLycyytVqqT27ds7w/r5goKCct3+fBUqVLhsGwAl34oVKzRq1CjVq1dPycnJio2N1a5du5SSkqJRo0ZpwIABhGsAuMqVqEtBLnTixAlNnTpVCQkJBT5LvHPnTn311Vfy8fGxXB2A0iIzM1MTJ05UvXr1NHjwYNWoUUP+/v6qUaOGBg8erHr16mnSpElcFgIAV7kSd8Z6zpw5CgwMlCSdPHlSkZGRmjNnjjw88v47wqZNmxQYGKjMzEydOXNGkjRmzJgc7f75z39qyJAhLsvmzZunBg0aOJ8nJSXl2PeJEydy3W9GRoYyMjKcz9PT0/Ncc0myZ88ed5fgorjVY0NpHJNtNucoNTVVaWlpSk5OzvH17uHhofbt2ys5OVmpqamqVauWtf0CAEqWEhes77zzTr3zzjuSpD///FPjx49XixYttGbNGsXGxuapj+rVq2v27Nk6c+aMpk6dqg0bNuiZZ57J0S45OVldunRxWVapUiWX59OmTdO1116bp/2OHDlSL730Up7almS5/ZICu5jjopX95uaLfY+pXLmySzsAwNWpxAXrgIAAJSQkOJ9/8MEHKlu2rN5//329/PLLeerDx8fH2ceoUaPUqlUrvfTSS/rXv/7l0q5ixYou+8pNTEzMZdtkGzhwoPr16+d8np6erpiYmDxtW5L069evWI1rz549pS6IFrc5Lo5svu4hISGSpF27dqlGjRo51u/evdulHQDg6lTigvWFHA6HPDw8dPr06QL3MWTIEN1111166qmnFBUVZbE6V76+vvL19S20/ouL/PyygYJhjotWYmKiwsLClJKSosGDB7tcDpKVlaWUlBSFh4crMTHRjVUCANytxL15MSMjQwcOHNCBAwe0ZcsWPfPMMzpx4oTatGlT4D5vvfVW1a5dW6+88orL8uPHjzv3lf248Lrow4cP52iTfd02gNLB09NT3bp109q1azVixAht3bpVp06d0tatWzVixAitXbtWXbt2laenp7tLBQC4UYkL1vPnz1dkZKQiIyNVv359rV27VikpKWrUqNEV9du3b1998MEHLm94evHFF537yn48//zzLts1adIkR5svvvjiimoBUPwkJSVpwIAB2rlzp5KTk/Xggw8qOTlZu3bt4lZ7AABJJexSkClTpmjKlCl5artkyZJclw8bNkzDhg3Lsbxjx47q2LGj8/nOnTsv2X9cXJyMMXmqBUDpkJSUpPr16ys1NVVHjhxRSEiIEhMTOVMNAJBUwoI1ALibp6cnt9QDAOSqxF0KAgAAABRHBGsAAADAAoI1AAAAYAHBGgAAALCAYA0AAABYQLAGAAAALCBYAwAAABYQrAEAAAALCNYAAACABQRrAAAAwAKCNQAAAGABwRoAAACwgGANAAAAWECwBgAAACwgWAMAAAAWEKwBAAAACwjWAAAAgAUEawAAAMACgjUAAABgAcEaAAAAsIBgDWuio6M1duxYRUdHu7sUgOMRAFDkvNxdAEoPPz8/JSQkuLsMQBLHIwCg6HHGGgAAALCAYA0AAABYQLAGAAAALCBYAwAAABYQrAEAAAALCNYAAACABQRrAAAAwAKCNQAAAGABwRoAAACwgGANAAAAWECwBgAAACwgWAMAAAAWEKwBAAAACwjWAAAAgAUEawAAAMACgjUAAABgAcEaAAAAsIBgDQAAAFhAsAYAAAAsIFgDAAAAFhCsAQAAAAu83F0AUFSyzqYXTr8Z6S7/FqbCGgMAALhyBGuUesHBwfL28dGZ31cV6n7O7C/c/rN5+/goODi4SPYFAADyjmCNUi8sLEwT3nlH6eml42xvcHCwwsLC3F0GAAC4AMEaV4WwsDDCKAAAKFS8eREAAACwgGANAAAAWECwBgAAACwgWAMAAAAWEKwBAAAACwjWAAAAgAUEawAAAMACgjUAAABgAcEaAAAAsIBgDQAAAFhAsAYAAAAsIFgDAAAAFhCsAQAAAAsI1gAAAIAFBGsAAADAAoI1AAAAYAHBGgAAALCAYA0AAABYQLAGAAAALCBYAwAAABYQrAEAAAALCNYAAACABV7uLgBAyZeWlqb09HR3l4EiEBwcrLCwMHeXAQDFEsEawBVJS0vTk089pXNnz7q7FBQBbx8fTXjnHcI1AOSCYA3giqSnp+vc2bMKvClUnkE+7i4nXzKPn9WJ7w+VyNrdIXu+0tPTCdYAkAuCNQArPIN85FXe191lFEhJrh0AUHzw5kUAAADAAoI1AAAAYAHBGgAAALCAYA0AAABYQLAGAAAALCBYAwAAABYQrAEAAAALCNYAAACABQRrAAAAwAKCNQAAAGABwRoAAACwgGANAAAAWECwBgAAACwgWAMAAAAWEKwBAAAACwjWAAAAgAUEawAAAMACgjUAAABgAcEaAAAAsIBgDQAAAFhAsAYAAAAsIFgDAAAAFhCscVU7c+aMtm/frjNnzri7FACAm/CzALYQrHFV27t3r/r27au9e/e6uxQAgJvwswC2EKwBAAAACwjWAAAAgAUEawAAAMACgjUAAABgAcEaAAAAsIBgDQAAAFhAsAYAAAAsIFgDAAAAFhCsAQAAAAsI1gAAAIAFBGsAAADAAoI1AAAAYAHBGgAAALCAYA0AAABYQLAGAAAALCBYAwAAABYQrAEAAAALCNYAAACABQRrAAAAwAIvdxcAAACAK5OZmanU1FQdOXJEISEhSkxMlKenp7vLsq64j/OqCdYHDhzQyJEjNXfuXO3du1dly5ZVQkKCHnnkEXXu3FllypRRXFyc+vTpoz59+kiSfvzxR73wwgtatWqV0tPTFRERofr162vcuHEaP368XnrppUvu0xhTBCMDAABXsxUrVmjixIlKS0tzLgsLC1O3bt2UlJTkxsrsKgnjvCouBfn11191ww036Ouvv9Yrr7yi9evXa+XKlXr++ec1Z84cLVy4MMc2hw4dUuPGjRUSEqKvvvpKW7Zs0eTJkxUVFaWTJ0+qf//+2r9/v/MRHR2t4cOHuywDAAAoTCtWrNCoUaMUFxen1157TdOnT9drr72muLg4jRo1SitWrHB3iVaUlHFeFWese/bsKS8vL33//fcKCAhwLq9SpYratm2b65nl5cuX69ixY/rggw/k5fX3NMXHx+vOO+90tgkMDHT+39PTU0FBQYqIiCjEkQAAAPwtMzNTEydOVL169TR48GB5ePx9vrRGjRoaPHiwRowYoUmTJql+/frF6nKJ/CpJ4yz1wfrw4cPOM9Xnh+rzORyOHMsiIiL0119/6b///a8eeOCBXNvkV0ZGhjIyMpzP09PTr7hP2LFnzx53l1BiMXdXH15zlDYl9ZhOTU1VWlqakpOTnWEzm4eHh9q3b6/k5GSlpqaqVq1abqryypWkcZb6YL19+3YZY1S9enWX5RUrVtSZM2ckSb169dKrr77qsv6WW27RoEGD9NBDD+nJJ5/UzTffrLvuukudOnVSeHh4gWoZOXLkZa/LhnuMGTPG3SUAJQZfL0DxcOTIEUlSbGxsrusrV67s0q6kKknjLPXB+mLWrFmjrKwsPfzwwy5nkc83YsQI9evXT4sWLdLq1as1YcIEvfLKK1q2bFmBfiMaOHCg+vXr53yenp6umJiYAo8B9vTr14/XooD27NlD0LrK8PWC0qakfh8LCQmRJO3atUs1atTIsX737t0u7UqqkjTOUh+sExIS5HA49PPPP7ssr1KliiTJ39//kttXqFBB7du3V/v27fXKK6/ohhtu0OjRo/Xhhx/muxZfX1/5+vrmezsUvpiYGCUkJLi7DKBE4OsFKB4SExMVFhamlJQUl2uPJSkrK0spKSkKDw9XYmKiG6u8ciVpnKX+riAVKlRQ06ZN9Z///EcnT568or58fHxUtWrVK+4HAADgSnl6eqpbt25au3atRowYoa1bt+rUqVPaunWrRowYobVr16pr165uf0PflSpJ4yz1Z6wlafz48brtttt00003adiwYapdu7Y8PDy0du1abd26VXXr1s2xzZw5c/TZZ5+pY8eOuuaaa2SM0f/8z//oyy+/1OTJk90wCgAAAFdJSUkaMGCAJk6cqOTkZOfy8PBwDRgwoNjc3/lKlZRxXhXBumrVqlq/fr1eeeUVDRw4UHv37pWvr68SExPVv39/9ezZM8c2iYmJKlOmjJ577jnt2bNHvr6+qlatmj744AM9+uijbhgFAABATklJSapfv36x/kRCG0rCOK+KYC1JkZGRGjdunMaNG3fRNjt37nT+v0qVKnrvvffy3P/52wIAABQlT09Pt99qrigU93GW+musAQAAgKJAsAYAAAAsIFgDAAAAFhCsAQAAAAsI1gAAAIAFBGsAAADAAoI1AAAAYAHBGgAAALCAYA0AAABYQLAGAAAALCBYAwAAABYQrAEAAAALCNYAAACABQRrAAAAwAKCNQAAAGABwRoAAACwgGANAAAAWECwBgAAACwgWAMAAAAWEKwBAAAACwjWuKpFR0dr7Nixio6OdncpAAA34WcBbPFydwGAO/n5+SkhIcHdZQAA3IifBbCFM9YAAACABQRrAAAAwAKCNQAAAGABwRoAAACwgGANAAAAWECwBgAAACwgWAMAAAAWEKwBAAAACwjWAAAAgAUEawAAAMACgjUAAABgAcEaAAAAsIBgDQAAAFhAsAYAAAAsIFgDAAAAFhCsAQAAAAsI1gAAAIAFBGsAAADAAoI1AAAAYAHBGgAAALCAYA0AAABYQLAGAAAALPBydwEASofM42fdXUK+ZddcEmt3B+YJAC6NYA3gigQHB8vbx0cnvj/k7lIKrCTXXtS8fXwUHBzs7jIAoFgiWAO4ImFhYZrwzjtKT093dykoAsHBwQoLC3N3GQBQLBGsAVyxsLAwwhYA4KrHmxcBAAAACwjWAAAAgAUEawAAAMACgjUAAABgAcEaAAAAsIBgDQAAAFhAsAYAAAAsIFgDAAAAFhCsAQAAAAsI1gAAAIAFBGsAAADAAoI1AAAAYAHBGgAAALCAYA0AAABYQLAGAAAALCBYAwAAABYQrAEAAAALCNYAAACABQRrAAAAwAKCNQAAAGABwRoAAACwwMvdBaD0SUtLU3p6urvLsCI4OFhhYWHuLgMAAJQABGtYlZaWpp5PPamMs+fcXYoVvj7eGv/OBMI1AAC4LII1rEpPT1fG2XN6sKFDYWUdBeoj7ajRtGVGD97hUFi5gvVhQ9oxo2lLzyk9PZ1gDQAALotgjUIRVtahShWvJBQbhZW70j5sMG7ePwAAKCl48yIAAABgAcEaAAAAsIBgDQAAAFhAsAYAAAAsIFgDAAAAFhCsAQAAAAsI1gAAAIAFBGsAAADAAoI1AAAAYAHBGgAAALCAYA0AAABYQLAGAAAALCBYAwAAABYQrAEAAAALCNYAAACABQRrAAAAwAKCNQAAAGABwRoAAACwgGANAAAAWECwBgAAACwgWAMAAAAWEKwBAAAACwjWV5kzZ85o+/btOnPmjLtLQTHHsQIAQP4QrK8ye/fuVd++fbV37153l4JijmMFAID8IVgDAAAAFhCsAQAAAAsI1gAAAIAFBGsAAADAAoI1AAAAYAHBGgAAALCAYA0AAABYQLAGAAAALCBYAwAAABYQrAEAAAALCNYAAACABQRrAAAAwAKCNQAAAGABwRoAAACwgGANAAAAWECwBgAAACwgWAMAAAAWEKwBAAAACwjWAAAAgAUEawAAAMCCAgXrPXv2qGvXroqKipKPj49iY2P17LPP6vDhw842jRo1ksPhkMPhkJ+fnxITEzV+/Pgc63J7NGrUSJIUFxenN954w9lnXFycHA6HPvvssxw11axZUw6HQ1OmTHFpn739sGHDLrnPl156SZI0ZcqUXNf7+fk5++3SpYtzube3t8LDw9W0aVNNmjRJWVlZBZlSoNTLzMzUpk2btHTpUm3atEmZmZmF1o+tfdlUHGsCANjlld8Nfv31V91666265ppr9Omnnyo+Pl4//fSTkpOTNW/ePK1atUohISGSpO7du2v48OE6deqUPvroI/Xq1Uvly5fXzJkzdfbsWUl/h/Sbb75ZCxcuVM2aNSVJPj4+F91/TEyMJk+erI4dOzqXrVq1SgcOHFBAQMBFt+vfv7+efPLJHMsHDhyoL774Qg899JBzWXBwsH7++WeXdg6Hw+V58+bNNXnyZGVmZurgwYOaP3++nn32Wc2YMUOzZ8+Wl1e+pxYotVasWKGJEycqLS3NuSwsLEzdunVTUlKS1X5s7cum4lgTAMC+fJ+x7tWrl3x8fPT111+rYcOGqly5slq0aKGFCxdq3759Gjx4sLNtmTJlFBERoSpVqmjYsGGqVq2aZs+erZCQEEVERCgiIkKhoaGSpAoVKjiXZQfz3Dz88MNaunSp9uzZ41w2adIkPfzww5cMs4GBgc7+sx/ffPONPv74Y3322WeqVq2as63D4cjRNjw83KU/X19fRUREqFKlSrrxxhs1aNAgzZo1S/PmzXM5aw5c7VasWKFRo0YpLi5Or732mqZPn67XXntNcXFxGjVqlFasWGGtH1v7sqk41gQAKBz5CtZHjhzRV199pZ49e8rf399lXUREhB5++GFNmzZNxphct/f393eeqS6o8PBwNWvWTB9++KEk6dSpU5o2bZq6du2ar35++OEHde/eXaNGjVKzZs2uqKZsd911l66//nrNnDnTSn9ASZeZmamJEyeqXr16Gjx4sGrUqCF/f3/VqFFDgwcPVr169TRp0qTLXhaR134++OCDK96XTbbGDwAoGfJ1vcK2bdtkjNG1116b6/prr71Wf/75pw4dOuSyPDMzU59++qk2btyoHj16FLza/9W1a1c999xzGjx4sGbMmKGqVauqTp06ed4+LS1N7dq10/3336/+/fvnWH/s2DEFBga6LGvQoIHmzZt32b5r1KihjRs35rouIyNDGRkZzufp6el5rtm288/4l4R+3ak0jikvbIw7NTVVaWlpSk5OloeH6+/xHh4eat++vZKTk5WamqpatWpdcT+S9Pzzz1/RvmyyNX4AQMlQoAuBL3ZG+kLjx4/XBx98oLNnz8rT01N9+/bVU089VZBdumjVqpWeeOIJLVu2TJMmTcrX2epz587pgQceUHh4uN5///1c2wQFBWndunUuyy48Q38xxpgc12NnGzlypPNNku42ZswYd5dQYjBXBXfkyBFJUmxsbK7rK1eu7NLuSvuxsS+bbI0fAFAy5CtYJyQkyOFwaMuWLWrXrl2O9Vu2bFH58uWd100//PDDGjx4sPz9/RUZGZnjjE2Bi/by0qOPPqqhQ4dq9erV+u9//5vnbXv37q1t27Zp7dq1Lnf6OJ+Hh4cSEhIKVNuWLVsUHx+f67qBAweqX79+zufp6emKiYkp0H6uVL9+/Qpl33v27Cl1QbSw5qq4s/FaZr9fYteuXapRo0aO9bt373Zpd6X92NiXTbbGDwAoGfIVrCtUqKCmTZtq/Pjx6tu3r8tZ3AMHDuiTTz5Rp06dnGdsy5YtW+CAejldu3bV6NGj9eCDD6p8+fJ52ua9997TpEmTtHjxYkVHR1uvadGiRdq0aZP69u2b63pfX1/5+vpa329BxMTEFNprU9owVwWXmJiosLAwpaSkaPDgwS6/XGdlZSklJUXh4eFKTEy00k/2/69kXzbZGj8AoGTI9ynk//znP8rIyFCzZs20bNky7dmzR/Pnz1fTpk1VqVIljRgxojDqzOHaa6/VH3/8ocmTJ+ep/fLly/XMM8/oxRdfVJUqVXTgwAGXx7Fjx5xtjTE51h84cMDlHtUZGRk6cOCA9u3bp3Xr1umVV15R27Zt1bp1a3Xq1Mn6eIGSyNPTU926ddPatWs1YsQIbd26VadOndLWrVs1YsQIrV27Vl27dpWnp6eVfh5//PEr3pdNtsYPACgZ8n2NdbVq1fT9999r6NCh6tChg44cOaKIiAjde++9Gjp0aJH+SbNChQp5bpt9rfeQIUM0ZMiQHOs7d+7svE1eenq6IiMjc7TZv3+/IiIiJEnz589XZGSkvLy8VL58eV1//fV666231LlzZ2uXvAClQVJSkgYMGKCJEyc632Ao/X2HnwEDBuT5Ps557cfGvmyyNX4AQPHnMHl9JyKsS09PV9myZXXs2DEFBwcXyT63b9+uvn37auzYsYVyeUN2/8/c46FKFXN/E+fl7PvDaNzsrCvqw4bsOgprroo728dKZmamUlNTdeTIEYWEhCgxMbFAZ2rz0o+tfdlUHGsCAFxefvIaHw8IoEh4enpauaVcXvqxtS+bimNNAAC7uGYBAAAAsIBgDQAAAFhAsAYAAAAsIFgDAAAAFhCsAQAAAAsI1gAAAIAFBGsAAADAAoI1AAAAYAHBGgAAALCAYA0AAABYQLAGAAAALCBYAwAAABYQrAEAAAALCNYAAACABQRrAAAAwAKCNQAAAGABwRoAAACwgGANAAAAWECwBgAAACwgWF9loqOjNXbsWEVHR7u7FBRzHCsAAOSPl7sLQNHy8/NTQkKCu8tACcCxAgBA/nDGGgAAALCAYA0AAABYQLAGAAAALCBYAwAAABYQrAEAAAALCNYAAACABQRrAAAAwAKCNQAAAGABwRoAAACwgGANAAAAWECwBgAAACwgWAMAAAAWEKwBAAAACwjWAAAAgAUEawAAAMACgjUAAABgAcEaAAAAsIBgDQAAAFhAsAYAAAAsIFgDAAAAFhCsAQAAAAsI1gAAAIAFXu4uAKVT2jFT8G2PGpd/3eVKxgAAAK4+BGtYFRwcLF8fb01bek7SlQXTacvMFfdxpXx9vBUcHOzWGgAAQMlAsIZVYWFhGv/OBKWnp7u7FCuCg4MVFhbm7jIAAEAJQLCGdWFhYYRRAABw1eHNiwAAAIAFBGsAAADAAoI1AAAAYAHBGgAAALCAYA0AAABYQLAGAAAALCBYAwAAABYQrAEAAAALCNYAAACABXzyohsZYySp1Hz8NwAAQGmTndOyc9ulEKzd6Pjx45KkmJgYN1cCAACASzl+/LjKli17yTYOk5f4jUKRlZWl33//XUFBQXI4HAXqIz09XTExMdqzZ4+Cg4MtV4hLYe7dg3l3H+befZh792De3ac4zb0xRsePH1dUVJQ8PC59FTVnrN3Iw8ND0dHRVvoKDg52+4F3tWLu3YN5dx/m3n2Ye/dg3t2nuMz95c5UZ+PNiwAAAIAFBGsAAADAAoJ1Cefr66uhQ4fK19fX3aVcdZh792De3Ye5dx/m3j2Yd/cpqXPPmxcBAAAACzhjDQAAAFhAsAYAAAAsIFgDAAAAFhCsAQAAAAsI1sXM22+/rbi4OPn5+al+/fpas2bNJdunpKSoRo0a8vPzU61atfTll1+6rB82bJhq1KihgIAAlS9fXk2aNNHq1asLcwgllu25P9+TTz4ph8OhN954w3LVpYPtue/SpYscDofLo3nz5oU5hBKpMI75LVu26J577lHZsmUVEBCgevXqaffu3YU1hBLL9txfeLxnP1577bXCHEaJZHvuT5w4oaefflrR0dHy9/dXYmKiJkyYUJhDKJFsz/vBgwfVpUsXRUVFqUyZMmrevLm2bdtWmEPIG4Ni47PPPjM+Pj5m0qRJ5qeffjLdu3c35cqVMwcPHsy1/fLly42np6f597//bVJTU82QIUOMt7e32bRpk7PNJ598YhYsWGB27NhhNm/ebLp162aCg4NNWlpaUQ2rRCiMuc82c+ZMc/3115uoqCgzduzYQh5JyVMYc9+5c2fTvHlzs3//fufjyJEjRTWkEqEw5n379u0mJCTEJCcnm3Xr1pnt27ebWbNmXbTPq1VhzP35x/r+/fvNpEmTjMPhMDt27CiqYZUIhTH33bt3N1WrVjWLFy82v/32m3n33XeNp6enmTVrVlENq9izPe9ZWVnmlltuMQ0aNDBr1qwxW7duNT169DCVK1c2J06cKMqh5UCwLkZuvvlm06tXL+fzzMxMExUVZUaOHJlr+w4dOphWrVq5LKtfv7554oknLrqPY8eOGUlm4cKFdoouJQpr7vfu3WsqVapkNm/ebGJjYwnWuSiMue/cubNp27ZtodRbWhTGvD/44IPmkUceKZyCS5Gi+F7ftm1bc9ddd9kpuBQpjLmvWbOmGT58uEubG2+80QwePNhi5SWb7Xn/+eefjSSzefNmlz5DQ0PN+++/XwgjyDsuBSkmzp49qx9++EFNmjRxLvPw8FCTJk20cuXKXLdZuXKlS3tJatas2UXbnz17Vu+9957Kli2r66+/3l7xJVxhzX1WVpYeffRRJScnq2bNmoVTfAlXmMf9kiVLFBYWpurVq+upp57S4cOH7Q+ghCqMec/KytLcuXN1zTXXqFmzZgoLC1P9+vX1xRdfFNo4SqKi+F5/8OBBzZ07V926dbNXeClQWHOflJSk2bNna9++fTLGaPHixfrll1909913F85ASpjCmPeMjAxJkp+fn0ufvr6++u6772wPIV8I1sXEH3/8oczMTIWHh7ssDw8P14EDB3Ld5sCBA3lqP2fOHAUGBsrPz09jx47VggULVLFiRbsDKMEKa+5fffVVeXl5qXfv3vaLLiUKa+6bN2+ujz76SN98841effVVLV26VC1atFBmZqb9QZRAhTHvaWlpOnHihEaNGqXmzZvr66+/Vrt27XTfffdp6dKlhTOQEqgwv9dn+/DDDxUUFKT77rvPTtGlRGHN/bhx45SYmKjo6Gj5+PioefPmevvtt3XHHXfYH0QJVBjzXqNGDVWuXFkDBw7Un3/+qbNnz+rVV1/V3r17tX///sIZSB55uXXvKBJ33nmnNmzYoD/++EPvv/++OnTooNWrVyssLMzdpZVaP/zwg958802tW7dODofD3eVcdTp27Oj8f61atVS7dm1VrVpVS5YsUePGjd1YWemVlZUlSWrbtq369u0rSapTp45WrFihCRMmqGHDhu4s76oyadIkPfzwwy5n81B4xo0bp1WrVmn27NmKjY3VsmXL1KtXL0VFReU46wo7vL29NXPmTHXr1k0hISHy9PRUkyZN1KJFCxk3f6A4Z6yLiYoVK8rT01MHDx50WX7w4EFFRETkuk1ERESe2gcEBCghIUG33HKLJk6cKC8vL02cONHuAEqwwpj7b7/9VmlpaapcubK8vLzk5eWlXbt26bnnnlNcXFyhjKMkKszj/nxVqlRRxYoVtX379isvuhQojHmvWLGivLy8lJiY6NLm2muv5a4g5ynsY/7bb7/Vzz//rMcff9xe0aVEYcz96dOnNWjQII0ZM0Zt2rRR7dq19fTTT+vBBx/U6NGjC2cgJUxhHfN169bVhg0bdPToUe3fv1/z58/X4cOHVaVKFfuDyAeCdTHh4+OjunXr6ptvvnEuy8rK0jfffKNbb701121uvfVWl/aStGDBgou2P7/f7OuTUDhz/+ijj2rjxo3asGGD8xEVFaXk5GR99dVXhTeYEqaojvu9e/fq8OHDioyMtFN4CVcY8+7j46N69erp559/dmnzyy+/KDY21vIISq7CPuYnTpyounXr8j6aXBTG3J87d07nzp2Th4drnPL09HT+FedqV9jHfNmyZRUaGqpt27bp+++/V9u2be0OIL/c+tZJuPjss8+Mr6+vmTJliklNTTU9evQw5cqVMwcOHDDGGPPoo4+aAQMGONsvX77ceHl5mdGjR5stW7aYoUOHutyO5sSJE2bgwIFm5cqVZufOneb77783jz32mPH19XV5Jy3sz31uuCtI7mzP/fHjx03//v3NypUrzW+//WYWLlxobrzxRlOtWjVz5swZt4yxOCqMY37mzJnG29vbvPfee2bbtm1m3LhxxtPT03z77bdFPr7irLC+3xw7dsyUKVPGvPPOO0U6npKkMOa+YcOGpmbNmmbx4sXm119/NZMnTzZ+fn5m/PjxRT6+4qow5n369Olm8eLFZseOHeaLL74wsbGx5r777ivysV2IYF3MjBs3zlSuXNn4+PiYm2++2axatcq5rmHDhqZz584u7adPn26uueYa4+PjY2rWrGnmzp3rXHf69GnTrl07ExUVZXx8fExkZKS55557zJo1a4pqOCWKzbnPDcH64mzO/alTp8zdd99tQkNDjbe3t4mNjTXdu3d3fgPH/ymMY37ixIkmISHB+Pn5meuvv9588cUXhT2MEqkw5v7dd981/v7+5ujRo4Vdfolme+73799vunTpYqKiooyfn5+pXr26ef31101WVlZRDKfEsD3vb775pomOjjbe3t6mcuXKZsiQISYjI6MohnJJDmPcfJU3AAAAUApwjTUAAABgAcEaAAAAsIBgDQAAAFhAsAYAAAAsIFgDAAAAFhCsAQAAAAsI1gAAAIAFBGsAQLGwatUqVahQQY8//ri2bNmiVq1aubskAMgXgjUAXAW6dOkih8Mhh8Mhb29vhYeHq2nTppo0aZKysrLcXZ4kafbs2Xr11VdVsWJFtWzZUk888YS7SwKAfOGTFwHgKtClSxcdPHhQkydPVmZmpg4ePKj58+dr5MiRatCggWbPni0vL69892uMUWZmZoG2BYDShjPWAHCV8PX1VUREhCpVqqQbb7xRgwYN0qxZszRv3jxNmTJFO3fulMPh0IYNG5zbHD16VA6HQ0uWLJEkLVmyRA6HQ/PmzVPdunXl6+ur7777Tjt27FDbtm0VHh6uwMBA1atXTwsXLnTZf0ZGhv75z38qJiZGvr6+SkhI0MSJEyVJmZmZ6tatm+Lj4+Xv76/q1avrzTffdNk+KytLw4cPV3R0tHx9fVWnTh3Nnz+/UOcMAPKDYA0AV7G77rpL119/vWbOnJmv7QYMGKBRo0Zpy5Ytql27tk6cOKGWLVvqm2++0fr169W8eXO1adNGu3fvdm7TqVMnffrpp3rrrbe0ZcsWvfvuuwoMDJT0d2iOjo5WSkqKUlNT9eKLL2rQoEGaPn26c/s333xTr7/+ukaPHq2NGzeqWbNmuueee7Rt2zY7kwEAV4hLQQDgKtClSxcdPXpUX3zxRY51HTt21MaNG/Xll18qPj5e69evV506dST9fca6fPnyWrx4sRo1aqQlS5bozjvv1BdffKG2bdtecp/XXXednnzyST399NP65ZdfVL16dS1YsEBNmjTJU81PP/20Dhw4oBkzZkiSKlWqpF69emnQoEHONjfffLPq1aunt99+O28TAQCFiIviAOAqZ4yRw+HI1zY33XSTy/MTJ05o2LBhmjt3rvbv36+//vpLp0+fdp6x3rBhgzw9PdWwYcOL9vn2229r0qRJ2r17t06fPq2zZ886A356erp+//133XbbbS7b3Hbbbfrxxx/zVTsAFBaCNQBc5bZs2aL4+Hh5ePx9deD5f8g8d+5crtsEBAS4PO/fv78WLFig0aNHKyEhQf7+/nrggQd09uxZSZK/v/8la/jss8/Uv39/vf7667r11lsVFBSk1157TatXr76SoQFAkeIaawC4ii1atEibNm3S/fffr9DQUEnS/v37nevPfyPjpSxfvlxdunRRu3btVKtWLUVERGjnzp3O9bVq1VJWVpaWLl160e2TkpLUs2dP3XDDDUpISNCOHTuc64ODgxUVFaXly5fn2C4xMTGPowWAwsUZawC4SmRkZOjAgQM5brfXunVrderUSZ6enrrllls0atQoxcfHKy0tTUOGDMlT39WqVdPMmTPVpk0bORwOvfDCCy73x46Li1Pnzp3VtWtXvfXWW7r++uu1a9cupaWlqUOHDqpWrZo++ugjffXVV4qPj9fHH3+stWvXKj4+3tlHcnKyhg4dqqpVq6pOnTqaPHmyNmzYoE8++cT6XAFAQXDGGgCuEvPnz1dkZKTi4uLUvHlzLV68WG+99ZZmzZolT09PSdKkSZP0119/qW7duurTp49efvnlPPU9ZswYlS9fXklJSWrTpo2aNWumG2+80aXNO++8owceeEA9e/ZUlSpV1L17d508eVKS9MQTT+i+++7Tgw8+qPr16+vw4cPq2bOny/a9e/dWv3799Nxzz6lWrVqaP3++Zs+erWrVqlmYHQC4ctwVBABQ5J544gl16NBBjRs3dncpAGANZ6wBAEXm2LFj2rFjh3x8fDR79mx3lwMAVnGNNQCgyOzbt0+33HKL/Pz8NHXqVHeXAwBWcSkIAAAAYAGXggAAAAAWEKwBAAAACwjWAAAAgAUEawAAAMACgjUAAABgAcEaAAAAsIBgDQAAAFhAsAYAAAAsIFgDAAAAFvx/H1RZFfpq0WsAAAAASUVORK5CYII=",
      "text/plain": [
       "<Figure size 800x500 with 1 Axes>"
      ]
     },
     "metadata": {},
     "output_type": "display_data"
    }
   ],
   "source": [
    "means = {\n",
    "    'BTREE': sum(duration_btree) / len(duration_btree),\n",
    "    'GIST': sum(duration_gist) / len(duration_gist),\n",
    "    'BRIN': sum(duration_brin) / len(duration_brin),\n",
    "}\n",
    "\n",
    "# Gráfico de Barras (Médias)\n",
    "plt.figure(figsize=(8, 5))\n",
    "plt.bar(means.keys(), means.values(), color=['#4C72B0', '#55A868', '#EAB839'])\n",
    "plt.title('Duração Média por Índice')\n",
    "plt.ylabel('Duração Média')\n",
    "plt.show()\n",
    "\n",
    "# Box Plot Horizontal\n",
    "plt.figure(figsize=(8, 5))\n",
    "sns.boxplot(data=[duration_btree, duration_gist, duration_query_optimized], \n",
    "            palette=['#4C72B0', '#55A868', '#EAB839'], orient='h')\n",
    "plt.yticks([0, 1, 2], ['BTREE', 'GIST', 'OPTIMIZED'])\n",
    "plt.title('Distribuição de Duração por Índice')\n",
    "plt.xlabel('Duração')\n",
    "plt.show()"
   ]
  }
 ],
 "metadata": {
  "kernelspec": {
   "display_name": "Python 3",
   "language": "python",
   "name": "python3"
  },
  "language_info": {
   "codemirror_mode": {
    "name": "ipython",
    "version": 3
   },
   "file_extension": ".py",
   "mimetype": "text/x-python",
   "name": "python",
   "nbconvert_exporter": "python",
   "pygments_lexer": "ipython3",
   "version": "3.10.12"
  }
 },
 "nbformat": 4,
 "nbformat_minor": 5
}
