{
 "cells": [
  {
   "cell_type": "code",
   "execution_count": 1,
   "id": "cdf839ec",
   "metadata": {},
   "outputs": [],
   "source": [
    "import time\n",
    "import pandas as pd\n",
    "import numpy as np\n",
    "import matplotlib.pyplot as plt\n",
    "import seaborn as sns\n",
    "\n",
    "from tqdm import tqdm\n",
    "from dotenv import dotenv_values"
   ]
  },
  {
   "cell_type": "code",
   "execution_count": 2,
   "id": "eb8fd12d",
   "metadata": {},
   "outputs": [],
   "source": [
    "DATABASE_URL = dotenv_values('../.env.local')['DATABASE_URL']"
   ]
  },
  {
   "cell_type": "code",
   "execution_count": 3,
   "id": "1d046b0b",
   "metadata": {},
   "outputs": [],
   "source": [
    "%load_ext sql\n",
    "\n",
    "%sql $DATABASE_URL"
   ]
  },
  {
   "cell_type": "code",
   "execution_count": 4,
   "id": "fce9f6d2",
   "metadata": {},
   "outputs": [],
   "source": [
    "def get_statistics(durations):\n",
    "    \"\"\"\n",
    "    Calculate the mean and standard deviation of a list of durations.\n",
    "    \"\"\"\n",
    "    mean = np.mean(durations)\n",
    "    median = np.median(durations)\n",
    "    std = np.std(durations)\n",
    "    min_duration = np.min(durations)\n",
    "    max_duration = np.max(durations)\n",
    "\n",
    "    print(f\"Mean: {mean:.6f} s\")\n",
    "    print(f\"Median: {median:.6f} s\")\n",
    "    print(f\"Std Dev: {std:.6f} s\")\n",
    "    print(f\"Min: {min_duration:.6f} s\")\n",
    "    print(f\"Max: {max_duration:.6f} s\")"
   ]
  },
  {
   "cell_type": "code",
   "execution_count": null,
   "id": "77b45fdd",
   "metadata": {},
   "outputs": [],
   "source": [
    "%%sql\n",
    "\n",
    "CREATE OR REPLACE FUNCTION get_query_statistics (queryid INTEGER, index_type TEXT) RETURNS TABLE (\n",
    "    tempomedio NUMERIC(8,2),\n",
    "    tempominimo NUMERIC(8,2),\n",
    "    tempoprimeiroquartil NUMERIC(8,2),\n",
    "    tempomediana NUMERIC(8,2),\n",
    "    tempoterceiroquartil NUMERIC(8,2),\n",
    "    tempomaximo NUMERIC(8,2),\n",
    "    tempodesviopadrao NUMERIC(8,2)\n",
    ") AS $$\n",
    "    BEGIN\n",
    "        RETURN QUERY \n",
    "           SELECT\n",
    "                AVG(elapsedtime)::NUMERIC(8,2) AS TempoMedio,\n",
    "                MIN(elapsedtime)::NUMERIC(8,2) AS TempoMinimo,\n",
    "                (percentile_cont(0.25) WITHIN GROUP (ORDER BY elapsedtime))::NUMERIC(8,2) AS TempoPrimeiroQuartil,\n",
    "                (percentile_cont(0.5)  WITHIN GROUP (ORDER BY elapsedtime))::NUMERIC(8,2) AS TempoMediana,\n",
    "                (percentile_cont(0.75) WITHIN GROUP (ORDER BY elapsedtime))::NUMERIC(8,2) AS TempoTerceiroQuartil,\n",
    "                MAX(elapsedtime)::NUMERIC(8,2) AS TempoMaximo,\n",
    "                STDDEV(elapsedtime)::NUMERIC(8,2) AS TempoDesvioPadrao\n",
    "            FROM stats_queries AS SQ\n",
    "            GROUP BY SQ.queryid, SQ.index_type\n",
    "            HAVING SQ.queryid = queryid AND SQ.index_type = index_type;\n",
    "    END;\n",
    "$$ LANGUAGE plpgsql;"
   ]
  },
  {
   "cell_type": "markdown",
   "id": "9f182915",
   "metadata": {},
   "source": [
    "# Analysis Fifth Query\n",
    "\n",
    "---\n",
    "\n",
    "* **Query 5: Análise da relação entre a temperatura média da pista em relação à velocidade média do carro e ao uso do motor.**\n",
    "\n",
    "* Consulta a relação entre temperatura da pista, velocidade média e uso de motor Essa consulta ranqueia os pilotos pela velocidade média registrada na sessão 9998 e, para cada um, apresenta a temperatura média do asfalto e o consumo médio de potência (throttle). Combinando dados de telemetria, clima e sessão, é possível correlacionar o ritmo de corrida e a exigência do motor em diferentes condições térmicas da pista."
   ]
  },
  {
   "cell_type": "code",
   "execution_count": 5,
   "id": "27e827af",
   "metadata": {},
   "outputs": [],
   "source": [
    "query = f\"\"\"\n",
    "    SELECT\n",
    "        S.circuit_short_name AS NomeCircuito,\n",
    "        D.full_name AS NomeDoPiloto, \n",
    "        AVG(T.speed)::NUMERIC(8,2) AS VelocidadeMediaPiloto,\n",
    "        AVG(T.throttle)::NUMERIC(8,2) AS ConsumoPotenciaMediaMotor,\n",
    "        AVG(WC.track_temperature)::NUMERIC(8,2) AS TemperaturaMediaPista\n",
    "    FROM public.telemetrys AS T\n",
    "    JOIN public.drivers AS D ON T.session_key = D.session_key AND T.driver_number = D.driver_number\n",
    "    JOIN public.weather_conditions AS WC ON WC.session_key = T.session_key\n",
    "    JOIN public.sessions AS S ON S.session_key = T.session_key\n",
    "    WHERE T.session_key = 9998\n",
    "    GROUP BY S.circuit_short_name, D.full_name;\n",
    "    \"\"\""
   ]
  },
  {
   "cell_type": "code",
   "execution_count": 6,
   "id": "1491a9e8",
   "metadata": {},
   "outputs": [],
   "source": [
    "%config SqlMagic.style = '_DEPRECATED_DEFAULT'"
   ]
  },
  {
   "cell_type": "code",
   "execution_count": 7,
   "id": "e57922c3",
   "metadata": {},
   "outputs": [
    {
     "name": "stdout",
     "output_type": "stream",
     "text": [
      " * postgresql+psycopg2://postgresadmin:***@localhost:5000/postgresdb\n",
      "19 rows affected.\n"
     ]
    },
    {
     "data": {
      "text/html": [
       "<table>\n",
       "    <thead>\n",
       "        <tr>\n",
       "            <th>nomecircuito</th>\n",
       "            <th>nomedopiloto</th>\n",
       "            <th>velocidademediapiloto</th>\n",
       "            <th>consumopotenciamediamotor</th>\n",
       "            <th>temperaturamediapista</th>\n",
       "        </tr>\n",
       "    </thead>\n",
       "    <tbody>\n",
       "        <tr>\n",
       "            <td>Shanghai</td>\n",
       "            <td>Alexander ALBON</td>\n",
       "            <td>131.41</td>\n",
       "            <td>42.41</td>\n",
       "            <td>35.82</td>\n",
       "        </tr>\n",
       "        <tr>\n",
       "            <td>Shanghai</td>\n",
       "            <td>Carlos SAINZ</td>\n",
       "            <td>133.79</td>\n",
       "            <td>40.34</td>\n",
       "            <td>35.82</td>\n",
       "        </tr>\n",
       "        <tr>\n",
       "            <td>Shanghai</td>\n",
       "            <td>Charles LECLERC</td>\n",
       "            <td>131.66</td>\n",
       "            <td>43.92</td>\n",
       "            <td>35.82</td>\n",
       "        </tr>\n",
       "        <tr>\n",
       "            <td>Shanghai</td>\n",
       "            <td>Fernando ALONSO</td>\n",
       "            <td>18.00</td>\n",
       "            <td>62.52</td>\n",
       "            <td>35.82</td>\n",
       "        </tr>\n",
       "        <tr>\n",
       "            <td>Shanghai</td>\n",
       "            <td>Gabriel BORTOLETO</td>\n",
       "            <td>130.05</td>\n",
       "            <td>49.20</td>\n",
       "            <td>35.82</td>\n",
       "        </tr>\n",
       "        <tr>\n",
       "            <td>Shanghai</td>\n",
       "            <td>George RUSSELL</td>\n",
       "            <td>134.03</td>\n",
       "            <td>41.99</td>\n",
       "            <td>35.82</td>\n",
       "        </tr>\n",
       "        <tr>\n",
       "            <td>Shanghai</td>\n",
       "            <td>Isack HADJAR</td>\n",
       "            <td>131.50</td>\n",
       "            <td>41.09</td>\n",
       "            <td>35.82</td>\n",
       "        </tr>\n",
       "        <tr>\n",
       "            <td>Shanghai</td>\n",
       "            <td>Jack DOOHAN</td>\n",
       "            <td>131.75</td>\n",
       "            <td>42.14</td>\n",
       "            <td>35.82</td>\n",
       "        </tr>\n",
       "        <tr>\n",
       "            <td>Shanghai</td>\n",
       "            <td>Kimi ANTONELLI</td>\n",
       "            <td>134.24</td>\n",
       "            <td>40.64</td>\n",
       "            <td>35.82</td>\n",
       "        </tr>\n",
       "        <tr>\n",
       "            <td>Shanghai</td>\n",
       "            <td>Lance STROLL</td>\n",
       "            <td>132.20</td>\n",
       "            <td>40.64</td>\n",
       "            <td>35.82</td>\n",
       "        </tr>\n",
       "        <tr>\n",
       "            <td>Shanghai</td>\n",
       "            <td>Lando NORRIS</td>\n",
       "            <td>131.85</td>\n",
       "            <td>39.72</td>\n",
       "            <td>35.82</td>\n",
       "        </tr>\n",
       "        <tr>\n",
       "            <td>Shanghai</td>\n",
       "            <td>Lewis HAMILTON</td>\n",
       "            <td>132.01</td>\n",
       "            <td>44.47</td>\n",
       "            <td>35.82</td>\n",
       "        </tr>\n",
       "        <tr>\n",
       "            <td>Shanghai</td>\n",
       "            <td>Liam LAWSON</td>\n",
       "            <td>133.97</td>\n",
       "            <td>50.90</td>\n",
       "            <td>35.82</td>\n",
       "        </tr>\n",
       "        <tr>\n",
       "            <td>Shanghai</td>\n",
       "            <td>Max VERSTAPPEN</td>\n",
       "            <td>134.34</td>\n",
       "            <td>40.27</td>\n",
       "            <td>35.82</td>\n",
       "        </tr>\n",
       "        <tr>\n",
       "            <td>Shanghai</td>\n",
       "            <td>Nico HULKENBERG</td>\n",
       "            <td>130.45</td>\n",
       "            <td>46.92</td>\n",
       "            <td>35.82</td>\n",
       "        </tr>\n",
       "        <tr>\n",
       "            <td>Shanghai</td>\n",
       "            <td>Oliver BEARMAN</td>\n",
       "            <td>132.16</td>\n",
       "            <td>41.30</td>\n",
       "            <td>35.82</td>\n",
       "        </tr>\n",
       "        <tr>\n",
       "            <td>Shanghai</td>\n",
       "            <td>Oscar PIASTRI</td>\n",
       "            <td>132.10</td>\n",
       "            <td>39.95</td>\n",
       "            <td>35.82</td>\n",
       "        </tr>\n",
       "        <tr>\n",
       "            <td>Shanghai</td>\n",
       "            <td>Pierre GASLY</td>\n",
       "            <td>132.22</td>\n",
       "            <td>42.60</td>\n",
       "            <td>35.82</td>\n",
       "        </tr>\n",
       "        <tr>\n",
       "            <td>Shanghai</td>\n",
       "            <td>Yuki TSUNODA</td>\n",
       "            <td>129.78</td>\n",
       "            <td>40.85</td>\n",
       "            <td>35.82</td>\n",
       "        </tr>\n",
       "    </tbody>\n",
       "</table>"
      ],
      "text/plain": [
       "[('Shanghai', 'Alexander ALBON', Decimal('131.41'), Decimal('42.41'), Decimal('35.82')),\n",
       " ('Shanghai', 'Carlos SAINZ', Decimal('133.79'), Decimal('40.34'), Decimal('35.82')),\n",
       " ('Shanghai', 'Charles LECLERC', Decimal('131.66'), Decimal('43.92'), Decimal('35.82')),\n",
       " ('Shanghai', 'Fernando ALONSO', Decimal('18.00'), Decimal('62.52'), Decimal('35.82')),\n",
       " ('Shanghai', 'Gabriel BORTOLETO', Decimal('130.05'), Decimal('49.20'), Decimal('35.82')),\n",
       " ('Shanghai', 'George RUSSELL', Decimal('134.03'), Decimal('41.99'), Decimal('35.82')),\n",
       " ('Shanghai', 'Isack HADJAR', Decimal('131.50'), Decimal('41.09'), Decimal('35.82')),\n",
       " ('Shanghai', 'Jack DOOHAN', Decimal('131.75'), Decimal('42.14'), Decimal('35.82')),\n",
       " ('Shanghai', 'Kimi ANTONELLI', Decimal('134.24'), Decimal('40.64'), Decimal('35.82')),\n",
       " ('Shanghai', 'Lance STROLL', Decimal('132.20'), Decimal('40.64'), Decimal('35.82')),\n",
       " ('Shanghai', 'Lando NORRIS', Decimal('131.85'), Decimal('39.72'), Decimal('35.82')),\n",
       " ('Shanghai', 'Lewis HAMILTON', Decimal('132.01'), Decimal('44.47'), Decimal('35.82')),\n",
       " ('Shanghai', 'Liam LAWSON', Decimal('133.97'), Decimal('50.90'), Decimal('35.82')),\n",
       " ('Shanghai', 'Max VERSTAPPEN', Decimal('134.34'), Decimal('40.27'), Decimal('35.82')),\n",
       " ('Shanghai', 'Nico HULKENBERG', Decimal('130.45'), Decimal('46.92'), Decimal('35.82')),\n",
       " ('Shanghai', 'Oliver BEARMAN', Decimal('132.16'), Decimal('41.30'), Decimal('35.82')),\n",
       " ('Shanghai', 'Oscar PIASTRI', Decimal('132.10'), Decimal('39.95'), Decimal('35.82')),\n",
       " ('Shanghai', 'Pierre GASLY', Decimal('132.22'), Decimal('42.60'), Decimal('35.82')),\n",
       " ('Shanghai', 'Yuki TSUNODA', Decimal('129.78'), Decimal('40.85'), Decimal('35.82'))]"
      ]
     },
     "execution_count": 7,
     "metadata": {},
     "output_type": "execute_result"
    }
   ],
   "source": [
    "%sql $query"
   ]
  },
  {
   "cell_type": "code",
   "execution_count": 8,
   "id": "917cf662",
   "metadata": {},
   "outputs": [
    {
     "name": "stdout",
     "output_type": "stream",
     "text": [
      " * postgresql+psycopg2://postgresadmin:***@localhost:5000/postgresdb\n"
     ]
    },
    {
     "name": "stdout",
     "output_type": "stream",
     "text": [
      "54 rows affected.\n"
     ]
    },
    {
     "data": {
      "text/html": [
       "<table>\n",
       "    <thead>\n",
       "        <tr>\n",
       "            <th>QUERY PLAN</th>\n",
       "        </tr>\n",
       "    </thead>\n",
       "    <tbody>\n",
       "        <tr>\n",
       "            <td>Finalize GroupAggregate  (cost=1496842.83..1496847.78 rows=17 width=65) (actual time=75120.003..75120.414 rows=19 loops=1)</td>\n",
       "        </tr>\n",
       "        <tr>\n",
       "            <td>&nbsp;&nbsp;Group Key: s.circuit_short_name, d.full_name</td>\n",
       "        </tr>\n",
       "        <tr>\n",
       "            <td>&nbsp;&nbsp;-&gt;  Gather Merge  (cost=1496842.83..1496846.80 rows=34 width=119) (actual time=75119.944..75120.248 rows=51 loops=1)</td>\n",
       "        </tr>\n",
       "        <tr>\n",
       "            <td>&nbsp;&nbsp;&nbsp;&nbsp;&nbsp;&nbsp;&nbsp;&nbsp;Workers Planned: 2</td>\n",
       "        </tr>\n",
       "        <tr>\n",
       "            <td>&nbsp;&nbsp;&nbsp;&nbsp;&nbsp;&nbsp;&nbsp;&nbsp;Workers Launched: 2</td>\n",
       "        </tr>\n",
       "        <tr>\n",
       "            <td>&nbsp;&nbsp;&nbsp;&nbsp;&nbsp;&nbsp;&nbsp;&nbsp;-&gt;  Sort  (cost=1495842.81..1495842.85 rows=17 width=119) (actual time=63164.711..63164.727 rows=17 loops=3)</td>\n",
       "        </tr>\n",
       "        <tr>\n",
       "            <td>&nbsp;&nbsp;&nbsp;&nbsp;&nbsp;&nbsp;&nbsp;&nbsp;&nbsp;&nbsp;&nbsp;&nbsp;&nbsp;&nbsp;Sort Key: s.circuit_short_name, d.full_name</td>\n",
       "        </tr>\n",
       "        <tr>\n",
       "            <td>&nbsp;&nbsp;&nbsp;&nbsp;&nbsp;&nbsp;&nbsp;&nbsp;&nbsp;&nbsp;&nbsp;&nbsp;&nbsp;&nbsp;Sort Method: quicksort  Memory: 28kB</td>\n",
       "        </tr>\n",
       "        <tr>\n",
       "            <td>&nbsp;&nbsp;&nbsp;&nbsp;&nbsp;&nbsp;&nbsp;&nbsp;&nbsp;&nbsp;&nbsp;&nbsp;&nbsp;&nbsp;Worker 0:  Sort Method: quicksort  Memory: 27kB</td>\n",
       "        </tr>\n",
       "        <tr>\n",
       "            <td>&nbsp;&nbsp;&nbsp;&nbsp;&nbsp;&nbsp;&nbsp;&nbsp;&nbsp;&nbsp;&nbsp;&nbsp;&nbsp;&nbsp;Worker 1:  Sort Method: quicksort  Memory: 28kB</td>\n",
       "        </tr>\n",
       "        <tr>\n",
       "            <td>&nbsp;&nbsp;&nbsp;&nbsp;&nbsp;&nbsp;&nbsp;&nbsp;&nbsp;&nbsp;&nbsp;&nbsp;&nbsp;&nbsp;-&gt;  Partial HashAggregate  (cost=1495842.29..1495842.46 rows=17 width=119) (actual time=63164.501..63164.526 rows=17 loops=3)</td>\n",
       "        </tr>\n",
       "        <tr>\n",
       "            <td>&nbsp;&nbsp;&nbsp;&nbsp;&nbsp;&nbsp;&nbsp;&nbsp;&nbsp;&nbsp;&nbsp;&nbsp;&nbsp;&nbsp;&nbsp;&nbsp;&nbsp;&nbsp;&nbsp;&nbsp;Group Key: s.circuit_short_name, d.full_name</td>\n",
       "        </tr>\n",
       "        <tr>\n",
       "            <td>&nbsp;&nbsp;&nbsp;&nbsp;&nbsp;&nbsp;&nbsp;&nbsp;&nbsp;&nbsp;&nbsp;&nbsp;&nbsp;&nbsp;&nbsp;&nbsp;&nbsp;&nbsp;&nbsp;&nbsp;Batches: 1  Memory Usage: 24kB</td>\n",
       "        </tr>\n",
       "        <tr>\n",
       "            <td>&nbsp;&nbsp;&nbsp;&nbsp;&nbsp;&nbsp;&nbsp;&nbsp;&nbsp;&nbsp;&nbsp;&nbsp;&nbsp;&nbsp;&nbsp;&nbsp;&nbsp;&nbsp;&nbsp;&nbsp;Worker 0:  Batches: 1  Memory Usage: 24kB</td>\n",
       "        </tr>\n",
       "        <tr>\n",
       "            <td>&nbsp;&nbsp;&nbsp;&nbsp;&nbsp;&nbsp;&nbsp;&nbsp;&nbsp;&nbsp;&nbsp;&nbsp;&nbsp;&nbsp;&nbsp;&nbsp;&nbsp;&nbsp;&nbsp;&nbsp;Worker 1:  Batches: 1  Memory Usage: 24kB</td>\n",
       "        </tr>\n",
       "        <tr>\n",
       "            <td>&nbsp;&nbsp;&nbsp;&nbsp;&nbsp;&nbsp;&nbsp;&nbsp;&nbsp;&nbsp;&nbsp;&nbsp;&nbsp;&nbsp;&nbsp;&nbsp;&nbsp;&nbsp;&nbsp;&nbsp;-&gt;  Merge Join  (cost=491300.82..1004133.13 rows=39336733 width=47) (actual time=2771.302..26477.993 rows=32632395 loops=3)</td>\n",
       "        </tr>\n",
       "        <tr>\n",
       "            <td>&nbsp;&nbsp;&nbsp;&nbsp;&nbsp;&nbsp;&nbsp;&nbsp;&nbsp;&nbsp;&nbsp;&nbsp;&nbsp;&nbsp;&nbsp;&nbsp;&nbsp;&nbsp;&nbsp;&nbsp;&nbsp;&nbsp;&nbsp;&nbsp;&nbsp;&nbsp;Merge Cond: (t.driver_number = d.driver_number)</td>\n",
       "        </tr>\n",
       "        <tr>\n",
       "            <td>&nbsp;&nbsp;&nbsp;&nbsp;&nbsp;&nbsp;&nbsp;&nbsp;&nbsp;&nbsp;&nbsp;&nbsp;&nbsp;&nbsp;&nbsp;&nbsp;&nbsp;&nbsp;&nbsp;&nbsp;&nbsp;&nbsp;&nbsp;&nbsp;&nbsp;&nbsp;-&gt;  Sort  (cost=490772.57..491407.96 rows=254156 width=24) (actual time=2761.832..2984.675 rows=211899 loops=3)</td>\n",
       "        </tr>\n",
       "        <tr>\n",
       "            <td>&nbsp;&nbsp;&nbsp;&nbsp;&nbsp;&nbsp;&nbsp;&nbsp;&nbsp;&nbsp;&nbsp;&nbsp;&nbsp;&nbsp;&nbsp;&nbsp;&nbsp;&nbsp;&nbsp;&nbsp;&nbsp;&nbsp;&nbsp;&nbsp;&nbsp;&nbsp;&nbsp;&nbsp;&nbsp;&nbsp;&nbsp;&nbsp;Sort Key: t.driver_number</td>\n",
       "        </tr>\n",
       "        <tr>\n",
       "            <td>&nbsp;&nbsp;&nbsp;&nbsp;&nbsp;&nbsp;&nbsp;&nbsp;&nbsp;&nbsp;&nbsp;&nbsp;&nbsp;&nbsp;&nbsp;&nbsp;&nbsp;&nbsp;&nbsp;&nbsp;&nbsp;&nbsp;&nbsp;&nbsp;&nbsp;&nbsp;&nbsp;&nbsp;&nbsp;&nbsp;&nbsp;&nbsp;Sort Method: external merge  Disk: 9480kB</td>\n",
       "        </tr>\n",
       "        <tr>\n",
       "            <td>&nbsp;&nbsp;&nbsp;&nbsp;&nbsp;&nbsp;&nbsp;&nbsp;&nbsp;&nbsp;&nbsp;&nbsp;&nbsp;&nbsp;&nbsp;&nbsp;&nbsp;&nbsp;&nbsp;&nbsp;&nbsp;&nbsp;&nbsp;&nbsp;&nbsp;&nbsp;&nbsp;&nbsp;&nbsp;&nbsp;&nbsp;&nbsp;Worker 0:  Sort Method: external merge  Disk: 4592kB</td>\n",
       "        </tr>\n",
       "        <tr>\n",
       "            <td>&nbsp;&nbsp;&nbsp;&nbsp;&nbsp;&nbsp;&nbsp;&nbsp;&nbsp;&nbsp;&nbsp;&nbsp;&nbsp;&nbsp;&nbsp;&nbsp;&nbsp;&nbsp;&nbsp;&nbsp;&nbsp;&nbsp;&nbsp;&nbsp;&nbsp;&nbsp;&nbsp;&nbsp;&nbsp;&nbsp;&nbsp;&nbsp;Worker 1:  Sort Method: external merge  Disk: 7168kB</td>\n",
       "        </tr>\n",
       "        <tr>\n",
       "            <td>&nbsp;&nbsp;&nbsp;&nbsp;&nbsp;&nbsp;&nbsp;&nbsp;&nbsp;&nbsp;&nbsp;&nbsp;&nbsp;&nbsp;&nbsp;&nbsp;&nbsp;&nbsp;&nbsp;&nbsp;&nbsp;&nbsp;&nbsp;&nbsp;&nbsp;&nbsp;&nbsp;&nbsp;&nbsp;&nbsp;&nbsp;&nbsp;-&gt;  Parallel Bitmap Heap Scan on telemetrys t  (cost=14123.87..462740.26 rows=254156 width=24) (actual time=2092.712..2335.613 rows=211899 loops=3)</td>\n",
       "        </tr>\n",
       "        <tr>\n",
       "            <td>&nbsp;&nbsp;&nbsp;&nbsp;&nbsp;&nbsp;&nbsp;&nbsp;&nbsp;&nbsp;&nbsp;&nbsp;&nbsp;&nbsp;&nbsp;&nbsp;&nbsp;&nbsp;&nbsp;&nbsp;&nbsp;&nbsp;&nbsp;&nbsp;&nbsp;&nbsp;&nbsp;&nbsp;&nbsp;&nbsp;&nbsp;&nbsp;&nbsp;&nbsp;&nbsp;&nbsp;&nbsp;&nbsp;Recheck Cond: (session_key = 9998)</td>\n",
       "        </tr>\n",
       "        <tr>\n",
       "            <td>&nbsp;&nbsp;&nbsp;&nbsp;&nbsp;&nbsp;&nbsp;&nbsp;&nbsp;&nbsp;&nbsp;&nbsp;&nbsp;&nbsp;&nbsp;&nbsp;&nbsp;&nbsp;&nbsp;&nbsp;&nbsp;&nbsp;&nbsp;&nbsp;&nbsp;&nbsp;&nbsp;&nbsp;&nbsp;&nbsp;&nbsp;&nbsp;&nbsp;&nbsp;&nbsp;&nbsp;&nbsp;&nbsp;Heap Blocks: exact=2817</td>\n",
       "        </tr>\n",
       "        <tr>\n",
       "            <td>&nbsp;&nbsp;&nbsp;&nbsp;&nbsp;&nbsp;&nbsp;&nbsp;&nbsp;&nbsp;&nbsp;&nbsp;&nbsp;&nbsp;&nbsp;&nbsp;&nbsp;&nbsp;&nbsp;&nbsp;&nbsp;&nbsp;&nbsp;&nbsp;&nbsp;&nbsp;&nbsp;&nbsp;&nbsp;&nbsp;&nbsp;&nbsp;&nbsp;&nbsp;&nbsp;&nbsp;&nbsp;&nbsp;-&gt;  Bitmap Index Scan on telemetrys_pkey  (cost=0.00..13971.38 rows=609975 width=0) (actual time=135.385..135.386 rows=635696 loops=1)</td>\n",
       "        </tr>\n",
       "        <tr>\n",
       "            <td>&nbsp;&nbsp;&nbsp;&nbsp;&nbsp;&nbsp;&nbsp;&nbsp;&nbsp;&nbsp;&nbsp;&nbsp;&nbsp;&nbsp;&nbsp;&nbsp;&nbsp;&nbsp;&nbsp;&nbsp;&nbsp;&nbsp;&nbsp;&nbsp;&nbsp;&nbsp;&nbsp;&nbsp;&nbsp;&nbsp;&nbsp;&nbsp;&nbsp;&nbsp;&nbsp;&nbsp;&nbsp;&nbsp;&nbsp;&nbsp;&nbsp;&nbsp;&nbsp;&nbsp;Index Cond: (session_key = 9998)</td>\n",
       "        </tr>\n",
       "        <tr>\n",
       "            <td>&nbsp;&nbsp;&nbsp;&nbsp;&nbsp;&nbsp;&nbsp;&nbsp;&nbsp;&nbsp;&nbsp;&nbsp;&nbsp;&nbsp;&nbsp;&nbsp;&nbsp;&nbsp;&nbsp;&nbsp;&nbsp;&nbsp;&nbsp;&nbsp;&nbsp;&nbsp;-&gt;  Sort  (cost=528.25..535.95 rows=3080 width=47) (actual time=9.275..6862.790 rows=32621710 loops=3)</td>\n",
       "        </tr>\n",
       "        <tr>\n",
       "            <td>&nbsp;&nbsp;&nbsp;&nbsp;&nbsp;&nbsp;&nbsp;&nbsp;&nbsp;&nbsp;&nbsp;&nbsp;&nbsp;&nbsp;&nbsp;&nbsp;&nbsp;&nbsp;&nbsp;&nbsp;&nbsp;&nbsp;&nbsp;&nbsp;&nbsp;&nbsp;&nbsp;&nbsp;&nbsp;&nbsp;&nbsp;&nbsp;Sort Key: d.driver_number</td>\n",
       "        </tr>\n",
       "        <tr>\n",
       "            <td>&nbsp;&nbsp;&nbsp;&nbsp;&nbsp;&nbsp;&nbsp;&nbsp;&nbsp;&nbsp;&nbsp;&nbsp;&nbsp;&nbsp;&nbsp;&nbsp;&nbsp;&nbsp;&nbsp;&nbsp;&nbsp;&nbsp;&nbsp;&nbsp;&nbsp;&nbsp;&nbsp;&nbsp;&nbsp;&nbsp;&nbsp;&nbsp;Sort Method: quicksort  Memory: 386kB</td>\n",
       "        </tr>\n",
       "        <tr>\n",
       "            <td>&nbsp;&nbsp;&nbsp;&nbsp;&nbsp;&nbsp;&nbsp;&nbsp;&nbsp;&nbsp;&nbsp;&nbsp;&nbsp;&nbsp;&nbsp;&nbsp;&nbsp;&nbsp;&nbsp;&nbsp;&nbsp;&nbsp;&nbsp;&nbsp;&nbsp;&nbsp;&nbsp;&nbsp;&nbsp;&nbsp;&nbsp;&nbsp;Worker 0:  Sort Method: quicksort  Memory: 386kB</td>\n",
       "        </tr>\n",
       "        <tr>\n",
       "            <td>&nbsp;&nbsp;&nbsp;&nbsp;&nbsp;&nbsp;&nbsp;&nbsp;&nbsp;&nbsp;&nbsp;&nbsp;&nbsp;&nbsp;&nbsp;&nbsp;&nbsp;&nbsp;&nbsp;&nbsp;&nbsp;&nbsp;&nbsp;&nbsp;&nbsp;&nbsp;&nbsp;&nbsp;&nbsp;&nbsp;&nbsp;&nbsp;Worker 1:  Sort Method: quicksort  Memory: 386kB</td>\n",
       "        </tr>\n",
       "        <tr>\n",
       "            <td>&nbsp;&nbsp;&nbsp;&nbsp;&nbsp;&nbsp;&nbsp;&nbsp;&nbsp;&nbsp;&nbsp;&nbsp;&nbsp;&nbsp;&nbsp;&nbsp;&nbsp;&nbsp;&nbsp;&nbsp;&nbsp;&nbsp;&nbsp;&nbsp;&nbsp;&nbsp;&nbsp;&nbsp;&nbsp;&nbsp;&nbsp;&nbsp;-&gt;  Nested Loop  (cost=140.76..349.79 rows=3080 width=47) (actual time=0.944..4.213 rows=3080 loops=3)</td>\n",
       "        </tr>\n",
       "        <tr>\n",
       "            <td>&nbsp;&nbsp;&nbsp;&nbsp;&nbsp;&nbsp;&nbsp;&nbsp;&nbsp;&nbsp;&nbsp;&nbsp;&nbsp;&nbsp;&nbsp;&nbsp;&nbsp;&nbsp;&nbsp;&nbsp;&nbsp;&nbsp;&nbsp;&nbsp;&nbsp;&nbsp;&nbsp;&nbsp;&nbsp;&nbsp;&nbsp;&nbsp;&nbsp;&nbsp;&nbsp;&nbsp;&nbsp;&nbsp;-&gt;  Bitmap Heap Scan on weather_conditions wc  (cost=5.48..117.59 rows=154 width=12) (actual time=0.248..0.684 rows=154 loops=3)</td>\n",
       "        </tr>\n",
       "        <tr>\n",
       "            <td>&nbsp;&nbsp;&nbsp;&nbsp;&nbsp;&nbsp;&nbsp;&nbsp;&nbsp;&nbsp;&nbsp;&nbsp;&nbsp;&nbsp;&nbsp;&nbsp;&nbsp;&nbsp;&nbsp;&nbsp;&nbsp;&nbsp;&nbsp;&nbsp;&nbsp;&nbsp;&nbsp;&nbsp;&nbsp;&nbsp;&nbsp;&nbsp;&nbsp;&nbsp;&nbsp;&nbsp;&nbsp;&nbsp;&nbsp;&nbsp;&nbsp;&nbsp;&nbsp;&nbsp;Recheck Cond: (session_key = 9998)</td>\n",
       "        </tr>\n",
       "        <tr>\n",
       "            <td>&nbsp;&nbsp;&nbsp;&nbsp;&nbsp;&nbsp;&nbsp;&nbsp;&nbsp;&nbsp;&nbsp;&nbsp;&nbsp;&nbsp;&nbsp;&nbsp;&nbsp;&nbsp;&nbsp;&nbsp;&nbsp;&nbsp;&nbsp;&nbsp;&nbsp;&nbsp;&nbsp;&nbsp;&nbsp;&nbsp;&nbsp;&nbsp;&nbsp;&nbsp;&nbsp;&nbsp;&nbsp;&nbsp;&nbsp;&nbsp;&nbsp;&nbsp;&nbsp;&nbsp;Heap Blocks: exact=3</td>\n",
       "        </tr>\n",
       "        <tr>\n",
       "            <td>&nbsp;&nbsp;&nbsp;&nbsp;&nbsp;&nbsp;&nbsp;&nbsp;&nbsp;&nbsp;&nbsp;&nbsp;&nbsp;&nbsp;&nbsp;&nbsp;&nbsp;&nbsp;&nbsp;&nbsp;&nbsp;&nbsp;&nbsp;&nbsp;&nbsp;&nbsp;&nbsp;&nbsp;&nbsp;&nbsp;&nbsp;&nbsp;&nbsp;&nbsp;&nbsp;&nbsp;&nbsp;&nbsp;&nbsp;&nbsp;&nbsp;&nbsp;&nbsp;&nbsp;-&gt;  Bitmap Index Scan on weather_conditions_pkey  (cost=0.00..5.44 rows=154 width=0) (actual time=0.220..0.220 rows=154 loops=3)</td>\n",
       "        </tr>\n",
       "        <tr>\n",
       "            <td>&nbsp;&nbsp;&nbsp;&nbsp;&nbsp;&nbsp;&nbsp;&nbsp;&nbsp;&nbsp;&nbsp;&nbsp;&nbsp;&nbsp;&nbsp;&nbsp;&nbsp;&nbsp;&nbsp;&nbsp;&nbsp;&nbsp;&nbsp;&nbsp;&nbsp;&nbsp;&nbsp;&nbsp;&nbsp;&nbsp;&nbsp;&nbsp;&nbsp;&nbsp;&nbsp;&nbsp;&nbsp;&nbsp;&nbsp;&nbsp;&nbsp;&nbsp;&nbsp;&nbsp;&nbsp;&nbsp;&nbsp;&nbsp;&nbsp;&nbsp;Index Cond: (session_key = 9998)</td>\n",
       "        </tr>\n",
       "        <tr>\n",
       "            <td>&nbsp;&nbsp;&nbsp;&nbsp;&nbsp;&nbsp;&nbsp;&nbsp;&nbsp;&nbsp;&nbsp;&nbsp;&nbsp;&nbsp;&nbsp;&nbsp;&nbsp;&nbsp;&nbsp;&nbsp;&nbsp;&nbsp;&nbsp;&nbsp;&nbsp;&nbsp;&nbsp;&nbsp;&nbsp;&nbsp;&nbsp;&nbsp;&nbsp;&nbsp;&nbsp;&nbsp;&nbsp;&nbsp;-&gt;  Materialize  (cost=135.28..193.75 rows=20 width=35) (actual time=0.005..0.010 rows=20 loops=462)</td>\n",
       "        </tr>\n",
       "        <tr>\n",
       "            <td>&nbsp;&nbsp;&nbsp;&nbsp;&nbsp;&nbsp;&nbsp;&nbsp;&nbsp;&nbsp;&nbsp;&nbsp;&nbsp;&nbsp;&nbsp;&nbsp;&nbsp;&nbsp;&nbsp;&nbsp;&nbsp;&nbsp;&nbsp;&nbsp;&nbsp;&nbsp;&nbsp;&nbsp;&nbsp;&nbsp;&nbsp;&nbsp;&nbsp;&nbsp;&nbsp;&nbsp;&nbsp;&nbsp;&nbsp;&nbsp;&nbsp;&nbsp;&nbsp;&nbsp;-&gt;  Nested Loop  (cost=135.28..193.65 rows=20 width=35) (actual time=0.670..0.701 rows=20 loops=3)</td>\n",
       "        </tr>\n",
       "        <tr>\n",
       "            <td>&nbsp;&nbsp;&nbsp;&nbsp;&nbsp;&nbsp;&nbsp;&nbsp;&nbsp;&nbsp;&nbsp;&nbsp;&nbsp;&nbsp;&nbsp;&nbsp;&nbsp;&nbsp;&nbsp;&nbsp;&nbsp;&nbsp;&nbsp;&nbsp;&nbsp;&nbsp;&nbsp;&nbsp;&nbsp;&nbsp;&nbsp;&nbsp;&nbsp;&nbsp;&nbsp;&nbsp;&nbsp;&nbsp;&nbsp;&nbsp;&nbsp;&nbsp;&nbsp;&nbsp;&nbsp;&nbsp;&nbsp;&nbsp;&nbsp;&nbsp;-&gt;  Seq Scan on sessions s  (cost=0.00..3.23 rows=1 width=13) (actual time=0.121..0.126 rows=1 loops=3)</td>\n",
       "        </tr>\n",
       "        <tr>\n",
       "            <td>&nbsp;&nbsp;&nbsp;&nbsp;&nbsp;&nbsp;&nbsp;&nbsp;&nbsp;&nbsp;&nbsp;&nbsp;&nbsp;&nbsp;&nbsp;&nbsp;&nbsp;&nbsp;&nbsp;&nbsp;&nbsp;&nbsp;&nbsp;&nbsp;&nbsp;&nbsp;&nbsp;&nbsp;&nbsp;&nbsp;&nbsp;&nbsp;&nbsp;&nbsp;&nbsp;&nbsp;&nbsp;&nbsp;&nbsp;&nbsp;&nbsp;&nbsp;&nbsp;&nbsp;&nbsp;&nbsp;&nbsp;&nbsp;&nbsp;&nbsp;&nbsp;&nbsp;&nbsp;&nbsp;&nbsp;&nbsp;Filter: (session_key = 9998)</td>\n",
       "        </tr>\n",
       "        <tr>\n",
       "            <td>&nbsp;&nbsp;&nbsp;&nbsp;&nbsp;&nbsp;&nbsp;&nbsp;&nbsp;&nbsp;&nbsp;&nbsp;&nbsp;&nbsp;&nbsp;&nbsp;&nbsp;&nbsp;&nbsp;&nbsp;&nbsp;&nbsp;&nbsp;&nbsp;&nbsp;&nbsp;&nbsp;&nbsp;&nbsp;&nbsp;&nbsp;&nbsp;&nbsp;&nbsp;&nbsp;&nbsp;&nbsp;&nbsp;&nbsp;&nbsp;&nbsp;&nbsp;&nbsp;&nbsp;&nbsp;&nbsp;&nbsp;&nbsp;&nbsp;&nbsp;&nbsp;&nbsp;&nbsp;&nbsp;&nbsp;&nbsp;Rows Removed by Filter: 97</td>\n",
       "        </tr>\n",
       "        <tr>\n",
       "            <td>&nbsp;&nbsp;&nbsp;&nbsp;&nbsp;&nbsp;&nbsp;&nbsp;&nbsp;&nbsp;&nbsp;&nbsp;&nbsp;&nbsp;&nbsp;&nbsp;&nbsp;&nbsp;&nbsp;&nbsp;&nbsp;&nbsp;&nbsp;&nbsp;&nbsp;&nbsp;&nbsp;&nbsp;&nbsp;&nbsp;&nbsp;&nbsp;&nbsp;&nbsp;&nbsp;&nbsp;&nbsp;&nbsp;&nbsp;&nbsp;&nbsp;&nbsp;&nbsp;&nbsp;&nbsp;&nbsp;&nbsp;&nbsp;&nbsp;&nbsp;-&gt;  Bitmap Heap Scan on drivers d  (cost=135.28..190.22 rows=20 width=22) (actual time=0.508..0.523 rows=20 loops=3)</td>\n",
       "        </tr>\n",
       "        <tr>\n",
       "            <td>&nbsp;&nbsp;&nbsp;&nbsp;&nbsp;&nbsp;&nbsp;&nbsp;&nbsp;&nbsp;&nbsp;&nbsp;&nbsp;&nbsp;&nbsp;&nbsp;&nbsp;&nbsp;&nbsp;&nbsp;&nbsp;&nbsp;&nbsp;&nbsp;&nbsp;&nbsp;&nbsp;&nbsp;&nbsp;&nbsp;&nbsp;&nbsp;&nbsp;&nbsp;&nbsp;&nbsp;&nbsp;&nbsp;&nbsp;&nbsp;&nbsp;&nbsp;&nbsp;&nbsp;&nbsp;&nbsp;&nbsp;&nbsp;&nbsp;&nbsp;&nbsp;&nbsp;&nbsp;&nbsp;&nbsp;&nbsp;Recheck Cond: (session_key = 9998)</td>\n",
       "        </tr>\n",
       "        <tr>\n",
       "            <td>&nbsp;&nbsp;&nbsp;&nbsp;&nbsp;&nbsp;&nbsp;&nbsp;&nbsp;&nbsp;&nbsp;&nbsp;&nbsp;&nbsp;&nbsp;&nbsp;&nbsp;&nbsp;&nbsp;&nbsp;&nbsp;&nbsp;&nbsp;&nbsp;&nbsp;&nbsp;&nbsp;&nbsp;&nbsp;&nbsp;&nbsp;&nbsp;&nbsp;&nbsp;&nbsp;&nbsp;&nbsp;&nbsp;&nbsp;&nbsp;&nbsp;&nbsp;&nbsp;&nbsp;&nbsp;&nbsp;&nbsp;&nbsp;&nbsp;&nbsp;&nbsp;&nbsp;&nbsp;&nbsp;&nbsp;&nbsp;Heap Blocks: exact=2</td>\n",
       "        </tr>\n",
       "        <tr>\n",
       "            <td>&nbsp;&nbsp;&nbsp;&nbsp;&nbsp;&nbsp;&nbsp;&nbsp;&nbsp;&nbsp;&nbsp;&nbsp;&nbsp;&nbsp;&nbsp;&nbsp;&nbsp;&nbsp;&nbsp;&nbsp;&nbsp;&nbsp;&nbsp;&nbsp;&nbsp;&nbsp;&nbsp;&nbsp;&nbsp;&nbsp;&nbsp;&nbsp;&nbsp;&nbsp;&nbsp;&nbsp;&nbsp;&nbsp;&nbsp;&nbsp;&nbsp;&nbsp;&nbsp;&nbsp;&nbsp;&nbsp;&nbsp;&nbsp;&nbsp;&nbsp;&nbsp;&nbsp;&nbsp;&nbsp;&nbsp;&nbsp;-&gt;  Bitmap Index Scan on drivers_pkey  (cost=0.00..135.28 rows=20 width=0) (actual time=0.492..0.492 rows=20 loops=3)</td>\n",
       "        </tr>\n",
       "        <tr>\n",
       "            <td>&nbsp;&nbsp;&nbsp;&nbsp;&nbsp;&nbsp;&nbsp;&nbsp;&nbsp;&nbsp;&nbsp;&nbsp;&nbsp;&nbsp;&nbsp;&nbsp;&nbsp;&nbsp;&nbsp;&nbsp;&nbsp;&nbsp;&nbsp;&nbsp;&nbsp;&nbsp;&nbsp;&nbsp;&nbsp;&nbsp;&nbsp;&nbsp;&nbsp;&nbsp;&nbsp;&nbsp;&nbsp;&nbsp;&nbsp;&nbsp;&nbsp;&nbsp;&nbsp;&nbsp;&nbsp;&nbsp;&nbsp;&nbsp;&nbsp;&nbsp;&nbsp;&nbsp;&nbsp;&nbsp;&nbsp;&nbsp;&nbsp;&nbsp;&nbsp;&nbsp;&nbsp;&nbsp;Index Cond: (session_key = 9998)</td>\n",
       "        </tr>\n",
       "        <tr>\n",
       "            <td>Planning Time: 1.008 ms</td>\n",
       "        </tr>\n",
       "        <tr>\n",
       "            <td>JIT:</td>\n",
       "        </tr>\n",
       "        <tr>\n",
       "            <td>&nbsp;&nbsp;Functions: 84</td>\n",
       "        </tr>\n",
       "        <tr>\n",
       "            <td>&nbsp;&nbsp;Options: Inlining true, Optimization true, Expressions true, Deforming true</td>\n",
       "        </tr>\n",
       "        <tr>\n",
       "            <td>&nbsp;&nbsp;Timing: Generation 43.178 ms, Inlining 1476.965 ms, Optimization 2778.312 ms, Emission 1796.376 ms, Total 6094.830 ms</td>\n",
       "        </tr>\n",
       "        <tr>\n",
       "            <td>Execution Time: 75128.035 ms</td>\n",
       "        </tr>\n",
       "    </tbody>\n",
       "</table>"
      ],
      "text/plain": [
       "[('Finalize GroupAggregate  (cost=1496842.83..1496847.78 rows=17 width=65) (actual time=75120.003..75120.414 rows=19 loops=1)',),\n",
       " ('  Group Key: s.circuit_short_name, d.full_name',),\n",
       " ('  ->  Gather Merge  (cost=1496842.83..1496846.80 rows=34 width=119) (actual time=75119.944..75120.248 rows=51 loops=1)',),\n",
       " ('        Workers Planned: 2',),\n",
       " ('        Workers Launched: 2',),\n",
       " ('        ->  Sort  (cost=1495842.81..1495842.85 rows=17 width=119) (actual time=63164.711..63164.727 rows=17 loops=3)',),\n",
       " ('              Sort Key: s.circuit_short_name, d.full_name',),\n",
       " ('              Sort Method: quicksort  Memory: 28kB',),\n",
       " ('              Worker 0:  Sort Method: quicksort  Memory: 27kB',),\n",
       " ('              Worker 1:  Sort Method: quicksort  Memory: 28kB',),\n",
       " ('              ->  Partial HashAggregate  (cost=1495842.29..1495842.46 rows=17 width=119) (actual time=63164.501..63164.526 rows=17 loops=3)',),\n",
       " ('                    Group Key: s.circuit_short_name, d.full_name',),\n",
       " ('                    Batches: 1  Memory Usage: 24kB',),\n",
       " ('                    Worker 0:  Batches: 1  Memory Usage: 24kB',),\n",
       " ('                    Worker 1:  Batches: 1  Memory Usage: 24kB',),\n",
       " ('                    ->  Merge Join  (cost=491300.82..1004133.13 rows=39336733 width=47) (actual time=2771.302..26477.993 rows=32632395 loops=3)',),\n",
       " ('                          Merge Cond: (t.driver_number = d.driver_number)',),\n",
       " ('                          ->  Sort  (cost=490772.57..491407.96 rows=254156 width=24) (actual time=2761.832..2984.675 rows=211899 loops=3)',),\n",
       " ('                                Sort Key: t.driver_number',),\n",
       " ('                                Sort Method: external merge  Disk: 9480kB',),\n",
       " ('                                Worker 0:  Sort Method: external merge  Disk: 4592kB',),\n",
       " ('                                Worker 1:  Sort Method: external merge  Disk: 7168kB',),\n",
       " ('                                ->  Parallel Bitmap Heap Scan on telemetrys t  (cost=14123.87..462740.26 rows=254156 width=24) (actual time=2092.712..2335.613 rows=211899 loops=3)',),\n",
       " ('                                      Recheck Cond: (session_key = 9998)',),\n",
       " ('                                      Heap Blocks: exact=2817',),\n",
       " ('                                      ->  Bitmap Index Scan on telemetrys_pkey  (cost=0.00..13971.38 rows=609975 width=0) (actual time=135.385..135.386 rows=635696 loops=1)',),\n",
       " ('                                            Index Cond: (session_key = 9998)',),\n",
       " ('                          ->  Sort  (cost=528.25..535.95 rows=3080 width=47) (actual time=9.275..6862.790 rows=32621710 loops=3)',),\n",
       " ('                                Sort Key: d.driver_number',),\n",
       " ('                                Sort Method: quicksort  Memory: 386kB',),\n",
       " ('                                Worker 0:  Sort Method: quicksort  Memory: 386kB',),\n",
       " ('                                Worker 1:  Sort Method: quicksort  Memory: 386kB',),\n",
       " ('                                ->  Nested Loop  (cost=140.76..349.79 rows=3080 width=47) (actual time=0.944..4.213 rows=3080 loops=3)',),\n",
       " ('                                      ->  Bitmap Heap Scan on weather_conditions wc  (cost=5.48..117.59 rows=154 width=12) (actual time=0.248..0.684 rows=154 loops=3)',),\n",
       " ('                                            Recheck Cond: (session_key = 9998)',),\n",
       " ('                                            Heap Blocks: exact=3',),\n",
       " ('                                            ->  Bitmap Index Scan on weather_conditions_pkey  (cost=0.00..5.44 rows=154 width=0) (actual time=0.220..0.220 rows=154 loops=3)',),\n",
       " ('                                                  Index Cond: (session_key = 9998)',),\n",
       " ('                                      ->  Materialize  (cost=135.28..193.75 rows=20 width=35) (actual time=0.005..0.010 rows=20 loops=462)',),\n",
       " ('                                            ->  Nested Loop  (cost=135.28..193.65 rows=20 width=35) (actual time=0.670..0.701 rows=20 loops=3)',),\n",
       " ('                                                  ->  Seq Scan on sessions s  (cost=0.00..3.23 rows=1 width=13) (actual time=0.121..0.126 rows=1 loops=3)',),\n",
       " ('                                                        Filter: (session_key = 9998)',),\n",
       " ('                                                        Rows Removed by Filter: 97',),\n",
       " ('                                                  ->  Bitmap Heap Scan on drivers d  (cost=135.28..190.22 rows=20 width=22) (actual time=0.508..0.523 rows=20 loops=3)',),\n",
       " ('                                                        Recheck Cond: (session_key = 9998)',),\n",
       " ('                                                        Heap Blocks: exact=2',),\n",
       " ('                                                        ->  Bitmap Index Scan on drivers_pkey  (cost=0.00..135.28 rows=20 width=0) (actual time=0.492..0.492 rows=20 loops=3)',),\n",
       " ('                                                              Index Cond: (session_key = 9998)',),\n",
       " ('Planning Time: 1.008 ms',),\n",
       " ('JIT:',),\n",
       " ('  Functions: 84',),\n",
       " ('  Options: Inlining true, Optimization true, Expressions true, Deforming true',),\n",
       " ('  Timing: Generation 43.178 ms, Inlining 1476.965 ms, Optimization 2778.312 ms, Emission 1796.376 ms, Total 6094.830 ms',),\n",
       " ('Execution Time: 75128.035 ms',)]"
      ]
     },
     "execution_count": 8,
     "metadata": {},
     "output_type": "execute_result"
    }
   ],
   "source": [
    "%sql EXPLAIN ANALYZE $query"
   ]
  },
  {
   "cell_type": "markdown",
   "id": "173873df",
   "metadata": {},
   "source": [
    "## Default \n",
    "\n",
    "---\n",
    "\n",
    "Como default a consulta não utiliza os índices criados no formação do dataset. O que iremos fazer agora será ver o desempenho dessa consulta sem nenhum índide. Depois disso iremos propor algum índice que faça sendito para o nosso problema e seja de uma série temporal, abordanddo o escolo do nosso projeto.\n"
   ]
  },
  {
   "cell_type": "code",
   "execution_count": 9,
   "id": "0844d30a",
   "metadata": {},
   "outputs": [],
   "source": [
    "check_indexes = \"\"\"\n",
    "    SELECT\n",
    "        indexname,\n",
    "        indexdef\n",
    "    FROM\n",
    "        pg_indexes\n",
    "    WHERE\n",
    "        schemaname = 'public' AND tablename = 'telemetrys';\n",
    "\"\"\""
   ]
  },
  {
   "cell_type": "code",
   "execution_count": 10,
   "id": "c70235eb",
   "metadata": {},
   "outputs": [
    {
     "name": "stdout",
     "output_type": "stream",
     "text": [
      " * postgresql+psycopg2://postgresadmin:***@localhost:5000/postgresdb\n",
      "1 rows affected.\n"
     ]
    },
    {
     "data": {
      "text/html": [
       "<table>\n",
       "    <thead>\n",
       "        <tr>\n",
       "            <th>indexname</th>\n",
       "            <th>indexdef</th>\n",
       "        </tr>\n",
       "    </thead>\n",
       "    <tbody>\n",
       "        <tr>\n",
       "            <td>telemetrys_pkey</td>\n",
       "            <td>CREATE UNIQUE INDEX telemetrys_pkey ON public.telemetrys USING btree (session_key, driver_number, date)</td>\n",
       "        </tr>\n",
       "    </tbody>\n",
       "</table>"
      ],
      "text/plain": [
       "[('telemetrys_pkey', 'CREATE UNIQUE INDEX telemetrys_pkey ON public.telemetrys USING btree (session_key, driver_number, date)')]"
      ]
     },
     "execution_count": 10,
     "metadata": {},
     "output_type": "execute_result"
    }
   ],
   "source": [
    "%sql $check_indexes"
   ]
  },
  {
   "cell_type": "code",
   "execution_count": 11,
   "id": "40b1f2f8",
   "metadata": {},
   "outputs": [
    {
     "name": "stderr",
     "output_type": "stream",
     "text": [
      "  0%|          | 0/10 [00:00<?, ?it/s]"
     ]
    },
    {
     "name": "stderr",
     "output_type": "stream",
     "text": [
      "100%|██████████| 10/10 [09:13<00:00, 55.31s/it]\n"
     ]
    }
   ],
   "source": [
    "duration_btree = []\n",
    "\n",
    "for _ in tqdm(range(10)):\n",
    "    start = time.time()\n",
    "    _ = pd.read_sql(query, DATABASE_URL)\n",
    "    end = time.time()\n",
    "    \n",
    "    duration_btree.append(end - start)"
   ]
  },
  {
   "cell_type": "code",
   "execution_count": 12,
   "id": "6b0a0c4c",
   "metadata": {},
   "outputs": [
    {
     "name": "stdout",
     "output_type": "stream",
     "text": [
      "Mean: 55.306303 s\n",
      "Median: 44.604963 s\n",
      "Std Dev: 23.201511 s\n",
      "Min: 33.515726 s\n",
      "Max: 105.969312 s\n"
     ]
    }
   ],
   "source": [
    "get_statistics(duration_btree)"
   ]
  },
  {
   "cell_type": "markdown",
   "id": "2bab35e7",
   "metadata": {},
   "source": [
    "## Proposta de melhoria (brin)\n",
    "\n",
    "Esta proposta cria um índice BRIN sobre session_key e driver_number (após remover a chave primária existente) para acelerar buscas na tabela telemetrys, especialmente em consultas filtradas por sessão e piloto. Esse índice reduz a varredura de dados e otimiza execuções que dependem dos intervalos de tempo dos stints de pneus. O índice BRIN é indicado para grandes volumes de dados com ordenação natural, oferecendo economia de espaço. Faremos uma comparação entre o desempenho do BRIN e do índice B-tree. Assim, avaliaremos qual é mais eficiente para nossa consulta."
   ]
  },
  {
   "cell_type": "code",
   "execution_count": 13,
   "id": "21d0d8d2",
   "metadata": {},
   "outputs": [
    {
     "name": "stdout",
     "output_type": "stream",
     "text": [
      " * postgresql+psycopg2://postgresadmin:***@localhost:5000/postgresdb\n",
      "(psycopg2.errors.UndefinedObject) constraint \"telemetrys_pkey\" of relation \"telemetrys\" does not exist\n",
      "\n",
      "[SQL: ALTER TABLE public.telemetrys DROP CONSTRAINT telemetrys_pkey]\n",
      "(Background on this error at: https://sqlalche.me/e/20/f405)\n",
      " * postgresql+psycopg2://postgresadmin:***@localhost:5000/postgresdb\n",
      "Done.\n",
      " * postgresql+psycopg2://postgresadmin:***@localhost:5000/postgresdb\n",
      "2 rows affected.\n"
     ]
    },
    {
     "data": {
      "text/html": [
       "<table>\n",
       "    <thead>\n",
       "        <tr>\n",
       "            <th>indexname</th>\n",
       "            <th>indexdef</th>\n",
       "        </tr>\n",
       "    </thead>\n",
       "    <tbody>\n",
       "        <tr>\n",
       "            <td>telemetrys_pkey</td>\n",
       "            <td>CREATE UNIQUE INDEX telemetrys_pkey ON public.telemetrys USING btree (session_key, driver_number, date)</td>\n",
       "        </tr>\n",
       "        <tr>\n",
       "            <td>telemetrys_brin_idx</td>\n",
       "            <td>CREATE INDEX telemetrys_brin_idx ON public.telemetrys USING brin (session_key, driver_number)</td>\n",
       "        </tr>\n",
       "    </tbody>\n",
       "</table>"
      ],
      "text/plain": [
       "[('telemetrys_pkey', 'CREATE UNIQUE INDEX telemetrys_pkey ON public.telemetrys USING btree (session_key, driver_number, date)'),\n",
       " ('telemetrys_brin_idx', 'CREATE INDEX telemetrys_brin_idx ON public.telemetrys USING brin (session_key, driver_number)')]"
      ]
     },
     "execution_count": 13,
     "metadata": {},
     "output_type": "execute_result"
    }
   ],
   "source": [
    "%sql ALTER TABLE public.telemetrys DROP CONSTRAINT telemetrys_pkey\n",
    "%sql CREATE INDEX IF NOT EXISTS telemetrys_brin_idx ON public.telemetrys USING brin (session_key, driver_number)\n",
    "%sql $check_indexes"
   ]
  },
  {
   "cell_type": "code",
   "execution_count": 14,
   "id": "4be5f7f6",
   "metadata": {},
   "outputs": [
    {
     "name": "stdout",
     "output_type": "stream",
     "text": [
      " * postgresql+psycopg2://postgresadmin:***@localhost:5000/postgresdb\n"
     ]
    },
    {
     "name": "stdout",
     "output_type": "stream",
     "text": [
      "55 rows affected.\n"
     ]
    },
    {
     "data": {
      "text/html": [
       "<table>\n",
       "    <thead>\n",
       "        <tr>\n",
       "            <th>QUERY PLAN</th>\n",
       "        </tr>\n",
       "    </thead>\n",
       "    <tbody>\n",
       "        <tr>\n",
       "            <td>Finalize GroupAggregate  (cost=1493101.64..1493106.58 rows=17 width=65) (actual time=58088.313..58088.673 rows=19 loops=1)</td>\n",
       "        </tr>\n",
       "        <tr>\n",
       "            <td>&nbsp;&nbsp;Group Key: s.circuit_short_name, d.full_name</td>\n",
       "        </tr>\n",
       "        <tr>\n",
       "            <td>&nbsp;&nbsp;-&gt;  Gather Merge  (cost=1493101.64..1493105.60 rows=34 width=119) (actual time=58088.210..58088.467 rows=57 loops=1)</td>\n",
       "        </tr>\n",
       "        <tr>\n",
       "            <td>&nbsp;&nbsp;&nbsp;&nbsp;&nbsp;&nbsp;&nbsp;&nbsp;Workers Planned: 2</td>\n",
       "        </tr>\n",
       "        <tr>\n",
       "            <td>&nbsp;&nbsp;&nbsp;&nbsp;&nbsp;&nbsp;&nbsp;&nbsp;Workers Launched: 2</td>\n",
       "        </tr>\n",
       "        <tr>\n",
       "            <td>&nbsp;&nbsp;&nbsp;&nbsp;&nbsp;&nbsp;&nbsp;&nbsp;-&gt;  Sort  (cost=1492101.61..1492101.66 rows=17 width=119) (actual time=55690.151..55690.163 rows=19 loops=3)</td>\n",
       "        </tr>\n",
       "        <tr>\n",
       "            <td>&nbsp;&nbsp;&nbsp;&nbsp;&nbsp;&nbsp;&nbsp;&nbsp;&nbsp;&nbsp;&nbsp;&nbsp;&nbsp;&nbsp;Sort Key: s.circuit_short_name, d.full_name</td>\n",
       "        </tr>\n",
       "        <tr>\n",
       "            <td>&nbsp;&nbsp;&nbsp;&nbsp;&nbsp;&nbsp;&nbsp;&nbsp;&nbsp;&nbsp;&nbsp;&nbsp;&nbsp;&nbsp;Sort Method: quicksort  Memory: 28kB</td>\n",
       "        </tr>\n",
       "        <tr>\n",
       "            <td>&nbsp;&nbsp;&nbsp;&nbsp;&nbsp;&nbsp;&nbsp;&nbsp;&nbsp;&nbsp;&nbsp;&nbsp;&nbsp;&nbsp;Worker 0:  Sort Method: quicksort  Memory: 28kB</td>\n",
       "        </tr>\n",
       "        <tr>\n",
       "            <td>&nbsp;&nbsp;&nbsp;&nbsp;&nbsp;&nbsp;&nbsp;&nbsp;&nbsp;&nbsp;&nbsp;&nbsp;&nbsp;&nbsp;Worker 1:  Sort Method: quicksort  Memory: 28kB</td>\n",
       "        </tr>\n",
       "        <tr>\n",
       "            <td>&nbsp;&nbsp;&nbsp;&nbsp;&nbsp;&nbsp;&nbsp;&nbsp;&nbsp;&nbsp;&nbsp;&nbsp;&nbsp;&nbsp;-&gt;  Partial HashAggregate  (cost=1492101.10..1492101.27 rows=17 width=119) (actual time=55689.936..55689.958 rows=19 loops=3)</td>\n",
       "        </tr>\n",
       "        <tr>\n",
       "            <td>&nbsp;&nbsp;&nbsp;&nbsp;&nbsp;&nbsp;&nbsp;&nbsp;&nbsp;&nbsp;&nbsp;&nbsp;&nbsp;&nbsp;&nbsp;&nbsp;&nbsp;&nbsp;&nbsp;&nbsp;Group Key: s.circuit_short_name, d.full_name</td>\n",
       "        </tr>\n",
       "        <tr>\n",
       "            <td>&nbsp;&nbsp;&nbsp;&nbsp;&nbsp;&nbsp;&nbsp;&nbsp;&nbsp;&nbsp;&nbsp;&nbsp;&nbsp;&nbsp;&nbsp;&nbsp;&nbsp;&nbsp;&nbsp;&nbsp;Batches: 1  Memory Usage: 24kB</td>\n",
       "        </tr>\n",
       "        <tr>\n",
       "            <td>&nbsp;&nbsp;&nbsp;&nbsp;&nbsp;&nbsp;&nbsp;&nbsp;&nbsp;&nbsp;&nbsp;&nbsp;&nbsp;&nbsp;&nbsp;&nbsp;&nbsp;&nbsp;&nbsp;&nbsp;Worker 0:  Batches: 1  Memory Usage: 24kB</td>\n",
       "        </tr>\n",
       "        <tr>\n",
       "            <td>&nbsp;&nbsp;&nbsp;&nbsp;&nbsp;&nbsp;&nbsp;&nbsp;&nbsp;&nbsp;&nbsp;&nbsp;&nbsp;&nbsp;&nbsp;&nbsp;&nbsp;&nbsp;&nbsp;&nbsp;Worker 1:  Batches: 1  Memory Usage: 24kB</td>\n",
       "        </tr>\n",
       "        <tr>\n",
       "            <td>&nbsp;&nbsp;&nbsp;&nbsp;&nbsp;&nbsp;&nbsp;&nbsp;&nbsp;&nbsp;&nbsp;&nbsp;&nbsp;&nbsp;&nbsp;&nbsp;&nbsp;&nbsp;&nbsp;&nbsp;-&gt;  Merge Join  (cost=487559.63..1000391.93 rows=39336733 width=47) (actual time=6644.855..25698.200 rows=32632395 loops=3)</td>\n",
       "        </tr>\n",
       "        <tr>\n",
       "            <td>&nbsp;&nbsp;&nbsp;&nbsp;&nbsp;&nbsp;&nbsp;&nbsp;&nbsp;&nbsp;&nbsp;&nbsp;&nbsp;&nbsp;&nbsp;&nbsp;&nbsp;&nbsp;&nbsp;&nbsp;&nbsp;&nbsp;&nbsp;&nbsp;&nbsp;&nbsp;Merge Cond: (t.driver_number = d.driver_number)</td>\n",
       "        </tr>\n",
       "        <tr>\n",
       "            <td>&nbsp;&nbsp;&nbsp;&nbsp;&nbsp;&nbsp;&nbsp;&nbsp;&nbsp;&nbsp;&nbsp;&nbsp;&nbsp;&nbsp;&nbsp;&nbsp;&nbsp;&nbsp;&nbsp;&nbsp;&nbsp;&nbsp;&nbsp;&nbsp;&nbsp;&nbsp;-&gt;  Sort  (cost=487031.38..487666.77 rows=254156 width=24) (actual time=6632.716..6820.338 rows=211899 loops=3)</td>\n",
       "        </tr>\n",
       "        <tr>\n",
       "            <td>&nbsp;&nbsp;&nbsp;&nbsp;&nbsp;&nbsp;&nbsp;&nbsp;&nbsp;&nbsp;&nbsp;&nbsp;&nbsp;&nbsp;&nbsp;&nbsp;&nbsp;&nbsp;&nbsp;&nbsp;&nbsp;&nbsp;&nbsp;&nbsp;&nbsp;&nbsp;&nbsp;&nbsp;&nbsp;&nbsp;&nbsp;&nbsp;Sort Key: t.driver_number</td>\n",
       "        </tr>\n",
       "        <tr>\n",
       "            <td>&nbsp;&nbsp;&nbsp;&nbsp;&nbsp;&nbsp;&nbsp;&nbsp;&nbsp;&nbsp;&nbsp;&nbsp;&nbsp;&nbsp;&nbsp;&nbsp;&nbsp;&nbsp;&nbsp;&nbsp;&nbsp;&nbsp;&nbsp;&nbsp;&nbsp;&nbsp;&nbsp;&nbsp;&nbsp;&nbsp;&nbsp;&nbsp;Sort Method: external merge  Disk: 7696kB</td>\n",
       "        </tr>\n",
       "        <tr>\n",
       "            <td>&nbsp;&nbsp;&nbsp;&nbsp;&nbsp;&nbsp;&nbsp;&nbsp;&nbsp;&nbsp;&nbsp;&nbsp;&nbsp;&nbsp;&nbsp;&nbsp;&nbsp;&nbsp;&nbsp;&nbsp;&nbsp;&nbsp;&nbsp;&nbsp;&nbsp;&nbsp;&nbsp;&nbsp;&nbsp;&nbsp;&nbsp;&nbsp;Worker 0:  Sort Method: external merge  Disk: 6984kB</td>\n",
       "        </tr>\n",
       "        <tr>\n",
       "            <td>&nbsp;&nbsp;&nbsp;&nbsp;&nbsp;&nbsp;&nbsp;&nbsp;&nbsp;&nbsp;&nbsp;&nbsp;&nbsp;&nbsp;&nbsp;&nbsp;&nbsp;&nbsp;&nbsp;&nbsp;&nbsp;&nbsp;&nbsp;&nbsp;&nbsp;&nbsp;&nbsp;&nbsp;&nbsp;&nbsp;&nbsp;&nbsp;Worker 1:  Sort Method: external merge  Disk: 6560kB</td>\n",
       "        </tr>\n",
       "        <tr>\n",
       "            <td>&nbsp;&nbsp;&nbsp;&nbsp;&nbsp;&nbsp;&nbsp;&nbsp;&nbsp;&nbsp;&nbsp;&nbsp;&nbsp;&nbsp;&nbsp;&nbsp;&nbsp;&nbsp;&nbsp;&nbsp;&nbsp;&nbsp;&nbsp;&nbsp;&nbsp;&nbsp;&nbsp;&nbsp;&nbsp;&nbsp;&nbsp;&nbsp;-&gt;  Parallel Bitmap Heap Scan on telemetrys t  (cost=240.54..458999.07 rows=254156 width=24) (actual time=1275.708..6132.277 rows=211899 loops=3)</td>\n",
       "        </tr>\n",
       "        <tr>\n",
       "            <td>&nbsp;&nbsp;&nbsp;&nbsp;&nbsp;&nbsp;&nbsp;&nbsp;&nbsp;&nbsp;&nbsp;&nbsp;&nbsp;&nbsp;&nbsp;&nbsp;&nbsp;&nbsp;&nbsp;&nbsp;&nbsp;&nbsp;&nbsp;&nbsp;&nbsp;&nbsp;&nbsp;&nbsp;&nbsp;&nbsp;&nbsp;&nbsp;&nbsp;&nbsp;&nbsp;&nbsp;&nbsp;&nbsp;Recheck Cond: (session_key = 9998)</td>\n",
       "        </tr>\n",
       "        <tr>\n",
       "            <td>&nbsp;&nbsp;&nbsp;&nbsp;&nbsp;&nbsp;&nbsp;&nbsp;&nbsp;&nbsp;&nbsp;&nbsp;&nbsp;&nbsp;&nbsp;&nbsp;&nbsp;&nbsp;&nbsp;&nbsp;&nbsp;&nbsp;&nbsp;&nbsp;&nbsp;&nbsp;&nbsp;&nbsp;&nbsp;&nbsp;&nbsp;&nbsp;&nbsp;&nbsp;&nbsp;&nbsp;&nbsp;&nbsp;Rows Removed by Index Recheck: 6349291</td>\n",
       "        </tr>\n",
       "        <tr>\n",
       "            <td>&nbsp;&nbsp;&nbsp;&nbsp;&nbsp;&nbsp;&nbsp;&nbsp;&nbsp;&nbsp;&nbsp;&nbsp;&nbsp;&nbsp;&nbsp;&nbsp;&nbsp;&nbsp;&nbsp;&nbsp;&nbsp;&nbsp;&nbsp;&nbsp;&nbsp;&nbsp;&nbsp;&nbsp;&nbsp;&nbsp;&nbsp;&nbsp;&nbsp;&nbsp;&nbsp;&nbsp;&nbsp;&nbsp;Heap Blocks: lossy=65334</td>\n",
       "        </tr>\n",
       "        <tr>\n",
       "            <td>&nbsp;&nbsp;&nbsp;&nbsp;&nbsp;&nbsp;&nbsp;&nbsp;&nbsp;&nbsp;&nbsp;&nbsp;&nbsp;&nbsp;&nbsp;&nbsp;&nbsp;&nbsp;&nbsp;&nbsp;&nbsp;&nbsp;&nbsp;&nbsp;&nbsp;&nbsp;&nbsp;&nbsp;&nbsp;&nbsp;&nbsp;&nbsp;&nbsp;&nbsp;&nbsp;&nbsp;&nbsp;&nbsp;-&gt;  Bitmap Index Scan on telemetrys_brin_idx  (cost=0.00..88.04 rows=18414709 width=0) (actual time=29.831..29.832 rows=1840250 loops=1)</td>\n",
       "        </tr>\n",
       "        <tr>\n",
       "            <td>&nbsp;&nbsp;&nbsp;&nbsp;&nbsp;&nbsp;&nbsp;&nbsp;&nbsp;&nbsp;&nbsp;&nbsp;&nbsp;&nbsp;&nbsp;&nbsp;&nbsp;&nbsp;&nbsp;&nbsp;&nbsp;&nbsp;&nbsp;&nbsp;&nbsp;&nbsp;&nbsp;&nbsp;&nbsp;&nbsp;&nbsp;&nbsp;&nbsp;&nbsp;&nbsp;&nbsp;&nbsp;&nbsp;&nbsp;&nbsp;&nbsp;&nbsp;&nbsp;&nbsp;Index Cond: (session_key = 9998)</td>\n",
       "        </tr>\n",
       "        <tr>\n",
       "            <td>&nbsp;&nbsp;&nbsp;&nbsp;&nbsp;&nbsp;&nbsp;&nbsp;&nbsp;&nbsp;&nbsp;&nbsp;&nbsp;&nbsp;&nbsp;&nbsp;&nbsp;&nbsp;&nbsp;&nbsp;&nbsp;&nbsp;&nbsp;&nbsp;&nbsp;&nbsp;-&gt;  Sort  (cost=528.25..535.95 rows=3080 width=47) (actual time=11.955..5571.565 rows=32621402 loops=3)</td>\n",
       "        </tr>\n",
       "        <tr>\n",
       "            <td>&nbsp;&nbsp;&nbsp;&nbsp;&nbsp;&nbsp;&nbsp;&nbsp;&nbsp;&nbsp;&nbsp;&nbsp;&nbsp;&nbsp;&nbsp;&nbsp;&nbsp;&nbsp;&nbsp;&nbsp;&nbsp;&nbsp;&nbsp;&nbsp;&nbsp;&nbsp;&nbsp;&nbsp;&nbsp;&nbsp;&nbsp;&nbsp;Sort Key: d.driver_number</td>\n",
       "        </tr>\n",
       "        <tr>\n",
       "            <td>&nbsp;&nbsp;&nbsp;&nbsp;&nbsp;&nbsp;&nbsp;&nbsp;&nbsp;&nbsp;&nbsp;&nbsp;&nbsp;&nbsp;&nbsp;&nbsp;&nbsp;&nbsp;&nbsp;&nbsp;&nbsp;&nbsp;&nbsp;&nbsp;&nbsp;&nbsp;&nbsp;&nbsp;&nbsp;&nbsp;&nbsp;&nbsp;Sort Method: quicksort  Memory: 386kB</td>\n",
       "        </tr>\n",
       "        <tr>\n",
       "            <td>&nbsp;&nbsp;&nbsp;&nbsp;&nbsp;&nbsp;&nbsp;&nbsp;&nbsp;&nbsp;&nbsp;&nbsp;&nbsp;&nbsp;&nbsp;&nbsp;&nbsp;&nbsp;&nbsp;&nbsp;&nbsp;&nbsp;&nbsp;&nbsp;&nbsp;&nbsp;&nbsp;&nbsp;&nbsp;&nbsp;&nbsp;&nbsp;Worker 0:  Sort Method: quicksort  Memory: 386kB</td>\n",
       "        </tr>\n",
       "        <tr>\n",
       "            <td>&nbsp;&nbsp;&nbsp;&nbsp;&nbsp;&nbsp;&nbsp;&nbsp;&nbsp;&nbsp;&nbsp;&nbsp;&nbsp;&nbsp;&nbsp;&nbsp;&nbsp;&nbsp;&nbsp;&nbsp;&nbsp;&nbsp;&nbsp;&nbsp;&nbsp;&nbsp;&nbsp;&nbsp;&nbsp;&nbsp;&nbsp;&nbsp;Worker 1:  Sort Method: quicksort  Memory: 386kB</td>\n",
       "        </tr>\n",
       "        <tr>\n",
       "            <td>&nbsp;&nbsp;&nbsp;&nbsp;&nbsp;&nbsp;&nbsp;&nbsp;&nbsp;&nbsp;&nbsp;&nbsp;&nbsp;&nbsp;&nbsp;&nbsp;&nbsp;&nbsp;&nbsp;&nbsp;&nbsp;&nbsp;&nbsp;&nbsp;&nbsp;&nbsp;&nbsp;&nbsp;&nbsp;&nbsp;&nbsp;&nbsp;-&gt;  Nested Loop  (cost=140.76..349.79 rows=3080 width=47) (actual time=4.973..7.736 rows=3080 loops=3)</td>\n",
       "        </tr>\n",
       "        <tr>\n",
       "            <td>&nbsp;&nbsp;&nbsp;&nbsp;&nbsp;&nbsp;&nbsp;&nbsp;&nbsp;&nbsp;&nbsp;&nbsp;&nbsp;&nbsp;&nbsp;&nbsp;&nbsp;&nbsp;&nbsp;&nbsp;&nbsp;&nbsp;&nbsp;&nbsp;&nbsp;&nbsp;&nbsp;&nbsp;&nbsp;&nbsp;&nbsp;&nbsp;&nbsp;&nbsp;&nbsp;&nbsp;&nbsp;&nbsp;-&gt;  Bitmap Heap Scan on weather_conditions wc  (cost=5.48..117.59 rows=154 width=12) (actual time=0.418..0.867 rows=154 loops=3)</td>\n",
       "        </tr>\n",
       "        <tr>\n",
       "            <td>&nbsp;&nbsp;&nbsp;&nbsp;&nbsp;&nbsp;&nbsp;&nbsp;&nbsp;&nbsp;&nbsp;&nbsp;&nbsp;&nbsp;&nbsp;&nbsp;&nbsp;&nbsp;&nbsp;&nbsp;&nbsp;&nbsp;&nbsp;&nbsp;&nbsp;&nbsp;&nbsp;&nbsp;&nbsp;&nbsp;&nbsp;&nbsp;&nbsp;&nbsp;&nbsp;&nbsp;&nbsp;&nbsp;&nbsp;&nbsp;&nbsp;&nbsp;&nbsp;&nbsp;Recheck Cond: (session_key = 9998)</td>\n",
       "        </tr>\n",
       "        <tr>\n",
       "            <td>&nbsp;&nbsp;&nbsp;&nbsp;&nbsp;&nbsp;&nbsp;&nbsp;&nbsp;&nbsp;&nbsp;&nbsp;&nbsp;&nbsp;&nbsp;&nbsp;&nbsp;&nbsp;&nbsp;&nbsp;&nbsp;&nbsp;&nbsp;&nbsp;&nbsp;&nbsp;&nbsp;&nbsp;&nbsp;&nbsp;&nbsp;&nbsp;&nbsp;&nbsp;&nbsp;&nbsp;&nbsp;&nbsp;&nbsp;&nbsp;&nbsp;&nbsp;&nbsp;&nbsp;Heap Blocks: exact=3</td>\n",
       "        </tr>\n",
       "        <tr>\n",
       "            <td>&nbsp;&nbsp;&nbsp;&nbsp;&nbsp;&nbsp;&nbsp;&nbsp;&nbsp;&nbsp;&nbsp;&nbsp;&nbsp;&nbsp;&nbsp;&nbsp;&nbsp;&nbsp;&nbsp;&nbsp;&nbsp;&nbsp;&nbsp;&nbsp;&nbsp;&nbsp;&nbsp;&nbsp;&nbsp;&nbsp;&nbsp;&nbsp;&nbsp;&nbsp;&nbsp;&nbsp;&nbsp;&nbsp;&nbsp;&nbsp;&nbsp;&nbsp;&nbsp;&nbsp;-&gt;  Bitmap Index Scan on weather_conditions_pkey  (cost=0.00..5.44 rows=154 width=0) (actual time=0.334..0.335 rows=154 loops=3)</td>\n",
       "        </tr>\n",
       "        <tr>\n",
       "            <td>&nbsp;&nbsp;&nbsp;&nbsp;&nbsp;&nbsp;&nbsp;&nbsp;&nbsp;&nbsp;&nbsp;&nbsp;&nbsp;&nbsp;&nbsp;&nbsp;&nbsp;&nbsp;&nbsp;&nbsp;&nbsp;&nbsp;&nbsp;&nbsp;&nbsp;&nbsp;&nbsp;&nbsp;&nbsp;&nbsp;&nbsp;&nbsp;&nbsp;&nbsp;&nbsp;&nbsp;&nbsp;&nbsp;&nbsp;&nbsp;&nbsp;&nbsp;&nbsp;&nbsp;&nbsp;&nbsp;&nbsp;&nbsp;&nbsp;&nbsp;Index Cond: (session_key = 9998)</td>\n",
       "        </tr>\n",
       "        <tr>\n",
       "            <td>&nbsp;&nbsp;&nbsp;&nbsp;&nbsp;&nbsp;&nbsp;&nbsp;&nbsp;&nbsp;&nbsp;&nbsp;&nbsp;&nbsp;&nbsp;&nbsp;&nbsp;&nbsp;&nbsp;&nbsp;&nbsp;&nbsp;&nbsp;&nbsp;&nbsp;&nbsp;&nbsp;&nbsp;&nbsp;&nbsp;&nbsp;&nbsp;&nbsp;&nbsp;&nbsp;&nbsp;&nbsp;&nbsp;-&gt;  Materialize  (cost=135.28..193.75 rows=20 width=35) (actual time=0.030..0.036 rows=20 loops=462)</td>\n",
       "        </tr>\n",
       "        <tr>\n",
       "            <td>&nbsp;&nbsp;&nbsp;&nbsp;&nbsp;&nbsp;&nbsp;&nbsp;&nbsp;&nbsp;&nbsp;&nbsp;&nbsp;&nbsp;&nbsp;&nbsp;&nbsp;&nbsp;&nbsp;&nbsp;&nbsp;&nbsp;&nbsp;&nbsp;&nbsp;&nbsp;&nbsp;&nbsp;&nbsp;&nbsp;&nbsp;&nbsp;&nbsp;&nbsp;&nbsp;&nbsp;&nbsp;&nbsp;&nbsp;&nbsp;&nbsp;&nbsp;&nbsp;&nbsp;-&gt;  Nested Loop  (cost=135.28..193.65 rows=20 width=35) (actual time=4.523..4.610 rows=20 loops=3)</td>\n",
       "        </tr>\n",
       "        <tr>\n",
       "            <td>&nbsp;&nbsp;&nbsp;&nbsp;&nbsp;&nbsp;&nbsp;&nbsp;&nbsp;&nbsp;&nbsp;&nbsp;&nbsp;&nbsp;&nbsp;&nbsp;&nbsp;&nbsp;&nbsp;&nbsp;&nbsp;&nbsp;&nbsp;&nbsp;&nbsp;&nbsp;&nbsp;&nbsp;&nbsp;&nbsp;&nbsp;&nbsp;&nbsp;&nbsp;&nbsp;&nbsp;&nbsp;&nbsp;&nbsp;&nbsp;&nbsp;&nbsp;&nbsp;&nbsp;&nbsp;&nbsp;&nbsp;&nbsp;&nbsp;&nbsp;-&gt;  Seq Scan on sessions s  (cost=0.00..3.23 rows=1 width=13) (actual time=0.227..0.232 rows=1 loops=3)</td>\n",
       "        </tr>\n",
       "        <tr>\n",
       "            <td>&nbsp;&nbsp;&nbsp;&nbsp;&nbsp;&nbsp;&nbsp;&nbsp;&nbsp;&nbsp;&nbsp;&nbsp;&nbsp;&nbsp;&nbsp;&nbsp;&nbsp;&nbsp;&nbsp;&nbsp;&nbsp;&nbsp;&nbsp;&nbsp;&nbsp;&nbsp;&nbsp;&nbsp;&nbsp;&nbsp;&nbsp;&nbsp;&nbsp;&nbsp;&nbsp;&nbsp;&nbsp;&nbsp;&nbsp;&nbsp;&nbsp;&nbsp;&nbsp;&nbsp;&nbsp;&nbsp;&nbsp;&nbsp;&nbsp;&nbsp;&nbsp;&nbsp;&nbsp;&nbsp;&nbsp;&nbsp;Filter: (session_key = 9998)</td>\n",
       "        </tr>\n",
       "        <tr>\n",
       "            <td>&nbsp;&nbsp;&nbsp;&nbsp;&nbsp;&nbsp;&nbsp;&nbsp;&nbsp;&nbsp;&nbsp;&nbsp;&nbsp;&nbsp;&nbsp;&nbsp;&nbsp;&nbsp;&nbsp;&nbsp;&nbsp;&nbsp;&nbsp;&nbsp;&nbsp;&nbsp;&nbsp;&nbsp;&nbsp;&nbsp;&nbsp;&nbsp;&nbsp;&nbsp;&nbsp;&nbsp;&nbsp;&nbsp;&nbsp;&nbsp;&nbsp;&nbsp;&nbsp;&nbsp;&nbsp;&nbsp;&nbsp;&nbsp;&nbsp;&nbsp;&nbsp;&nbsp;&nbsp;&nbsp;&nbsp;&nbsp;Rows Removed by Filter: 97</td>\n",
       "        </tr>\n",
       "        <tr>\n",
       "            <td>&nbsp;&nbsp;&nbsp;&nbsp;&nbsp;&nbsp;&nbsp;&nbsp;&nbsp;&nbsp;&nbsp;&nbsp;&nbsp;&nbsp;&nbsp;&nbsp;&nbsp;&nbsp;&nbsp;&nbsp;&nbsp;&nbsp;&nbsp;&nbsp;&nbsp;&nbsp;&nbsp;&nbsp;&nbsp;&nbsp;&nbsp;&nbsp;&nbsp;&nbsp;&nbsp;&nbsp;&nbsp;&nbsp;&nbsp;&nbsp;&nbsp;&nbsp;&nbsp;&nbsp;&nbsp;&nbsp;&nbsp;&nbsp;&nbsp;&nbsp;-&gt;  Bitmap Heap Scan on drivers d  (cost=135.28..190.22 rows=20 width=22) (actual time=4.227..4.299 rows=20 loops=3)</td>\n",
       "        </tr>\n",
       "        <tr>\n",
       "            <td>&nbsp;&nbsp;&nbsp;&nbsp;&nbsp;&nbsp;&nbsp;&nbsp;&nbsp;&nbsp;&nbsp;&nbsp;&nbsp;&nbsp;&nbsp;&nbsp;&nbsp;&nbsp;&nbsp;&nbsp;&nbsp;&nbsp;&nbsp;&nbsp;&nbsp;&nbsp;&nbsp;&nbsp;&nbsp;&nbsp;&nbsp;&nbsp;&nbsp;&nbsp;&nbsp;&nbsp;&nbsp;&nbsp;&nbsp;&nbsp;&nbsp;&nbsp;&nbsp;&nbsp;&nbsp;&nbsp;&nbsp;&nbsp;&nbsp;&nbsp;&nbsp;&nbsp;&nbsp;&nbsp;&nbsp;&nbsp;Recheck Cond: (session_key = 9998)</td>\n",
       "        </tr>\n",
       "        <tr>\n",
       "            <td>&nbsp;&nbsp;&nbsp;&nbsp;&nbsp;&nbsp;&nbsp;&nbsp;&nbsp;&nbsp;&nbsp;&nbsp;&nbsp;&nbsp;&nbsp;&nbsp;&nbsp;&nbsp;&nbsp;&nbsp;&nbsp;&nbsp;&nbsp;&nbsp;&nbsp;&nbsp;&nbsp;&nbsp;&nbsp;&nbsp;&nbsp;&nbsp;&nbsp;&nbsp;&nbsp;&nbsp;&nbsp;&nbsp;&nbsp;&nbsp;&nbsp;&nbsp;&nbsp;&nbsp;&nbsp;&nbsp;&nbsp;&nbsp;&nbsp;&nbsp;&nbsp;&nbsp;&nbsp;&nbsp;&nbsp;&nbsp;Heap Blocks: exact=2</td>\n",
       "        </tr>\n",
       "        <tr>\n",
       "            <td>&nbsp;&nbsp;&nbsp;&nbsp;&nbsp;&nbsp;&nbsp;&nbsp;&nbsp;&nbsp;&nbsp;&nbsp;&nbsp;&nbsp;&nbsp;&nbsp;&nbsp;&nbsp;&nbsp;&nbsp;&nbsp;&nbsp;&nbsp;&nbsp;&nbsp;&nbsp;&nbsp;&nbsp;&nbsp;&nbsp;&nbsp;&nbsp;&nbsp;&nbsp;&nbsp;&nbsp;&nbsp;&nbsp;&nbsp;&nbsp;&nbsp;&nbsp;&nbsp;&nbsp;&nbsp;&nbsp;&nbsp;&nbsp;&nbsp;&nbsp;&nbsp;&nbsp;&nbsp;&nbsp;&nbsp;&nbsp;-&gt;  Bitmap Index Scan on drivers_pkey  (cost=0.00..135.28 rows=20 width=0) (actual time=4.104..4.105 rows=20 loops=3)</td>\n",
       "        </tr>\n",
       "        <tr>\n",
       "            <td>&nbsp;&nbsp;&nbsp;&nbsp;&nbsp;&nbsp;&nbsp;&nbsp;&nbsp;&nbsp;&nbsp;&nbsp;&nbsp;&nbsp;&nbsp;&nbsp;&nbsp;&nbsp;&nbsp;&nbsp;&nbsp;&nbsp;&nbsp;&nbsp;&nbsp;&nbsp;&nbsp;&nbsp;&nbsp;&nbsp;&nbsp;&nbsp;&nbsp;&nbsp;&nbsp;&nbsp;&nbsp;&nbsp;&nbsp;&nbsp;&nbsp;&nbsp;&nbsp;&nbsp;&nbsp;&nbsp;&nbsp;&nbsp;&nbsp;&nbsp;&nbsp;&nbsp;&nbsp;&nbsp;&nbsp;&nbsp;&nbsp;&nbsp;&nbsp;&nbsp;&nbsp;&nbsp;Index Cond: (session_key = 9998)</td>\n",
       "        </tr>\n",
       "        <tr>\n",
       "            <td>Planning Time: 2.637 ms</td>\n",
       "        </tr>\n",
       "        <tr>\n",
       "            <td>JIT:</td>\n",
       "        </tr>\n",
       "        <tr>\n",
       "            <td>&nbsp;&nbsp;Functions: 84</td>\n",
       "        </tr>\n",
       "        <tr>\n",
       "            <td>&nbsp;&nbsp;Options: Inlining true, Optimization true, Expressions true, Deforming true</td>\n",
       "        </tr>\n",
       "        <tr>\n",
       "            <td>&nbsp;&nbsp;Timing: Generation 51.168 ms, Inlining 818.107 ms, Optimization 1598.002 ms, Emission 1064.973 ms, Total 3532.250 ms</td>\n",
       "        </tr>\n",
       "        <tr>\n",
       "            <td>Execution Time: 58118.566 ms</td>\n",
       "        </tr>\n",
       "    </tbody>\n",
       "</table>"
      ],
      "text/plain": [
       "[('Finalize GroupAggregate  (cost=1493101.64..1493106.58 rows=17 width=65) (actual time=58088.313..58088.673 rows=19 loops=1)',),\n",
       " ('  Group Key: s.circuit_short_name, d.full_name',),\n",
       " ('  ->  Gather Merge  (cost=1493101.64..1493105.60 rows=34 width=119) (actual time=58088.210..58088.467 rows=57 loops=1)',),\n",
       " ('        Workers Planned: 2',),\n",
       " ('        Workers Launched: 2',),\n",
       " ('        ->  Sort  (cost=1492101.61..1492101.66 rows=17 width=119) (actual time=55690.151..55690.163 rows=19 loops=3)',),\n",
       " ('              Sort Key: s.circuit_short_name, d.full_name',),\n",
       " ('              Sort Method: quicksort  Memory: 28kB',),\n",
       " ('              Worker 0:  Sort Method: quicksort  Memory: 28kB',),\n",
       " ('              Worker 1:  Sort Method: quicksort  Memory: 28kB',),\n",
       " ('              ->  Partial HashAggregate  (cost=1492101.10..1492101.27 rows=17 width=119) (actual time=55689.936..55689.958 rows=19 loops=3)',),\n",
       " ('                    Group Key: s.circuit_short_name, d.full_name',),\n",
       " ('                    Batches: 1  Memory Usage: 24kB',),\n",
       " ('                    Worker 0:  Batches: 1  Memory Usage: 24kB',),\n",
       " ('                    Worker 1:  Batches: 1  Memory Usage: 24kB',),\n",
       " ('                    ->  Merge Join  (cost=487559.63..1000391.93 rows=39336733 width=47) (actual time=6644.855..25698.200 rows=32632395 loops=3)',),\n",
       " ('                          Merge Cond: (t.driver_number = d.driver_number)',),\n",
       " ('                          ->  Sort  (cost=487031.38..487666.77 rows=254156 width=24) (actual time=6632.716..6820.338 rows=211899 loops=3)',),\n",
       " ('                                Sort Key: t.driver_number',),\n",
       " ('                                Sort Method: external merge  Disk: 7696kB',),\n",
       " ('                                Worker 0:  Sort Method: external merge  Disk: 6984kB',),\n",
       " ('                                Worker 1:  Sort Method: external merge  Disk: 6560kB',),\n",
       " ('                                ->  Parallel Bitmap Heap Scan on telemetrys t  (cost=240.54..458999.07 rows=254156 width=24) (actual time=1275.708..6132.277 rows=211899 loops=3)',),\n",
       " ('                                      Recheck Cond: (session_key = 9998)',),\n",
       " ('                                      Rows Removed by Index Recheck: 6349291',),\n",
       " ('                                      Heap Blocks: lossy=65334',),\n",
       " ('                                      ->  Bitmap Index Scan on telemetrys_brin_idx  (cost=0.00..88.04 rows=18414709 width=0) (actual time=29.831..29.832 rows=1840250 loops=1)',),\n",
       " ('                                            Index Cond: (session_key = 9998)',),\n",
       " ('                          ->  Sort  (cost=528.25..535.95 rows=3080 width=47) (actual time=11.955..5571.565 rows=32621402 loops=3)',),\n",
       " ('                                Sort Key: d.driver_number',),\n",
       " ('                                Sort Method: quicksort  Memory: 386kB',),\n",
       " ('                                Worker 0:  Sort Method: quicksort  Memory: 386kB',),\n",
       " ('                                Worker 1:  Sort Method: quicksort  Memory: 386kB',),\n",
       " ('                                ->  Nested Loop  (cost=140.76..349.79 rows=3080 width=47) (actual time=4.973..7.736 rows=3080 loops=3)',),\n",
       " ('                                      ->  Bitmap Heap Scan on weather_conditions wc  (cost=5.48..117.59 rows=154 width=12) (actual time=0.418..0.867 rows=154 loops=3)',),\n",
       " ('                                            Recheck Cond: (session_key = 9998)',),\n",
       " ('                                            Heap Blocks: exact=3',),\n",
       " ('                                            ->  Bitmap Index Scan on weather_conditions_pkey  (cost=0.00..5.44 rows=154 width=0) (actual time=0.334..0.335 rows=154 loops=3)',),\n",
       " ('                                                  Index Cond: (session_key = 9998)',),\n",
       " ('                                      ->  Materialize  (cost=135.28..193.75 rows=20 width=35) (actual time=0.030..0.036 rows=20 loops=462)',),\n",
       " ('                                            ->  Nested Loop  (cost=135.28..193.65 rows=20 width=35) (actual time=4.523..4.610 rows=20 loops=3)',),\n",
       " ('                                                  ->  Seq Scan on sessions s  (cost=0.00..3.23 rows=1 width=13) (actual time=0.227..0.232 rows=1 loops=3)',),\n",
       " ('                                                        Filter: (session_key = 9998)',),\n",
       " ('                                                        Rows Removed by Filter: 97',),\n",
       " ('                                                  ->  Bitmap Heap Scan on drivers d  (cost=135.28..190.22 rows=20 width=22) (actual time=4.227..4.299 rows=20 loops=3)',),\n",
       " ('                                                        Recheck Cond: (session_key = 9998)',),\n",
       " ('                                                        Heap Blocks: exact=2',),\n",
       " ('                                                        ->  Bitmap Index Scan on drivers_pkey  (cost=0.00..135.28 rows=20 width=0) (actual time=4.104..4.105 rows=20 loops=3)',),\n",
       " ('                                                              Index Cond: (session_key = 9998)',),\n",
       " ('Planning Time: 2.637 ms',),\n",
       " ('JIT:',),\n",
       " ('  Functions: 84',),\n",
       " ('  Options: Inlining true, Optimization true, Expressions true, Deforming true',),\n",
       " ('  Timing: Generation 51.168 ms, Inlining 818.107 ms, Optimization 1598.002 ms, Emission 1064.973 ms, Total 3532.250 ms',),\n",
       " ('Execution Time: 58118.566 ms',)]"
      ]
     },
     "execution_count": 14,
     "metadata": {},
     "output_type": "execute_result"
    }
   ],
   "source": [
    "%sql EXPLAIN ANALYZE $query"
   ]
  },
  {
   "cell_type": "code",
   "execution_count": 15,
   "id": "6de780a3",
   "metadata": {},
   "outputs": [
    {
     "name": "stderr",
     "output_type": "stream",
     "text": [
      "100%|██████████| 10/10 [11:48<00:00, 70.89s/it]"
     ]
    },
    {
     "name": "stdout",
     "output_type": "stream",
     "text": [
      "Mean: 70.857398 s\n",
      "Median: 65.215918 s\n",
      "Std Dev: 30.256219 s\n",
      "Min: 36.636821 s\n",
      "Max: 124.431803 s\n"
     ]
    },
    {
     "name": "stderr",
     "output_type": "stream",
     "text": [
      "\n"
     ]
    }
   ],
   "source": [
    "duration_brin = []\n",
    "\n",
    "for _ in tqdm(range(10)):\n",
    "    start = time.time()\n",
    "    _ = pd.read_sql(query, DATABASE_URL)\n",
    "    end = time.time()\n",
    "    \n",
    "    duration_brin.append(end - start)\n",
    "    \n",
    "get_statistics(duration_brin)"
   ]
  },
  {
   "cell_type": "markdown",
   "id": "e9dec20b",
   "metadata": {},
   "source": [
    "## Proposta de melhoria (gist)\n",
    " Após habilitar a extensão btree_gist, substituímos o índice BRIN por um índice GiST sobre session_key e driver_number. Esse índice multichave, suportado pelos operadores B‑tree, amplia a flexibilidade de busca e pode acelerar consultas que filtram por sessão e piloto, oferecendo melhor desempenho que o BRIN em cenários com distribuição de valores menos linear."
   ]
  },
  {
   "cell_type": "code",
   "execution_count": 16,
   "id": "b754b3a8",
   "metadata": {},
   "outputs": [
    {
     "name": "stdout",
     "output_type": "stream",
     "text": [
      " * postgresql+psycopg2://postgresadmin:***@localhost:5000/postgresdb\n",
      "Done.\n"
     ]
    },
    {
     "data": {
      "text/plain": [
       "[]"
      ]
     },
     "execution_count": 16,
     "metadata": {},
     "output_type": "execute_result"
    }
   ],
   "source": [
    "%sql CREATE EXTENSION IF NOT EXISTS btree_gist"
   ]
  },
  {
   "cell_type": "code",
   "execution_count": 17,
   "id": "753a47b0",
   "metadata": {},
   "outputs": [
    {
     "name": "stdout",
     "output_type": "stream",
     "text": [
      " * postgresql+psycopg2://postgresadmin:***@localhost:5000/postgresdb\n"
     ]
    },
    {
     "name": "stdout",
     "output_type": "stream",
     "text": [
      "Done.\n",
      " * postgresql+psycopg2://postgresadmin:***@localhost:5000/postgresdb\n",
      "Done.\n",
      " * postgresql+psycopg2://postgresadmin:***@localhost:5000/postgresdb\n",
      "2 rows affected.\n"
     ]
    },
    {
     "data": {
      "text/html": [
       "<table>\n",
       "    <thead>\n",
       "        <tr>\n",
       "            <th>indexname</th>\n",
       "            <th>indexdef</th>\n",
       "        </tr>\n",
       "    </thead>\n",
       "    <tbody>\n",
       "        <tr>\n",
       "            <td>telemetrys_pkey</td>\n",
       "            <td>CREATE UNIQUE INDEX telemetrys_pkey ON public.telemetrys USING btree (session_key, driver_number, date)</td>\n",
       "        </tr>\n",
       "        <tr>\n",
       "            <td>telemetrys_gist_idx</td>\n",
       "            <td>CREATE INDEX telemetrys_gist_idx ON public.telemetrys USING gist (session_key, driver_number)</td>\n",
       "        </tr>\n",
       "    </tbody>\n",
       "</table>"
      ],
      "text/plain": [
       "[('telemetrys_pkey', 'CREATE UNIQUE INDEX telemetrys_pkey ON public.telemetrys USING btree (session_key, driver_number, date)'),\n",
       " ('telemetrys_gist_idx', 'CREATE INDEX telemetrys_gist_idx ON public.telemetrys USING gist (session_key, driver_number)')]"
      ]
     },
     "execution_count": 17,
     "metadata": {},
     "output_type": "execute_result"
    }
   ],
   "source": [
    "%sql DROP INDEX IF EXISTS public.telemetrys_brin_idx\n",
    "%sql CREATE INDEX telemetrys_gist_idx ON public.telemetrys USING gist (session_key, driver_number)\n",
    "%sql $check_indexes"
   ]
  },
  {
   "cell_type": "code",
   "execution_count": 18,
   "id": "49f2379c",
   "metadata": {},
   "outputs": [
    {
     "name": "stdout",
     "output_type": "stream",
     "text": [
      " * postgresql+psycopg2://postgresadmin:***@localhost:5000/postgresdb\n"
     ]
    },
    {
     "name": "stdout",
     "output_type": "stream",
     "text": [
      "54 rows affected.\n"
     ]
    },
    {
     "data": {
      "text/html": [
       "<table>\n",
       "    <thead>\n",
       "        <tr>\n",
       "            <th>QUERY PLAN</th>\n",
       "        </tr>\n",
       "    </thead>\n",
       "    <tbody>\n",
       "        <tr>\n",
       "            <td>Finalize GroupAggregate  (cost=1496842.83..1496847.78 rows=17 width=65) (actual time=99179.192..99182.282 rows=19 loops=1)</td>\n",
       "        </tr>\n",
       "        <tr>\n",
       "            <td>&nbsp;&nbsp;Group Key: s.circuit_short_name, d.full_name</td>\n",
       "        </tr>\n",
       "        <tr>\n",
       "            <td>&nbsp;&nbsp;-&gt;  Gather Merge  (cost=1496842.83..1496846.80 rows=34 width=119) (actual time=99178.497..99181.018 rows=54 loops=1)</td>\n",
       "        </tr>\n",
       "        <tr>\n",
       "            <td>&nbsp;&nbsp;&nbsp;&nbsp;&nbsp;&nbsp;&nbsp;&nbsp;Workers Planned: 2</td>\n",
       "        </tr>\n",
       "        <tr>\n",
       "            <td>&nbsp;&nbsp;&nbsp;&nbsp;&nbsp;&nbsp;&nbsp;&nbsp;Workers Launched: 2</td>\n",
       "        </tr>\n",
       "        <tr>\n",
       "            <td>&nbsp;&nbsp;&nbsp;&nbsp;&nbsp;&nbsp;&nbsp;&nbsp;-&gt;  Sort  (cost=1495842.81..1495842.85 rows=17 width=119) (actual time=68306.049..68306.644 rows=18 loops=3)</td>\n",
       "        </tr>\n",
       "        <tr>\n",
       "            <td>&nbsp;&nbsp;&nbsp;&nbsp;&nbsp;&nbsp;&nbsp;&nbsp;&nbsp;&nbsp;&nbsp;&nbsp;&nbsp;&nbsp;Sort Key: s.circuit_short_name, d.full_name</td>\n",
       "        </tr>\n",
       "        <tr>\n",
       "            <td>&nbsp;&nbsp;&nbsp;&nbsp;&nbsp;&nbsp;&nbsp;&nbsp;&nbsp;&nbsp;&nbsp;&nbsp;&nbsp;&nbsp;Sort Method: quicksort  Memory: 28kB</td>\n",
       "        </tr>\n",
       "        <tr>\n",
       "            <td>&nbsp;&nbsp;&nbsp;&nbsp;&nbsp;&nbsp;&nbsp;&nbsp;&nbsp;&nbsp;&nbsp;&nbsp;&nbsp;&nbsp;Worker 0:  Sort Method: quicksort  Memory: 28kB</td>\n",
       "        </tr>\n",
       "        <tr>\n",
       "            <td>&nbsp;&nbsp;&nbsp;&nbsp;&nbsp;&nbsp;&nbsp;&nbsp;&nbsp;&nbsp;&nbsp;&nbsp;&nbsp;&nbsp;Worker 1:  Sort Method: quicksort  Memory: 28kB</td>\n",
       "        </tr>\n",
       "        <tr>\n",
       "            <td>&nbsp;&nbsp;&nbsp;&nbsp;&nbsp;&nbsp;&nbsp;&nbsp;&nbsp;&nbsp;&nbsp;&nbsp;&nbsp;&nbsp;-&gt;  Partial HashAggregate  (cost=1495842.29..1495842.46 rows=17 width=119) (actual time=68304.694..68305.299 rows=18 loops=3)</td>\n",
       "        </tr>\n",
       "        <tr>\n",
       "            <td>&nbsp;&nbsp;&nbsp;&nbsp;&nbsp;&nbsp;&nbsp;&nbsp;&nbsp;&nbsp;&nbsp;&nbsp;&nbsp;&nbsp;&nbsp;&nbsp;&nbsp;&nbsp;&nbsp;&nbsp;Group Key: s.circuit_short_name, d.full_name</td>\n",
       "        </tr>\n",
       "        <tr>\n",
       "            <td>&nbsp;&nbsp;&nbsp;&nbsp;&nbsp;&nbsp;&nbsp;&nbsp;&nbsp;&nbsp;&nbsp;&nbsp;&nbsp;&nbsp;&nbsp;&nbsp;&nbsp;&nbsp;&nbsp;&nbsp;Batches: 1  Memory Usage: 24kB</td>\n",
       "        </tr>\n",
       "        <tr>\n",
       "            <td>&nbsp;&nbsp;&nbsp;&nbsp;&nbsp;&nbsp;&nbsp;&nbsp;&nbsp;&nbsp;&nbsp;&nbsp;&nbsp;&nbsp;&nbsp;&nbsp;&nbsp;&nbsp;&nbsp;&nbsp;Worker 0:  Batches: 1  Memory Usage: 24kB</td>\n",
       "        </tr>\n",
       "        <tr>\n",
       "            <td>&nbsp;&nbsp;&nbsp;&nbsp;&nbsp;&nbsp;&nbsp;&nbsp;&nbsp;&nbsp;&nbsp;&nbsp;&nbsp;&nbsp;&nbsp;&nbsp;&nbsp;&nbsp;&nbsp;&nbsp;Worker 1:  Batches: 1  Memory Usage: 24kB</td>\n",
       "        </tr>\n",
       "        <tr>\n",
       "            <td>&nbsp;&nbsp;&nbsp;&nbsp;&nbsp;&nbsp;&nbsp;&nbsp;&nbsp;&nbsp;&nbsp;&nbsp;&nbsp;&nbsp;&nbsp;&nbsp;&nbsp;&nbsp;&nbsp;&nbsp;-&gt;  Merge Join  (cost=491300.82..1004133.13 rows=39336733 width=47) (actual time=6821.746..31043.477 rows=32632395 loops=3)</td>\n",
       "        </tr>\n",
       "        <tr>\n",
       "            <td>&nbsp;&nbsp;&nbsp;&nbsp;&nbsp;&nbsp;&nbsp;&nbsp;&nbsp;&nbsp;&nbsp;&nbsp;&nbsp;&nbsp;&nbsp;&nbsp;&nbsp;&nbsp;&nbsp;&nbsp;&nbsp;&nbsp;&nbsp;&nbsp;&nbsp;&nbsp;Merge Cond: (t.driver_number = d.driver_number)</td>\n",
       "        </tr>\n",
       "        <tr>\n",
       "            <td>&nbsp;&nbsp;&nbsp;&nbsp;&nbsp;&nbsp;&nbsp;&nbsp;&nbsp;&nbsp;&nbsp;&nbsp;&nbsp;&nbsp;&nbsp;&nbsp;&nbsp;&nbsp;&nbsp;&nbsp;&nbsp;&nbsp;&nbsp;&nbsp;&nbsp;&nbsp;-&gt;  Sort  (cost=490772.57..491407.96 rows=254156 width=24) (actual time=6805.081..7120.369 rows=211899 loops=3)</td>\n",
       "        </tr>\n",
       "        <tr>\n",
       "            <td>&nbsp;&nbsp;&nbsp;&nbsp;&nbsp;&nbsp;&nbsp;&nbsp;&nbsp;&nbsp;&nbsp;&nbsp;&nbsp;&nbsp;&nbsp;&nbsp;&nbsp;&nbsp;&nbsp;&nbsp;&nbsp;&nbsp;&nbsp;&nbsp;&nbsp;&nbsp;&nbsp;&nbsp;&nbsp;&nbsp;&nbsp;&nbsp;Sort Key: t.driver_number</td>\n",
       "        </tr>\n",
       "        <tr>\n",
       "            <td>&nbsp;&nbsp;&nbsp;&nbsp;&nbsp;&nbsp;&nbsp;&nbsp;&nbsp;&nbsp;&nbsp;&nbsp;&nbsp;&nbsp;&nbsp;&nbsp;&nbsp;&nbsp;&nbsp;&nbsp;&nbsp;&nbsp;&nbsp;&nbsp;&nbsp;&nbsp;&nbsp;&nbsp;&nbsp;&nbsp;&nbsp;&nbsp;Sort Method: external merge  Disk: 10768kB</td>\n",
       "        </tr>\n",
       "        <tr>\n",
       "            <td>&nbsp;&nbsp;&nbsp;&nbsp;&nbsp;&nbsp;&nbsp;&nbsp;&nbsp;&nbsp;&nbsp;&nbsp;&nbsp;&nbsp;&nbsp;&nbsp;&nbsp;&nbsp;&nbsp;&nbsp;&nbsp;&nbsp;&nbsp;&nbsp;&nbsp;&nbsp;&nbsp;&nbsp;&nbsp;&nbsp;&nbsp;&nbsp;Worker 0:  Sort Method: external merge  Disk: 5136kB</td>\n",
       "        </tr>\n",
       "        <tr>\n",
       "            <td>&nbsp;&nbsp;&nbsp;&nbsp;&nbsp;&nbsp;&nbsp;&nbsp;&nbsp;&nbsp;&nbsp;&nbsp;&nbsp;&nbsp;&nbsp;&nbsp;&nbsp;&nbsp;&nbsp;&nbsp;&nbsp;&nbsp;&nbsp;&nbsp;&nbsp;&nbsp;&nbsp;&nbsp;&nbsp;&nbsp;&nbsp;&nbsp;Worker 1:  Sort Method: external merge  Disk: 5344kB</td>\n",
       "        </tr>\n",
       "        <tr>\n",
       "            <td>&nbsp;&nbsp;&nbsp;&nbsp;&nbsp;&nbsp;&nbsp;&nbsp;&nbsp;&nbsp;&nbsp;&nbsp;&nbsp;&nbsp;&nbsp;&nbsp;&nbsp;&nbsp;&nbsp;&nbsp;&nbsp;&nbsp;&nbsp;&nbsp;&nbsp;&nbsp;&nbsp;&nbsp;&nbsp;&nbsp;&nbsp;&nbsp;-&gt;  Parallel Bitmap Heap Scan on telemetrys t  (cost=14123.87..462740.26 rows=254156 width=24) (actual time=4700.761..6495.348 rows=211899 loops=3)</td>\n",
       "        </tr>\n",
       "        <tr>\n",
       "            <td>&nbsp;&nbsp;&nbsp;&nbsp;&nbsp;&nbsp;&nbsp;&nbsp;&nbsp;&nbsp;&nbsp;&nbsp;&nbsp;&nbsp;&nbsp;&nbsp;&nbsp;&nbsp;&nbsp;&nbsp;&nbsp;&nbsp;&nbsp;&nbsp;&nbsp;&nbsp;&nbsp;&nbsp;&nbsp;&nbsp;&nbsp;&nbsp;&nbsp;&nbsp;&nbsp;&nbsp;&nbsp;&nbsp;Recheck Cond: (session_key = 9998)</td>\n",
       "        </tr>\n",
       "        <tr>\n",
       "            <td>&nbsp;&nbsp;&nbsp;&nbsp;&nbsp;&nbsp;&nbsp;&nbsp;&nbsp;&nbsp;&nbsp;&nbsp;&nbsp;&nbsp;&nbsp;&nbsp;&nbsp;&nbsp;&nbsp;&nbsp;&nbsp;&nbsp;&nbsp;&nbsp;&nbsp;&nbsp;&nbsp;&nbsp;&nbsp;&nbsp;&nbsp;&nbsp;&nbsp;&nbsp;&nbsp;&nbsp;&nbsp;&nbsp;Heap Blocks: exact=3180</td>\n",
       "        </tr>\n",
       "        <tr>\n",
       "            <td>&nbsp;&nbsp;&nbsp;&nbsp;&nbsp;&nbsp;&nbsp;&nbsp;&nbsp;&nbsp;&nbsp;&nbsp;&nbsp;&nbsp;&nbsp;&nbsp;&nbsp;&nbsp;&nbsp;&nbsp;&nbsp;&nbsp;&nbsp;&nbsp;&nbsp;&nbsp;&nbsp;&nbsp;&nbsp;&nbsp;&nbsp;&nbsp;&nbsp;&nbsp;&nbsp;&nbsp;&nbsp;&nbsp;-&gt;  Bitmap Index Scan on telemetrys_pkey  (cost=0.00..13971.38 rows=609975 width=0) (actual time=1135.771..1135.780 rows=635696 loops=1)</td>\n",
       "        </tr>\n",
       "        <tr>\n",
       "            <td>&nbsp;&nbsp;&nbsp;&nbsp;&nbsp;&nbsp;&nbsp;&nbsp;&nbsp;&nbsp;&nbsp;&nbsp;&nbsp;&nbsp;&nbsp;&nbsp;&nbsp;&nbsp;&nbsp;&nbsp;&nbsp;&nbsp;&nbsp;&nbsp;&nbsp;&nbsp;&nbsp;&nbsp;&nbsp;&nbsp;&nbsp;&nbsp;&nbsp;&nbsp;&nbsp;&nbsp;&nbsp;&nbsp;&nbsp;&nbsp;&nbsp;&nbsp;&nbsp;&nbsp;Index Cond: (session_key = 9998)</td>\n",
       "        </tr>\n",
       "        <tr>\n",
       "            <td>&nbsp;&nbsp;&nbsp;&nbsp;&nbsp;&nbsp;&nbsp;&nbsp;&nbsp;&nbsp;&nbsp;&nbsp;&nbsp;&nbsp;&nbsp;&nbsp;&nbsp;&nbsp;&nbsp;&nbsp;&nbsp;&nbsp;&nbsp;&nbsp;&nbsp;&nbsp;-&gt;  Sort  (cost=528.25..535.95 rows=3080 width=47) (actual time=16.333..7207.612 rows=32621556 loops=3)</td>\n",
       "        </tr>\n",
       "        <tr>\n",
       "            <td>&nbsp;&nbsp;&nbsp;&nbsp;&nbsp;&nbsp;&nbsp;&nbsp;&nbsp;&nbsp;&nbsp;&nbsp;&nbsp;&nbsp;&nbsp;&nbsp;&nbsp;&nbsp;&nbsp;&nbsp;&nbsp;&nbsp;&nbsp;&nbsp;&nbsp;&nbsp;&nbsp;&nbsp;&nbsp;&nbsp;&nbsp;&nbsp;Sort Key: d.driver_number</td>\n",
       "        </tr>\n",
       "        <tr>\n",
       "            <td>&nbsp;&nbsp;&nbsp;&nbsp;&nbsp;&nbsp;&nbsp;&nbsp;&nbsp;&nbsp;&nbsp;&nbsp;&nbsp;&nbsp;&nbsp;&nbsp;&nbsp;&nbsp;&nbsp;&nbsp;&nbsp;&nbsp;&nbsp;&nbsp;&nbsp;&nbsp;&nbsp;&nbsp;&nbsp;&nbsp;&nbsp;&nbsp;Sort Method: quicksort  Memory: 386kB</td>\n",
       "        </tr>\n",
       "        <tr>\n",
       "            <td>&nbsp;&nbsp;&nbsp;&nbsp;&nbsp;&nbsp;&nbsp;&nbsp;&nbsp;&nbsp;&nbsp;&nbsp;&nbsp;&nbsp;&nbsp;&nbsp;&nbsp;&nbsp;&nbsp;&nbsp;&nbsp;&nbsp;&nbsp;&nbsp;&nbsp;&nbsp;&nbsp;&nbsp;&nbsp;&nbsp;&nbsp;&nbsp;Worker 0:  Sort Method: quicksort  Memory: 386kB</td>\n",
       "        </tr>\n",
       "        <tr>\n",
       "            <td>&nbsp;&nbsp;&nbsp;&nbsp;&nbsp;&nbsp;&nbsp;&nbsp;&nbsp;&nbsp;&nbsp;&nbsp;&nbsp;&nbsp;&nbsp;&nbsp;&nbsp;&nbsp;&nbsp;&nbsp;&nbsp;&nbsp;&nbsp;&nbsp;&nbsp;&nbsp;&nbsp;&nbsp;&nbsp;&nbsp;&nbsp;&nbsp;Worker 1:  Sort Method: quicksort  Memory: 386kB</td>\n",
       "        </tr>\n",
       "        <tr>\n",
       "            <td>&nbsp;&nbsp;&nbsp;&nbsp;&nbsp;&nbsp;&nbsp;&nbsp;&nbsp;&nbsp;&nbsp;&nbsp;&nbsp;&nbsp;&nbsp;&nbsp;&nbsp;&nbsp;&nbsp;&nbsp;&nbsp;&nbsp;&nbsp;&nbsp;&nbsp;&nbsp;&nbsp;&nbsp;&nbsp;&nbsp;&nbsp;&nbsp;-&gt;  Nested Loop  (cost=140.76..349.79 rows=3080 width=47) (actual time=8.104..13.269 rows=3080 loops=3)</td>\n",
       "        </tr>\n",
       "        <tr>\n",
       "            <td>&nbsp;&nbsp;&nbsp;&nbsp;&nbsp;&nbsp;&nbsp;&nbsp;&nbsp;&nbsp;&nbsp;&nbsp;&nbsp;&nbsp;&nbsp;&nbsp;&nbsp;&nbsp;&nbsp;&nbsp;&nbsp;&nbsp;&nbsp;&nbsp;&nbsp;&nbsp;&nbsp;&nbsp;&nbsp;&nbsp;&nbsp;&nbsp;&nbsp;&nbsp;&nbsp;&nbsp;&nbsp;&nbsp;-&gt;  Bitmap Heap Scan on weather_conditions wc  (cost=5.48..117.59 rows=154 width=12) (actual time=0.400..1.244 rows=154 loops=3)</td>\n",
       "        </tr>\n",
       "        <tr>\n",
       "            <td>&nbsp;&nbsp;&nbsp;&nbsp;&nbsp;&nbsp;&nbsp;&nbsp;&nbsp;&nbsp;&nbsp;&nbsp;&nbsp;&nbsp;&nbsp;&nbsp;&nbsp;&nbsp;&nbsp;&nbsp;&nbsp;&nbsp;&nbsp;&nbsp;&nbsp;&nbsp;&nbsp;&nbsp;&nbsp;&nbsp;&nbsp;&nbsp;&nbsp;&nbsp;&nbsp;&nbsp;&nbsp;&nbsp;&nbsp;&nbsp;&nbsp;&nbsp;&nbsp;&nbsp;Recheck Cond: (session_key = 9998)</td>\n",
       "        </tr>\n",
       "        <tr>\n",
       "            <td>&nbsp;&nbsp;&nbsp;&nbsp;&nbsp;&nbsp;&nbsp;&nbsp;&nbsp;&nbsp;&nbsp;&nbsp;&nbsp;&nbsp;&nbsp;&nbsp;&nbsp;&nbsp;&nbsp;&nbsp;&nbsp;&nbsp;&nbsp;&nbsp;&nbsp;&nbsp;&nbsp;&nbsp;&nbsp;&nbsp;&nbsp;&nbsp;&nbsp;&nbsp;&nbsp;&nbsp;&nbsp;&nbsp;&nbsp;&nbsp;&nbsp;&nbsp;&nbsp;&nbsp;Heap Blocks: exact=3</td>\n",
       "        </tr>\n",
       "        <tr>\n",
       "            <td>&nbsp;&nbsp;&nbsp;&nbsp;&nbsp;&nbsp;&nbsp;&nbsp;&nbsp;&nbsp;&nbsp;&nbsp;&nbsp;&nbsp;&nbsp;&nbsp;&nbsp;&nbsp;&nbsp;&nbsp;&nbsp;&nbsp;&nbsp;&nbsp;&nbsp;&nbsp;&nbsp;&nbsp;&nbsp;&nbsp;&nbsp;&nbsp;&nbsp;&nbsp;&nbsp;&nbsp;&nbsp;&nbsp;&nbsp;&nbsp;&nbsp;&nbsp;&nbsp;&nbsp;-&gt;  Bitmap Index Scan on weather_conditions_pkey  (cost=0.00..5.44 rows=154 width=0) (actual time=0.322..0.790 rows=154 loops=3)</td>\n",
       "        </tr>\n",
       "        <tr>\n",
       "            <td>&nbsp;&nbsp;&nbsp;&nbsp;&nbsp;&nbsp;&nbsp;&nbsp;&nbsp;&nbsp;&nbsp;&nbsp;&nbsp;&nbsp;&nbsp;&nbsp;&nbsp;&nbsp;&nbsp;&nbsp;&nbsp;&nbsp;&nbsp;&nbsp;&nbsp;&nbsp;&nbsp;&nbsp;&nbsp;&nbsp;&nbsp;&nbsp;&nbsp;&nbsp;&nbsp;&nbsp;&nbsp;&nbsp;&nbsp;&nbsp;&nbsp;&nbsp;&nbsp;&nbsp;&nbsp;&nbsp;&nbsp;&nbsp;&nbsp;&nbsp;Index Cond: (session_key = 9998)</td>\n",
       "        </tr>\n",
       "        <tr>\n",
       "            <td>&nbsp;&nbsp;&nbsp;&nbsp;&nbsp;&nbsp;&nbsp;&nbsp;&nbsp;&nbsp;&nbsp;&nbsp;&nbsp;&nbsp;&nbsp;&nbsp;&nbsp;&nbsp;&nbsp;&nbsp;&nbsp;&nbsp;&nbsp;&nbsp;&nbsp;&nbsp;&nbsp;&nbsp;&nbsp;&nbsp;&nbsp;&nbsp;&nbsp;&nbsp;&nbsp;&nbsp;&nbsp;&nbsp;-&gt;  Materialize  (cost=135.28..193.75 rows=20 width=35) (actual time=0.050..0.058 rows=20 loops=462)</td>\n",
       "        </tr>\n",
       "        <tr>\n",
       "            <td>&nbsp;&nbsp;&nbsp;&nbsp;&nbsp;&nbsp;&nbsp;&nbsp;&nbsp;&nbsp;&nbsp;&nbsp;&nbsp;&nbsp;&nbsp;&nbsp;&nbsp;&nbsp;&nbsp;&nbsp;&nbsp;&nbsp;&nbsp;&nbsp;&nbsp;&nbsp;&nbsp;&nbsp;&nbsp;&nbsp;&nbsp;&nbsp;&nbsp;&nbsp;&nbsp;&nbsp;&nbsp;&nbsp;&nbsp;&nbsp;&nbsp;&nbsp;&nbsp;&nbsp;-&gt;  Nested Loop  (cost=135.28..193.65 rows=20 width=35) (actual time=7.628..8.176 rows=20 loops=3)</td>\n",
       "        </tr>\n",
       "        <tr>\n",
       "            <td>&nbsp;&nbsp;&nbsp;&nbsp;&nbsp;&nbsp;&nbsp;&nbsp;&nbsp;&nbsp;&nbsp;&nbsp;&nbsp;&nbsp;&nbsp;&nbsp;&nbsp;&nbsp;&nbsp;&nbsp;&nbsp;&nbsp;&nbsp;&nbsp;&nbsp;&nbsp;&nbsp;&nbsp;&nbsp;&nbsp;&nbsp;&nbsp;&nbsp;&nbsp;&nbsp;&nbsp;&nbsp;&nbsp;&nbsp;&nbsp;&nbsp;&nbsp;&nbsp;&nbsp;&nbsp;&nbsp;&nbsp;&nbsp;&nbsp;&nbsp;-&gt;  Seq Scan on sessions s  (cost=0.00..3.23 rows=1 width=13) (actual time=0.944..1.031 rows=1 loops=3)</td>\n",
       "        </tr>\n",
       "        <tr>\n",
       "            <td>&nbsp;&nbsp;&nbsp;&nbsp;&nbsp;&nbsp;&nbsp;&nbsp;&nbsp;&nbsp;&nbsp;&nbsp;&nbsp;&nbsp;&nbsp;&nbsp;&nbsp;&nbsp;&nbsp;&nbsp;&nbsp;&nbsp;&nbsp;&nbsp;&nbsp;&nbsp;&nbsp;&nbsp;&nbsp;&nbsp;&nbsp;&nbsp;&nbsp;&nbsp;&nbsp;&nbsp;&nbsp;&nbsp;&nbsp;&nbsp;&nbsp;&nbsp;&nbsp;&nbsp;&nbsp;&nbsp;&nbsp;&nbsp;&nbsp;&nbsp;&nbsp;&nbsp;&nbsp;&nbsp;&nbsp;&nbsp;Filter: (session_key = 9998)</td>\n",
       "        </tr>\n",
       "        <tr>\n",
       "            <td>&nbsp;&nbsp;&nbsp;&nbsp;&nbsp;&nbsp;&nbsp;&nbsp;&nbsp;&nbsp;&nbsp;&nbsp;&nbsp;&nbsp;&nbsp;&nbsp;&nbsp;&nbsp;&nbsp;&nbsp;&nbsp;&nbsp;&nbsp;&nbsp;&nbsp;&nbsp;&nbsp;&nbsp;&nbsp;&nbsp;&nbsp;&nbsp;&nbsp;&nbsp;&nbsp;&nbsp;&nbsp;&nbsp;&nbsp;&nbsp;&nbsp;&nbsp;&nbsp;&nbsp;&nbsp;&nbsp;&nbsp;&nbsp;&nbsp;&nbsp;&nbsp;&nbsp;&nbsp;&nbsp;&nbsp;&nbsp;Rows Removed by Filter: 97</td>\n",
       "        </tr>\n",
       "        <tr>\n",
       "            <td>&nbsp;&nbsp;&nbsp;&nbsp;&nbsp;&nbsp;&nbsp;&nbsp;&nbsp;&nbsp;&nbsp;&nbsp;&nbsp;&nbsp;&nbsp;&nbsp;&nbsp;&nbsp;&nbsp;&nbsp;&nbsp;&nbsp;&nbsp;&nbsp;&nbsp;&nbsp;&nbsp;&nbsp;&nbsp;&nbsp;&nbsp;&nbsp;&nbsp;&nbsp;&nbsp;&nbsp;&nbsp;&nbsp;&nbsp;&nbsp;&nbsp;&nbsp;&nbsp;&nbsp;&nbsp;&nbsp;&nbsp;&nbsp;&nbsp;&nbsp;-&gt;  Bitmap Heap Scan on drivers d  (cost=135.28..190.22 rows=20 width=22) (actual time=6.349..6.783 rows=20 loops=3)</td>\n",
       "        </tr>\n",
       "        <tr>\n",
       "            <td>&nbsp;&nbsp;&nbsp;&nbsp;&nbsp;&nbsp;&nbsp;&nbsp;&nbsp;&nbsp;&nbsp;&nbsp;&nbsp;&nbsp;&nbsp;&nbsp;&nbsp;&nbsp;&nbsp;&nbsp;&nbsp;&nbsp;&nbsp;&nbsp;&nbsp;&nbsp;&nbsp;&nbsp;&nbsp;&nbsp;&nbsp;&nbsp;&nbsp;&nbsp;&nbsp;&nbsp;&nbsp;&nbsp;&nbsp;&nbsp;&nbsp;&nbsp;&nbsp;&nbsp;&nbsp;&nbsp;&nbsp;&nbsp;&nbsp;&nbsp;&nbsp;&nbsp;&nbsp;&nbsp;&nbsp;&nbsp;Recheck Cond: (session_key = 9998)</td>\n",
       "        </tr>\n",
       "        <tr>\n",
       "            <td>&nbsp;&nbsp;&nbsp;&nbsp;&nbsp;&nbsp;&nbsp;&nbsp;&nbsp;&nbsp;&nbsp;&nbsp;&nbsp;&nbsp;&nbsp;&nbsp;&nbsp;&nbsp;&nbsp;&nbsp;&nbsp;&nbsp;&nbsp;&nbsp;&nbsp;&nbsp;&nbsp;&nbsp;&nbsp;&nbsp;&nbsp;&nbsp;&nbsp;&nbsp;&nbsp;&nbsp;&nbsp;&nbsp;&nbsp;&nbsp;&nbsp;&nbsp;&nbsp;&nbsp;&nbsp;&nbsp;&nbsp;&nbsp;&nbsp;&nbsp;&nbsp;&nbsp;&nbsp;&nbsp;&nbsp;&nbsp;Heap Blocks: exact=2</td>\n",
       "        </tr>\n",
       "        <tr>\n",
       "            <td>&nbsp;&nbsp;&nbsp;&nbsp;&nbsp;&nbsp;&nbsp;&nbsp;&nbsp;&nbsp;&nbsp;&nbsp;&nbsp;&nbsp;&nbsp;&nbsp;&nbsp;&nbsp;&nbsp;&nbsp;&nbsp;&nbsp;&nbsp;&nbsp;&nbsp;&nbsp;&nbsp;&nbsp;&nbsp;&nbsp;&nbsp;&nbsp;&nbsp;&nbsp;&nbsp;&nbsp;&nbsp;&nbsp;&nbsp;&nbsp;&nbsp;&nbsp;&nbsp;&nbsp;&nbsp;&nbsp;&nbsp;&nbsp;&nbsp;&nbsp;&nbsp;&nbsp;&nbsp;&nbsp;&nbsp;&nbsp;-&gt;  Bitmap Index Scan on drivers_pkey  (cost=0.00..135.28 rows=20 width=0) (actual time=6.095..6.096 rows=20 loops=3)</td>\n",
       "        </tr>\n",
       "        <tr>\n",
       "            <td>&nbsp;&nbsp;&nbsp;&nbsp;&nbsp;&nbsp;&nbsp;&nbsp;&nbsp;&nbsp;&nbsp;&nbsp;&nbsp;&nbsp;&nbsp;&nbsp;&nbsp;&nbsp;&nbsp;&nbsp;&nbsp;&nbsp;&nbsp;&nbsp;&nbsp;&nbsp;&nbsp;&nbsp;&nbsp;&nbsp;&nbsp;&nbsp;&nbsp;&nbsp;&nbsp;&nbsp;&nbsp;&nbsp;&nbsp;&nbsp;&nbsp;&nbsp;&nbsp;&nbsp;&nbsp;&nbsp;&nbsp;&nbsp;&nbsp;&nbsp;&nbsp;&nbsp;&nbsp;&nbsp;&nbsp;&nbsp;&nbsp;&nbsp;&nbsp;&nbsp;&nbsp;&nbsp;Index Cond: (session_key = 9998)</td>\n",
       "        </tr>\n",
       "        <tr>\n",
       "            <td>Planning Time: 29.826 ms</td>\n",
       "        </tr>\n",
       "        <tr>\n",
       "            <td>JIT:</td>\n",
       "        </tr>\n",
       "        <tr>\n",
       "            <td>&nbsp;&nbsp;Functions: 84</td>\n",
       "        </tr>\n",
       "        <tr>\n",
       "            <td>&nbsp;&nbsp;Options: Inlining true, Optimization true, Expressions true, Deforming true</td>\n",
       "        </tr>\n",
       "        <tr>\n",
       "            <td>&nbsp;&nbsp;Timing: Generation 243.302 ms, Inlining 1974.935 ms, Optimization 5162.501 ms, Emission 5822.399 ms, Total 13203.138 ms</td>\n",
       "        </tr>\n",
       "        <tr>\n",
       "            <td>Execution Time: 99374.848 ms</td>\n",
       "        </tr>\n",
       "    </tbody>\n",
       "</table>"
      ],
      "text/plain": [
       "[('Finalize GroupAggregate  (cost=1496842.83..1496847.78 rows=17 width=65) (actual time=99179.192..99182.282 rows=19 loops=1)',),\n",
       " ('  Group Key: s.circuit_short_name, d.full_name',),\n",
       " ('  ->  Gather Merge  (cost=1496842.83..1496846.80 rows=34 width=119) (actual time=99178.497..99181.018 rows=54 loops=1)',),\n",
       " ('        Workers Planned: 2',),\n",
       " ('        Workers Launched: 2',),\n",
       " ('        ->  Sort  (cost=1495842.81..1495842.85 rows=17 width=119) (actual time=68306.049..68306.644 rows=18 loops=3)',),\n",
       " ('              Sort Key: s.circuit_short_name, d.full_name',),\n",
       " ('              Sort Method: quicksort  Memory: 28kB',),\n",
       " ('              Worker 0:  Sort Method: quicksort  Memory: 28kB',),\n",
       " ('              Worker 1:  Sort Method: quicksort  Memory: 28kB',),\n",
       " ('              ->  Partial HashAggregate  (cost=1495842.29..1495842.46 rows=17 width=119) (actual time=68304.694..68305.299 rows=18 loops=3)',),\n",
       " ('                    Group Key: s.circuit_short_name, d.full_name',),\n",
       " ('                    Batches: 1  Memory Usage: 24kB',),\n",
       " ('                    Worker 0:  Batches: 1  Memory Usage: 24kB',),\n",
       " ('                    Worker 1:  Batches: 1  Memory Usage: 24kB',),\n",
       " ('                    ->  Merge Join  (cost=491300.82..1004133.13 rows=39336733 width=47) (actual time=6821.746..31043.477 rows=32632395 loops=3)',),\n",
       " ('                          Merge Cond: (t.driver_number = d.driver_number)',),\n",
       " ('                          ->  Sort  (cost=490772.57..491407.96 rows=254156 width=24) (actual time=6805.081..7120.369 rows=211899 loops=3)',),\n",
       " ('                                Sort Key: t.driver_number',),\n",
       " ('                                Sort Method: external merge  Disk: 10768kB',),\n",
       " ('                                Worker 0:  Sort Method: external merge  Disk: 5136kB',),\n",
       " ('                                Worker 1:  Sort Method: external merge  Disk: 5344kB',),\n",
       " ('                                ->  Parallel Bitmap Heap Scan on telemetrys t  (cost=14123.87..462740.26 rows=254156 width=24) (actual time=4700.761..6495.348 rows=211899 loops=3)',),\n",
       " ('                                      Recheck Cond: (session_key = 9998)',),\n",
       " ('                                      Heap Blocks: exact=3180',),\n",
       " ('                                      ->  Bitmap Index Scan on telemetrys_pkey  (cost=0.00..13971.38 rows=609975 width=0) (actual time=1135.771..1135.780 rows=635696 loops=1)',),\n",
       " ('                                            Index Cond: (session_key = 9998)',),\n",
       " ('                          ->  Sort  (cost=528.25..535.95 rows=3080 width=47) (actual time=16.333..7207.612 rows=32621556 loops=3)',),\n",
       " ('                                Sort Key: d.driver_number',),\n",
       " ('                                Sort Method: quicksort  Memory: 386kB',),\n",
       " ('                                Worker 0:  Sort Method: quicksort  Memory: 386kB',),\n",
       " ('                                Worker 1:  Sort Method: quicksort  Memory: 386kB',),\n",
       " ('                                ->  Nested Loop  (cost=140.76..349.79 rows=3080 width=47) (actual time=8.104..13.269 rows=3080 loops=3)',),\n",
       " ('                                      ->  Bitmap Heap Scan on weather_conditions wc  (cost=5.48..117.59 rows=154 width=12) (actual time=0.400..1.244 rows=154 loops=3)',),\n",
       " ('                                            Recheck Cond: (session_key = 9998)',),\n",
       " ('                                            Heap Blocks: exact=3',),\n",
       " ('                                            ->  Bitmap Index Scan on weather_conditions_pkey  (cost=0.00..5.44 rows=154 width=0) (actual time=0.322..0.790 rows=154 loops=3)',),\n",
       " ('                                                  Index Cond: (session_key = 9998)',),\n",
       " ('                                      ->  Materialize  (cost=135.28..193.75 rows=20 width=35) (actual time=0.050..0.058 rows=20 loops=462)',),\n",
       " ('                                            ->  Nested Loop  (cost=135.28..193.65 rows=20 width=35) (actual time=7.628..8.176 rows=20 loops=3)',),\n",
       " ('                                                  ->  Seq Scan on sessions s  (cost=0.00..3.23 rows=1 width=13) (actual time=0.944..1.031 rows=1 loops=3)',),\n",
       " ('                                                        Filter: (session_key = 9998)',),\n",
       " ('                                                        Rows Removed by Filter: 97',),\n",
       " ('                                                  ->  Bitmap Heap Scan on drivers d  (cost=135.28..190.22 rows=20 width=22) (actual time=6.349..6.783 rows=20 loops=3)',),\n",
       " ('                                                        Recheck Cond: (session_key = 9998)',),\n",
       " ('                                                        Heap Blocks: exact=2',),\n",
       " ('                                                        ->  Bitmap Index Scan on drivers_pkey  (cost=0.00..135.28 rows=20 width=0) (actual time=6.095..6.096 rows=20 loops=3)',),\n",
       " ('                                                              Index Cond: (session_key = 9998)',),\n",
       " ('Planning Time: 29.826 ms',),\n",
       " ('JIT:',),\n",
       " ('  Functions: 84',),\n",
       " ('  Options: Inlining true, Optimization true, Expressions true, Deforming true',),\n",
       " ('  Timing: Generation 243.302 ms, Inlining 1974.935 ms, Optimization 5162.501 ms, Emission 5822.399 ms, Total 13203.138 ms',),\n",
       " ('Execution Time: 99374.848 ms',)]"
      ]
     },
     "execution_count": 18,
     "metadata": {},
     "output_type": "execute_result"
    }
   ],
   "source": [
    "%sql EXPLAIN ANALYZE $query"
   ]
  },
  {
   "cell_type": "code",
   "execution_count": 19,
   "id": "f3a23ad3",
   "metadata": {},
   "outputs": [
    {
     "name": "stderr",
     "output_type": "stream",
     "text": [
      "  0%|          | 0/10 [00:00<?, ?it/s]"
     ]
    },
    {
     "name": "stderr",
     "output_type": "stream",
     "text": [
      "100%|██████████| 10/10 [09:08<00:00, 54.80s/it]"
     ]
    },
    {
     "name": "stdout",
     "output_type": "stream",
     "text": [
      "Mean: 54.798030 s\n",
      "Median: 57.647630 s\n",
      "Std Dev: 19.798174 s\n",
      "Min: 28.837532 s\n",
      "Max: 80.429586 s\n"
     ]
    },
    {
     "name": "stderr",
     "output_type": "stream",
     "text": [
      "\n"
     ]
    }
   ],
   "source": [
    "duration_gist = []\n",
    "\n",
    "for _ in tqdm(range(10)):\n",
    "    start = time.time()\n",
    "    _ = pd.read_sql(query, DATABASE_URL)\n",
    "    end = time.time()\n",
    "    \n",
    "    duration_gist.append(end - start)\n",
    "    \n",
    "get_statistics(duration_gist)   "
   ]
  },
  {
   "cell_type": "markdown",
   "id": "a3b31f38",
   "metadata": {},
   "source": [
    "## Retornando para Default\n"
   ]
  },
  {
   "cell_type": "code",
   "execution_count": 20,
   "id": "00aebcb7",
   "metadata": {},
   "outputs": [
    {
     "name": "stdout",
     "output_type": "stream",
     "text": [
      " * postgresql+psycopg2://postgresadmin:***@localhost:5000/postgresdb\n"
     ]
    },
    {
     "name": "stdout",
     "output_type": "stream",
     "text": [
      "Done.\n",
      " * postgresql+psycopg2://postgresadmin:***@localhost:5000/postgresdb\n",
      "(psycopg2.errors.DuplicateTable) relation \"telemetrys_pkey\" already exists\n",
      "\n",
      "[SQL: CREATE UNIQUE INDEX telemetrys_pkey ON public.telemetrys USING btree (session_key, driver_number, date)]\n",
      "(Background on this error at: https://sqlalche.me/e/20/f405)\n"
     ]
    }
   ],
   "source": [
    "%sql DROP INDEX IF EXISTS public.telemetrys_gist_idx\n",
    "%sql CREATE UNIQUE INDEX telemetrys_pkey ON public.telemetrys USING btree (session_key, driver_number, date)"
   ]
  },
  {
   "cell_type": "code",
   "execution_count": 21,
   "id": "aac4b04d",
   "metadata": {},
   "outputs": [
    {
     "name": "stdout",
     "output_type": "stream",
     "text": [
      " * postgresql+psycopg2://postgresadmin:***@localhost:5000/postgresdb\n",
      "1 rows affected.\n"
     ]
    },
    {
     "data": {
      "text/html": [
       "<table>\n",
       "    <thead>\n",
       "        <tr>\n",
       "            <th>indexname</th>\n",
       "            <th>indexdef</th>\n",
       "        </tr>\n",
       "    </thead>\n",
       "    <tbody>\n",
       "        <tr>\n",
       "            <td>telemetrys_pkey</td>\n",
       "            <td>CREATE UNIQUE INDEX telemetrys_pkey ON public.telemetrys USING btree (session_key, driver_number, date)</td>\n",
       "        </tr>\n",
       "    </tbody>\n",
       "</table>"
      ],
      "text/plain": [
       "[('telemetrys_pkey', 'CREATE UNIQUE INDEX telemetrys_pkey ON public.telemetrys USING btree (session_key, driver_number, date)')]"
      ]
     },
     "execution_count": 21,
     "metadata": {},
     "output_type": "execute_result"
    }
   ],
   "source": [
    "%sql $check_indexes"
   ]
  },
  {
   "cell_type": "markdown",
   "id": "d76bfaad",
   "metadata": {},
   "source": [
    "## Gráficos de desempenho\n",
    "\n",
    "---"
   ]
  },
  {
   "cell_type": "code",
   "execution_count": 22,
   "id": "2545ab7a",
   "metadata": {},
   "outputs": [
    {
     "data": {
      "image/png": "iVBORw0KGgoAAAANSUhEUgAAAq8AAAHFCAYAAADc5hA8AAAAOnRFWHRTb2Z0d2FyZQBNYXRwbG90bGliIHZlcnNpb24zLjEwLjMsIGh0dHBzOi8vbWF0cGxvdGxpYi5vcmcvZiW1igAAAAlwSFlzAAAPYQAAD2EBqD+naQAAOoxJREFUeJzt3Xlc1VX+x/H3RWSRzRWQERHUwjULS0lzRRHLpchtMtdRf6ammKk0k6mVaOWa27hhjVpmWpmlprhl45ZmOZOSuaEpuIO4gML390cP73gF9aLg5auv5+PxfTy453vu+X7unUu853i+51oMwzAEAAAAmICTowsAAAAA7EV4BQAAgGkQXgEAAGAahFcAAACYBuEVAAAApkF4BQAAgGkQXgEAAGAahFcAAACYBuEVAAAApkF4BQAUaps3b9bYsWOVmZnp6FIAFAKEVwBAoZWUlKTo6Gg9+uijcnFxcXQ5AAoBi2EYhqOLAABImzZt0oYNGzRw4ED5+Pg4upxC4auvvpIktWnTxsGVACgsmHkF8MDKzMxUo0aNVKJECb333ns6evSoihcv7uiycnXkyBG1bdtWXl5edgfXChUqqFu3btbHGzZskMVi0YYNGwqmSAdo06ZNvgfX3N6nbt26qUKFCvl6HQAFg/AKIIf58+fLYrFYDzc3NwUEBCgyMlJTpkzRhQsXHF2iXdauXavk5GQNHz5ckyZNUlBQkP72t7/l6zVufK82b96c47xhGAoMDJTFYtFzzz2X6xhXr15Vhw4d1K1bN8XExORrfWY3cuRIWSwWnT592tGlACgknB1dAIDCa/To0QoODtbVq1eVnJysDRs2aNCgQZowYYKWL1+umjVrOrrE23rmmWe0adMm+fr6avDgwTpz5oz8/f0L5Fpubm5atGiR6tevb9O+ceNGHTt2TK6urrd87n//+1917NhRAwcOvKcaGjRooMuXL7M29C7Mnj1b2dnZji4DgB0IrwBuKSoqSrVr17Y+jo2N1bp16/Tcc8+pdevW2rt3r9zd3e/5OteuXVN2dna+hy4vLy95eXlJkooWLVpgwVWSWrZsqSVLlmjKlClydv7ff1oXLVqksLCw284c1qpVS7Vq1brnGpycnOTm5nbP49xvly5dUrFixRxaQ9GiRR16fQD2Y9kAgDxp0qSJ3nzzTR05ckQLFiywtjdq1EiNGjXK0f/mtYSHDx+WxWLRBx98oEmTJqlixYpydXXVr7/+qszMTI0YMUJhYWHy8fGRh4eHnnnmGa1fvz7HuNnZ2Zo8ebJq1KghNzc3lSlTRi1atNCPP/5o7TN37lw1adJEvr6+cnV1VdWqVTVjxoxcX9f06dNVrVo1ubq6KiAgQP369dP58+ftfl86deqkM2fOaM2aNda2zMxMff755/rrX/+a63Oys7M1adIkVatWTW5ubvLz81OfPn107tw5m36GYeidd95RuXLlVKxYMTVu3Fj//e9/c4yX21rO77//Xu3atVP58uXl6uqqwMBAxcTE6PLly3d8TdeXRGzatEl9+vRRqVKl5O3trS5duuSoUbLvPWzUqJGqV6+unTt3qkGDBipWrJjeeOONO9aS2xi//vqrGjdurGLFiukvf/mL3nvvvRx9jx07prZt28rDw0O+vr6KiYlRRkZGjn65rXm15zMmSQsWLFBYWJjc3d1VsmRJdezYUUePHs3TawJgP8IrgDx7+eWXJUnffffdXY8RHx+vDz/8UL1799b48eNVsmRJpaWlac6cOWrUqJHGjRunkSNH6tSpU4qMjNTu3bttnt+zZ08NGjRIgYGBGjdunIYPHy43Nzdt3brV2mf69OmqUKGC3njjDY0fP16BgYF65ZVXNG3aNJuxRo4cqX79+ikgIEDjx49XdHS0/vnPf6p58+a6evWqXa+nQoUKCg8P1yeffGJtW7lypVJTU9WxY8dcn9OnTx+9/vrrqlevniZPnqzu3btr4cKFioyMtLnuiBEj9Oabb+qxxx7T+++/r5CQEDVv3lwXL168Y11LlizRpUuX1LdvX3344YeKjIzUhx9+qC5dutj1uiSpf//+2rt3r0aOHKkuXbpo4cKFatu2rW7crCYv7+GZM2cUFRWlWrVqadKkSWrcuLHdtVx37tw5tWjRQo899pjGjx+v0NBQDRs2TCtXrrT2uXz5spo2barVq1erf//++vvf/67vv/9eQ4cOtesa9nzG3n33XXXp0kWVK1fWhAkTNGjQICUkJKhBgwZ5+j8/APLAAICbxMfHG5KMHTt23LKPj4+P8fjjj1sfN2zY0GjYsGGOfl27djWCgoKsjw8dOmRIMry9vY2TJ0/a9L127ZqRkZFh03bu3DnDz8/P6NGjh7Vt3bp1hiTj1VdfzXG97Oxs688XL17McT4yMtIICQmxPj558qTh4uJiNG/e3MjKyrK2T5061ZBkzJs3L5dX/z83vldTp041vLy8jEuXLhmGYRjt2rUzGjdubBiGYQQFBRnPPvus9Xnff/+9IclYuHChzXirVq2yab9e37PPPmvz2t544w1DktG1a1dr2/r16w1Jxvr1661t12u5UVxcnGGxWIwjR47Y9drCwsKMzMxMa/t7771nSDK++uormxrteQ8bNmxoSDJmzpx522tf99ZbbxmSjFOnTuUY4+OPP7a2ZWRkGP7+/kZ0dLS1bdKkSYYk47PPPrO2Xbx40ahUqVKO9+nmz6k9n7HDhw8bRYoUMd59912b83v27DGcnZ1ztAPIH8y8Argrnp6e97TrQHR0tMqUKWPTVqRIEeu61+zsbJ09e1bXrl1T7dq1tWvXLmu/pUuXymKx6K233soxrsVisf584zrK1NRUnT59Wg0bNtTBgweVmpoq6c8dCTIzMzVo0CA5Of3vP4m9evWSt7e3vvnmG7tfU/v27XX58mWtWLFCFy5c0IoVK265ZGDJkiXy8fFRs2bNdPr0aesRFhYmT09P61KJ6/UNGDDA5rUNGjTIrppuXJN88eJFnT59Wk8//bQMw9BPP/1k1xi9e/e2WRPat29fOTs769tvv7Wp0d730NXVVd27d7fr2rfi6empzp07Wx+7uLjoqaee0sGDB61t3377rcqWLasXX3zR2lasWDH17t37juPb8xlbtmyZsrOz1b59e5v/Df39/VW5cuVcl7sAuHfcsAXgrqSnp8vX1/eunx8cHJxr+0cffaTx48dr3759Nv/cfGP/AwcOKCAgQCVLlrztNX744Qe99dZb2rJliy5dumRzLjU1VT4+Pjpy5Igk6dFHH7U57+LiopCQEOt5e5QpU0YRERFatGiRLl26pKysLJvgdKP9+/crNTX1lu/hyZMnJcl6/cqVK+e4VokSJe5YU1JSkkaMGKHly5fnWKd6PcDfyc3X9vT0VNmyZXX48GGbGu19D//yl7/c88155cqVswnzklSiRAn98ssv1sdHjhxRpUqVcvS7uc7c2PMZ279/vwzDyPH+XMdNYEDBILwCyLNjx44pNTVVlSpVsrZZLBabNZDXZWVl5TpGbrsULFiwQN26dVPbtm31+uuvy9fXV0WKFFFcXJwOHDiQpxoPHDigpk2bKjQ0VBMmTFBgYKBcXFz07bffauLEiQW2LdJf//pX9erVS8nJyYqKirrllyJkZ2fL19dXCxcuzPX8zbPSdyMrK0vNmjXT2bNnNWzYMIWGhsrDw0N//PGHunXr5rCtofJjh4oiRYrk2p7bZ7CgZGdny2KxaOXKlbnW4+nped9qAR4mhFcAefavf/1LkhQZGWltK1GihM0/2V6Xl5nLzz//XCEhIVq2bJnNbNnN/3RbsWJFrV69WmfPnr3lzNjXX3+tjIwMLV++XOXLl7e23/xPuUFBQZKkxMREhYSEWNszMzN16NAhRURE2F2/JD3//PPq06ePtm7dqsWLF9+yX8WKFbV27VrVq1fvtmHuen379++3qe/UqVO53vF/oz179ui3337TRx99ZHOD1o07Ithj//79NjdVpaen68SJE2rZsqVNjfn1HuaXoKAg/ec//5FhGDafp8TExDs+157PWMWKFWUYhoKDg/XII4/kW90Abo81rwDyZN26dXr77bcVHBysl156ydpesWJF7du3T6dOnbK2/fzzz/rhhx/sHvv67NWNs2fbtm3Tli1bbPpFR0fLMAyNGjUqxxjXn5vbWKmpqYqPj7fpHxERIRcXF02ZMsWm79y5c5Wamqpnn33W7vqlP2fbZsyYoZEjR6pVq1a37Ne+fXtlZWXp7bffznHu2rVr1jvVIyIiVLRoUX344Yc29U2aNOmOteT2HhiGocmTJ9v5av40a9YsmyUcM2bM0LVr1xQVFWWtMT/fw/zSsmVLHT9+XJ9//rm17dKlS5o1a9Ydn2vPZ+yFF15QkSJFNGrUqBwzvoZh6MyZM/f4CgDkhplXALe0cuVK7du3T9euXVNKSorWrVunNWvWKCgoSMuXL7fZEL9Hjx6aMGGCIiMj1bNnT508eVIzZ85UtWrVlJaWZtf1nnvuOS1btkzPP/+8nn32WR06dEgzZ85U1apVlZ6ebu3XuHFjvfzyy5oyZYr279+vFi1aKDs7W99//70aN26s/v37q3nz5nJxcVGrVq3Up08fpaena/bs2fL19dWJEyesY5UpU0axsbEaNWqUWrRoodatWysxMVHTp0/Xk08+aXNTkL26du16xz4NGzZUnz59FBcXp927d6t58+YqWrSo9u/fryVLlmjy5Ml68cUXVaZMGQ0ZMkRxcXF67rnn1LJlS/30009auXKlSpcufdtrhIaGqmLFihoyZIj++OMPeXt7a+nSpXecsb1ZZmammjZtqvbt21vfm/r166t169aSCuY9zA+9evXS1KlT1aVLF+3cuVNly5bVv/71L7u+EMGez1jFihX1zjvvKDY2VocPH1bbtm3l5eWlQ4cO6YsvvlDv3r01ZMiQ+/BKgYfMfd7dAIAJXN8i6frh4uJi+Pv7G82aNTMmT55spKWl5fq8BQsWGCEhIYaLi4tRq1YtY/Xq1bfcKuv999/P8fzs7GxjzJgxRlBQkOHq6mo8/vjjxooVK3KMYRh/bqv1/vvvG6GhodY6o6KijJ07d1r7LF++3KhZs6bh5uZmVKhQwRg3bpwxb948Q5Jx6NAhm/GmTp1qhIaGGkWLFjX8/PyMvn37GufOnbP7vbrdtmKGkXOrrOtmzZplhIWFGe7u7oaXl5dRo0YNY+jQocbx48etfbKysoxRo0YZZcuWNdzd3Y1GjRoZ//nPf4ygoKA7bpX166+/GhEREYanp6dRunRpo1evXsbPP/9sSDLi4+Ptem0bN240evfubZQoUcLw9PQ0XnrpJePMmTM5+tvzHjZs2NCoVq3aba97o1ttlZXbGLl9To4cOWK0bt3aKFasmFG6dGlj4MCB1u3IbrdVlmHYfsZcXFyMMmXK5PiMGYZhLF261Khfv77h4eFheHh4GKGhoUa/fv2MxMREu18nAPtZDOM+rm4HgAKwefNmDRs2LE9LFHBn8+fPV/fu3bVjxw6brwkGAEdizSsA06tfv7727t2b6w1jAIAHC2teAZjWqVOnNG/ePEl/3ox147pYAMCDifAKwLSysrI0ZcoUnTt3Tp07d1bNmjUdXRIAoICx5hUAAACmwZpXAAAAmMYDv2wgOztbx48fl5eXV47vtwYAAIDjGYahCxcuKCAgQE5Ot59bfeDD6/HjxxUYGOjoMgAAAHAHR48eVbly5W7b54EPr15eXpL+fDO8vb0dXA0AAABulpaWpsDAQGtuu50HPrxeXyrg7e1NeAUAACjE7FniyQ1bAAAAMA3CKwAAAEyD8AoAAADTILwCAADANAivAAAAMA3CKwAAAEyD8AoAAADTILwCAADANAivAAAAMA3CKwAAAEyD8AoAAADTILwCAADANAivAAAAMA3CKwAAAEyD8AoAAADTILwCAADANJwdefEKFSroyJEjOdpfeeUVTZs2TVeuXNFrr72mTz/9VBkZGYqMjNT06dPl5+fngGoBALh/fmgT7egS8JCr99VSR5eQK4fOvO7YsUMnTpywHmvWrJEktWvXTpIUExOjr7/+WkuWLNHGjRt1/PhxvfDCC44sGQAAAA7k0JnXMmXK2DweO3asKlasqIYNGyo1NVVz587VokWL1KRJE0lSfHy8qlSpoq1bt6pu3bqOKBkAAAAOVGjWvGZmZmrBggXq0aOHLBaLdu7cqatXryoiIsLaJzQ0VOXLl9eWLVtuOU5GRobS0tJsDgAAADwYCk14/fLLL3X+/Hl169ZNkpScnCwXFxcVL17cpp+fn5+Sk5NvOU5cXJx8fHysR2BgYAFWDQAAgPup0ITXuXPnKioqSgEBAfc0TmxsrFJTU63H0aNH86lCAAAAOJpD17xed+TIEa1du1bLli2ztvn7+yszM1Pnz5+3mX1NSUmRv7//LcdydXWVq6trQZYLAAAABykUM6/x8fHy9fXVs88+a20LCwtT0aJFlZCQYG1LTExUUlKSwsPDHVEmAAAAHMzhM6/Z2dmKj49X165d5ez8v3J8fHzUs2dPDR48WCVLlpS3t7cGDBig8PBwdhoAAAB4SDk8vK5du1ZJSUnq0aNHjnMTJ06Uk5OToqOjbb6kAAAAAA8ni2EYhqOLKEhpaWny8fFRamqqvL29HV0OAAB24Ru24Gj38xu28pLXCsWaVwAAAMAehFcAAACYBuEVAAAApkF4BQAAgGkQXgEAAGAahFcAAACYBuEVAAAApkF4BQAAgGkQXgEAAGAahFcAAACYBuEVAAAApkF4BQAAgGkQXgEAAGAahFcAAACYBuEVAAAApkF4BQAAgGkQXgEAAGAahFcAAACYBuEVAAAApkF4BQAAgGkQXgEAAGAahFcAAACYBuEVAAAApkF4BQAAgGkQXgEAAGAahFcAAACYBuEVAAAApkF4BQAAgGkQXgEAAGAahFcAAACYBuEVAAAApkF4BQAAgGkQXgEAAGAahFcAAACYBuEVAAAApkF4BQAAgGkQXgEAAGAahFcAAACYBuEVAAAApkF4BQAAgGkQXgEAAGAaDg+vf/zxhzp37qxSpUrJ3d1dNWrU0I8//mg9bxiGRowYobJly8rd3V0RERHav3+/AysGAACAozg0vJ47d0716tVT0aJFtXLlSv36668aP368SpQoYe3z3nvvacqUKZo5c6a2bdsmDw8PRUZG6sqVKw6sHAAAAI7g7MiLjxs3ToGBgYqPj7e2BQcHW382DEOTJk3SP/7xD7Vp00aS9PHHH8vPz09ffvmlOnbseN9rBgAAgOM4dOZ1+fLlql27ttq1aydfX189/vjjmj17tvX8oUOHlJycrIiICGubj4+P6tSpoy1btuQ6ZkZGhtLS0mwOAAAAPBgcGl4PHjyoGTNmqHLlylq9erX69u2rV199VR999JEkKTk5WZLk5+dn8zw/Pz/ruZvFxcXJx8fHegQGBhbsiwAAAMB949Dwmp2drSeeeEJjxozR448/rt69e6tXr16aOXPmXY8ZGxur1NRU63H06NF8rBgAAACO5NDwWrZsWVWtWtWmrUqVKkpKSpIk+fv7S5JSUlJs+qSkpFjP3czV1VXe3t42BwAAAB4MDg2v9erVU2Jiok3bb7/9pqCgIEl/3rzl7++vhIQE6/m0tDRt27ZN4eHh97VWAAAAOJ5DdxuIiYnR008/rTFjxqh9+/bavn27Zs2apVmzZkmSLBaLBg0apHfeeUeVK1dWcHCw3nzzTQUEBKht27aOLB0AAAAO4NDw+uSTT+qLL75QbGysRo8ereDgYE2aNEkvvfSStc/QoUN18eJF9e7dW+fPn1f9+vW1atUqubm5ObByAAAAOILFMAzD0UUUpLS0NPn4+Cg1NZX1rwAA0/ihTbSjS8BDrt5XS+/btfKS1xz+9bAAAACAvQivAAAAMA3CKwAAAEyD8AoAAADTILwCAADANAivAAAAMA3CKwAAAEyD8AoAAADTILwCAADANAivAAAAMA3CKwAAAEyD8AoAAADTILwCAADANAivAAAAMA3CKwAAAEyD8AoAAADTILwCAADANJwdXcCDqtVrXzm6BDzkvh7fxtElAACQ75h5BQAAgGkQXgEAAGAaLBsA4BDtF/d1dAl4yH3WYYajSwBwF5h5BQAAgGkQXgEAAGAahFcAAACYBuEVAAAApkF4BQAAgGkQXgEAAGAahFcAAACYBuEVAAAApkF4BQAAgGkQXgEAAGAahFcAAACYBuEVAAAApkF4BQAAgGkQXgEAAGAahFcAAACYBuEVAAAApkF4BQAAgGkQXgEAAGAahFcAAACYBuEVAAAApuHQ8Dpy5EhZLBabIzQ01Hr+ypUr6tevn0qVKiVPT09FR0crJSXFgRUDAADAkRw+81qtWjWdOHHCemzevNl6LiYmRl9//bWWLFmijRs36vjx43rhhRccWC0AAAAcydnhBTg7y9/fP0d7amqq5s6dq0WLFqlJkyaSpPj4eFWpUkVbt25V3bp173epAAAAcDCHz7zu379fAQEBCgkJ0UsvvaSkpCRJ0s6dO3X16lVFRERY+4aGhqp8+fLasmXLLcfLyMhQWlqazQEAAIAHg0PDa506dTR//nytWrVKM2bM0KFDh/TMM8/owoULSk5OlouLi4oXL27zHD8/PyUnJ99yzLi4OPn4+FiPwMDAAn4VAAAAuF8cumwgKirK+nPNmjVVp04dBQUF6bPPPpO7u/tdjRkbG6vBgwdbH6elpRFgAQAAHhAOXzZwo+LFi+uRRx7R77//Ln9/f2VmZur8+fM2fVJSUnJdI3udq6urvL29bQ4AAAA8GApVeE1PT9eBAwdUtmxZhYWFqWjRokpISLCeT0xMVFJSksLDwx1YJQAAABzFocsGhgwZolatWikoKEjHjx/XW2+9pSJFiqhTp07y8fFRz549NXjwYJUsWVLe3t4aMGCAwsPD2WkAAADgIeXQ8Hrs2DF16tRJZ86cUZkyZVS/fn1t3bpVZcqUkSRNnDhRTk5Oio6OVkZGhiIjIzV9+nRHlgwAAAAHcmh4/fTTT2973s3NTdOmTdO0adPuU0UAAAAozArVmlcAAADgdgivAAAAMA3CKwAAAEyD8AoAAADTILwCAADANAivAAAAMA3CKwAAAEyD8AoAAADTILwCAADANO7qG7aOHTum5cuXKykpSZmZmTbnJkyYkC+FAQAAADfLc3hNSEhQ69atFRISon379ql69eo6fPiwDMPQE088URA1AgAAAJLuYtlAbGyshgwZoj179sjNzU1Lly7V0aNH1bBhQ7Vr164gagQAAAAk3UV43bt3r7p06SJJcnZ21uXLl+Xp6anRo0dr3Lhx+V4gAAAAcF2ew6uHh4d1nWvZsmV14MAB67nTp0/nX2UAAADATfK85rVu3bravHmzqlSpopYtW+q1117Tnj17tGzZMtWtW7cgagQAAAAk3UV4nTBhgtLT0yVJo0aNUnp6uhYvXqzKlSuz0wAAAAAKVJ7Da0hIiPVnDw8PzZw5M18LAgAAAG6FLykAAACAadg181qyZEn99ttvKl26tEqUKCGLxXLLvmfPns234gAAAIAb2RVeJ06cKC8vL0nSpEmTCrIeAAAA4JbsCq9du3bN9WcAAADgfrIrvKalpdk9oLe3910XAwAAANyOXeG1ePHit13neqOsrKx7KggAAAC4FbvC6/r1660/Hz58WMOHD1e3bt0UHh4uSdqyZYs++ugjxcXFFUyVAAAAgOwMrw0bNrT+PHr0aE2YMEGdOnWytrVu3Vo1atTQrFmzWBMLAACAApPnfV63bNmi2rVr52ivXbu2tm/fni9FAQAAALnJc3gNDAzU7Nmzc7TPmTNHgYGB+VIUAAAAkJs8fz3sxIkTFR0drZUrV6pOnTqSpO3bt2v//v1aunRpvhcIAAAAXJfnmdeWLVvqt99+U6tWrXT27FmdPXtWrVq10m+//aaWLVsWRI0AAACApLuYeZX+XDowZsyY/K4FAAAAuK08z7xK0vfff6/OnTvr6aef1h9//CFJ+te//qXNmzfna3EAAADAje4YXrdt26arV69aHy9dulSRkZFyd3fXrl27lJGRIUlKTU1lNhYAAAAFyq7w2rx5c124cEGS9M4772jmzJmaPXu2ihYtau1Xr1497dq1q+AqBQAAwEPvjmteX331VV29elUNGzbUrl27lJiYqAYNGuTo5+Pjo/PnzxdEjQAAAIAkO2/Yeu2116xfBevv76/ff/9dFSpUsOmzefNmhYSE5HuBAAAAwHV237D19NNPS5J69eqlgQMHatu2bbJYLDp+/LgWLlyoIUOGqG/fvgVWKAAAAJDnrbKGDx+u7OxsNW3aVJcuXVKDBg3k6uqqIUOGaMCAAQVRIwAAACDpLsKrxWLR3//+d73++uv6/ffflZ6erqpVq8rT07Mg6gMAAACs7upLCiTJxcVFVatWzc9aAAAAgNuyO7z26NHDrn7z5s2762IAAACA27H7hq358+dr/fr1On/+vM6dO3fL416MHTtWFotFgwYNsrZduXJF/fr1U6lSpeTp6ano6GilpKTc03UAAABgTnbPvPbt21effPKJDh06pO7du6tz584qWbJkvhWyY8cO/fOf/1TNmjVt2mNiYvTNN99oyZIl8vHxUf/+/fXCCy/ohx9+yLdrAwAAwBzsnnmdNm2aTpw4oaFDh+rrr79WYGCg2rdvr9WrV8swjHsqIj09XS+99JJmz56tEiVKWNtTU1M1d+5cTZgwQU2aNFFYWJji4+P173//W1u3br2nawIAAMB87A6vkuTq6qpOnTppzZo1+vXXX1WtWjW98sorqlChgtLT0++6iH79+unZZ59VRESETfvOnTt19epVm/bQ0FCVL19eW7ZsyXWsjIwMpaWl2RwAAAB4MNz1bgNOTk6yWCwyDENZWVl3XcCnn36qXbt2aceOHTnOJScny8XFRcWLF7dp9/PzU3Jycq7jxcXFadSoUXddDwAAAAqvPM28ZmRk6JNPPlGzZs30yCOPaM+ePZo6daqSkpLuap/Xo0ePauDAgVq4cKHc3Nzy/PzcxMbGKjU11XocPXo0X8YFAACA49k98/rKK6/o008/VWBgoHr06KFPPvlEpUuXvqeL79y5UydPntQTTzxhbcvKytKmTZs0depUrV69WpmZmTp//rzN7GtKSor8/f1zHdPV1VWurq73VBcAAAAKJ7vD68yZM1W+fHmFhIRo48aN2rhxY679li1bZvfFmzZtqj179ti0de/eXaGhoRo2bJgCAwNVtGhRJSQkKDo6WpKUmJiopKQkhYeH230dAAAAPBjsDq9dunSRxWLJ14t7eXmpevXqNm0eHh4qVaqUtb1nz54aPHiwSpYsKW9vbw0YMEDh4eGqW7duvtYCAACAws/u8Dp//vwCLOPWJk6cKCcnJ0VHRysjI0ORkZGaPn26Q2oBAACAY931bgMFZcOGDTaP3dzcNG3aNE2bNs0xBQEAAKDQyNNuAwAAAIAjEV4BAABgGoRXAAAAmAbhFQAAAKZxVzdsHThwQJMmTdLevXslSVWrVtXAgQNVsWLFfC0OAAAAuFGeZ15Xr16tqlWravv27apZs6Zq1qypbdu2qVq1alqzZk1B1AgAAABIuouZ1+HDhysmJkZjx47N0T5s2DA1a9Ys34oDAAAAbpTnmde9e/eqZ8+eOdp79OihX3/9NV+KAgAAAHKT5/BapkwZ7d69O0f77t275evrmx81AQAAALnK87KBXr16qXfv3jp48KCefvppSdIPP/ygcePGafDgwfleIAAAAHBdnsPrm2++KS8vL40fP16xsbGSpICAAI0cOVKvvvpqvhcIAAAAXJfn8GqxWBQTE6OYmBhduHBBkuTl5ZXvhQEAAAA3u6t9Xq8jtAIAAOB+uqvw+vnnn+uzzz5TUlKSMjMzbc7t2rUrXwoDAAAAbmbXbgPPPfecvvnmG0nSlClT1L17d/n5+emnn37SU089pVKlSungwYOKiooq0GIBAADwcLMrvH7wwQfWm7GmT5+uWbNm6cMPP5SLi4uGDh2qNWvW6NVXX1VqamqBFgsAAICHm13hdcKECerQoYMkKSkpybpFlru7u/WmrZdfflmffPJJAZUJAAAA2Blely1bpkqVKkmS/P39dfbsWUlS+fLltXXrVknSoUOHZBhGAZUJAAAA2BleV6xYoYMHD0qSmjRpouXLl0uSunfvrpiYGDVr1kwdOnTQ888/X3CVAgAA4KFn124DdevWVd26dSVJs2bNUnZ2tiSpX79+KlWqlP7973+rdevW6tOnT8FVCgAAgIdenrfKcnJykpPT/yZsO3bsqI4dO+ZrUQAAAEBu7Fo2cKP4+HgtWbIkR/uSJUv00Ucf5UtRAAAAQG7yHF7j4uJUunTpHO2+vr4aM2aM1q9fr5iYGK1duzZfCgQAAACuy3N4TUpKUnBwcI72oKAg7d+/X5999pmysrLUuXPnfCkQAAAAuC7P4dXX11e//PJLjvaff/5ZAQEBmjFjhgYOHKjLly/nS4EAAADAdXkOr506ddKrr76q9evXKysrS1lZWVq3bp0GDhxovXGrTJky1v1fAQAAgPyS590G3n77bR0+fFhNmzaVs/OfT8/OzlaXLl00ZswYSZK3t7e8vb3zt1IAAAA89PIcXl1cXLR48WK9/fbb+vnnn+Xu7q4aNWooKCioIOoDAAAArPIcXq975JFH9Mgjj+RnLQAAAMBt3VV4PXbsmJYvX66kpCRlZmbanJswYUK+FAYAAADcLM/hNSEhQa1bt1ZISIj27dun6tWr6/DhwzIMQ0888URB1AgAAABIuovdBmJjYzVkyBDt2bNHbm5uWrp0qY4ePaqGDRuqXbt2BVEjAAAAIOkuwuvevXvVpUsXSZKzs7MuX74sT09PjR49WuPGjcv3AgEAAIDr8hxePTw8rOtcy5YtqwMHDljPnT59Ov8qAwAAAG6S5zWvdevW1ebNm1WlShW1bNlSr732mvbs2aNly5apbt26BVEjAAAAIOkuwuuECROUnp4uSRo1apTS09O1ePFiVa5cmZ0GAAAAUKDyFF6zsrJ07Ngx1axZU9KfSwhmzpxZIIUBAAAAN8vTmtciRYqoefPmOnfuXEHVAwAAANxSnm/Yql69ug4ePFgQtQAAAAC3lefw+s4772jIkCFasWKFTpw4obS0NJsDAAAAKCh5vmGrZcuWkqTWrVvLYrFY2w3DkMViUVZWVv5VBwAAANwgz+F1/fr1+XbxGTNmaMaMGTp8+LAkqVq1ahoxYoSioqIkSVeuXNFrr72mTz/9VBkZGYqMjNT06dPl5+eXbzUAAADAPPIcXhs2bJhvFy9XrpzGjh2rypUryzAMffTRR2rTpo1++uknVatWTTExMfrmm2+0ZMkS+fj4qH///nrhhRf0ww8/5FsNAAAAMI88h9dNmzbd9nyDBg3sHqtVq1Y2j999913NmDFDW7duVbly5TR37lwtWrRITZo0kSTFx8erSpUq2rp1K1+IAAAA8BDKc3ht1KhRjrYb177e7ZrXrKwsLVmyRBcvXlR4eLh27typq1evKiIiwtonNDRU5cuX15YtW24ZXjMyMpSRkWF9zE1kAAAAD4487zZw7tw5m+PkyZNatWqVnnzySX333Xd5LmDPnj3y9PSUq6ur/u///k9ffPGFqlatquTkZLm4uKh48eI2/f38/JScnHzL8eLi4uTj42M9AgMD81wTAAAACqc8z7z6+PjkaGvWrJlcXFw0ePBg7dy5M0/jPfroo9q9e7dSU1P1+eefq2vXrtq4cWNey7KKjY3V4MGDrY/T0tIIsAAAAA+IPIfXW/Hz81NiYmKen+fi4qJKlSpJksLCwrRjxw5NnjxZHTp0UGZmps6fP28z+5qSkiJ/f/9bjufq6ipXV9c81wEAAIDCL8/h9ZdffrF5bBiGTpw4obFjx6pWrVr3XFB2drYyMjIUFhamokWLKiEhQdHR0ZKkxMREJSUlKTw8/J6vAwAAAPPJc3itVauWLBaLDMOwaa9bt67mzZuXp7FiY2MVFRWl8uXL68KFC1q0aJE2bNig1atXy8fHRz179tTgwYNVsmRJeXt7a8CAAQoPD2enAQAAgIdUnsProUOHbB47OTmpTJkycnNzy/PFT548qS5duujEiRPy8fFRzZo1tXr1ajVr1kySNHHiRDk5OSk6OtrmSwoAAADwcMpzeA0KCsq3i8+dO/e2593c3DRt2jRNmzYt364JAAAA88pTeM3Oztb8+fO1bNkyHT58WBaLRcHBwXrxxRf18ssv2+z3CgAAAOQ3u/d5NQxDrVu31t/+9jf98ccfqlGjhqpVq6YjR46oW7duev755wuyTgAAAMD+mdf58+dr06ZNSkhIUOPGjW3OrVu3Tm3bttXHH3+sLl265HuRAAAAgJSHmddPPvlEb7zxRo7gKklNmjTR8OHDtXDhwnwtDgAAALiR3eH1l19+UYsWLW55PioqSj///HO+FAUAAADkxu7wevbsWfn5+d3yvJ+fn86dO5cvRQEAAAC5sTu8ZmVlydn51ktkixQpomvXruVLUQAAAEBu7L5hyzAMdevWTa6urrmez8jIyLeiAAAAgNzYHV67du16xz7sNAAAAICCZHd4jY+PL8g6AAAAgDuye80rAAAA4GiEVwAAAJgG4RUAAACmQXgFAACAaRBeAQAAYBqEVwAAAJgG4RUAAACmQXgFAACAaRBeAQAAYBqEVwAAAJgG4RUAAACmQXgFAACAaRBeAQAAYBqEVwAAAJgG4RUAAACmQXgFAACAaRBeAQAAYBqEVwAAAJgG4RUAAACmQXgFAACAaRBeAQAAYBqEVwAAAJgG4RUAAACmQXgFAACAaRBeAQAAYBqEVwAAAJgG4RUAAACmQXgFAACAaRBeAQAAYBqEVwAAAJgG4RUAAACm4dDwGhcXpyeffFJeXl7y9fVV27ZtlZiYaNPnypUr6tevn0qVKiVPT09FR0crJSXFQRUDAADAkRwaXjdu3Kh+/fpp69atWrNmja5evarmzZvr4sWL1j4xMTH6+uuvtWTJEm3cuFHHjx/XCy+84MCqAQAA4CjOjrz4qlWrbB7Pnz9fvr6+2rlzpxo0aKDU1FTNnTtXixYtUpMmTSRJ8fHxqlKlirZu3aq6des6omwAAAA4SKFa85qamipJKlmypCRp586dunr1qiIiIqx9QkNDVb58eW3ZsiXXMTIyMpSWlmZzAAAA4MFQaMJrdna2Bg0apHr16ql69eqSpOTkZLm4uKh48eI2ff38/JScnJzrOHFxcfLx8bEegYGBBV06AAAA7pNCE1779eun//znP/r000/vaZzY2FilpqZaj6NHj+ZThQAAAHA0h655va5///5asWKFNm3apHLlylnb/f39lZmZqfPnz9vMvqakpMjf3z/XsVxdXeXq6lrQJQMAAMABHDrzahiG+vfvry+++ELr1q1TcHCwzfmwsDAVLVpUCQkJ1rbExEQlJSUpPDz8fpcLAAAAB3PozGu/fv20aNEiffXVV/Ly8rKuY/Xx8ZG7u7t8fHzUs2dPDR48WCVLlpS3t7cGDBig8PBwdhoAAAB4CDk0vM6YMUOS1KhRI5v2+Ph4devWTZI0ceJEOTk5KTo6WhkZGYqMjNT06dPvc6UAAAAoDBwaXg3DuGMfNzc3TZs2TdOmTbsPFQEAAKAwKzS7DQAAAAB3QngFAACAaRBeAQAAYBqEVwAAAJgG4RUAAACmQXgFAACAaRBeAQAAYBqEVwAAAJgG4RUAAACmQXgFAACAaRBeAQAAYBqEVwAAAJgG4RUAAACmQXgFAACAaRBeAQAAYBqEVwAAAJgG4RUAAACmQXgFAACAaRBeAQAAYBqEVwAAAJgG4RUAAACmQXgFAACAaRBeAQAAYBqEVwAAAJgG4RUAAACmQXgFAACAaRBeAQAAYBqEVwAAAJgG4RUAAACmQXgFAACAaRBeAQAAYBqEVwAAAJgG4RUAAACmQXgFAACAaRBeAQAAYBqEVwAAAJgG4RUAAACmQXgFAACAaRBeAQAAYBqEVwAAAJgG4RUAAACm4fDwumnTJrVq1UoBAQGyWCz68ssvbc4bhqERI0aobNmycnd3V0REhPbv3++YYgEAAOBQDg+vFy9e1GOPPaZp06blev69997TlClTNHPmTG3btk0eHh6KjIzUlStX7nOlAAAAcDRnRxcQFRWlqKioXM8ZhqFJkybpH//4h9q0aSNJ+vjjj+Xn56cvv/xSHTt2vJ+lAgAAwMEcPvN6O4cOHVJycrIiIiKsbT4+PqpTp462bNmS63MyMjKUlpZmcwAAAODBUKjDa3JysiTJz8/Ppt3Pz8967mZxcXHy8fGxHoGBgQVeJwAAAO6PQh1e70ZsbKxSU1Otx9GjRx1dEgAAAPJJoQ6v/v7+kqSUlBSb9pSUFOu5m7m6usrb29vmAAAAwIOhUIfX4OBg+fv7KyEhwdqWlpambdu2KTw83IGVAQAAwBEcvttAenq6fv/9d+vjQ4cOaffu3SpZsqTKly+vQYMG6Z133lHlypUVHBysN998UwEBAWrbtq3jigYAAIBDODy8/vjjj2rcuLH18eDBgyVJXbt21fz58zV06FBdvHhRvXv31vnz51W/fn2tWrVKbm5ujioZAAAADuLw8NqoUSMZhnHL8xaLRaNHj9bo0aPvY1UAAAAojAr1mlcAAADgRoRXAAAAmAbhFQAAAKZBeAUAAIBpEF4BAABgGoRXAAAAmAbhFQAAAKZBeAUAAIBpEF4BAABgGoRXAAAAmAbhFQAAAKZBeAUAAIBpEF4BAABgGoRXAAAAmAbhFQAAAKZBeAUAAIBpEF4BAABgGoRXAAAAmAbhFQAAAKZBeAUAAIBpEF4BAABgGoRXAAAAmAbhFQAAAKZBeAUAAIBpEF4BAABgGoRXAAAAmAbhFQAAAKZBeAUAAIBpEF4BAABgGoRXAAAAmAbhFQAAAKZBeAUAAIBpEF4BAABgGoRXAAAAmAbhFQAAAKZBeAUAAIBpEF4BAABgGoRXAAAAmAbhFQAAAKZBeAUAAIBpmCa8Tps2TRUqVJCbm5vq1Kmj7du3O7okAAAA3GemCK+LFy/W4MGD9dZbb2nXrl167LHHFBkZqZMnTzq6NAAAANxHpgivEyZMUK9evdS9e3dVrVpVM2fOVLFixTRv3jxHlwYAAID7yNnRBdxJZmamdu7cqdjYWGubk5OTIiIitGXLlhz9MzIylJGRYX2cmpoqSUpLSyv4Ym9wNePSfb0ecLP7/ZnPq6uXMh1dAh5yhf135OLVq44uAQ+5+/k7cv1ahmHcsW+hD6+nT59WVlaW/Pz8bNr9/Py0b9++HP3j4uI0atSoHO2BgYEFViNQGPlMc3QFQOHm04N/vQNuy8fnvl/ywoUL8rnDdQt9eM2r2NhYDR482Po4OztbZ8+eValSpWSxWBxYGeyVlpamwMBAHT16VN7e3o4uByh0+B0B7ozfE3MxDEMXLlxQQEDAHfsW+vBaunRpFSlSRCkpKTbtKSkp8vf3z9Hf1dVVrq6uNm3FixcvyBJRQLy9vfkPDnAb/I4Ad8bviXncacb1ukJ/w5aLi4vCwsKUkJBgbcvOzlZCQoLCw8MdWBkAAADut0I/8ypJgwcPVteuXVW7dm099dRTmjRpki5evKju3bs7ujQAAADcR6YIrx06dNCpU6c0YsQIJScnq1atWlq1alWOm7jwYHB1ddVbb72VY/kHgD/xOwLcGb8nDy6LYc+eBAAAAEAhUOjXvAIAAADXEV4BAABgGoRXAAAAmAbhFQAAAKZBeAUAAIBpEF5xz7p16yaLxWI9SpUqpRYtWuiXX37R/Pnzbc7ldhw+fFgjR460Pi5SpIgCAwPVu3dvnT171uZaFSpUyHWMsWPHSpIOHz58y+ts3brVEW8PcEfJyckaOHCgKlWqJDc3N/n5+alevXqaMWOGLl26JOnPz/6kSZOsz/n555/VunVr+fr6ys3NTRUqVFCHDh108uRJm9+nWx2AGdzu78t1N5739vbWk08+qa+++spmnPnz59t82+b1v00tWrSw6Xf+/HlZLBZt2LChIF8W7hHhFfmiRYsWOnHihE6cOKGEhAQ5OzvrueeeU4cOHaztJ06cUHh4uHr16mXTFhgYKEmqVq2aTpw4oaSkJMXHx2vVqlXq27dvjmuNHj3a5vknTpzQgAEDbPqsXbs2R5+wsLD78l4AeXHw4EE9/vjj+u677zRmzBj99NNP2rJli4YOHaoVK1Zo7dq1OZ5z6tQpNW3aVCVLltTq1au1d+9excfHKyAgQBcvXtSQIUNsPvvlypXL8XsDmMWt/r7cKD4+XidOnNCPP/6oevXq6cUXX9SePXtuO66zs7PWrl2r9evXF2T5KACm+JICFH6urq7y9/eXJPn7+2v48OF65plnlJ6ebm2X/vy632LFitm0Xefs7Gxt/8tf/qJ27dopPj4+Rz8vL69cn3+jUqVK3bEPUBi88sorcnZ21o8//igPDw9re0hIiNq0aaPctuL+4YcflJqaqjlz5sjZ+c//jAcHB6tx48bWPp6entafixQpYtfvDVAY3ervy6lTp1SmTBlJUvHixeXv7y9/f3+9/fbbmjx5stavX68aNWrcclwPDw+1b99ew4cP17Zt2+7La0H+YOYV+S49PV0LFixQpUqVVKpUqbsa4/Dhw1q9erVcXFzyuTqg8Dhz5oy+++479evXzya43ii3f+L39/fXtWvX9MUXX+QaboEH1Z3+vly7dk1z586VJLv+fowcOVJ79uzR559/nu+1ouAQXpEvVqxYIU9PT3l6esrLy0vLly/X4sWL5eRk/0dsz5498vT0lLu7u4KDg/Xf//5Xw4YNy9Fv2LBh1mtdP77//nubPk8//XSOPkBh8/vvv8swDD366KM27aVLl7Z+bnP7Hahbt67eeOMN/fWvf1Xp0qUVFRWl999/XykpKferdOC+sefvS6dOneTp6SlXV1fFxMSoQoUKat++/R3HDggI0MCBA/X3v/9d165dK8iXgXxEeEW+aNy4sXbv3q3du3dr+/btioyMVFRUlI4cOWL3GI8++qh2796tHTt2aNiwYYqMjMyxllWSXn/9deu1rh+1a9e26bN48eIcfQCz2L59u3bv3q1q1aopIyMj1z7vvvuukpOTNXPmTFWrVk0zZ85UaGjoHdf5AWZjz9+XiRMnavfu3Vq5cqWqVq2qOXPmqGTJknaNP2zYMJ06dUrz5s0rqJeAfEZ4Rb7w8PBQpUqVVKlSJT355JOaM2eOLl68qNmzZ9s9houLiypVqqTq1atr7NixKlKkiEaNGpWjX+nSpa3Xun64u7vb9AkMDMzRByhsKlWqJIvFosTERJv2kJCQXD/XNytVqpTatWunDz74QHv37lVAQIA++OCDgiwZuO/s+fvi7++vSpUqqXnz5oqPj7fuvGGP4sWLKzY2VqNGjbLu7oHCjfCKAmGxWOTk5KTLly/f9Rj/+Mc/9MEHH+j48eP5WBlQeJQqVUrNmjXT1KlTdfHixXsay8XFRRUrVrzncYDC7k5/X5566imFhYXp3XfftXvMAQMGyMnJSZMnT86vMlGACK/IFxkZGUpOTlZycrL27t2rAQMGKD09Xa1atbrrMcPDw1WzZk2NGTPGpv3ChQvWa10/0tLSbPqcOXMmR58rV67cdS1AQZk+fbquXbum2rVra/Hixdq7d68SExO1YMEC7du3T0WKFMnxnBUrVqhz585asWKFfvvtNyUmJuqDDz7Qt99+qzZt2jjgVQAF527+vgwaNEj//Oc/9ccff9h1DTc3N40aNUpTpkzJr7JRgAivyBerVq1S2bJlVbZsWdWpU0c7duzQkiVL1KhRo3saNyYmRnPmzNHRo0etbSNGjLBe6/oxdOhQm+dFRETk6PPll1/eUy1AQahYsaJ++uknRUREKDY2Vo899phq166tDz/8UEOGDNHbb7+d4zlVq1ZVsWLF9Nprr6lWrVqqW7euPvvsM82ZM0cvv/yyA14FUHDu5u9LixYtFBwcnKfZ165duyokJCQfKkZBsxjsswIAAACTYOYVAAAApkF4BQAAgGkQXgEAAGAahFcAAACYBuEVAAAApkF4BQAAgGkQXgEAAGAahFcAAACYBuEVAAAApkF4BQAAgGkQXgEAAGAa/w9Z90Eh3JDr/wAAAABJRU5ErkJggg==",
      "text/plain": [
       "<Figure size 800x500 with 1 Axes>"
      ]
     },
     "metadata": {},
     "output_type": "display_data"
    },
    {
     "data": {
      "image/png": "iVBORw0KGgoAAAANSUhEUgAAArYAAAHZCAYAAABzSXj+AAAAOnRFWHRTb2Z0d2FyZQBNYXRwbG90bGliIHZlcnNpb24zLjEwLjMsIGh0dHBzOi8vbWF0cGxvdGxpYi5vcmcvZiW1igAAAAlwSFlzAAAPYQAAD2EBqD+naQAAN1VJREFUeJzt3XucTvX+///nNadrjpdhzJhhpjGMrYhNKTmVopxJYZNCByrKKTuHUiiH2qWiHKod7bTbonZsRRHyqa9QiHIWGsexictgBjPv3x/95touM5hhZq6Z9zzut9vcWGu913u91npfh+esWde6HMYYIwAAAKCE8/N1AQAAAEBBINgCAADACgRbAAAAWIFgCwAAACsQbAEAAGAFgi0AAACsQLAFAACAFQi2AAAAsALBFgCAAnbixAmNGTNGGzZs8HUpQKni4JvHAAAoWJ07d5YkzZ49W35+nEMCigrPNgAACtCePXt04403atasWYRaoIjxjAMsM2rUKDkcjiLZVtOmTdW0aVPP9PLly+VwODR37twC28bu3bvlcDg0c+bMfK87d+5cRUZGqlGjRtq+fbv69Omj119/vcBquxSHw6FRo0YVybZKEl+OSVFJTEzUsGHD5HQ6C7TfypUrq1evXp7p7Ofb8uXLC3Q7QElGsAWKsZkzZ8rhcHh+goODVbFiRbVo0UKTJk3SiRMnCmQ7+/fv16hRo7R+/foC6a+4ePnll9WnTx/FxcXp2muv1aeffqq7777b12VdkcqVK3seB35+foqMjFStWrXUp08frVq1ytfl5ZlNY3Ix2b+MvfLKK74uBSh1AnxdAIDLGzNmjJKSknT27FkdPHhQy5cv18CBAzVx4kTNnz9ftWvX9rR99tlnNWzYsHz1v3//fo0ePVqVK1dWnTp18rzeV199la/tXInExESdPn1agYGB+V53zpw5qlSpkgICAnT48GFFREQoODi4EKosGnXq1NFTTz0l6Y8PJ23evFlz5szRO++8o0GDBmnixIk+rvDybBsTX7r11lt1+vRpBQUF+boUoNgg2AIlQKtWrVSvXj3P9PDhw7V06VK1bdtW7du31+bNmxUSEiJJCggIUEBA4T61T506pdDQ0CJ5Q80+U30lEhMTPf+Pjo4uqJJ8plKlSrr//vu95r300ku677779Nprr6latWp6/PHHC2RbJ0+eVFhYWIH0dT5bxqSwjk9++Pn58UsBcAEuRQBKqDvuuEMjR47Unj17NGvWLM/83K6xXbx4sRo3bqzIyEiFh4erevXqGjFihKQ/rtO76aabJEkPPvig58/d2de0Nm3aVNdff71+/PFH3XrrrQoNDfWse+E1ttkyMzM1YsQIxcbGKiwsTO3bt1dKSopXmwuvF8x2YZ8Xu8Z2y5Yt6tKli6KjoxUSEqLq1avrmWee8SzftWuXHn/8cf3pT39SSEiIoqKi1LlzZ+3evTvHNn/99Vd17txZ5cqVU2hoqG655RZ9/vnnOdrlJiMjQ4MGDVJ0dLQiIiLUvn177d27N9e2+/bt00MPPaQKFSrI6XSqZs2aeu+99/K0nYsJCQnRBx98oHLlymns2LHKvtHNxa6/zO149urVS+Hh4dq5c6dat26tiIgIde/eXZL0f//3f+rcubOuueYaOZ1OJSQkaNCgQTp9+nSOWorLmDgcDj3xxBP68MMPVb16dQUHB+vGG2/UihUrcrRdt26dWrVqJZfLpfDwcDVr1kzff/+9V5vsS4K++eYb9e3bVzExMYqPj89TLRf28d1332nw4MGKjo5WWFiYOnbsqMOHD3u1NcboxRdfVHx8vEJDQ3X77bfrl19+ydHnxcZ41apVat26tcqWLauwsDDVrl1bb7zxhlebLVu2qFOnTipXrpyCg4NVr149zZ8/P1/7BBRHnLEFSrAHHnhAI0aM0FdffaXevXvn2uaXX35R27ZtVbt2bY0ZM0ZOp1M7duzQd999J0m67rrrNGbMGD333HPq06ePmjRpIklq2LChp48jR46oVatW6tq1q+6//35VqFDhknWNHTtWDodDQ4cOVWpqql5//XU1b95c69ev95xZvhobNmxQkyZNFBgYqD59+qhy5crauXOn/vOf/2js2LGS/nhzX7lypbp166b4+Hjt2rVL06ZNU9OmTbVp0yaFhoZKkg4dOqSGDRvq1KlT6t+/v6KiovT++++rffv2mjt3rjp27HjJWh555BHNmjVL9913nxo2bKilS5eqTZs2OdodOnRIt9xyiyd0RUdHa+HChXr44Yfldrs1cODAKz4e4eHh6tixo/7+979r06ZNqlmzZr77OHfunFq0aKHGjRvrlVde8RyfOXPm6NSpU3r88ccVFRWl1atXa/Lkydq7d6/mzJnjWb84jYkkffPNN5o9e7b69+8vp9OpKVOmqGXLllq9erWuv/56SX88N5o0aSKXy6Wnn35agYGBmj59upo2bapvvvlG9evX9+qzb9++io6O1nPPPaeTJ0/m+xhL0pNPPqmyZcvq+eef1+7du/X666/riSee0OzZsz1tnnvuOb344otq3bq1WrdurbVr1+quu+7SmTNnLtv/4sWL1bZtW8XFxWnAgAGKjY3V5s2btWDBAg0YMMCz340aNVKlSpU0bNgwhYWF6eOPP9bdd9+tTz75JE/HFyi2DIBia8aMGUaSWbNmzUXblClTxtStW9cz/fzzz5vzn9qvvfaakWQOHz580T7WrFljJJkZM2bkWHbbbbcZSWbatGm5Lrvttts808uWLTOSTKVKlYzb7fbM//jjj40k88Ybb3jmJSYmmp49e162z127duWo7dZbbzURERFmz549XutmZWV5/n/q1Kkcfa9cudJIMv/4xz888wYOHGgkmf/7v//zzDtx4oRJSkoylStXNpmZmTn6ybZ+/XojyfTt29dr/n333Wckmeeff94z7+GHHzZxcXHmv//9r1fbrl27mjJlyuRa7/kSExNNmzZtLro8e5znzZtnjPnfWCxbtsyrXW7Hs2fPnkaSGTZsWI5+c6tr/PjxxuFweB3/4jImxhgjyUgyP/zwg2fenj17THBwsOnYsaNn3t13322CgoLMzp07PfP2799vIiIizK233uqZl/08bNy4sTl37twlt23M/47x3/72txx9NG/e3OuYDBo0yPj7+5tjx44ZY4xJTU01QUFBpk2bNl7tRowYYSR5PWcuHONz586ZpKQkk5iYaH7//Xevms7vq1mzZqZWrVomPT3da3nDhg1NtWrVLrt/QHHGpQhACRceHn7JuyNERkZKkubNm6esrKwr2obT6dSDDz6Y5/Y9evRQRESEZ7pTp06Ki4vTF198cUXbP9/hw4e1YsUKPfTQQ7rmmmu8lp1/Ccb5Z4bPnj2rI0eOKDk5WZGRkVq7dq1n2RdffKGbb75ZjRs39swLDw9Xnz59tHv3bm3atOmitWTvT//+/b3mX3j21RijTz75RO3atZMxRv/97389Py1atNDx48e9aroS4eHhknRVd8rI7frc84/jyZMn9d///lcNGzaUMUbr1q2TVLzGJFuDBg104403eqavueYadejQQV9++aUyMzOVmZmpr776SnfffbeqVKniaRcXF6f77rtP3377rdxut1efvXv3lr+//2W3fSl9+vTxOiZNmjRRZmam9uzZI0lasmSJzpw5oyeffNKrXV7O6K9bt067du3SwIEDPc/7bNl9HT16VEuXLlWXLl104sQJz+PwyJEjatGihbZv3659+/Zd1T4CvkSwBUq4tLQ0rxB5ob/85S9q1KiRHnnkEVWoUEFdu3bVxx9/nK+QW6lSpXx9UKxatWpe0w6HQ8nJybleS5lfv/76qyR5/px8MadPn9Zzzz2nhIQEOZ1OlS9fXtHR0Tp27JiOHz/uabdnzx5Vr149x/rXXXedZ/nF7NmzR35+fqpatarX/Av7O3z4sI4dO6a3335b0dHRXj/ZvzCkpqZecn8uJy0tTZIu+Vi4lICAgFyvG/3tt9/Uq1cvlStXTuHh4YqOjtZtt90mSZ7jWJzGJNuFj0FJ+tOf/qRTp07p8OHDOnz4sE6dOnXR7WRlZeW4LjwpKemy272cC4N/2bJlJUm///67pP/t24X1R0dHe9pezM6dOyVdehx27NghY4xGjhyZ47H4/PPPS7r6xyLgS1xjC5Rge/fu1fHjx5WcnHzRNiEhIVqxYoWWLVumzz//XIsWLdLs2bN1xx136KuvvsrTGaiCuC72Qhf7EonMzMyrPism/XEt44wZMzRw4EA1aNBAZcqUkcPhUNeuXa/4zPWVyt7e/fffr549e+ba5vxbtl2Jn3/+WZI8j4VLHd/cOJ3OHN+SlZmZqTvvvFNHjx7V0KFDde211yosLEz79u1Tr1698n0ci9OYXImCeB5c7LFtiujb7bOP85AhQ9SiRYtc21zq9QQo7gi2QAn2wQcfSNJF36Cy+fn5qVmzZmrWrJkmTpyocePG6ZlnntGyZcvUvHnzAv+msu3bt3tNG2O0Y8cOr/BWtmxZHTt2LMe6e/bs8frT8IWyl2UHuYuZO3euevbsqVdffdUzLz09Pcc2ExMTtXXr1hzrb9myxbP8YhITE5WVlaWdO3d6nfm7sL/sOyZkZmaqefPml6z7SqSlpenf//63EhISPGc1s8/uXbi/eTnbmW3jxo3atm2b3n//ffXo0cMzf/HixV7titOYZLvwMShJ27ZtU2hoqOc2Y6GhoRfdjp+fnxISEi67nYKWvW/bt2/3eh4cPnzYc1b3YrL/cvDzzz9f9HGW3WdgYGChPBYBX+NSBKCEWrp0qV544QUlJSV5bs2Um6NHj+aYl/0lDBkZGZLkuR9nbkHzSvzjH//wutZz7ty5OnDggFq1auWZV7VqVX3//fden/ResGBBjj//Xig6Olq33nqr3nvvPf32229ey84/6+Xv75/jLNjkyZNznLFs3bq1Vq9erZUrV3rmnTx5Um+//bYqV66sGjVqXLSW7P2ZNGmS1/wLvyLW399f9957rz755JNcw9+Ft3vKj9OnT+uBBx7Q0aNH9cwzz3h+SUlMTJS/v3+OW1xNmTIlz31nn108/zgaY3LcOqo4jUm2lStXel23m5KSonnz5umuu+6Sv7+//P39ddddd2nevHlel8gcOnRI//znP9W4cWO5XK7LbqegNW/eXIGBgZo8ebLXscrL1w7fcMMNSkpK0uuvv57juZzdV0xMjJo2barp06frwIEDOfq4msciUBxwxhYoARYuXKgtW7bo3LlzOnTokJYuXarFixcrMTFR8+fPv+RN2seMGaMVK1aoTZs2SkxMVGpqqqZMmaL4+HjPh3OqVq2qyMhITZs2TREREQoLC1P9+vWv+JrCcuXKqXHjxnrwwQd16NAhvf7660pOTva6JdkjjzyiuXPnqmXLlurSpYt27typWbNm5bheNTeTJk1S48aNdcMNN6hPnz5KSkrS7t279fnnn3u+Frht27b64IMPVKZMGdWoUUMrV67UkiVLFBUV5dXXsGHD9NFHH6lVq1bq37+/ypUrp/fff1+7du3SJ598kuPP8+erU6eOunXrpilTpuj48eNq2LChvv76a+3YsSNH2wkTJmjZsmWqX7++evfurRo1aujo0aNau3atlixZkusvIBfat2+f557FaWlp2rRpk+bMmaODBw/qqaee0qOPPuppW6ZMGXXu3FmTJ0+Ww+FQ1apVtWDBgnxdP3nttdeqatWqGjJkiPbt2yeXy6VPPvkk1zOHxWVMsl1//fVq0aKF1+2+JGn06NGeNi+++KLnHs99+/ZVQECApk+froyMDL388st5Pk4FKTo6WkOGDNH48ePVtm1btW7dWuvWrdPChQtVvnz5S67r5+enqVOnql27dqpTp44efPBBxcXFacuWLfrll1/05ZdfSpLeeustNW7cWLVq1VLv3r1VpUoVHTp0SCtXrtTevXv1008/FcWuAoXDF7diAJA32bcIyv4JCgoysbGx5s477zRvvPGG1y21sl14u6+vv/7adOjQwVSsWNEEBQWZihUrmm7duplt27Z5rTdv3jxTo0YNExAQ4HU7qNtuu83UrFkz1/oudruvjz76yAwfPtzExMSYkJAQ06ZNmxy3gTLGmFdffdVUqlTJOJ1O06hRI/PDDz/k6XZfxhjz888/m44dOxqXy2UkmerVq5uRI0d6lv/+++/mwQcfNOXLlzfh4eGmRYsWZsuWLbneZmznzp2mU6dOJjIy0gQHB5ubb77ZLFiwINd9vtDp06dN//79TVRUlAkLCzPt2rUzKSkpOW73ZYwxhw4dMv369TMJCQkmMDDQxMbGmmbNmpm33377sttJTEz0PA4cDodxuVymZs2apnfv3mbVqlW5rnP48GFz7733mtDQUFO2bFnz6KOPmp9//jnX232FhYXl2semTZtM8+bNTXh4uClfvrzp3bu3+emnn4r1mEgy/fr1M7NmzTLVqlUzTqfT1K1bN8etz4wxZu3ataZFixYmPDzchIaGmttvv938v//3/7za5OW2e+e71O2+Luwjt9uyZWZmmtGjR5u4uDgTEhJimjZtan7++eccx+lit3T79ttvzZ133mkiIiJMWFiYqV27tpk8ebJXm507d5oePXqY2NhYExgYaCpVqmTatm1r5s6dm6d9BIorhzFFdMU6ABSS5s2b6+mnn9Zdd93l61Lw//PlmDgcDvXr109vvvlmkW8bgG9xjS2AEq9du3ZeXysM32NMAPgC19gCKLE++ugjnTx5UnPmzFFMTIyvy4EYEwC+xRlbACXWL7/8oieeeEL79u3TkCFDfF0OxJgA8C2usQUAAIAVOGMLAAAAKxBsAQAAYAWCLQAAAKxQ6u+KkJWVpf379ysiIsLzVZQAAAAoPowxOnHihCpWrHjJbx8s9cF2//79SkhI8HUZAAAAuIyUlBTFx8dfdHmpD7YRERGS/jhQLpfLx9UAAADgQm63WwkJCZ7cdjGlPthmX37gcrkItgAAAMXY5S4b5cNjAAAAsALBFgAAAFYg2AIAAMAKBFsAAABYgWALAAAAKxBsAQAAYAWCLQAAAKxAsAUAAIAVCLYAAACwQqn/5jHkXWpqqtxut6/LAAqcy+VSTEyMr8sAAFwlgi3yJDU1VY89/rjOnjnj61KAAhcYFKRpU6cSbgGghCPYIk/cbrfOnjmj4Iq3yC/I5ety8iUrw630A98rOO4W+TlLVu0ofFln3Erf/73cbjfBFgBKOIIt8sUvyCX/kHK+LuOK+DlLbu0AAODy+PAYAAAArECwBQAAgBUItgAAALACwRYAAABWINgCAADACgRbAAAAWIFgCwAAACsQbAEAAGAFgi0AAACsQLAFAACAFQi2AAAAsALBFgAAAFYg2AIAAMAKBFsAAABYgWALAAAAKxBsAQAAYAWCLQAAAKxAsAUAAIAVCLYAAACwAsEWAAAAViDYAgAAwAoEW8ulp6drx44dSk9P93UpAADkivcqFBSCreX27t2rQYMGae/evb4uBQCAXPFehYJCsAUAAIAVCLYAAACwAsEWAAAAViDYAgAAwAoEWwAAAFiBYAsAAAArEGwBAABgBYItAAAArECwBQAAgBUItgAAALACwRYAAABWINgCAADACgRbAAAAWIFgCwAAACsQbAEAAGAFgi0AAACsQLAFAACAFQi2AAAAsALBFgAAAFYg2AIAAMAK+Qq2vXr1ksPh8PxERUWpZcuW2rBhg2bOnOm1LLef3bt3a9SoUZ5pf39/JSQkqE+fPjp69KjXtipXrpxrHxMmTJAk7d69+6Lb+f777wvuCAEAAKBECMjvCi1bttSMGTMkSQcPHtSzzz6rtm3bauvWrWrZsqWn3T333KPrr79eY8aM8cyLjo6WJNWsWVNLlixRZmamNm/erIceekjHjx/X7NmzvbY1ZswY9e7d22teRESE1/SSJUtUs2ZNr3lRUVH53S0AAACUcPkOtk6nU7GxsZKk2NhYDRs2TE2aNFFaWppnviQFBQUpNDTUa55nowEBnvmVKlVS586dPWH5fBEREbmuf76oqKjLtgEAAID9ruoa27S0NM2aNUvJyclXfJZ09+7d+vLLLxUUFHQ1pQAAAKCUy/cZ2wULFig8PFySdPLkScXFxWnBggXy88t7Rt64caPCw8OVmZmp9PR0SdLEiRNztBs6dKieffZZr3kLFy5UkyZNPNMNGzbMse20tLSLbjsjI0MZGRmeabfbnee6S7KUlBSfrg8UdzzGAd/h+YeCku9ge/vtt2vq1KmSpN9//11TpkxRq1attHr1aiUmJuapj+rVq2v+/PlKT0/XrFmztH79ej355JM52v31r39Vr169vOZVqlTJa3r27Nm67rrr8lz/+PHjNXr06Dy3t0VuvzgA+B+eIwBQ8uU72IaFhSk5Odkz/e6776pMmTJ655139OKLL+apj6CgIE8fEyZMUJs2bTR69Gi98MILXu3Kly/vta3cJCQkXLbN+YYPH67Bgwd7pt1utxISEvK8fkk1ePDgq9rPlJQU3vhhtat9jgC4crzHoKDkO9heyOFwyM/PT6dPn77iPp599lndcccdevzxx1WxYsWrLemSnE6nnE5noW6jOMrvLwBAacNzBABKvnwH24yMDB08eFDSH5civPnmm0pLS1O7du2uuIgGDRqodu3aGjdunN58803P/BMnTni2lS00NFQul8szfeTIkRxtIiMjFRwcfMX1AAAAoOTJ910RFi1apLi4OMXFxal+/fpas2aN5syZo6ZNm15VIYMGDdK7777rdQH5c88959lW9s/TTz/ttV7z5s1ztPnss8+uqhYAAACUPPk6Yztz5kzNnDkzT22XL1+e6/xRo0Zp1KhROeZ37dpVXbt29Uzv3r37kv1XrlxZxpg81QIAAAD7XdV9bAEAAIDigmALAAAAKxBsAQAAYAWCLQAAAKxAsAUAAIAVCLYAAACwAsEWAAAAViDYAgAAwAoEWwAAAFiBYAsAAAArEGwBAABgBYItAAAArECwBQAAgBUItgAAALACwRYAAABWINgCAADACgRbAAAAWIFgCwAAACsQbAEAAGAFgi0AAACsQLAFAACAFQi2louPj9drr72m+Ph4X5cCAECueK9CQQnwdQEoXMHBwUpOTvZ1GQAAXBTvVSgonLEFAACAFQi2AAAAsALBFgAAAFYg2AIAAMAKBFsAAABYgWALAAAAKxBsAQAAYAWCLQAAAKxAsAUAAIAVCLYAAACwAsEWAAAAViDYAgAAwAoEWwAAAFiBYAsAAAArEGwBAABgBYItAAAArECwBQAAgBUItgAAALACwRYAAABWINgCAADACgRbAAAAWCHA1wWgZMk64/Z1CfmWleH2+hc4X0l8TAMAckewRZ64XC4FBgUpff/3vi7liqUfKLm1o3AFBgXJ5XL5ugwAwFUi2CJPYmJiNG3qVLndnN2CfVwul2JiYnxdBgDgKhFskWcxMTG8+QMAgGKLD48BAADACgRbAAAAWIFgCwAAACsQbAEAAGAFgi0AAACsQLAFAACAFQi2AAAAsALBFgAAAFYg2AIAAMAKBFsAAABYgWALAAAAKxBsAQAAYAWCLQAAAKxAsAUAAIAVCLYAAACwAsEWAAAAViDYAgAAwAoEWwAAAFiBYAsAAAArEGwBAABgBYItAAAArECwBQAAgBUCfF0Aik5qaqrcbrevywBwAZfLpZiYGF+XAQAlHsG2lEhNTdVjjz+us2fO+LoUABcIDArStKlTCbcAcJUItqWE2+3W2TNnFF4vWv4RQb4uB8Vc5okzSvvhMI+XIpB9rN1uN8EWAK4SwbaU8Y8IUkBZp6/LQAnB4wUAUJLw4TEAAABYgWALAAAAKxBsAQAAYAWCLQAAAKxAsAUAAIAVCLYAAACwAsEWAAAAViDYAgAAwAoEWwAAAFiBYAsAAAArEGwBAABgBYItAAAArECwBQAAgBUItgAAALACwRYAAABWINgCAADACgRbAAAAWIFgCwAAACsQbAEAAGAFgi0AAACsQLAFAACAFQi2AAAAsALBtoilp6drx44dSk9P93UpAJAvvH4BKO4ItkVs7969GjRokPbu3evrUgAgX3j9AlDcEWwBAABgBYItAAAArECwBQAAgBUItgAAALACwRYAAABWINgCAADACgRbAAAAWIFgCwAAACsQbAEAAGAFgi0AAACsQLAFAACAFQi2AAAAsALBFgAAAFYg2AIAAMAKBFsAAABYgWALAAAAKxBsAQAAYAWCLQAAAKxAsAUAAIAVCLYAAACwQpEF24MHD2rAgAFKTk5WcHCwKlSooEaNGmnq1Kk6deqUJKly5cp6/fXXPev89NNPat++vWJiYhQcHKzKlSvrL3/5i1JTUzVq1Cg5HI5L/gAAAKD0CCiKjfz6669q1KiRIiMjNW7cONWqVUtOp1MbN27U22+/rUqVKql9+/Ze6xw+fFjNmjVT27Zt9eWXXyoyMlK7d+/W/PnzdfLkSQ0ZMkSPPfaYp/1NN92kPn36qHfv3kWxSwAAAChmiiTY9u3bVwEBAfrhhx8UFhbmmV+lShV16NBBxpgc63z33Xc6fvy43n33XQUE/FFmUlKSbr/9dk+b8PBwz//9/f0VERGh2NjYQtwTAAAAFFeFHmyPHDmir776SuPGjfMKtefL7bKB2NhYnTt3Tv/+97/VqVOnAru0ICMjQxkZGZ5pt9tdIP3mV0pKitXbA5A/JeE5WhJqBFC6FXqw3bFjh4wxql69utf88uXLKz09XZLUr18/vfTSS17Lb7nlFo0YMUL33XefHnvsMd18882644471KNHD1WoUOGK6xk/frxGjx59xesXlIkTJ/q6BADFCK8JAHD1iuRShNysXr1aWVlZ6t69u9cZ1PONHTtWgwcP1tKlS7Vq1SpNmzZN48aN04oVK1SrVq0r2u7w4cM1ePBgz7Tb7VZCQsIV9XU1Bg8eXKTbTUlJ4Y0TKMaK+jXhSvA6AqC4K/Rgm5ycLIfDoa1bt3rNr1KliiQpJCTkkutHRUWpc+fO6ty5s8aNG6e6devqlVde0fvvv39F9TidTjmdzitatyAlJCQoOTnZ12UAKCZ4TQCAq1fot/uKiorSnXfeqTfffFMnT568qr6CgoJUtWrVq+4HAAAA9imS+9hOmTJF586dU7169TR79mxt3rxZW7du1axZs7Rlyxb5+/vnWGfBggW6//77tWDBAm3btk1bt27VK6+8oi+++EIdOnQoirIBAABQghTJNbZVq1bVunXrNG7cOA0fPlx79+6V0+lUjRo1NGTIEPXt2zfHOjVq1FBoaKieeuoppaSkyOl0qlq1anr33Xf1wAMPFEXZAAAAKEGK7MNjcXFxmjx5siZPnnzRNrt37/b8v0qVKnr77bfz3P/56wIAAKD0KbKv1AUAAAAKE8EWAAAAViDYAgAAwAoEWwAAAFiBYAsAAAArEGwBAABgBYItAAAArECwBQAAgBUItgAAALACwRYAAABWINgCAADACgRbAAAAWIFgCwAAACsQbAEAAGAFgi0AAACsQLAFAACAFQi2AAAAsALBFgAAAFYg2AIAAMAKBFsAAABYgWBbxOLj4/Xaa68pPj7e16UAQL7w+gWguAvwdQGlTXBwsJKTk31dBgDkG69fAIo7ztgCAADACgRbAAAAWIFgCwAAACsQbAEAAGAFgi0AAACsQLAFAACAFQi2AAAAsALBFgAAAFYg2AIAAMAKBFsAAABYgWALAAAAKxBsAQAAYAWCLQAAAKxAsAUAAIAVCLYAAACwAsEWAAAAViDYAgAAwAoEWwAAAFiBYAsAAAArEGwBAABgBYItAAAArECwBQAAgBUCfF0AilbmiTO+LgElQPbjhMdL4eMYA0DBIdiWEi6XS4FBQUr74bCvS0EJwuOlaAQGBcnlcvm6DAAo8Qi2pURMTIymTZ0qt9vt61IAXMDlcikmJsbXZQBAiUewLUViYmJ48wQAANbiw2MAAACwAsEWAAAAViDYAgAAwAoEWwAAAFiBYAsAAAArEGwBAABgBYItAAAArECwBQAAgBUItgAAALACwRYAAABWINgCAADACgRbAAAAWIFgCwAAACsQbAEAAGAFgi0AAACsQLAFAACAFQi2AAAAsALBFgAAAFYg2AIAAMAKBFsAAABYgWALAAAAKwT4ugCgsKWmpsrtdvu6DAAllMvlUkxMjK/LAJAHBFtYLTU1VY8/9pjOnD3r61IAlFBBgYGaOm0a4RYoAQi2sJrb7daZs2fVLDRcZf15uNvs98xz+vpUGmONApX9uHK73QRboATg1R+lQln/AEUH8HAvDRhrACi9+PAYAAAArECwBQAAgBUItgAAALACwRYAAABWINgCAADACgRbAAAAWIFgCwAAACsQbAEAAGAFgi0AAACsQLAFAACAFQi2AAAAsALBFgAAAFYg2AIAAMAKBFsAAABYgWALAAAAKxBsAQAAYAWCLQAAAKxAsAUAAIAVCLYAAACwAsEWAAAAViDYAgAAwAoEWwAAAFiBYIs8SU9P144dO5Senu7rUgAAgI8V11xAsEWe7N27V4MGDdLevXt9XQoAAPCx4poLCLYAAACwAsEWAAAAViDYAgAAwAoEWwAAAFiBYAsAAAArEGwBAABgBYItAAAArECwBQAAgBUItgAAALACwRYAAABWINgCAADACgRbAAAAWIFgCwAAACsQbAEAAGAFgi0AAACsQLAFAACAFQi2AAAAsALBFgAAAFYg2AIAAMAKBFsAAABYoVCDba9eveRwODw/UVFRatmypTZs2OBpc/5yl8ulm266SfPmzfPqZ+bMmYqMjPSadjgcatmypVe7Y8eOyeFwaPny5YW5WwAAACiGCv2MbcuWLXXgwAEdOHBAX3/9tQICAtS2bVuvNjNmzNCBAwf0ww8/qFGjRurUqZM2btx4yX4DAgK0ZMkSLVu2rDDLBwAAQAlR6MHW6XQqNjZWsbGxqlOnjoYNG6aUlBQdPnzY0yYyMlKxsbH605/+pBdeeEHnzp27bGANCwvTQw89pGHDhhX2LgAAAKAEKNJrbNPS0jRr1iwlJycrKioqx/Jz587p73//uyQpKCjosv2NGjVKGzdu1Ny5cwu8VgAAAJQsAYW9gQULFig8PFySdPLkScXFxWnBggXy8/tfpu7WrZv8/f11+vRpZWVlqXLlyurSpctl+65YsaIGDBigZ555RnfffXee6snIyFBGRoZn2u1252+HSrmUlBRfl5AvJa1eAMUTryWAt+L6nCj0YHv77bdr6tSpkqTff/9dU6ZMUatWrbR69WolJiZKkl577TU1b95cv/76qwYNGqRJkyapXLlyeep/6NChmj59ut577708heHx48dr9OjRV75DpdzEiRN9XQIAFDle+4CSodCDbVhYmJKTkz3T7777rsqUKaN33nlHL774oiQpNjZWycnJSk5O1owZM9S6dWtt2rRJMTExl+0/MjJSw4cP1+jRo3N8KC03w4cP1+DBgz3TbrdbCQkJV7BnpdPgwYNL1PFKSUnhDQnAVStpr31AYSuu76+FHmwv5HA45Ofnp9OnT+e6/Oabb9aNN96osWPH6o033shTn08++aQmTZqUp/ZOp1NOpzNfNeN/EhISvH5RAYDSgNc+oGQo9A+PZWRk6ODBgzp48KA2b96sJ598UmlpaWrXrt1F1xk4cKCmT5+uffv25WkbwcHBGj16tCZNmlRQZQMAAKCEKfRgu2jRIsXFxSkuLk7169fXmjVrNGfOHDVt2vSi67Rs2VJJSUkaO3ZsnrfTs2dPValSpQAqBgAAQElUqJcizJw5UzNnzrxkG2NMjnkOh0ObN2/2TPfq1Uu9evW66LQk+fv765dffrmacgEAAFCCFel9bAEAAIDCQrAFAACAFQi2AAAAsALBFgAAAFYg2AIAAMAKBFsAAABYgWALAAAAKxBsAQAAYAWCLQAAAKxAsAUAAIAVCLYAAACwAsEWAAAAViDYAgAAwAoEWwAAAFiBYAsAAAArEGwBAABgBYItAAAArECwBQAAgBUItgAAALACwRYAAABWINgiT+Lj4/Xaa68pPj7e16UAAAAfK665IMDXBaBkCA4OVnJysq/LAAAAxUBxzQWcsQUAAIAVCLYAAACwAsEWAAAAViDYAgAAwAoEWwAAAFiBYAsAAAArEGwBAABgBYItAAAArECwBQAAgBUItgAAALACwRYAAABWINgCAADACgRbAAAAWIFgCwAAACsQbAEAAGAFgi0AAACsQLAFAACAFQi2AAAAsALBFgAAAFYg2AIAAMAKBFsAAABYgWALAAAAKwT4ugCgKPyeec7XJaCQZY8xY42CxOMJKFkItrCay+VSUGCgvj6V5utSUEQYaxS0oMBAuVwuX5cBIA8ItrBaTEyMpk6bJrfb7etSAJRQLpdLMTExvi4DQB4QbGG9mJgY3pQAACgF+PAYAAAArECwBQAAgBUItgAAALACwRYAAABWINgCAADACgRbAAAAWIFgCwAAACsQbAEAAGAFgi0AAACsUOq/ecwYI0l85SoAAEAxlZ3TsnPbxZT6YHvixAlJUkJCgo8rAQAAwKWcOHFCZcqUuehyh7lc9LVcVlaW9u/fr4iICDkcDl+XU2q43W4lJCQoJSVFLpfL1+WggDCudmJc7cS42snWcTXG6MSJE6pYsaL8/C5+JW2pP2Pr5+en+Ph4X5dRarlcLqueePgD42onxtVOjKudbBzXS52pzcaHxwAAAGAFgi0AAACsQLCFTzidTj3//PNyOp2+LgUFiHG1E+NqJ8bVTqV9XEv9h8cAAABgB87YAgAAwAoEWwAAAFiBYAsAAAArEGwBAABgBYItisyECRPkcDg0cOBAz7z09HT169dPUVFRCg8P17333qtDhw75rkjkyb59+3T//fcrKipKISEhqlWrln744QfPcmOMnnvuOcXFxSkkJETNmzfX9u3bfVgxLiczM1MjR45UUlKSQkJCVLVqVb3wwgte38vOuBZ/K1asULt27VSxYkU5HA599tlnXsvzMoZHjx5V9+7d5XK5FBkZqYcfflhpaWlFuBe40KXG9ezZsxo6dKhq1aqlsLAwVaxYUT169ND+/fu9+igt40qwRZFYs2aNpk+frtq1a3vNHzRokP7zn/9ozpw5+uabb7R//37dc889PqoSefH777+rUaNGCgwM1MKFC7Vp0ya9+uqrKlu2rKfNyy+/rEmTJmnatGlatWqVwsLC1KJFC6Wnp/uwclzKSy+9pKlTp+rNN9/U5s2b9dJLL+nll1/W5MmTPW0Y1+Lv5MmT+vOf/6y33nor1+V5GcPu3bvrl19+0eLFi7VgwQKtWLFCffr0KapdQC4uNa6nTp3S2rVrNXLkSK1du1affvqptm7dqvbt23u1KzXjaoBCduLECVOtWjWzePFic9ttt5kBAwYYY4w5duyYCQwMNHPmzPG03bx5s5FkVq5c6aNqcTlDhw41jRs3vujyrKwsExsba/72t7955h07dsw4nU7z0UcfFUWJuAJt2rQxDz30kNe8e+65x3Tv3t0Yw7iWRJLMv//9b890XsZw06ZNRpJZs2aNp83ChQuNw+Ew+/btK7LacXEXjmtuVq9ebSSZPXv2GGNK17hyxhaFrl+/fmrTpo2aN2/uNf/HH3/U2bNnveZfe+21uuaaa7Ry5cqiLhN5NH/+fNWrV0+dO3dWTEyM6tatq3feecezfNeuXTp48KDXuJYpU0b169dnXIuxhg0b6uuvv9a2bdskST/99JO+/fZbtWrVShLjaoO8jOHKlSsVGRmpevXqedo0b95cfn5+WrVqVZHXjCtz/PhxORwORUZGSipd4xrg6wJgt3/9619au3at1qxZk2PZwYMHFRQU5HniZatQoYIOHjxYRBUiv3799VdNnTpVgwcP1ogRI7RmzRr1799fQUFB6tmzp2fsKlSo4LUe41q8DRs2TG63W9dee638/f2VmZmpsWPHqnv37pLEuFogL2N48OBBxcTEeC0PCAhQuXLlGOcSIj09XUOHDlW3bt3kcrkkla5xJdii0KSkpGjAgAFavHixgoODfV0OCkhWVpbq1auncePGSZLq1q2rn3/+WdOmTVPPnj19XB2u1Mcff6wPP/xQ//znP1WzZk2tX79eAwcOVMWKFRlXoIQ4e/asunTpImOMpk6d6utyfIJLEVBofvzxR6WmpuqGG25QQECAAgIC9M0332jSpEkKCAhQhQoVdObMGR07dsxrvUOHDik2NtY3ReOy4uLiVKNGDa951113nX777TdJ8ozdhXe3YFyLt7/+9a8aNmyYunbtqlq1aumBBx7QoEGDNH78eEmMqw3yMoaxsbFKTU31Wn7u3DkdPXqUcS7mskPtnj17tHjxYs/ZWql0jSvBFoWmWbNm2rhxo9avX+/5qVevnrp37+75f2BgoL7++mvPOlu3btVvv/2mBg0a+LByXEqjRo20detWr3nbtm1TYmKiJCkpKUmxsbFe4+p2u7Vq1SrGtRg7deqU/Py83xL8/f2VlZUliXG1QV7GsEGDBjp27Jh+/PFHT5ulS5cqKytL9evXL/KakTfZoXb79u1asmSJoqKivJaXqnH19afXULqcf1cEY4x57LHHzDXXXGOWLl1qfvjhB9OgQQPToEED3xWIy1q9erUJCAgwY8eONdu3bzcffvihCQ0NNbNmzfK0mTBhgomMjDTz5s0zGzZsMB06dDBJSUnm9OnTPqwcl9KzZ09TqVIls2DBArNr1y7z6aefmvLly5unn37a04ZxLf5OnDhh1q1bZ9atW2ckmYkTJ5p169Z5Ph2flzFs2bKlqVu3rlm1apX59ttvTbVq1Uy3bt18tUswlx7XM2fOmPbt25v4+Hizfv16c+DAAc9PRkaGp4/SMq4EWxSpC4Pt6dOnTd++fU3ZsmVNaGio6dixozlw4IDvCkSe/Oc//zHXX3+9cTqd5tprrzVvv/221/KsrCwzcuRIU6FCBeN0Ok2zZs3M1q1bfVQt8sLtdpsBAwaYa665xgQHB5sqVaqYZ555xuuNkXEt/pYtW2Yk5fjp2bOnMSZvY3jkyBHTrVs3Ex4eblwul3nwwQfNiRMnfLA3yHapcd21a1euyySZZcuWefooLePqMOa8r5UBAAAASiiusQUAAIAVCLYAAACwAsEWAAAAViDYAgAAwAoEWwAAAFiBYAsAAAArEGwBAABgBYItAECS9P333ysqKkqPPPKINm/erDZt2vi6JADIF4ItABSBXr16yeFwyOFwKDAwUBUqVNCdd96p9957T1lZWb4uT5I0f/58vfTSSypfvrxat26tRx991NclAUC+8M1jAFAEevXqpUOHDmnGjBnKzMzUoUOHtGjRIo0fP15NmjTR/PnzFRAQkO9+jTHKzMy8onUBwDacsQWAIuJ0OhUbG6tKlSrphhtu0IgRIzRv3jwtXLhQM2fO1O7du+VwOLR+/XrPOseOHZPD4dDy5cslScuXL5fD4dDChQt14403yul06ttvv9XOnTvVoUMHVahQQeHh4brpppu0ZMkSr+1nZGRo6NChSkhIkNPpVHJysv7+979LkjIzM/Xwww8rKSlJISEhql69ut544w2v9bOysjRmzBjFx8fL6XSqTp06WrRoUaEeMwDID4ItAPjQHXfcoT//+c/69NNP87XesGHDNGHCBG3evFm1a9dWWlqaWrdura+//lrr1q1Ty5Yt1a5dO/3222+edXr06KGPPvpIkyZN0ubNmzV9+nSFh4dL+iO0xsfHa86cOdq0aZOee+45jRgxQh9//LFn/TfeeEOvvvqqXnnlFW3YsEEtWrRQ+/bttX379oI5GABwlbgUAQCKQK9evXTs2DF99tlnOZZ17dpVGzZs0BdffKGkpCStW7dOderUkfTHGduyZctq2bJlatq0qZYvX67bb79dn332mTp06HDJbV5//fV67LHH9MQTT2jbtm2qXr26Fi9erObNm+ep5ieeeEIHDx7U3LlzJUmVKlVSv379NGLECE+bm2++WTfddJPeeuutvB0IAChEXJQFAD5mjJHD4cjXOvXq1fOaTktL06hRo/T555/rwIEDOnfunE6fPu05Y7t+/Xr5+/vrtttuu2ifb731lt577z399ttvOn36tM6cOeMJ2G63W/v371ejRo281mnUqJF++umnfNUOAIWFYAsAPrZ582YlJSXJz++Pq8PO/0Pa2bNnc10nLCzMa3rIkCFavHixXnnlFSUnJyskJESdOnXSmTNnJEkhISGXrOFf//qXhgwZoldffVUNGjRQRESE/va3v2nVqlVXs2sAUKS4xhYAfGjp0qXauHGj7r33XkVHR0uSDhw44Fl+/gfJLuW7775Tr1691LFjR9WqVUuxsbHavXu3Z3mtWrWUlZWlb7755qLrN2zYUH379lXdunWVnJysnTt3epa7XC5VrFhR3333XY71atSokce9BYDCxRlbACgiGRkZOnjwYI7bfbVt21Y9evSQv7+/brnlFk2YMEFJSUlKTU3Vs88+m6e+q1Wrpk8//VTt2rWTw+HQyJEjve6PW7lyZfXs2VMPPfSQJk2apD//+c/as2ePUlNT1aVLF1WrVk3/+Mc/9OWXXyopKUkffPCB1qxZo6SkJE8ff/3rX/X888+ratWqqlOnjmbMmKH169frww8/LPBjBQBXgjO2AFBEFi1apLi4OFWuXFktW7bUsmXLNGnSJM2bN0/+/v6SpPfee0/nzp3TjTfeqIEDB+rFF1/MU98TJ05U2bJl1bBhQ7Vr104tWrTQDTfc4NVm6tSp6tSpk/r27asqVaqod+/eOnnypCTp0Ucf1T333KO//OUvql+/vo4cOaK+fft6rd+/f38NHjxYTz31lGrVqqVFixZp/vz5qlatWgEcHQC4etwVAQBKoUcffVRdunRRs2bNfF0KABQYztgCQCly/Phx7dy5U0FBQZo/f76vywGAAsU1tgBQiuzbt0+33HKLgoODNWvWLF+XAwAFiksRAAAAYAUuRQAAAIAVCLYAAACwAsEWAAAAViDYAgAAwAoEWwAAAFiBYAsAAAArEGwBAABgBYItAAAArECwBQAAgBX+Py+XJWI2U9FAAAAAAElFTkSuQmCC",
      "text/plain": [
       "<Figure size 800x500 with 1 Axes>"
      ]
     },
     "metadata": {},
     "output_type": "display_data"
    }
   ],
   "source": [
    "means = {\n",
    "    'BTREE': sum(duration_btree) / len(duration_btree),\n",
    "    'GIST': sum(duration_gist) / len(duration_gist),\n",
    "    'BRIN': sum(duration_brin) / len(duration_brin),\n",
    "}\n",
    "\n",
    "# Gráfico de Barras (Médias)\n",
    "plt.figure(figsize=(8, 5))\n",
    "plt.bar(means.keys(), means.values(), color=['#4C72B0', '#55A868', '#C44E52'])\n",
    "plt.title('Duração Média por Índice')\n",
    "plt.ylabel('Duração Média')\n",
    "plt.show()\n",
    "\n",
    "# Box Plot Horizontal\n",
    "plt.figure(figsize=(8, 5))\n",
    "sns.boxplot(data=[duration_btree, duration_gist, duration_brin], \n",
    "            palette=['#4C72B0', '#55A868', '#C44E52'], orient='h')\n",
    "plt.yticks([0, 1, 2], ['BTREE', 'GIST', 'BRIN'])\n",
    "plt.title('Distribuição de Duração por Índice')\n",
    "plt.xlabel('Duração')\n",
    "plt.show()"
   ]
  }
 ],
 "metadata": {
  "kernelspec": {
   "display_name": "wsl-py",
   "language": "python",
   "name": "wsl-py"
  },
  "language_info": {
   "codemirror_mode": {
    "name": "ipython",
    "version": 3
   },
   "file_extension": ".py",
   "mimetype": "text/x-python",
   "name": "python",
   "nbconvert_exporter": "python",
   "pygments_lexer": "ipython3",
   "version": "3.11.2"
  }
 },
 "nbformat": 4,
 "nbformat_minor": 5
}
