{
 "cells": [
  {
   "cell_type": "markdown",
   "id": "91a6cd2d",
   "metadata": {},
   "source": [
    "# Notebook para anáise da Segunda Consulta\n",
    "\n",
    "Alunos:\n",
    "- João Gabriel Sasseron \n",
    "- Matheus Ventura de Sousa - 11345541\n",
    "- Vinicius de Moraes \n",
    "\n",
    "Profa. Dra. Elaine Parros Machado de Sousa"
   ]
  },
  {
   "cell_type": "markdown",
   "id": "bc6a6288",
   "metadata": {},
   "source": [
    "# 0. Preparando o Ambiente\n",
    "\n",
    "Nesta seção, será feita a instalação de todos os pacotes e configuração de variáveis. "
   ]
  },
  {
   "cell_type": "code",
   "execution_count": 1,
   "id": "50a8c89f",
   "metadata": {},
   "outputs": [],
   "source": [
    "!pip install --quiet -r ../requirements.txt"
   ]
  },
  {
   "cell_type": "code",
   "execution_count": 28,
   "id": "f9759894",
   "metadata": {},
   "outputs": [],
   "source": [
    "import time\n",
    "import numpy as np\n",
    "import pandas as pd\n",
    "import seaborn as sns\n",
    "import plotly.express as px\n",
    "import matplotlib.pyplot as plt\n",
    "\n",
    "\n",
    "from tqdm import tqdm\n",
    "from dotenv import dotenv_values"
   ]
  },
  {
   "cell_type": "code",
   "execution_count": null,
   "id": "f5a1973d",
   "metadata": {},
   "outputs": [],
   "source": [
    "DATABASE_URL = dotenv_values(\"../.env.local\")['DATABASE_URL']\n",
    "senha = \"mr230303A!!\""
   ]
  },
  {
   "cell_type": "code",
   "execution_count": 4,
   "id": "3b73632d",
   "metadata": {},
   "outputs": [],
   "source": [
    "%load_ext sql\n",
    "\n",
    "%sql $DATABASE_URL"
   ]
  },
  {
   "cell_type": "code",
   "execution_count": 5,
   "id": "d06d3ca5",
   "metadata": {},
   "outputs": [],
   "source": [
    "def get_statistics(durations):\n",
    "    \"\"\"\n",
    "    Calculate the mean and standard deviation of a list of durations.\n",
    "    \"\"\"\n",
    "    mean = np.mean(durations)\n",
    "    median = np.median(durations)\n",
    "    std = np.std(durations)\n",
    "    min_duration = np.min(durations)\n",
    "    max_duration = np.max(durations)\n",
    "\n",
    "    print(f\"Mean: {mean:.6f} s\")\n",
    "    print(f\"Median: {median:.6f} s\")\n",
    "    print(f\"Std Dev: {std:.6f} s\")\n",
    "    print(f\"Min: {min_duration:.6f} s\")\n",
    "    print(f\"Max: {max_duration:.6f} s\")"
   ]
  },
  {
   "cell_type": "code",
   "execution_count": 6,
   "id": "369daf08",
   "metadata": {},
   "outputs": [],
   "source": [
    "def PrintPlan(pl):\n",
    "    print('\\nPlano:','-'*100)\n",
    "    for linha in pl:\n",
    "        print(linha[0])\n",
    "    print('-'*107,'\\n')"
   ]
  },
  {
   "cell_type": "code",
   "execution_count": null,
   "id": "f692cc40",
   "metadata": {},
   "outputs": [],
   "source": [
    "def clear_cache():\n",
    "    comando = 'echo 3 > /proc/sys/vm/drop_caches'\n",
    "    proc = subprocess.run(\n",
    "        ['sudo', '-S', 'sh', '-c', comando],\n",
    "        input=(senha + '\\n').encode(),\n",
    "        stdout=subprocess.PIPE,\n",
    "        stderr=subprocess.PIPE\n",
    "    )\n",
    "    if proc.returncode != 0:\n",
    "        print(f\"Erro ao limpar cache:\\n{proc.stderr.decode()}\")\n",
    "    else:\n",
    "        print(\"Cache do sistema limpo com sucesso.\")\n",
    "    os.system(\"docker restart postgres-main\")"
   ]
  },
  {
   "cell_type": "code",
   "execution_count": null,
   "id": "422ec77a",
   "metadata": {},
   "outputs": [],
   "source": [
    "%config SqlMagic.style = '_DEPRECATED_DEFAULT'"
   ]
  },
  {
   "cell_type": "code",
   "execution_count": null,
   "id": "417a6652",
   "metadata": {},
   "outputs": [],
   "source": [
    "%%sql\n",
    "\n",
    "DROP TABLE IF EXISTS stats_queries;\n",
    "\n",
    "CREATE TABLE IF NOT EXISTS stats_queries (\n",
    "    statid INTEGER,\n",
    "    queryid INTEGER,\n",
    "    index_type TEXT,\n",
    "    description TEXT,\n",
    "    elapsedtime DOUBLE PRECISION,\n",
    "    CONSTRAINT stats_queries_pk PRIMARY KEY (statid)\n",
    ");\n",
    "\n",
    "CREATE INDEX idx_stats_queries_search ON stats_queries USING BTREE(queryid, index_type);"
   ]
  },
  {
   "cell_type": "code",
   "execution_count": null,
   "id": "f2ec7fea",
   "metadata": {},
   "outputs": [],
   "source": [
    "%%sql \n",
    "\n",
    "CREATE OR REPLACE PROCEDURE insert_query_statistics (\n",
    "    queryid INTEGER,\n",
    "    query_text TEXT,\n",
    "    query_index_type TEXT,\n",
    "    query_description TEXT\n",
    ") AS $$\n",
    "    DECLARE\n",
    "        start_time TIMESTAMPTZ;\n",
    "        end_time TIMESTAMPTZ;\n",
    "        stats_index INTEGER;\n",
    "        _row RECORD;\n",
    "    BEGIN\n",
    "        SELECT COALESCE(MAX(statid), 0) INTO stats_index FROM stats_queries;\n",
    "\n",
    "        stats_index := stats_index + 1;\n",
    "\n",
    "        start_time := clock_timestamp();\n",
    "        FOR _row IN EXECUTE query_text LOOP\n",
    "        END LOOP;\n",
    "        end_time := clock_timestamp();\n",
    "\n",
    "        INSERT INTO stats_queries VALUES (stats_index, queryid, query_index_type, query_description, EXTRACT(EPOCH FROM (end_time - start_time)));\n",
    "    END;\n",
    "$$ LANGUAGE plpgsql;"
   ]
  },
  {
   "cell_type": "code",
   "execution_count": null,
   "id": "210a2e71",
   "metadata": {},
   "outputs": [],
   "source": [
    "%%sql\n",
    "\n",
    "CREATE OR REPLACE FUNCTION get_query_statistics (queryid INTEGER, index_type TEXT) RETURNS TABLE (\n",
    "    tempomedio NUMERIC(8,2),\n",
    "    tempominimo NUMERIC(8,2),\n",
    "    tempoprimeiroquartil NUMERIC(8,2),\n",
    "    tempomediana NUMERIC(8,2),\n",
    "    tempoterceiroquartil NUMERIC(8,2),\n",
    "    tempomaximo NUMERIC(8,2),\n",
    "    tempodesviopadrao NUMERIC(8,2)\n",
    ") AS $$\n",
    "    BEGIN\n",
    "        RETURN QUERY \n",
    "           SELECT\n",
    "                AVG(elapsedtime)::NUMERIC(8,2) AS TempoMedio,\n",
    "                MIN(elapsedtime)::NUMERIC(8,2) AS TempoMinimo,\n",
    "                (percentile_cont(0.25) WITHIN GROUP (ORDER BY elapsedtime))::NUMERIC(8,2) AS TempoPrimeiroQuartil,\n",
    "                (percentile_cont(0.5)  WITHIN GROUP (ORDER BY elapsedtime))::NUMERIC(8,2) AS TempoMediana,\n",
    "                (percentile_cont(0.75) WITHIN GROUP (ORDER BY elapsedtime))::NUMERIC(8,2) AS TempoTerceiroQuartil,\n",
    "                MAX(elapsedtime)::NUMERIC(8,2) AS TempoMaximo,\n",
    "                STDDEV(elapsedtime)::NUMERIC(8,2) AS TempoDesvioPadrao\n",
    "            FROM stats_queries AS SQ\n",
    "            GROUP BY SQ.queryid, SQ.index_type\n",
    "            HAVING SQ.queryid = queryid AND SQ.index_type = index_type;\n",
    "    END;\n",
    "$$ LANGUAGE plpgsql;"
   ]
  },
  {
   "cell_type": "markdown",
   "id": "4c0f4fb0",
   "metadata": {},
   "source": [
    "# 1. Anáise da Query"
   ]
  },
  {
   "cell_type": "markdown",
   "id": "71cfbfb8",
   "metadata": {},
   "source": [
    "A query a ser analisada neste notebook refere-se a análise do impacto do DRS na velocidade do carro em cada setor da pista, para cada piloto e para cada pista. Nesta consulta, também destacou-se se o freio está ativado ou não para uma possível interpretação de influencia isolada do DRS ou conjunta com o freio. "
   ]
  },
  {
   "cell_type": "code",
   "execution_count": null,
   "id": "b4d1ad71",
   "metadata": {},
   "outputs": [],
   "source": [
    "query = \"\"\"\n",
    "        WITH base AS (\n",
    "            SELECT\n",
    "                T.session_key,\n",
    "                T.driver_number,\n",
    "                T.date,\n",
    "                T.speed,\n",
    "                CASE \n",
    "                    WHEN T.brake = 100 THEN 'FREANDO'\n",
    "                    ELSE 'NORMAL'\n",
    "                END AS UsoFreio,\n",
    "                CASE\n",
    "                    WHEN T.drs IN (8, 10, 12, 14) THEN 'ATIVO'\n",
    "                    ELSE 'NÃO ATIVO'\n",
    "                    END AS drs,\n",
    "                CASE\n",
    "                WHEN T.date >= L.date_start AND T.date <= (L.date_start + INTERVAL '1 second' * L.duration_sector_1) THEN 'SETOR 1'\n",
    "                WHEN T.date > (L.date_start + INTERVAL '1 second' * L.duration_sector_1) AND T.date <= (L.date_start + INTERVAL '1 second' * L.duration_sector_2) THEN 'SETOR 2'\n",
    "                WHEN T.date > (L.date_start + INTERVAL '1 second' * L.duration_sector_2) AND T.date <= (L.date_start + INTERVAL '1 second' * L.duration_sector_3) THEN 'SETOR 3'\n",
    "                END AS setor\n",
    "            FROM telemetrys AS T \n",
    "            JOIN telemetrys_laps AS TL ON TL.session_key = T.session_key AND TL.driver_number = T.driver_number\n",
    "            JOIN laps AS L ON L.session_key = T.session_key AND L.driver_number = T.driver_number\n",
    "            WHERE \n",
    "                ((T.date >= L.date_start AND T.date <= (L.date_start + INTERVAL '1 second' * L.duration_sector_1)) OR\n",
    "                (T.date > (L.date_start + INTERVAL '1 second' * L.duration_sector_1) AND T.date <= (L.date_start + INTERVAL '1 second' * L.duration_sector_2)) OR\n",
    "                (T.date > (L.date_start + INTERVAL '1 second' * L.duration_sector_2) AND T.date <= (L.date_start + INTERVAL '1 second' * L.duration_sector_3))) AND T.session_key = 9998 AND T.driver_number = 30\n",
    "            WINDOW W AS (ORDER BY date)\n",
    "            ), com_setor AS (\n",
    "                SELECT\n",
    "                    *,\n",
    "                    CASE\n",
    "                        WHEN LAG(session_key) OVER W = session_key AND\n",
    "                        LAG(driver_number) OVER W = driver_number AND\n",
    "                        LAG(drs) OVER W = drs AND\n",
    "                        LAG(setor) OVER W = setor AND\n",
    "                        LAG(usofreio) OVER W = usofreio\n",
    "                        THEN 0 \n",
    "                        ELSE 1\n",
    "                    END AS mudou\n",
    "                FROM base\n",
    "            WINDOW W AS (ORDER BY date)\n",
    "            ),com_grupo AS (\n",
    "                SELECT \n",
    "                    *,\n",
    "                    SUM(mudou) OVER (PARTITION BY session_key, driver_number ORDER BY date) AS group_id\n",
    "                FROM com_setor\n",
    "            )\n",
    "            SELECT DISTINCT\n",
    "                S.circuit_short_name AS NomePista, \n",
    "                D.full_name AS NomePiloto,\n",
    "                MIN(T1.date) AS TempoInicio,\n",
    "                MAX(T1.date) AS TempoFim,\n",
    "                T1.drs AS DRS,\n",
    "                T1.setor AS Setor,\n",
    "                T1.usofreio,\n",
    "                T1.VelocidadeInicio,\n",
    "                T2.VelocidadeFim\n",
    "            FROM (\n",
    "                SELECT DISTINCT\n",
    "                    session_key,\n",
    "                    driver_number,\n",
    "                    date,\n",
    "                    drs,\n",
    "                    setor,\n",
    "                    usofreio,\n",
    "                    group_id,\n",
    "                    FIRST_VALUE(speed) OVER W AS VelocidadeInicio\n",
    "                FROM com_grupo\n",
    "                WINDOW W AS (PARTITION BY group_id ORDER BY date)\n",
    "            ) AS T1\n",
    "            JOIN (\n",
    "                SELECT DISTINCT\n",
    "                    session_key,\n",
    "                    driver_number,\n",
    "                    date,\n",
    "                    drs,\n",
    "                    setor,\n",
    "                    usofreio,\n",
    "                    group_id,\n",
    "                    LAST_VALUE(speed) OVER W AS VelocidadeFim\n",
    "                FROM com_grupo\n",
    "                WINDOW W AS (PARTITION BY group_id ORDER BY date RANGE BETWEEN UNBOUNDED PRECEDING AND UNBOUNDED FOLLOWING)\n",
    "            ) AS T2 ON T1.session_key = T2.session_key AND T1.driver_number = T2.driver_number AND T1.usofreio = T2.usofreio AND T1.date = T2.date AND T1.drs = T2.drs AND T1.setor = T2.setor AND T1.group_id = T2.group_id\n",
    "            JOIN drivers AS D ON T1.session_key = D.session_key AND T1.driver_number = D.driver_number\n",
    "            JOIN sessions AS S ON S.session_key = T1.session_key\n",
    "            GROUP BY S.circuit_short_name, D.full_name, T1.drs, T1.setor, T1.group_id, T1.VelocidadeInicio, T2.VelocidadeFim, T1.usofreio\n",
    "\"\"\""
   ]
  },
  {
   "cell_type": "code",
   "execution_count": 8,
   "id": "d189cb31",
   "metadata": {},
   "outputs": [],
   "source": [
    "%config SqlMagic.style = '_DEPRECATED_DEFAULT'"
   ]
  },
  {
   "cell_type": "code",
   "execution_count": 9,
   "id": "ec9cb59d",
   "metadata": {},
   "outputs": [
    {
     "name": "stdout",
     "output_type": "stream",
     "text": [
      " * postgresql+psycopg2://postgresadmin:***@localhost:5000/postgresdb\n",
      "10 rows affected.\n"
     ]
    },
    {
     "data": {
      "text/html": [
       "<table>\n",
       "    <thead>\n",
       "        <tr>\n",
       "            <th>nomepista</th>\n",
       "            <th>nomepiloto</th>\n",
       "            <th>tempoinicio</th>\n",
       "            <th>tempofim</th>\n",
       "            <th>drs</th>\n",
       "            <th>setor</th>\n",
       "            <th>usofreio</th>\n",
       "            <th>velocidadeinicio</th>\n",
       "            <th>velocidadefim</th>\n",
       "        </tr>\n",
       "    </thead>\n",
       "    <tbody>\n",
       "        <tr>\n",
       "            <td>Shanghai</td>\n",
       "            <td>Alexander ALBON</td>\n",
       "            <td>2025-03-23 07:07:03.938000</td>\n",
       "            <td>2025-03-23 07:07:03.938000</td>\n",
       "            <td>ATIVO</td>\n",
       "            <td>SETOR 1</td>\n",
       "            <td>NORMAL</td>\n",
       "            <td>246.0</td>\n",
       "            <td>289.0</td>\n",
       "        </tr>\n",
       "        <tr>\n",
       "            <td>Shanghai</td>\n",
       "            <td>Alexander ALBON</td>\n",
       "            <td>2025-03-23 07:07:04.098000</td>\n",
       "            <td>2025-03-23 07:07:04.098000</td>\n",
       "            <td>ATIVO</td>\n",
       "            <td>SETOR 1</td>\n",
       "            <td>NORMAL</td>\n",
       "            <td>237.0</td>\n",
       "            <td>290.0</td>\n",
       "        </tr>\n",
       "        <tr>\n",
       "            <td>Shanghai</td>\n",
       "            <td>Alexander ALBON</td>\n",
       "            <td>2025-03-23 07:07:04.378000</td>\n",
       "            <td>2025-03-23 07:07:04.378000</td>\n",
       "            <td>ATIVO</td>\n",
       "            <td>SETOR 1</td>\n",
       "            <td>NORMAL</td>\n",
       "            <td>205.0</td>\n",
       "            <td>291.0</td>\n",
       "        </tr>\n",
       "        <tr>\n",
       "            <td>Shanghai</td>\n",
       "            <td>Alexander ALBON</td>\n",
       "            <td>2025-03-23 07:07:04.658000</td>\n",
       "            <td>2025-03-23 07:07:04.658000</td>\n",
       "            <td>ATIVO</td>\n",
       "            <td>SETOR 1</td>\n",
       "            <td>NORMAL</td>\n",
       "            <td>270.0</td>\n",
       "            <td>290.0</td>\n",
       "        </tr>\n",
       "        <tr>\n",
       "            <td>Shanghai</td>\n",
       "            <td>Alexander ALBON</td>\n",
       "            <td>2025-03-23 07:07:04.898000</td>\n",
       "            <td>2025-03-23 07:07:04.898000</td>\n",
       "            <td>ATIVO</td>\n",
       "            <td>SETOR 1</td>\n",
       "            <td>NORMAL</td>\n",
       "            <td>279.0</td>\n",
       "            <td>292.0</td>\n",
       "        </tr>\n",
       "        <tr>\n",
       "            <td>Shanghai</td>\n",
       "            <td>Alexander ALBON</td>\n",
       "            <td>2025-03-23 07:07:05.058000</td>\n",
       "            <td>2025-03-23 07:07:05.058000</td>\n",
       "            <td>ATIVO</td>\n",
       "            <td>SETOR 1</td>\n",
       "            <td>NORMAL</td>\n",
       "            <td>284.0</td>\n",
       "            <td>291.0</td>\n",
       "        </tr>\n",
       "        <tr>\n",
       "            <td>Shanghai</td>\n",
       "            <td>Alexander ALBON</td>\n",
       "            <td>2025-03-23 07:07:05.298000</td>\n",
       "            <td>2025-03-23 07:07:05.298000</td>\n",
       "            <td>ATIVO</td>\n",
       "            <td>SETOR 1</td>\n",
       "            <td>NORMAL</td>\n",
       "            <td>285.0</td>\n",
       "            <td>289.0</td>\n",
       "        </tr>\n",
       "        <tr>\n",
       "            <td>Shanghai</td>\n",
       "            <td>Alexander ALBON</td>\n",
       "            <td>2025-03-23 07:07:05.619000</td>\n",
       "            <td>2025-03-23 07:07:05.619000</td>\n",
       "            <td>ATIVO</td>\n",
       "            <td>SETOR 1</td>\n",
       "            <td>NORMAL</td>\n",
       "            <td>287.0</td>\n",
       "            <td>289.0</td>\n",
       "        </tr>\n",
       "        <tr>\n",
       "            <td>Shanghai</td>\n",
       "            <td>Alexander ALBON</td>\n",
       "            <td>2025-03-23 07:07:05.899000</td>\n",
       "            <td>2025-03-23 07:07:05.899000</td>\n",
       "            <td>ATIVO</td>\n",
       "            <td>SETOR 1</td>\n",
       "            <td>NORMAL</td>\n",
       "            <td>290.0</td>\n",
       "            <td>290.0</td>\n",
       "        </tr>\n",
       "        <tr>\n",
       "            <td>Shanghai</td>\n",
       "            <td>Alexander ALBON</td>\n",
       "            <td>2025-03-23 07:07:06.099000</td>\n",
       "            <td>2025-03-23 07:07:06.099000</td>\n",
       "            <td>ATIVO</td>\n",
       "            <td>SETOR 1</td>\n",
       "            <td>NORMAL</td>\n",
       "            <td>294.0</td>\n",
       "            <td>289.0</td>\n",
       "        </tr>\n",
       "    </tbody>\n",
       "</table>"
      ],
      "text/plain": [
       "[('Shanghai', 'Alexander ALBON', datetime.datetime(2025, 3, 23, 7, 7, 3, 938000), datetime.datetime(2025, 3, 23, 7, 7, 3, 938000), 'ATIVO', 'SETOR 1', 'NORMAL', 246.0, 289.0),\n",
       " ('Shanghai', 'Alexander ALBON', datetime.datetime(2025, 3, 23, 7, 7, 4, 98000), datetime.datetime(2025, 3, 23, 7, 7, 4, 98000), 'ATIVO', 'SETOR 1', 'NORMAL', 237.0, 290.0),\n",
       " ('Shanghai', 'Alexander ALBON', datetime.datetime(2025, 3, 23, 7, 7, 4, 378000), datetime.datetime(2025, 3, 23, 7, 7, 4, 378000), 'ATIVO', 'SETOR 1', 'NORMAL', 205.0, 291.0),\n",
       " ('Shanghai', 'Alexander ALBON', datetime.datetime(2025, 3, 23, 7, 7, 4, 658000), datetime.datetime(2025, 3, 23, 7, 7, 4, 658000), 'ATIVO', 'SETOR 1', 'NORMAL', 270.0, 290.0),\n",
       " ('Shanghai', 'Alexander ALBON', datetime.datetime(2025, 3, 23, 7, 7, 4, 898000), datetime.datetime(2025, 3, 23, 7, 7, 4, 898000), 'ATIVO', 'SETOR 1', 'NORMAL', 279.0, 292.0),\n",
       " ('Shanghai', 'Alexander ALBON', datetime.datetime(2025, 3, 23, 7, 7, 5, 58000), datetime.datetime(2025, 3, 23, 7, 7, 5, 58000), 'ATIVO', 'SETOR 1', 'NORMAL', 284.0, 291.0),\n",
       " ('Shanghai', 'Alexander ALBON', datetime.datetime(2025, 3, 23, 7, 7, 5, 298000), datetime.datetime(2025, 3, 23, 7, 7, 5, 298000), 'ATIVO', 'SETOR 1', 'NORMAL', 285.0, 289.0),\n",
       " ('Shanghai', 'Alexander ALBON', datetime.datetime(2025, 3, 23, 7, 7, 5, 619000), datetime.datetime(2025, 3, 23, 7, 7, 5, 619000), 'ATIVO', 'SETOR 1', 'NORMAL', 287.0, 289.0),\n",
       " ('Shanghai', 'Alexander ALBON', datetime.datetime(2025, 3, 23, 7, 7, 5, 899000), datetime.datetime(2025, 3, 23, 7, 7, 5, 899000), 'ATIVO', 'SETOR 1', 'NORMAL', 290.0, 290.0),\n",
       " ('Shanghai', 'Alexander ALBON', datetime.datetime(2025, 3, 23, 7, 7, 6, 99000), datetime.datetime(2025, 3, 23, 7, 7, 6, 99000), 'ATIVO', 'SETOR 1', 'NORMAL', 294.0, 289.0)]"
      ]
     },
     "execution_count": 9,
     "metadata": {},
     "output_type": "execute_result"
    }
   ],
   "source": [
    "%sql $query LIMIT 10"
   ]
  },
  {
   "cell_type": "code",
   "execution_count": 10,
   "id": "3883746e",
   "metadata": {},
   "outputs": [
    {
     "name": "stdout",
     "output_type": "stream",
     "text": [
      " * postgresql+psycopg2://postgresadmin:***@localhost:5000/postgresdb\n",
      "Done.\n",
      "Done.\n"
     ]
    },
    {
     "data": {
      "text/plain": [
       "[]"
      ]
     },
     "execution_count": 10,
     "metadata": {},
     "output_type": "execute_result"
    }
   ],
   "source": [
    "%%sql\n",
    "\n",
    "ANALYZE laps;\n",
    "ANALYZE telemetrys;"
   ]
  },
  {
   "cell_type": "code",
   "execution_count": 11,
   "id": "859c1dac",
   "metadata": {},
   "outputs": [
    {
     "name": "stdout",
     "output_type": "stream",
     "text": [
      " * postgresql+psycopg2://postgresadmin:***@localhost:5000/postgresdb\n",
      "61 rows affected.\n",
      "Returning data to local variable Plano\n",
      "\n",
      "Plano: ----------------------------------------------------------------------------------------------------\n",
      "GroupAggregate  (cost=12431641.96..12431642.00 rows=1 width=159) (actual time=14890.418..15036.361 rows=144955 loops=1)\n",
      "  Group Key: s.circuit_short_name, d.full_name, t1.drs, t1.setor, t1.group_id, t1.velocidadeinicio, t2.velocidadefim, t1.usofreio\n",
      "  CTE com_grupo\n",
      "    ->  WindowAgg  (cost=6082778.14..6273880.99 rows=8493460 width=132) (actual time=12722.399..12815.666 rows=156605 loops=1)\n",
      "          ->  Sort  (cost=6082778.14..6104011.79 rows=8493460 width=124) (actual time=12722.349..12745.869 rows=156605 loops=1)\n",
      "                Sort Key: t.session_key, t.driver_number, t.date\n",
      "                Sort Method: external merge  Disk: 10120kB\n",
      "                ->  WindowAgg  (cost=496026.99..3365597.58 rows=8493460 width=124) (actual time=5138.761..12585.742 rows=156605 loops=1)\n",
      "                      ->  Nested Loop  (cost=496026.99..1836774.78 rows=8493460 width=64) (actual time=5138.358..12345.680 rows=156605 loops=1)\n",
      "                            ->  Gather Merge  (cost=496026.70..572291.16 rows=654819 width=32) (actual time=1167.091..1345.032 rows=635696 loops=1)\n",
      "                                  Workers Planned: 2\n",
      "                                  Workers Launched: 2\n",
      "                                  ->  Sort  (cost=495026.68..495708.78 rows=272841 width=32) (actual time=563.450..603.047 rows=211899 loops=3)\n",
      "                                        Sort Key: t.date\n",
      "                                        Sort Method: quicksort  Memory: 27kB\n",
      "                                        Worker 0:  Sort Method: external merge  Disk: 12680kB\n",
      "                                        Worker 1:  Sort Method: external merge  Disk: 13496kB\n",
      "                                        ->  Parallel Bitmap Heap Scan on telemetrys t  (cost=15219.41..463861.27 rows=272841 width=32) (actual time=477.830..506.300 rows=211899 loops=3)\n",
      "                                              Recheck Cond: (session_key = 9998)\n",
      "                                              Heap Blocks: exact=1\n",
      "                                              ->  Bitmap Index Scan on telemetrys_pkey  (cost=0.00..15055.70 rows=654819 width=0) (actual time=38.576..38.577 rows=635696 loops=1)\n",
      "                                                    Index Cond: (session_key = 9998)\n",
      "                            ->  Index Scan using laps_pkey on laps l  (cost=0.29..1.85 rows=8 width=40) (actual time=0.015..0.017 rows=0 loops=635696)\n",
      "                                  Index Cond: ((session_key = 9998) AND (driver_number = t.driver_number))\n",
      "                                  Filter: (((t.date >= date_start) AND (t.date <= (date_start + ('00:00:01'::interval * duration_sector_1)))) OR ((t.date > (date_start + ('00:00:01'::interval * duration_sector_1))) AND (t.date <= (date_start + ('00:00:01'::interval * duration_sector_2)))) OR ((t.date > (date_start + ('00:00:01'::interval * duration_sector_2))) AND (t.date <= (date_start + ('00:00:01'::interval * duration_sector_3)))))\n",
      "                                  Rows Removed by Filter: 53\n",
      "  ->  Sort  (cost=6157760.98..6157760.98 rows=1 width=151) (actual time=14890.359..14964.457 rows=156605 loops=1)\n",
      "        Sort Key: s.circuit_short_name, d.full_name, t1.drs, t1.setor, t1.group_id, t1.velocidadeinicio, t2.velocidadefim, t1.usofreio\n",
      "        Sort Method: external merge  Disk: 14576kB\n",
      "        ->  Nested Loop  (cost=5604230.59..6157760.97 rows=1 width=151) (actual time=13036.643..14349.939 rows=156605 loops=1)\n",
      "              ->  Nested Loop  (cost=5604230.59..6157757.73 rows=1 width=146) (actual time=13036.611..13638.532 rows=156605 loops=1)\n",
      "                    ->  Merge Join  (cost=5604230.31..6157757.41 rows=1 width=140) (actual time=13036.532..13402.526 rows=156605 loops=1)\n",
      "                          Merge Cond: ((t1.group_id = t2.group_id) AND (t1.date = t2.date))\n",
      "                          Join Filter: ((t1.driver_number = t2.driver_number) AND (t1.usofreio = t2.usofreio) AND (t1.drs = t2.drs) AND (t1.setor = t2.setor))\n",
      "                          Rows Removed by Join Filter: 8956\n",
      "                          ->  Subquery Scan on t1  (cost=2802115.15..3078152.60 rows=42467 width=128) (actual time=12954.003..13076.921 rows=156605 loops=1)\n",
      "                                Filter: (t1.session_key = 9998)\n",
      "                                ->  WindowAgg  (cost=2802115.15..2971984.35 rows=8493460 width=128) (actual time=12953.998..13063.806 rows=156605 loops=1)\n",
      "                                      ->  Sort  (cost=2802115.15..2823348.80 rows=8493460 width=128) (actual time=12953.919..12988.375 rows=156605 loops=1)\n",
      "                                            Sort Key: com_grupo.group_id, com_grupo.date\n",
      "                                            Sort Method: external merge  Disk: 11336kB\n",
      "                                            ->  CTE Scan on com_grupo  (cost=0.00..169869.20 rows=8493460 width=128) (actual time=12722.404..12889.715 rows=156605 loops=1)\n",
      "                          ->  Materialize  (cost=2802115.15..3078258.77 rows=42467 width=128) (actual time=82.496..256.525 rows=165561 loops=1)\n",
      "                                ->  Subquery Scan on t2  (cost=2802115.15..3078152.60 rows=42467 width=128) (actual time=82.490..190.282 rows=156605 loops=1)\n",
      "                                      Filter: (t2.session_key = 9998)\n",
      "                                      ->  WindowAgg  (cost=2802115.15..2971984.35 rows=8493460 width=128) (actual time=82.485..177.272 rows=156605 loops=1)\n",
      "                                            ->  Sort  (cost=2802115.15..2823348.80 rows=8493460 width=128) (actual time=82.359..110.168 rows=156605 loops=1)\n",
      "                                                  Sort Key: com_grupo_1.group_id, com_grupo_1.date\n",
      "                                                  Sort Method: external merge  Disk: 11336kB\n",
      "                                                  ->  CTE Scan on com_grupo com_grupo_1  (cost=0.00..169869.20 rows=8493460 width=128) (actual time=0.039..18.110 rows=156605 loops=1)\n",
      "                    ->  Index Scan using drivers_pkey on drivers d  (cost=0.28..0.32 rows=1 width=22) (actual time=0.001..0.001 rows=1 loops=156605)\n",
      "                          Index Cond: ((driver_number = t1.driver_number) AND (session_key = 9998))\n",
      "              ->  Seq Scan on sessions s  (cost=0.00..3.23 rows=1 width=13) (actual time=0.004..0.004 rows=1 loops=156605)\n",
      "                    Filter: (session_key = 9998)\n",
      "                    Rows Removed by Filter: 97\n",
      "Planning Time: 1.481 ms\n",
      "JIT:\n",
      "  Functions: 80\n",
      "  Options: Inlining true, Optimization true, Expressions true, Deforming true\n",
      "  Timing: Generation 7.570 ms, Inlining 175.584 ms, Optimization 618.678 ms, Emission 571.016 ms, Total 1372.847 ms\n",
      "Execution Time: 15058.749 ms\n",
      "----------------------------------------------------------------------------------------------------------- \n",
      "\n"
     ]
    }
   ],
   "source": [
    "%sql Plano << EXPLAIN ANALYZE $query\n",
    "\n",
    "PrintPlan(Plano)"
   ]
  },
  {
   "cell_type": "code",
   "execution_count": 12,
   "id": "b6118cc3",
   "metadata": {},
   "outputs": [
    {
     "name": "stdout",
     "output_type": "stream",
     "text": [
      " * postgresql+psycopg2://postgresadmin:***@localhost:5000/postgresdb\n",
      "2 rows affected.\n"
     ]
    },
    {
     "data": {
      "text/html": [
       "<table>\n",
       "    <thead>\n",
       "        <tr>\n",
       "            <th>schemaname</th>\n",
       "            <th>tablename</th>\n",
       "            <th>indexname</th>\n",
       "            <th>tablespace</th>\n",
       "            <th>indexdef</th>\n",
       "        </tr>\n",
       "    </thead>\n",
       "    <tbody>\n",
       "        <tr>\n",
       "            <td>public</td>\n",
       "            <td>telemetrys</td>\n",
       "            <td>telemetrys_pkey</td>\n",
       "            <td>None</td>\n",
       "            <td>CREATE UNIQUE INDEX telemetrys_pkey ON public.telemetrys USING btree (session_key, driver_number, date)</td>\n",
       "        </tr>\n",
       "        <tr>\n",
       "            <td>public</td>\n",
       "            <td>laps</td>\n",
       "            <td>laps_pkey</td>\n",
       "            <td>None</td>\n",
       "            <td>CREATE UNIQUE INDEX laps_pkey ON public.laps USING btree (session_key, driver_number, lap_number)</td>\n",
       "        </tr>\n",
       "    </tbody>\n",
       "</table>"
      ],
      "text/plain": [
       "[('public', 'telemetrys', 'telemetrys_pkey', None, 'CREATE UNIQUE INDEX telemetrys_pkey ON public.telemetrys USING btree (session_key, driver_number, date)'),\n",
       " ('public', 'laps', 'laps_pkey', None, 'CREATE UNIQUE INDEX laps_pkey ON public.laps USING btree (session_key, driver_number, lap_number)')]"
      ]
     },
     "execution_count": 12,
     "metadata": {},
     "output_type": "execute_result"
    }
   ],
   "source": [
    "%sql SELECT * FROM pg_indexes WHERE tablename IN ('telemetrys', 'laps');"
   ]
  },
  {
   "cell_type": "markdown",
   "id": "f430b457",
   "metadata": {},
   "source": [
    "Dentro da consulta proposta, as tabelas laps e drivers possuem uma varredura rápida via seu índice criado por chave primária. Para a tabela de telemetria, como necessitamos de muitos dados, ooOtimizador cria uma estrutura bitmap usando os indices para coletar os dados via bitmap heap scan. Ainda assim, é melhor do que realizar uma leitura sequencial pois a tabela é muito densa. \n",
    "\n",
    "Apesar da tabela sessions ter um escaneamento sequencial, a quantidade de tuplas envolvidas é ínfima, o que torna-se o melhor plano para a ocasião.\n",
    "\n",
    "O fator que lentifica esta consulta é a construção de grupos continuos dentro do da consulta estabelecida já que o impacto do DRS importa para cada piloto, pista, setor e a temporalidade.\n",
    "\n",
    "A seguir, serão apresentados como novas criações de índices afetarão a seleção do plano pelo otimizador."
   ]
  },
  {
   "cell_type": "markdown",
   "id": "5fc1ddac",
   "metadata": {},
   "source": [
    "## 1.1. Índice B-Tree"
   ]
  },
  {
   "cell_type": "markdown",
   "id": "55c437aa",
   "metadata": {},
   "source": [
    "O índice B-Tree será criado para otimizar a formação de grupos contínuos para computação posterior do DRS."
   ]
  },
  {
   "cell_type": "code",
   "execution_count": 13,
   "id": "841ad11b",
   "metadata": {},
   "outputs": [
    {
     "name": "stdout",
     "output_type": "stream",
     "text": [
      " * postgresql+psycopg2://postgresadmin:***@localhost:5000/postgresdb\n",
      "Done.\n"
     ]
    },
    {
     "data": {
      "text/plain": [
       "[]"
      ]
     },
     "execution_count": 13,
     "metadata": {},
     "output_type": "execute_result"
    }
   ],
   "source": [
    "%%sql\n",
    "\n",
    "CREATE INDEX IF NOT EXISTS idx_btree_telemetrys_date ON telemetrys USING BTREE(date);\n"
   ]
  },
  {
   "cell_type": "code",
   "execution_count": 14,
   "id": "10eb003b",
   "metadata": {},
   "outputs": [
    {
     "name": "stdout",
     "output_type": "stream",
     "text": [
      " * postgresql+psycopg2://postgresadmin:***@localhost:5000/postgresdb\n",
      "Done.\n",
      "Done.\n"
     ]
    },
    {
     "data": {
      "text/plain": [
       "[]"
      ]
     },
     "execution_count": 14,
     "metadata": {},
     "output_type": "execute_result"
    }
   ],
   "source": [
    "%%sql \n",
    "\n",
    "ANALYZE telemetrys;\n",
    "ANALYZE laps;"
   ]
  },
  {
   "cell_type": "code",
   "execution_count": 15,
   "id": "9f95f087",
   "metadata": {},
   "outputs": [
    {
     "name": "stdout",
     "output_type": "stream",
     "text": [
      " * postgresql+psycopg2://postgresadmin:***@localhost:5000/postgresdb\n",
      "61 rows affected.\n",
      "Returning data to local variable Plano\n",
      "\n",
      "Plano: ----------------------------------------------------------------------------------------------------\n",
      "GroupAggregate  (cost=10533886.52..10533886.56 rows=1 width=159) (actual time=15223.703..15360.722 rows=145150 loops=1)\n",
      "  Group Key: s.circuit_short_name, d.full_name, t1.drs, t1.setor, t1.group_id, t1.velocidadeinicio, t2.velocidadefim, t1.usofreio\n",
      "  CTE com_grupo\n",
      "    ->  WindowAgg  (cost=5195460.87..5356682.55 rows=7165408 width=132) (actual time=13205.446..13302.098 rows=156605 loops=1)\n",
      "          ->  Sort  (cost=5195460.87..5213374.39 rows=7165408 width=124) (actual time=13205.391..13229.903 rows=156605 loops=1)\n",
      "                Sort Key: t.session_key, t.driver_number, t.date\n",
      "                Sort Method: external merge  Disk: 10120kB\n",
      "                ->  WindowAgg  (cost=493220.10..2911935.31 rows=7165408 width=124) (actual time=5070.901..13055.937 rows=156605 loops=1)\n",
      "                      ->  Nested Loop  (cost=493220.10..1622161.87 rows=7165408 width=64) (actual time=5070.022..12795.964 rows=156605 loops=1)\n",
      "                            ->  Gather Merge  (cost=493219.81..557415.43 rows=551194 width=32) (actual time=1002.704..1215.651 rows=635696 loops=1)\n",
      "                                  Workers Planned: 2\n",
      "                                  Workers Launched: 2\n",
      "                                  ->  Sort  (cost=492219.79..492793.95 rows=229664 width=32) (actual time=506.317..548.701 rows=211899 loops=3)\n",
      "                                        Sort Key: t.date\n",
      "                                        Sort Method: quicksort  Memory: 27kB\n",
      "                                        Worker 0:  Sort Method: external merge  Disk: 13904kB\n",
      "                                        Worker 1:  Sort Method: external merge  Disk: 12272kB\n",
      "                                        ->  Parallel Bitmap Heap Scan on telemetrys t  (cost=12812.32..466274.17 rows=229664 width=32) (actual time=407.564..440.631 rows=211899 loops=3)\n",
      "                                              Recheck Cond: (session_key = 9998)\n",
      "                                              Heap Blocks: exact=1\n",
      "                                              ->  Bitmap Index Scan on telemetrys_pkey  (cost=0.00..12674.52 rows=551194 width=0) (actual time=25.981..25.982 rows=635696 loops=1)\n",
      "                                                    Index Cond: (session_key = 9998)\n",
      "                            ->  Index Scan using laps_pkey on laps l  (cost=0.29..1.85 rows=8 width=40) (actual time=0.016..0.018 rows=0 loops=635696)\n",
      "                                  Index Cond: ((session_key = 9998) AND (driver_number = t.driver_number))\n",
      "                                  Filter: (((t.date >= date_start) AND (t.date <= (date_start + ('00:00:01'::interval * duration_sector_1)))) OR ((t.date > (date_start + ('00:00:01'::interval * duration_sector_1))) AND (t.date <= (date_start + ('00:00:01'::interval * duration_sector_2)))) OR ((t.date > (date_start + ('00:00:01'::interval * duration_sector_2))) AND (t.date <= (date_start + ('00:00:01'::interval * duration_sector_3)))))\n",
      "                                  Rows Removed by Filter: 53\n",
      "  ->  Sort  (cost=5177203.98..5177203.98 rows=1 width=151) (actual time=15223.646..15292.743 rows=156605 loops=1)\n",
      "        Sort Key: s.circuit_short_name, d.full_name, t1.drs, t1.setor, t1.group_id, t1.velocidadeinicio, t2.velocidadefim, t1.usofreio\n",
      "        Sort Method: external merge  Disk: 14576kB\n",
      "        ->  Nested Loop  (cost=4710359.55..5177203.97 rows=1 width=151) (actual time=13526.895..14715.453 rows=156605 loops=1)\n",
      "              ->  Nested Loop  (cost=4710359.55..5177200.73 rows=1 width=146) (actual time=13526.835..14072.238 rows=156605 loops=1)\n",
      "                    ->  Merge Join  (cost=4710359.27..5177200.41 rows=1 width=140) (actual time=13526.782..13856.534 rows=156605 loops=1)\n",
      "                          Merge Cond: ((t1.group_id = t2.group_id) AND (t1.date = t2.date))\n",
      "                          Join Filter: ((t1.driver_number = t2.driver_number) AND (t1.usofreio = t2.usofreio) AND (t1.drs = t2.drs) AND (t1.setor = t2.setor))\n",
      "                          Rows Removed by Join Filter: 11826\n",
      "                          ->  Subquery Scan on t1  (cost=2355179.64..2588055.40 rows=35827 width=128) (actual time=13446.623..13556.761 rows=156605 loops=1)\n",
      "                                Filter: (t1.session_key = 9998)\n",
      "                                ->  WindowAgg  (cost=2355179.64..2498487.80 rows=7165408 width=128) (actual time=13446.615..13544.844 rows=156605 loops=1)\n",
      "                                      ->  Sort  (cost=2355179.64..2373093.16 rows=7165408 width=128) (actual time=13446.563..13478.327 rows=156605 loops=1)\n",
      "                                            Sort Key: com_grupo.group_id, com_grupo.date\n",
      "                                            Sort Method: external merge  Disk: 11336kB\n",
      "                                            ->  CTE Scan on com_grupo  (cost=0.00..143308.16 rows=7165408 width=128) (actual time=13205.452..13381.270 rows=156605 loops=1)\n",
      "                          ->  Materialize  (cost=2355179.64..2588144.96 rows=35827 width=128) (actual time=80.125..237.284 rows=168431 loops=1)\n",
      "                                ->  Subquery Scan on t2  (cost=2355179.64..2588055.40 rows=35827 width=128) (actual time=80.121..177.187 rows=156605 loops=1)\n",
      "                                      Filter: (t2.session_key = 9998)\n",
      "                                      ->  WindowAgg  (cost=2355179.64..2498487.80 rows=7165408 width=128) (actual time=80.117..165.134 rows=156605 loops=1)\n",
      "                                            ->  Sort  (cost=2355179.64..2373093.16 rows=7165408 width=128) (actual time=80.018..104.648 rows=156605 loops=1)\n",
      "                                                  Sort Key: com_grupo_1.group_id, com_grupo_1.date\n",
      "                                                  Sort Method: external merge  Disk: 11336kB\n",
      "                                                  ->  CTE Scan on com_grupo com_grupo_1  (cost=0.00..143308.16 rows=7165408 width=128) (actual time=0.018..18.023 rows=156605 loops=1)\n",
      "                    ->  Index Scan using drivers_pkey on drivers d  (cost=0.28..0.32 rows=1 width=22) (actual time=0.001..0.001 rows=1 loops=156605)\n",
      "                          Index Cond: ((driver_number = t1.driver_number) AND (session_key = 9998))\n",
      "              ->  Seq Scan on sessions s  (cost=0.00..3.23 rows=1 width=13) (actual time=0.003..0.004 rows=1 loops=156605)\n",
      "                    Filter: (session_key = 9998)\n",
      "                    Rows Removed by Filter: 97\n",
      "Planning Time: 1.634 ms\n",
      "JIT:\n",
      "  Functions: 80\n",
      "  Options: Inlining true, Optimization true, Expressions true, Deforming true\n",
      "  Timing: Generation 6.757 ms, Inlining 162.096 ms, Optimization 608.877 ms, Emission 416.658 ms, Total 1194.387 ms\n",
      "Execution Time: 15382.809 ms\n",
      "----------------------------------------------------------------------------------------------------------- \n",
      "\n"
     ]
    }
   ],
   "source": [
    "%sql Plano << EXPLAIN ANALYZE $query\n",
    "\n",
    "PrintPlan(Plano)"
   ]
  },
  {
   "cell_type": "code",
   "execution_count": 16,
   "id": "ac4394b3",
   "metadata": {},
   "outputs": [
    {
     "name": "stdout",
     "output_type": "stream",
     "text": [
      " * postgresql+psycopg2://postgresadmin:***@localhost:5000/postgresdb\n",
      "3 rows affected.\n"
     ]
    },
    {
     "data": {
      "text/html": [
       "<table>\n",
       "    <thead>\n",
       "        <tr>\n",
       "            <th>schemaname</th>\n",
       "            <th>tablename</th>\n",
       "            <th>indexname</th>\n",
       "            <th>tablespace</th>\n",
       "            <th>indexdef</th>\n",
       "        </tr>\n",
       "    </thead>\n",
       "    <tbody>\n",
       "        <tr>\n",
       "            <td>public</td>\n",
       "            <td>telemetrys</td>\n",
       "            <td>telemetrys_pkey</td>\n",
       "            <td>None</td>\n",
       "            <td>CREATE UNIQUE INDEX telemetrys_pkey ON public.telemetrys USING btree (session_key, driver_number, date)</td>\n",
       "        </tr>\n",
       "        <tr>\n",
       "            <td>public</td>\n",
       "            <td>telemetrys</td>\n",
       "            <td>idx_btree_telemetrys_date</td>\n",
       "            <td>None</td>\n",
       "            <td>CREATE INDEX idx_btree_telemetrys_date ON public.telemetrys USING btree (date)</td>\n",
       "        </tr>\n",
       "        <tr>\n",
       "            <td>public</td>\n",
       "            <td>telemetrys</td>\n",
       "            <td>idx_btree_telemetrys_driver_date</td>\n",
       "            <td>None</td>\n",
       "            <td>CREATE INDEX idx_btree_telemetrys_driver_date ON public.telemetrys USING btree (driver_number, date)</td>\n",
       "        </tr>\n",
       "    </tbody>\n",
       "</table>"
      ],
      "text/plain": [
       "[('public', 'telemetrys', 'telemetrys_pkey', None, 'CREATE UNIQUE INDEX telemetrys_pkey ON public.telemetrys USING btree (session_key, driver_number, date)'),\n",
       " ('public', 'telemetrys', 'idx_btree_telemetrys_date', None, 'CREATE INDEX idx_btree_telemetrys_date ON public.telemetrys USING btree (date)'),\n",
       " ('public', 'telemetrys', 'idx_btree_telemetrys_driver_date', None, 'CREATE INDEX idx_btree_telemetrys_driver_date ON public.telemetrys USING btree (driver_number, date)')]"
      ]
     },
     "execution_count": 16,
     "metadata": {},
     "output_type": "execute_result"
    }
   ],
   "source": [
    "%sql SELECT * FROM pg_indexes WHERE tablename = 'telemetrys';"
   ]
  },
  {
   "cell_type": "code",
   "execution_count": 18,
   "id": "7e9a0ac2",
   "metadata": {},
   "outputs": [
    {
     "name": "stderr",
     "output_type": "stream",
     "text": [
      "100%|██████████| 100/100 [22:40<00:00, 13.61s/it]"
     ]
    },
    {
     "name": "stdout",
     "output_type": "stream",
     "text": [
      "Mean: 13.584267 s\n",
      "Median: 13.295499 s\n",
      "Std Dev: 1.015854 s\n",
      "Min: 12.550693 s\n",
      "Max: 17.875298 s\n"
     ]
    },
    {
     "name": "stderr",
     "output_type": "stream",
     "text": [
      "\n"
     ]
    }
   ],
   "source": [
    "duration_btree = []\n",
    "\n",
    "for _ in tqdm(range(100)):\n",
    "    start = time.time()\n",
    "    _ = pd.read_sql(query, DATABASE_URL)\n",
    "    end = time.time()\n",
    "    \n",
    "    duration_btree.append(end - start)\n",
    "    \n",
    "get_statistics(duration_btree)"
   ]
  },
  {
   "cell_type": "markdown",
   "id": "b5761faf",
   "metadata": {},
   "source": [
    "Vemos que o índice criado não foi impactante visto que a formação de grupos feita pelas CTEs já utiliza o índice para buscar as tuplas da tabela de telemetria fazendo um bitmap.\n",
    "\n",
    "Caso queira deletar o índice, rode a célula abaixo."
   ]
  },
  {
   "cell_type": "code",
   "execution_count": 19,
   "id": "53c282e0",
   "metadata": {},
   "outputs": [
    {
     "name": "stdout",
     "output_type": "stream",
     "text": [
      " * postgresql+psycopg2://postgresadmin:***@localhost:5000/postgresdb\n",
      "Done.\n"
     ]
    },
    {
     "data": {
      "text/plain": [
       "[]"
      ]
     },
     "execution_count": 19,
     "metadata": {},
     "output_type": "execute_result"
    }
   ],
   "source": [
    "%sql DROP INDEX IF EXISTS idx_btree_telemetrys_date;"
   ]
  },
  {
   "cell_type": "markdown",
   "id": "851b419a",
   "metadata": {},
   "source": [
    "# 1.2. BRIN\n",
    "\n",
    "O índice BRIN é um índice focado em obter registros que estão contidos contiguamente nas páginas de disco. Observemos se o scan em cima das tabelas pode ser otimizado com a criação destes índices."
   ]
  },
  {
   "cell_type": "code",
   "execution_count": 20,
   "id": "31ec7dc8",
   "metadata": {},
   "outputs": [
    {
     "name": "stdout",
     "output_type": "stream",
     "text": [
      " * postgresql+psycopg2://postgresadmin:***@localhost:5000/postgresdb\n",
      "Done.\n",
      "Done.\n",
      "Done.\n",
      "Done.\n"
     ]
    },
    {
     "data": {
      "text/plain": [
       "[]"
      ]
     },
     "execution_count": 20,
     "metadata": {},
     "output_type": "execute_result"
    }
   ],
   "source": [
    "%%sql\n",
    "\n",
    "CREATE INDEX idx_brin_telemetrys ON telemetrys USING BRIN(session_key, driver_number, date);\n",
    "CREATE INDEX idx_brin_drivers ON drivers USING BRIN(session_key, driver_number);\n",
    "CREATE INDEX idx_brin_sessions ON sessions USING BRIN(session_key);\n",
    "CREATE INDEX idx_brin_laps ON laps USING BRIN(session_key, driver_number, lap_number);"
   ]
  },
  {
   "cell_type": "code",
   "execution_count": 21,
   "id": "bc8c6523",
   "metadata": {},
   "outputs": [
    {
     "name": "stdout",
     "output_type": "stream",
     "text": [
      " * postgresql+psycopg2://postgresadmin:***@localhost:5000/postgresdb\n",
      "Done.\n",
      "Done.\n"
     ]
    },
    {
     "data": {
      "text/plain": [
       "[]"
      ]
     },
     "execution_count": 21,
     "metadata": {},
     "output_type": "execute_result"
    }
   ],
   "source": [
    "%%sql \n",
    "\n",
    "ANALYZE telemetrys;\n",
    "ANALYZE laps;"
   ]
  },
  {
   "cell_type": "code",
   "execution_count": 22,
   "id": "6aaa1b1f",
   "metadata": {},
   "outputs": [
    {
     "name": "stdout",
     "output_type": "stream",
     "text": [
      " * postgresql+psycopg2://postgresadmin:***@localhost:5000/postgresdb\n",
      "9 rows affected.\n"
     ]
    },
    {
     "data": {
      "text/html": [
       "<table>\n",
       "    <thead>\n",
       "        <tr>\n",
       "            <th>schemaname</th>\n",
       "            <th>tablename</th>\n",
       "            <th>indexname</th>\n",
       "            <th>tablespace</th>\n",
       "            <th>indexdef</th>\n",
       "        </tr>\n",
       "    </thead>\n",
       "    <tbody>\n",
       "        <tr>\n",
       "            <td>public</td>\n",
       "            <td>drivers</td>\n",
       "            <td>drivers_pkey</td>\n",
       "            <td>None</td>\n",
       "            <td>CREATE UNIQUE INDEX drivers_pkey ON public.drivers USING btree (driver_number, session_key)</td>\n",
       "        </tr>\n",
       "        <tr>\n",
       "            <td>public</td>\n",
       "            <td>sessions</td>\n",
       "            <td>sessions_pkey</td>\n",
       "            <td>None</td>\n",
       "            <td>CREATE UNIQUE INDEX sessions_pkey ON public.sessions USING btree (session_key)</td>\n",
       "        </tr>\n",
       "        <tr>\n",
       "            <td>public</td>\n",
       "            <td>telemetrys</td>\n",
       "            <td>telemetrys_pkey</td>\n",
       "            <td>None</td>\n",
       "            <td>CREATE UNIQUE INDEX telemetrys_pkey ON public.telemetrys USING btree (session_key, driver_number, date)</td>\n",
       "        </tr>\n",
       "        <tr>\n",
       "            <td>public</td>\n",
       "            <td>laps</td>\n",
       "            <td>laps_pkey</td>\n",
       "            <td>None</td>\n",
       "            <td>CREATE UNIQUE INDEX laps_pkey ON public.laps USING btree (session_key, driver_number, lap_number)</td>\n",
       "        </tr>\n",
       "        <tr>\n",
       "            <td>public</td>\n",
       "            <td>telemetrys</td>\n",
       "            <td>idx_btree_telemetrys_driver_date</td>\n",
       "            <td>None</td>\n",
       "            <td>CREATE INDEX idx_btree_telemetrys_driver_date ON public.telemetrys USING btree (driver_number, date)</td>\n",
       "        </tr>\n",
       "        <tr>\n",
       "            <td>public</td>\n",
       "            <td>telemetrys</td>\n",
       "            <td>idx_brin_telemetrys</td>\n",
       "            <td>None</td>\n",
       "            <td>CREATE INDEX idx_brin_telemetrys ON public.telemetrys USING brin (session_key, driver_number, date)</td>\n",
       "        </tr>\n",
       "        <tr>\n",
       "            <td>public</td>\n",
       "            <td>drivers</td>\n",
       "            <td>idx_brin_drivers</td>\n",
       "            <td>None</td>\n",
       "            <td>CREATE INDEX idx_brin_drivers ON public.drivers USING brin (session_key, driver_number)</td>\n",
       "        </tr>\n",
       "        <tr>\n",
       "            <td>public</td>\n",
       "            <td>sessions</td>\n",
       "            <td>idx_brin_sessions</td>\n",
       "            <td>None</td>\n",
       "            <td>CREATE INDEX idx_brin_sessions ON public.sessions USING brin (session_key)</td>\n",
       "        </tr>\n",
       "        <tr>\n",
       "            <td>public</td>\n",
       "            <td>laps</td>\n",
       "            <td>idx_brin_laps</td>\n",
       "            <td>None</td>\n",
       "            <td>CREATE INDEX idx_brin_laps ON public.laps USING brin (session_key, driver_number, lap_number)</td>\n",
       "        </tr>\n",
       "    </tbody>\n",
       "</table>"
      ],
      "text/plain": [
       "[('public', 'drivers', 'drivers_pkey', None, 'CREATE UNIQUE INDEX drivers_pkey ON public.drivers USING btree (driver_number, session_key)'),\n",
       " ('public', 'sessions', 'sessions_pkey', None, 'CREATE UNIQUE INDEX sessions_pkey ON public.sessions USING btree (session_key)'),\n",
       " ('public', 'telemetrys', 'telemetrys_pkey', None, 'CREATE UNIQUE INDEX telemetrys_pkey ON public.telemetrys USING btree (session_key, driver_number, date)'),\n",
       " ('public', 'laps', 'laps_pkey', None, 'CREATE UNIQUE INDEX laps_pkey ON public.laps USING btree (session_key, driver_number, lap_number)'),\n",
       " ('public', 'telemetrys', 'idx_btree_telemetrys_driver_date', None, 'CREATE INDEX idx_btree_telemetrys_driver_date ON public.telemetrys USING btree (driver_number, date)'),\n",
       " ('public', 'telemetrys', 'idx_brin_telemetrys', None, 'CREATE INDEX idx_brin_telemetrys ON public.telemetrys USING brin (session_key, driver_number, date)'),\n",
       " ('public', 'drivers', 'idx_brin_drivers', None, 'CREATE INDEX idx_brin_drivers ON public.drivers USING brin (session_key, driver_number)'),\n",
       " ('public', 'sessions', 'idx_brin_sessions', None, 'CREATE INDEX idx_brin_sessions ON public.sessions USING brin (session_key)'),\n",
       " ('public', 'laps', 'idx_brin_laps', None, 'CREATE INDEX idx_brin_laps ON public.laps USING brin (session_key, driver_number, lap_number)')]"
      ]
     },
     "execution_count": 22,
     "metadata": {},
     "output_type": "execute_result"
    }
   ],
   "source": [
    "%sql SELECT * FROM pg_indexes WHERE tablename IN ('telemetrys', 'laps', 'sessions', 'drivers');"
   ]
  },
  {
   "cell_type": "code",
   "execution_count": 23,
   "id": "98c1b180",
   "metadata": {},
   "outputs": [
    {
     "name": "stdout",
     "output_type": "stream",
     "text": [
      " * postgresql+psycopg2://postgresadmin:***@localhost:5000/postgresdb\n",
      "59 rows affected.\n",
      "Returning data to local variable Plano\n",
      "\n",
      "Plano: ----------------------------------------------------------------------------------------------------\n",
      "GroupAggregate  (cost=11958445.00..11958445.04 rows=1 width=159) (actual time=13638.610..13787.842 rows=144190 loops=1)\n",
      "  Group Key: s.circuit_short_name, d.full_name, t1.drs, t1.setor, t1.group_id, t1.velocidadeinicio, t2.velocidadefim, t1.usofreio\n",
      "  CTE com_grupo\n",
      "    ->  WindowAgg  (cost=5865759.95..6049296.53 rows=8157181 width=132) (actual time=11896.658..11969.802 rows=156605 loops=1)\n",
      "          ->  Sort  (cost=5865759.95..5886152.91 rows=8157181 width=124) (actual time=11896.609..11915.255 rows=156605 loops=1)\n",
      "                Sort Key: t.session_key, t.driver_number, t.date\n",
      "                Sort Method: external merge  Disk: 10120kB\n",
      "                ->  WindowAgg  (cost=497505.70..3258541.48 rows=8157181 width=124) (actual time=5310.305..11781.153 rows=156605 loops=1)\n",
      "                      ->  Nested Loop  (cost=497505.70..1790248.90 rows=8157181 width=64) (actual time=5309.545..11579.484 rows=156605 loops=1)\n",
      "                            ->  Gather Merge  (cost=497505.41..571034.54 rows=631333 width=32) (actual time=2043.193..2202.899 rows=635696 loops=1)\n",
      "                                  Workers Planned: 2\n",
      "                                  Workers Launched: 2\n",
      "                                  ->  Sort  (cost=496505.39..497163.02 rows=263055 width=32) (actual time=2023.211..2061.454 rows=211899 loops=3)\n",
      "                                        Sort Key: t.date\n",
      "                                        Sort Method: external merge  Disk: 3880kB\n",
      "                                        Worker 0:  Sort Method: external merge  Disk: 10888kB\n",
      "                                        Worker 1:  Sort Method: external merge  Disk: 11408kB\n",
      "                                        ->  Parallel Seq Scan on telemetrys t  (cost=0.00..466527.35 rows=263055 width=32) (actual time=463.190..1960.019 rows=211899 loops=3)\n",
      "                                              Filter: (session_key = 9998)\n",
      "                                              Rows Removed by Filter: 10470683\n",
      "                            ->  Index Scan using laps_pkey on laps l  (cost=0.29..1.85 rows=8 width=40) (actual time=0.013..0.015 rows=0 loops=635696)\n",
      "                                  Index Cond: ((session_key = 9998) AND (driver_number = t.driver_number))\n",
      "                                  Filter: (((t.date >= date_start) AND (t.date <= (date_start + ('00:00:01'::interval * duration_sector_1)))) OR ((t.date > (date_start + ('00:00:01'::interval * duration_sector_1))) AND (t.date <= (date_start + ('00:00:01'::interval * duration_sector_2)))) OR ((t.date > (date_start + ('00:00:01'::interval * duration_sector_2))) AND (t.date <= (date_start + ('00:00:01'::interval * duration_sector_3)))))\n",
      "                                  Rows Removed by Filter: 53\n",
      "  ->  Sort  (cost=5909148.47..5909148.48 rows=1 width=151) (actual time=13638.559..13714.246 rows=156605 loops=1)\n",
      "        Sort Key: s.circuit_short_name, d.full_name, t1.drs, t1.setor, t1.group_id, t1.velocidadeinicio, t2.velocidadefim, t1.usofreio\n",
      "        Sort Method: external merge  Disk: 14576kB\n",
      "        ->  Nested Loop  (cost=5377580.85..5909148.46 rows=1 width=151) (actual time=12155.736..13184.186 rows=156605 loops=1)\n",
      "              ->  Nested Loop  (cost=5377580.85..5909145.23 rows=1 width=146) (actual time=12155.716..12621.773 rows=156605 loops=1)\n",
      "                    ->  Merge Join  (cost=5377580.57..5909144.91 rows=1 width=140) (actual time=12155.677..12435.204 rows=156605 loops=1)\n",
      "                          Merge Cond: ((t1.group_id = t2.group_id) AND (t1.date = t2.date))\n",
      "                          Join Filter: ((t1.driver_number = t2.driver_number) AND (t1.usofreio = t2.usofreio) AND (t1.drs = t2.drs) AND (t1.setor = t2.setor))\n",
      "                          Rows Removed by Join Filter: 8090\n",
      "                          ->  Subquery Scan on t1  (cost=2688790.28..2953898.67 rows=40786 width=128) (actual time=12086.453..12179.699 rows=156605 loops=1)\n",
      "                                Filter: (t1.session_key = 9998)\n",
      "                                ->  WindowAgg  (cost=2688790.28..2851933.90 rows=8157181 width=128) (actual time=12086.450..12169.582 rows=156605 loops=1)\n",
      "                                      ->  Sort  (cost=2688790.28..2709183.24 rows=8157181 width=128) (actual time=12086.397..12112.955 rows=156605 loops=1)\n",
      "                                            Sort Key: com_grupo.group_id, com_grupo.date\n",
      "                                            Sort Method: external merge  Disk: 11336kB\n",
      "                                            ->  CTE Scan on com_grupo  (cost=0.00..163143.62 rows=8157181 width=128) (actual time=11896.663..12032.483 rows=156605 loops=1)\n",
      "                          ->  Materialize  (cost=2688790.28..2954000.63 rows=40786 width=128) (actual time=69.153..201.675 rows=164695 loops=1)\n",
      "                                ->  Subquery Scan on t2  (cost=2688790.28..2953898.67 rows=40786 width=128) (actual time=69.149..148.503 rows=156605 loops=1)\n",
      "                                      Filter: (t2.session_key = 9998)\n",
      "                                      ->  WindowAgg  (cost=2688790.28..2851933.90 rows=8157181 width=128) (actual time=69.146..138.395 rows=156605 loops=1)\n",
      "                                            ->  Sort  (cost=2688790.28..2709183.24 rows=8157181 width=128) (actual time=69.080..90.168 rows=156605 loops=1)\n",
      "                                                  Sort Key: com_grupo_1.group_id, com_grupo_1.date\n",
      "                                                  Sort Method: external merge  Disk: 11336kB\n",
      "                                                  ->  CTE Scan on com_grupo com_grupo_1  (cost=0.00..163143.62 rows=8157181 width=128) (actual time=0.019..16.736 rows=156605 loops=1)\n",
      "                    ->  Index Scan using drivers_pkey on drivers d  (cost=0.28..0.32 rows=1 width=22) (actual time=0.001..0.001 rows=1 loops=156605)\n",
      "                          Index Cond: ((driver_number = t1.driver_number) AND (session_key = 9998))\n",
      "              ->  Seq Scan on sessions s  (cost=0.00..3.23 rows=1 width=13) (actual time=0.003..0.003 rows=1 loops=156605)\n",
      "                    Filter: (session_key = 9998)\n",
      "                    Rows Removed by Filter: 97\n",
      "Planning Time: 1.610 ms\n",
      "JIT:\n",
      "  Functions: 80\n",
      "  Options: Inlining true, Optimization true, Expressions true, Deforming true\n",
      "  Timing: Generation 5.480 ms, Inlining 188.863 ms, Optimization 739.485 ms, Emission 460.457 ms, Total 1394.285 ms\n",
      "Execution Time: 13808.157 ms\n",
      "----------------------------------------------------------------------------------------------------------- \n",
      "\n"
     ]
    }
   ],
   "source": [
    "%sql Plano << EXPLAIN ANALYZE $query\n",
    "\n",
    "PrintPlan(Plano)"
   ]
  },
  {
   "cell_type": "code",
   "execution_count": 24,
   "id": "1681c352",
   "metadata": {},
   "outputs": [
    {
     "name": "stderr",
     "output_type": "stream",
     "text": [
      "100%|██████████| 100/100 [23:35<00:00, 14.16s/it]"
     ]
    },
    {
     "name": "stdout",
     "output_type": "stream",
     "text": [
      "Mean: 14.139061 s\n",
      "Median: 14.273956 s\n",
      "Std Dev: 0.825260 s\n",
      "Min: 12.058100 s\n",
      "Max: 16.667900 s\n"
     ]
    },
    {
     "name": "stderr",
     "output_type": "stream",
     "text": [
      "\n"
     ]
    }
   ],
   "source": [
    "duration_brin = []\n",
    "\n",
    "for _ in tqdm(range(100)):\n",
    "    start = time.time()\n",
    "    _ = pd.read_sql(query, DATABASE_URL)\n",
    "    end = time.time()\n",
    "    \n",
    "    duration_brin.append(end - start)\n",
    "    \n",
    "get_statistics(duration_brin)"
   ]
  },
  {
   "cell_type": "markdown",
   "id": "ce839b65",
   "metadata": {},
   "source": [
    "Como a busca de dados em cima das tabelas laps, telemetria e pilotos não estão localizadas contiguamente no disco, o índice BRIN mostrou se ineficiente onde o otimizador escolheu apenas ignorar os índices e permanecer com os índices padrão B-Tree criado a partir das chaves primárias.\n",
    "\n",
    "\n",
    "A seguir, está o comando para deletar os índices."
   ]
  },
  {
   "cell_type": "code",
   "execution_count": 25,
   "id": "294d5e57",
   "metadata": {},
   "outputs": [
    {
     "name": "stdout",
     "output_type": "stream",
     "text": [
      " * postgresql+psycopg2://postgresadmin:***@localhost:5000/postgresdb\n",
      "Done.\n"
     ]
    },
    {
     "data": {
      "text/plain": [
       "[]"
      ]
     },
     "execution_count": 25,
     "metadata": {},
     "output_type": "execute_result"
    }
   ],
   "source": [
    "%sql DROP INDEX IF EXISTS idx_brin_telemetrys, idx_brin_drivers, idx_brin_sessions, idx_brin_laps;"
   ]
  },
  {
   "cell_type": "code",
   "execution_count": null,
   "id": "05f69bd4",
   "metadata": {},
   "outputs": [],
   "source": []
  },
  {
   "cell_type": "code",
   "execution_count": 33,
   "id": "d950c659",
   "metadata": {},
   "outputs": [
    {
     "data": {
      "image/png": "iVBORw0KGgoAAAANSUhEUgAAAq8AAAHFCAYAAADc5hA8AAAAOnRFWHRTb2Z0d2FyZQBNYXRwbG90bGliIHZlcnNpb24zLjEwLjMsIGh0dHBzOi8vbWF0cGxvdGxpYi5vcmcvZiW1igAAAAlwSFlzAAAPYQAAD2EBqD+naQAAM/dJREFUeJzt3Xd0VHXi/vFnSMgEQhJ6igYIRZGugFIUEikhNHHpq1QX+CJSpUUXJKAEVGIoCgtKURERQWVZgUU6Lh1BXGlCAqFJNSGACST394e/zDIkgQnOZHLh/TrnnsN87mfufWbMmfN485kbi2EYhgAAAAATKODuAAAAAICjKK8AAAAwDcorAAAATIPyCgAAANOgvAIAAMA0KK8AAAAwDcorAAAATIPyCgAAANOgvAIAAMA0KK8AgHxty5YtmjRpktLS0twdBUA+QHkFAORbJ06cUPv27fXoo4/Ky8vL3XEA5AMWwzAMd4cAAEibNm3Shg0bNHjwYPn7+7s7Tr7wzTffSJKee+45NycBkF9w5RXAfSstLU1hYWEqVqyY3n77bSUmJqpo0aLujpWt48ePq127dvL19XW4uJYrV049e/a0Pd6wYYMsFos2bNjgmpBu8Nxzzzm9uGb3PvXs2VPlypVz6nkAuAblFUAW8+fPl8VisW3e3t4KDg5WRESEpk2bpitXrrg7okO+++47nT17VqNHj1ZcXJzKli2rv/3tb049x63v1ZYtW7LsNwxDISEhslgsat26dbbHuHHjhjp37qyePXtq6NChTs1nduPGjZPFYtGFCxfcHQVAPuHp7gAA8q/x48crNDRUN27c0NmzZ7VhwwYNGTJEsbGxWr58uWrUqOHuiHf0zDPPaNOmTSpdurSGDRumixcvKjAw0CXn8vb21meffaann37abnzjxo06efKkrFZrjs/973//qy5dumjw4MF/KkOjRo10/fp11obegzlz5igjI8PdMQA4gPIKIEeRkZGqU6eO7XFUVJTWrVun1q1bq23btjpw4IAKFSr0p89z8+ZNZWRkOL10+fr6ytfXV5JUsGBBlxVXSWrZsqWWLFmiadOmydPzfx+tn332mWrXrn3HK4e1atVSrVq1/nSGAgUKyNvb+08fJ69du3ZNhQsXdmuGggULuvX8ABzHsgEAufLss89qzJgxOn78uD799FPbeFhYmMLCwrLMv30tYUJCgiwWi959913FxcWpQoUKslqt+vnnn5WWlqaxY8eqdu3a8vf3l4+Pj5555hmtX78+y3EzMjI0depUVa9eXd7e3ipVqpRatGihXbt22eZ89NFHevbZZ1W6dGlZrVZVqVJFM2fOzPZ1ffDBB6pataqsVquCg4M1YMAA/fbbbw6/L127dtXFixe1Zs0a21haWpq+/PJL/fWvf832ORkZGYqLi1PVqlXl7e2tgIAA9evXT5cvX7abZxiG3nzzTT388MMqXLiwwsPD9d///jfL8bJby7l582Z17NhRZcqUkdVqVUhIiIYOHarr16/f9TVlLonYtGmT+vXrpxIlSsjPz0/du3fPklFy7D0MCwtTtWrVtHv3bjVq1EiFCxfWa6+9dtcs2R3j559/Vnh4uAoXLqyHHnpIb7/9dpa5J0+eVLt27eTj46PSpUtr6NChSk1NzTIvuzWvjvyMSdKnn36q2rVrq1ChQipevLi6dOmixMTEXL0mAI6jvALItW7dukmS/v3vf9/zMebNm6fp06erb9++mjJliooXL67k5GR9+OGHCgsL0+TJkzVu3DidP39eERER2rt3r93zX3rpJQ0ZMkQhISGaPHmyRo8eLW9vb23bts0254MPPlC5cuX02muvacqUKQoJCdHLL7+s999/3+5Y48aN04ABAxQcHKwpU6aoffv2+sc//qHmzZvrxo0bDr2ecuXKqX79+lq0aJFtbOXKlUpKSlKXLl2yfU6/fv00YsQINWzYUFOnTlWvXr20cOFCRURE2J137NixGjNmjGrWrKl33nlH5cuXV/PmzXX16tW75lqyZImuXbum/v37a/r06YqIiND06dPVvXt3h16XJL3yyis6cOCAxo0bp+7du2vhwoVq166dbr1ZTW7ew4sXLyoyMlK1atVSXFycwsPDHc6S6fLly2rRooVq1qypKVOmqHLlyho1apRWrlxpm3P9+nU1adJEq1ev1iuvvKLXX39dmzdv1siRIx06hyM/Y2+99Za6d++uSpUqKTY2VkOGDNHatWvVqFGjXP3PD4BcMADgNvPmzTMkGTt37sxxjr+/v/H444/bHjdu3Nho3Lhxlnk9evQwypYta3scHx9vSDL8/PyMc+fO2c29efOmkZqaajd2+fJlIyAgwOjdu7dtbN26dYYkY9CgQVnOl5GRYfv31atXs+yPiIgwypcvb3t87tw5w8vLy2jevLmRnp5uG58xY4YhyZg7d242r/5/bn2vZsyYYfj6+hrXrl0zDMMwOnbsaISHhxuGYRhly5Y1WrVqZXve5s2bDUnGwoUL7Y63atUqu/HMfK1atbJ7ba+99pohyejRo4dtbP369YYkY/369baxzCy3iomJMSwWi3H8+HGHXlvt2rWNtLQ02/jbb79tSDK++eYbu4yOvIeNGzc2JBmzZs2647kzvfHGG4Yk4/z581mO8fHHH9vGUlNTjcDAQKN9+/a2sbi4OEOS8cUXX9jGrl69alSsWDHL+3T7z6kjP2MJCQmGh4eH8dZbb9nt379/v+Hp6ZllHIBzcOUVwD0pUqTIn7rrQPv27VWqVCm7MQ8PD9u614yMDF26dEk3b95UnTp1tGfPHtu8pUuXymKx6I033shyXIvFYvv3resok5KSdOHCBTVu3FjHjh1TUlKSpD/uSJCWlqYhQ4aoQIH/fST26dNHfn5++te//uXwa+rUqZOuX7+uFStW6MqVK1qxYkWOSwaWLFkif39/NWvWTBcuXLBttWvXVpEiRWxLJTLzDRw40O61DRkyxKFMt65Jvnr1qi5cuKAGDRrIMAz98MMPDh2jb9++dmtC+/fvL09PT3377bd2GR19D61Wq3r16uXQuXNSpEgRvfjii7bHXl5eevLJJ3Xs2DHb2LfffqugoCB16NDBNla4cGH17dv3rsd35Gds2bJlysjIUKdOnez+GwYGBqpSpUrZLncB8OfxhS0A9yQlJUWlS5e+5+eHhoZmO75gwQJNmTJFBw8etPt1863zjx49quDgYBUvXvyO5/j+++/1xhtvaOvWrbp27ZrdvqSkJPn7++v48eOSpEcffdRuv5eXl8qXL2/b74hSpUqpadOm+uyzz3Tt2jWlp6fbFadbHTlyRElJSTm+h+fOnZMk2/krVaqU5VzFihW7a6YTJ05o7NixWr58eZZ1qpkF/m5uP3eRIkUUFBSkhIQEu4yOvocPPfTQn/5y3sMPP2xX5iWpWLFi+vHHH22Pjx8/rooVK2aZd3vO7DjyM3bkyBEZhpHl/cnEl8AA16C8Asi1kydPKikpSRUrVrSNWSwWuzWQmdLT07M9RnZ3Kfj000/Vs2dPtWvXTiNGjFDp0qXl4eGhmJgYHT16NFcZjx49qiZNmqhy5cqKjY1VSEiIvLy89O233+q9995z2W2R/vrXv6pPnz46e/asIiMjc/yjCBkZGSpdurQWLlyY7f7br0rfi/T0dDVr1kyXLl3SqFGjVLlyZfn4+OjUqVPq2bOn224N5Yw7VHh4eGQ7nt3PoKtkZGTIYrFo5cqV2eYpUqRInmUBHiSUVwC59sknn0iSIiIibGPFihWz+5Vtptxcufzyyy9Vvnx5LVu2zO5q2e2/uq1QoYJWr16tS5cu5Xhl7J///KdSU1O1fPlylSlTxjZ++69yy5YtK0k6dOiQypcvbxtPS0tTfHy8mjZt6nB+SXr++efVr18/bdu2TYsXL85xXoUKFfTdd9+pYcOGdyxzmfmOHDlil+/8+fPZfuP/Vvv379fhw4e1YMECuy9o3XpHBEccOXLE7ktVKSkpOnPmjFq2bGmX0VnvobOULVtWP/30kwzDsPt5OnTo0F2f68jPWIUKFWQYhkJDQ/XII484LTeAO2PNK4BcWbdunSZMmKDQ0FC98MILtvEKFSro4MGDOn/+vG1s3759+v777x0+dubVq1uvnm3fvl1bt261m9e+fXsZhqHo6Ogsx8h8bnbHSkpK0rx58+zmN23aVF5eXpo2bZrd3I8++khJSUlq1aqVw/mlP662zZw5U+PGjVObNm1ynNepUyelp6drwoQJWfbdvHnT9k31pk2bqmDBgpo+fbpdvri4uLtmye49MAxDU6dOdfDV/GH27Nl2SzhmzpypmzdvKjIy0pbRme+hs7Rs2VKnT5/Wl19+aRu7du2aZs+efdfnOvIz9pe//EUeHh6Kjo7OcsXXMAxdvHjxT74CANnhyiuAHK1cuVIHDx7UzZs39euvv2rdunVas2aNypYtq+XLl9vdEL93796KjY1VRESEXnrpJZ07d06zZs1S1apVlZyc7ND5WrdurWXLlun5559Xq1atFB8fr1mzZqlKlSpKSUmxzQsPD1e3bt00bdo0HTlyRC1atFBGRoY2b96s8PBwvfLKK2revLm8vLzUpk0b9evXTykpKZozZ45Kly6tM2fO2I5VqlQpRUVFKTo6Wi1atFDbtm116NAhffDBB6pbt67dl4Ic1aNHj7vOady4sfr166eYmBjt3btXzZs3V8GCBXXkyBEtWbJEU6dOVYcOHVSqVCkNHz5cMTExat26tVq2bKkffvhBK1euVMmSJe94jsqVK6tChQoaPny4Tp06JT8/Py1duvSuV2xvl5aWpiZNmqhTp0629+bpp59W27ZtJbnmPXSGPn36aMaMGerevbt2796toKAgffLJJw79QQRHfsYqVKigN998U1FRUUpISFC7du3k6+ur+Ph4ffXVV+rbt6+GDx+eB68UeMDk8d0NAJhA5i2SMjcvLy8jMDDQaNasmTF16lQjOTk52+d9+umnRvny5Q0vLy+jVq1axurVq3O8VdY777yT5fkZGRnGxIkTjbJlyxpWq9V4/PHHjRUrVmQ5hmH8cVutd955x6hcubItZ2RkpLF7927bnOXLlxs1atQwvL29jXLlyhmTJ0825s6da0gy4uPj7Y43Y8YMo3LlykbBggWNgIAAo3///sbly5cdfq/udFsxw8h6q6xMs2fPNmrXrm0UKlTI8PX1NapXr26MHDnSOH36tG1Oenq6ER0dbQQFBRmFChUywsLCjJ9++skoW7bsXW+V9fPPPxtNmzY1ihQpYpQsWdLo06ePsW/fPkOSMW/ePIde28aNG42+ffsaxYoVM4oUKWK88MILxsWLF7PMd+Q9bNy4sVG1atU7nvdWOd0qK7tjZPdzcvz4caNt27ZG4cKFjZIlSxqDBw+23Y7sTrfKMgz7nzEvLy+jVKlSWX7GDMMwli5dajz99NOGj4+P4ePjY1SuXNkYMGCAcejQIYdfJwDHWQwjD1e3A4ALbNmyRaNGjcrVEgXc3fz589WrVy/t3LnT7s8EA4A7seYVgOk9/fTTOnDgQLZfGAMA3F9Y8wrAtM6fP6+5c+dK+uPLWLeuiwUA3J8orwBMKz09XdOmTdPly5f14osvqkaNGu6OBABwMda8AgAAwDRY8woAAADTuO+XDWRkZOj06dPy9fXN8vetAQAA4H6GYejKlSsKDg5WgQJ3vrZ635fX06dPKyQkxN0xAAAAcBeJiYl6+OGH7zjnvi+vvr6+kv54M/z8/NycBgAAALdLTk5WSEiIrbfdyX1fXjOXCvj5+VFeAQAA8jFHlnjyhS0AAACYBuUVAAAApkF5BQAAgGlQXgEAAGAalFcAAACYBuUVAAAApkF5BQAAgGlQXgEAAGAalFcAAACYBuUVAAAApkF5BQAAgGlQXgEAAGAalFcAAACYBuUVAAAApkF5BQAAgGm4vbxu2rRJbdq0UXBwsCwWi77++usc5/7f//2fLBaL4uLi8iwfAAAA8g9Pdwe4evWqatasqd69e+svf/lLjvO++uorbdu2TcHBwXmYDgCQnU6L+7s7AgAX+6LzTHdHyJbby2tkZKQiIyPvOOfUqVMaOHCgVq9erVatWuVRMgAAAOQ3bi+vd5ORkaFu3bppxIgRqlq16l3np6amKjU11fY4OTnZlfEAAACQh9y+5vVuJk+eLE9PTw0aNMih+TExMfL397dtISEhLk4IAACAvJKvy+vu3bs1depUzZ8/XxaLxaHnREVFKSkpybYlJia6OCUAAADySr4ur5s3b9a5c+dUpkwZeXp6ytPTU8ePH9err76qcuXKZfscq9UqPz8/uw0AAAD3h3y95rVbt25q2rSp3VhERIS6deumXr16uSkVAAAA3MXt5TUlJUW//PKL7XF8fLz27t2r4sWLq0yZMipRooTd/IIFCyowMFCPPvpoXkcFAACAm7m9vO7atUvh4eG2x8OGDZMk9ejRQ/Pnz3dTKgAAAORHbi+vYWFhMgzD4fkJCQmuCwMAAIB8LV9/YQsAAAC4FeUVAAAApkF5BQAAgGlQXgEAAGAabv/C1v2qzavfuDsCABf755Tn3B0BAB44XHkFAACAaVBeAQAAYBqUVwAAAJgG5RUAAACmQXkFAACAaVBeAQAAYBqUVwAAAJgG5RUAAACmQXkFAACAaVBeAQAAYBqUVwAAAJgG5RUAAACmQXkFAACAaVBeAQAAYBqUVwAAAJgG5RUAAACmQXkFAACAaVBeAQAAYBqUVwAAAJgG5RUAAACmQXkFAACAaVBeAQAAYBqUVwAAAJgG5RUAAACmQXkFAACAaVBeAQAAYBqUVwAAAJgG5RUAAACmQXkFAACAaVBeAQAAYBqUVwAAAJgG5RUAAACmQXkFAACAaVBeAQAAYBqUVwAAAJgG5RUAAACm4fbyumnTJrVp00bBwcGyWCz6+uuvbftu3LihUaNGqXr16vLx8VFwcLC6d++u06dPuy8wAAAA3Mbt5fXq1auqWbOm3n///Sz7rl27pj179mjMmDHas2ePli1bpkOHDqlt27ZuSAoAAAB383R3gMjISEVGRma7z9/fX2vWrLEbmzFjhp588kmdOHFCZcqUyYuIAAAAyCfcXl5zKykpSRaLRUWLFs12f2pqqlJTU22Pk5OT8ygZAAAAXM3tywZy4/fff9eoUaPUtWtX+fn5ZTsnJiZG/v7+ti0kJCSPUwIAAMBVTFNeb9y4oU6dOskwDM2cOTPHeVFRUUpKSrJtiYmJeZgSAAAArmSKZQOZxfX48eNat25djlddJclqtcpqteZhOgAAAOSVfF9eM4vrkSNHtH79epUoUcLdkQAAAOAmbi+vKSkp+uWXX2yP4+PjtXfvXhUvXlxBQUHq0KGD9uzZoxUrVig9PV1nz56VJBUvXlxeXl7uig0AAAA3cHt53bVrl8LDw22Phw0bJknq0aOHxo0bp+XLl0uSatWqZfe89evXKywsLK9iAgAAIB9we3kNCwuTYRg57r/TPgAAADxYTHO3AQAAAIDyCgAAANOgvAIAAMA0KK8AAAAwDcorAAAATIPyCgAAANOgvAIAAMA0KK8AAAAwDcorAAAATIPyCgAAANOgvAIAAMA0KK8AAAAwDcorAAAATIPyCgAAANOgvAIAAMA0KK8AAAAwDcorAAAATIPyCgAAANOgvAIAAMA0KK8AAAAwDcorAAAATIPyCgAAANOgvAIAAMA0KK8AAAAwDcorAAAATIPyCgAAANOgvAIAAMA0KK8AAAAwDcorAAAATIPyCgAAANOgvAIAAMA0KK8AAAAwDcorAAAATIPyCgAAANOgvAIAAMA0KK8AAAAwDcorAAAATIPyCgAAANOgvAIAAMA0KK8AAAAwDcorAAAATMPt5XXTpk1q06aNgoODZbFY9PXXX9vtNwxDY8eOVVBQkAoVKqSmTZvqyJEj7gkLAAAAt3J7eb169apq1qyp999/P9v9b7/9tqZNm6ZZs2Zp+/bt8vHxUUREhH7//fc8TgoAAAB383R3gMjISEVGRma7zzAMxcXF6e9//7uee+45SdLHH3+sgIAAff311+rSpUteRgUAAICbuf3K653Ex8fr7Nmzatq0qW3M399fTz31lLZu3Zrtc1JTU5WcnGy3AQAA4P6Qr8vr2bNnJUkBAQF24wEBAbZ9t4uJiZG/v79tCwkJcXlOAAAA5I18XV7vRVRUlJKSkmxbYmKiuyMBAADASfJ1eQ0MDJQk/frrr3bjv/76q23f7axWq/z8/Ow2AAAA3B/ydXkNDQ1VYGCg1q5daxtLTk7W9u3bVb9+fTcmAwAAgDu4/W4DKSkp+uWXX2yP4+PjtXfvXhUvXlxlypTRkCFD9Oabb6pSpUoKDQ3VmDFjFBwcrHbt2rkvNAAAANzC7eV1165dCg8Ptz0eNmyYJKlHjx6aP3++Ro4cqatXr6pv37767bff9PTTT2vVqlXy9vZ2V2QAAAC4idvLa1hYmAzDyHG/xWLR+PHjNX78+DxMBQAAgPwoX695BQAAAG5FeQUAAIBpUF4BAABgGpRXAAAAmAblFQAAAKZBeQUAAIBpUF4BAABgGpRXAAAAmAblFQAAAKZBeQUAAIBp3NOfhz158qSWL1+uEydOKC0tzW5fbGysU4IBAAAAt8t1eV27dq3atm2r8uXL6+DBg6pWrZoSEhJkGIaeeOIJV2QEAAAAJN3DsoGoqCgNHz5c+/fvl7e3t5YuXarExEQ1btxYHTt2dEVGAAAAQNI9lNcDBw6oe/fukiRPT09dv35dRYoU0fjx4zV58mSnBwQAAAAy5bq8+vj42Na5BgUF6ejRo7Z9Fy5ccF4yAAAA4Da5XvNar149bdmyRY899phatmypV199Vfv379eyZctUr149V2QEAAAAJN1DeY2NjVVKSookKTo6WikpKVq8eLEqVarEnQYAAADgUrkur+XLl7f928fHR7NmzXJqIAAAACAn/JECAAAAmIZDV16LFy+uw4cPq2TJkipWrJgsFkuOcy9duuS0cAAAAMCtHCqv7733nnx9fSVJcXFxrswDAAAA5Mih8tqjR49s/w0AAADkJYfKa3JyssMH9PPzu+cwAAAAwJ04VF6LFi16x3Wut0pPT/9TgQAAAICcOFRe169fb/t3QkKCRo8erZ49e6p+/fqSpK1bt2rBggWKiYlxTUoAAABADpbXxo0b2/49fvx4xcbGqmvXrraxtm3bqnr16po9ezZrYgEAAOAyub7P69atW1WnTp0s43Xq1NGOHTucEgoAAADITq7La0hIiObMmZNl/MMPP1RISIhTQgEAAADZyfWfh33vvffUvn17rVy5Uk899ZQkaceOHTpy5IiWLl3q9IAAAABAplxfeW3ZsqUOHz6sNm3a6NKlS7p06ZLatGmjw4cPq2XLlq7ICAAAAEi6hyuv0h9LByZOnOjsLAAAAMAd5frKqyRt3rxZL774oho0aKBTp05Jkj755BNt2bLFqeEAAACAW921vG7fvl03btywPV66dKkiIiJUqFAh7dmzR6mpqZKkpKQkrsYCAADApRwqr82bN9eVK1ckSW+++aZmzZqlOXPmqGDBgrZ5DRs21J49e1yXFAAAAA+8u655HTRokG7cuKHGjRtrz549OnTokBo1apRlnr+/v3777TdXZAQAAAAkOfiFrVdffdX2p2ADAwP1yy+/qFy5cnZztmzZovLlyzs9IAAAAJDJ4S9sNWjQQJLUp08fDR48WNu3b5fFYtHp06e1cOFCDR8+XP3793dZUAAAACDXt8oaPXq0MjIy1KRJE127dk2NGjWS1WrV8OHDNXDgQFdkBAAAACTdQ3m1WCx6/fXXNWLECP3yyy9KSUlRlSpVVKRIEVfkAwAAAGzu6Y8USJKXl5eqVKnizCwAAADAHTlcXnv37u3QvLlz595zGAAAAOBOHP7C1vz587V+/Xr99ttvunz5co6bs6Wnp2vMmDEKDQ1VoUKFVKFCBU2YMEGGYTj9XAAAAMjfHL7y2r9/fy1atEjx8fHq1auXXnzxRRUvXtyV2SRJkydP1syZM7VgwQJVrVpVu3btUq9eveTv769Bgwa5/PwAAADIPxy+8vr+++/rzJkzGjlypP75z38qJCREnTp10urVq116FfQ///mPnnvuObVq1UrlypVThw4d1Lx5c+3YscNl5wQAAED+5HB5lSSr1aquXbtqzZo1+vnnn1W1alW9/PLLKleunFJSUlwSsEGDBlq7dq0OHz4sSdq3b5+2bNmiyMjIbOenpqYqOTnZbgMAAMD94Z7vNlCgQAFZLBYZhqH09HRnZrIzevRoJScnq3LlyvLw8FB6erreeustvfDCC9nOj4mJUXR0tMvyAAAAwH1ydeU1NTVVixYtUrNmzfTII49o//79mjFjhk6cOOGy+7x+8cUXWrhwoT777DPt2bNHCxYs0LvvvqsFCxZkOz8qKkpJSUm2LTEx0SW5AAAAkPccvvL68ssv6/PPP1dISIh69+6tRYsWqWTJkq7MJkkaMWKERo8erS5dukiSqlevruPHjysmJkY9evTIMt9qtcpqtbo8FwAAAPKew+V11qxZKlOmjMqXL6+NGzdq48aN2c5btmyZ08JJ0rVr11SggP0FYg8PD2VkZDj1PAAAAMj/HC6v3bt3l8VicWWWbLVp00ZvvfWWypQpo6pVq+qHH35QbGysw380AQAAAPcPh8vr/PnzXRgjZ9OnT9eYMWP08ssv69y5cwoODla/fv00duxYt+QBAACA+9zz3Qbyiq+vr+Li4hQXF+fuKAAAAHCzXN1tAAAAAHAnyisAAABMg/IKAAAA06C8AgAAwDTu6QtbR48eVVxcnA4cOCBJqlKligYPHqwKFSo4NRwAAABwq1xfeV29erWqVKmiHTt2qEaNGqpRo4a2b9+uqlWras2aNa7ICAAAAEi6hyuvo0eP1tChQzVp0qQs46NGjVKzZs2cFg4AAAC4Va6vvB44cEAvvfRSlvHevXvr559/dkooAAAAIDu5Lq+lSpXS3r17s4zv3btXpUuXdkYmAAAAIFu5XjbQp08f9e3bV8eOHVODBg0kSd9//70mT56sYcOGOT0gAAAAkCnX5XXMmDHy9fXVlClTFBUVJUkKDg7WuHHjNGjQIKcHBAAAADLlurxaLBYNHTpUQ4cO1ZUrVyRJvr6+Tg8GAAAA3O6e7vOaidIKAACAvHRP5fXLL7/UF198oRMnTigtLc1u3549e5wSDAAAALidQ3cbaN26tf71r39JkqZNm6ZevXopICBAP/zwg5588kmVKFFCx44dU2RkpEvDAgAA4MHmUHl99913bV/G+uCDDzR79mxNnz5dXl5eGjlypNasWaNBgwYpKSnJpWEBAADwYHOovMbGxqpz586SpBMnTthukVWoUCHbl7a6deumRYsWuSgmAAAA4GB5XbZsmSpWrChJCgwM1KVLlyRJZcqU0bZt2yRJ8fHxMgzDRTEBAAAAB8vrihUrdOzYMUnSs88+q+XLl0uSevXqpaFDh6pZs2bq3Lmznn/+edclBQAAwAPPobsN1KtXT/Xq1ZMkzZ49WxkZGZKkAQMGqESJEvrPf/6jtm3bql+/fq5LCgAAgAderm+VVaBAARUo8L8Ltl26dFGXLl2cGgoAAADIjkPLBm41b948LVmyJMv4kiVLtGDBAqeEAgAAALKT6/IaExOjkiVLZhkvXbq0Jk6cqPXr12vo0KH67rvvnBIQAAAAyJTr8nrixAmFhoZmGS9btqyOHDmiL774Qunp6XrxxRedEhAAAADIlOvyWrp0af34449Zxvft26fg4GDNnDlTgwcP1vXr150SEAAAAMiU6/LatWtXDRo0SOvXr1d6errS09O1bt06DR482PbFrVKlStnu/woAAAA4S67vNjBhwgQlJCSoSZMm8vT84+kZGRnq3r27Jk6cKEny8/OTn5+fc5MCAADggZfr8url5aXFixdrwoQJ2rdvnwoVKqTq1aurbNmyrsgHAAAA2OS6vGZ65JFH9MgjjzgzCwAAAHBH91ReT548qeXLl+vEiRNKS0uz2xcbG+uUYAAAAMDtcl1e165dq7Zt26p8+fI6ePCgqlWrpoSEBBmGoSeeeMIVGQEAAABJ93C3gaioKA0fPlz79++Xt7e3li5dqsTERDVu3FgdO3Z0RUYAAABA0j2U1wMHDqh79+6SJE9PT12/fl1FihTR+PHjNXnyZKcHBAAAADLlurz6+PjY1rkGBQXp6NGjtn0XLlxwXjIAAADgNrle81qvXj1t2bJFjz32mFq2bKlXX31V+/fv17Jly1SvXj1XZAQAAAAk3UN5jY2NVUpKiiQpOjpaKSkpWrx4sSpVqsSdBgAAAOBSuSqv6enpOnnypGrUqCHpjyUEs2bNckkwAAAA4Ha5WvPq4eGh5s2b6/Lly67KAwAAAOQo11/Yqlatmo4dO+aKLAAAAMAd5bq8vvnmmxo+fLhWrFihM2fOKDk52W4DAAAAXCXXX9hq2bKlJKlt27ayWCy2ccMwZLFYlJ6e7rx0AAAAwC1yXV7Xr1/vihx3dOrUKY0aNUorV67UtWvXVLFiRc2bN0916tTJ8ywAAABwn1yX18aNG7siR44uX76shg0bKjw8XCtXrlSpUqV05MgRFStWLE9zAAAAwP1yXV43bdp0x/2NGjW65zDZmTx5skJCQjRv3jzbWGhoqFPPAQAAAHPIdXkNCwvLMnbr2ldnr3ldvny5IiIi1LFjR23cuFEPPfSQXn75ZfXp0yfb+ampqUpNTbU95ktkAAAA949c323g8uXLdtu5c+e0atUq1a1bV//+97+dHvDYsWOaOXOmKlWqpNWrV6t///4aNGiQFixYkO38mJgY+fv727aQkBCnZwIAAIB75PrKq7+/f5axZs2aycvLS8OGDdPu3budEixTRkaG6tSpo4kTJ0qSHn/8cf3000+aNWuWevTokWV+VFSUhg0bZnucnJxMgQUAALhP5PrKa04CAgJ06NAhZx3OJigoSFWqVLEbe+yxx3TixIls51utVvn5+dltAAAAuD/k+srrjz/+aPfYMAydOXNGkyZNUq1atZyVy6Zhw4ZZSvHhw4dVtmxZp58LAAAA+Vuuy2utWrVksVhkGIbdeL169TR37lynBcs0dOhQNWjQQBMnTlSnTp20Y8cOzZ49W7Nnz3b6uQAAAJC/5bq8xsfH2z0uUKCASpUqJW9vb6eFulXdunX11VdfKSoqSuPHj1doaKji4uL0wgsvuOR8AAAAyL9yXV7d8ev61q1bq3Xr1nl+XgAAAOQvuSqvGRkZmj9/vpYtW6aEhARZLBaFhoaqQ4cO6tatm939XgEAAABnc/huA4ZhqG3btvrb3/6mU6dOqXr16qpataqOHz+unj176vnnn3dlTgAAAMDxK6/z58/Xpk2btHbtWoWHh9vtW7dundq1a6ePP/5Y3bt3d3pIAAAAQMrFlddFixbptddey1JcJenZZ5/V6NGjtXDhQqeGAwAAAG7lcHn98ccf1aJFixz3R0ZGat++fU4JBQAAAGTH4fJ66dIlBQQE5Lg/ICBAly9fdkooAAAAIDsOl9f09HR5eua8RNbDw0M3b950SigAAAAgOw5/YcswDPXs2VNWqzXb/ampqU4LBQAAAGTH4fLao0ePu87hTgMAAABwJYfL67x581yZAwAAALgrh9e8AgAAAO5GeQUAAIBpUF4BAABgGpRXAAAAmAblFQAAAKZBeQUAAIBpUF4BAABgGpRXAAAAmAblFQAAAKZBeQUAAIBpUF4BAABgGpRXAAAAmAblFQAAAKZBeQUAAIBpUF4BAABgGpRXAAAAmAblFQAAAKZBeQUAAIBpUF4BAABgGpRXAAAAmAblFQAAAKZBeQUAAIBpUF4BAABgGpRXAAAAmAblFQAAAKZBeQUAAIBpUF4BAABgGpRXAAAAmAblFQAAAKZBeQUAAIBpUF4BAABgGqYrr5MmTZLFYtGQIUPcHQUAAAB5zFTldefOnfrHP/6hGjVquDsKAAAA3MA05TUlJUUvvPCC5syZo2LFirk7DgAAANzANOV1wIABatWqlZo2bXrHeampqUpOTrbbAAAAcH/wdHcAR3z++efas2ePdu7cede5MTExio6OzoNUAAAAyGv5/sprYmKiBg8erIULF8rb2/uu86OiopSUlGTbEhMT8yAlAAAA8kK+v/K6e/dunTt3Tk888YRtLD09XZs2bdKMGTOUmpoqDw8P2z6r1Sqr1eqOqAAAAHCxfF9emzRpov3799uN9erVS5UrV9aoUaPsiisAAADub/m+vPr6+qpatWp2Yz4+PipRokSWcQAAANzf8v2aVwAAACBTvr/ymp0NGza4OwIAAADcgCuvAAAAMA3KKwAAAEyD8goAAADToLwCAADANCivAAAAMA3KKwAAAEyD8goAAADToLwCAADANCivAAAAMA3KKwAAAEyD8goAAADToLwCAADANCivAAAAMA3KKwAAAEyD8goAAADToLwCAADANCivAAAAMA3KKwAAAEyD8goAAADToLwCAADANCivAAAAMA3KKwAAAEyD8goAAADToLwCAADANCivAAAAMA3KKwAAAEyD8goAAADToLwCAADANCivAAAAMA3KKwAAAEyD8goAAADToLwCAADANCivAAAAMA3KKwAAAEyD8goAAADToLwCAADANCivAAAAMA3KKwAAAEyD8goAAADToLwCAADANPJ9eY2JiVHdunXl6+ur0qVLq127djp06JC7YwEAAMAN8n153bhxowYMGKBt27ZpzZo1unHjhpo3b66rV6+6OxoAAADymKe7A9zNqlWr7B7Pnz9fpUuX1u7du9WoUSM3pQIAAIA75PvyerukpCRJUvHixbPdn5qaqtTUVNvj5OTkPMkFAAAA18v3ywZulZGRoSFDhqhhw4aqVq1atnNiYmLk7+9v20JCQvI4JQAAAFzFVOV1wIAB+umnn/T555/nOCcqKkpJSUm2LTExMQ8TAgAAwJVMs2zglVde0YoVK7Rp0yY9/PDDOc6zWq2yWq15mAwAAAB5Jd+XV8MwNHDgQH311VfasGGDQkND3R0JAAAAbpLvy+uAAQP02Wef6ZtvvpGvr6/Onj0rSfL391ehQoXcnA4AAAB5Kd+veZ05c6aSkpIUFhamoKAg27Z48WJ3RwMAAEAey/dXXg3DcHcEAAAA5BP5/sorAAAAkInyCgAAANOgvAIAAMA0KK8AAAAwDcorAAAATIPyCgAAANOgvAIAAMA0KK8AAAAwDcorAAAATIPyCgAAANOgvAIAAMA0KK8AAAAwDcorAAAATIPyCgAAANOgvAIAAMA0KK8AAAAwDcorAAAATIPyCgAAANOgvAIAAMA0KK8AAAAwDcorAAAATIPyCgAAANOgvAIAAMA0KK8AAAAwDcorAAAATIPyCgAAANOgvAIAAMA0KK8AAAAwDcorAAAATIPyCgAAANOgvAIAAMA0KK8AAAAwDcorAAAATIPyCgAAANOgvAIAAMA0KK8AAAAwDcorAAAATIPyCgAAANOgvAIAAMA0KK8AAAAwDcorAAAATMM05fX9999XuXLl5O3traeeeko7duxwdyQAAADkMVOU18WLF2vYsGF64403tGfPHtWsWVMRERE6d+6cu6MBAAAgD5mivMbGxqpPnz7q1auXqlSpolmzZqlw4cKaO3euu6MBAAAgD3m6O8DdpKWlaffu3YqKirKNFShQQE2bNtXWrVuzzE9NTVVqaqrtcVJSkiQpOTnZ9WFvcSP1Wp6eD0Dey+vPlfzkxrU0d0cA4GJ5+RmXeS7DMO46N9+X1wsXLig9PV0BAQF24wEBATp48GCW+TExMYqOjs4yHhIS4rKMAB5M/u+7OwEAuI5/77z/DfeVK1fk7+9/xzn5vrzmVlRUlIYNG2Z7nJGRoUuXLqlEiRKyWCxuTIb7WXJyskJCQpSYmCg/Pz93xwEAp+IzDq5mGIauXLmi4ODgu87N9+W1ZMmS8vDw0K+//mo3/uuvvyowMDDLfKvVKqvVajdWtGhRV0YEbPz8/PhgB3Df4jMOrnS3K66Z8v0Xtry8vFS7dm2tXbvWNpaRkaG1a9eqfv36bkwGAACAvJbvr7xK0rBhw9SjRw/VqVNHTz75pOLi4nT16lX16tXL3dEAAACQh0xRXjt37qzz589r7NixOnv2rGrVqqVVq1Zl+RIX4C5Wq1VvvPFGliUrAHA/4DMO+YnFcOSeBAAAAEA+kO/XvAIAAACZKK8AAAAwDcorAAAATIPyCgAAANOgvAIAAMA0KK94IPXs2VMWi8W2lShRQi1atNCPP/6o+fPn2+3LbktISNC4ceNsjz08PBQSEqK+ffvq0qVLducqV65ctseYNGmSJCkhISHH82zbts0dbw+A+9SdPvsy3brfz89PdevW1TfffGN3nPnz59v99crMz80WLVrYzfvtt99ksVi0YcMGV74sPGAor3hgtWjRQmfOnNGZM2e0du1aeXp6qnXr1urcubNt/MyZM6pfv7769OljNxYSEiJJqlq1qs6cOaMTJ05o3rx5WrVqlfr375/lXOPHj7d7/pkzZzRw4EC7Od99912WObVr186T9wLAgyOnz75bzZs3T2fOnNGuXbvUsGFDdejQQfv377/jcT09PfXdd99p/fr1rowPmOOPFACuYLVaFRgYKEkKDAzU6NGj9cwzzyglJcU2Lv3xJ4oLFy5sN5bJ09PTNv7QQw+pY8eOmjdvXpZ5vr6+2T7/ViVKlLjrHAD4s3L67Dt//rxKlSolSSpatKgCAwMVGBioCRMmaOrUqVq/fr2qV6+e43F9fHzUqVMnjR49Wtu3b8+T14IHE1deAUkpKSn69NNPVbFiRZUoUeKejpGQkKDVq1fLy8vLyekAwDXu9tl38+ZNffTRR5Lk0GfbuHHjtH//fn355ZdOzwpk4sorHlgrVqxQkSJFJElXr15VUFCQVqxYoQIFHP9/uv3796tIkSJKT0/X77//LkmKjY3NMm/UqFH6+9//bje2cuVKPfPMM7bHDRo0yHLulJQUh7MAgCMc+ezr2rWrPDw8dP36dWVkZKhcuXLq1KnTXY8dHByswYMH6/XXX1e7du1c9RLwgOPKKx5Y4eHh2rt3r/bu3asdO3YoIiJCkZGROn78uMPHePTRR7V3717t3LlTo0aNUkRERJa1rJI0YsQI27kytzp16tjNWbx4cZY5AOBsjnz2vffee9q7d69WrlypKlWq6MMPP1Tx4sUdOv6oUaN0/vx5zZ0711UvAQ84yiseWD4+PqpYsaIqVqyounXr6sMPP9TVq1c1Z84ch4/h5eWlihUrqlq1apo0aZI8PDwUHR2dZV7JkiVt58rcChUqZDcnJCQkyxwAcDZHPvsCAwNVsWJFNW/eXPPmzVPnzp117tw5h45ftGhRRUVFKTo6WteuXXPVy8ADjPIK/H8Wi0UFChTQ9evX7/kYf//73/Xuu+/q9OnTTkwGAK5zt8++J598UrVr19Zbb73l8DEHDhyoAgUKaOrUqc6KCdiw5hUPrNTUVJ09e1aSdPnyZc2YMUMpKSlq06bNPR+zfv36qlGjhiZOnKgZM2bYxq9cuWI7V6bChQvLz8/P9vjixYtZ5hQtWlTe3t73nAcAbncvn31DhgzR888/r5EjR+qhhx666zm8vb0VHR2tAQMGOC03kIkrr3hgrVq1SkFBQQoKCtJTTz2lnTt3asmSJQoLC/tTxx06dKg+/PBDJSYm2sbGjh1rO1fmNnLkSLvnNW3aNMucr7/++k9lAYDb3ctnX4sWLRQaGpqrq689evRQ+fLlnZAYsGcxDMNwdwgAAADAEVx5BQAAgGlQXgEAAGAalFcAAACYBuUVAAAApkF5BQAAgGlQXgEAAGAalFcAAACYBuUVAAAApkF5BQAAgGlQXgEAAGAalFcAAACYxv8DJRmYTMFKcdYAAAAASUVORK5CYII=",
      "text/plain": [
       "<Figure size 800x500 with 1 Axes>"
      ]
     },
     "metadata": {},
     "output_type": "display_data"
    },
    {
     "name": "stderr",
     "output_type": "stream",
     "text": [
      "/tmp/ipykernel_1267810/1789485984.py:15: UserWarning: The palette list has more values (3) than needed (2), which may not be intended.\n",
      "  sns.boxplot(data=[duration_btree, duration_brin],\n"
     ]
    },
    {
     "data": {
      "image/png": "iVBORw0KGgoAAAANSUhEUgAAArYAAAHZCAYAAABzSXj+AAAAOnRFWHRTb2Z0d2FyZQBNYXRwbG90bGliIHZlcnNpb24zLjEwLjMsIGh0dHBzOi8vbWF0cGxvdGxpYi5vcmcvZiW1igAAAAlwSFlzAAAPYQAAD2EBqD+naQAAOGZJREFUeJzt3XlcVmX+//H3zY4sKgoCgkBiEuYyGWloLkmCe05q1lSipo1mjlqmaZk6+tXGXXOpxqVyvv0Sa9KxydJcWrS0MccMrWQUNxTLFFHc4Pz+6Ms93gKKCtxw8Xo+Hjym+5zrXOdznevcw9vDuc9tsyzLEgAAAFDBuTi7AAAAAKAkEGwBAABgBIItAAAAjECwBQAAgBEItgAAADACwRYAAABGINgCAADACARbAAAAGIFgCwBACTtz5owmTpyoXbt2ObsUoFKx8c1jAACUrJ49e0qS3n33Xbm4cA0JKCu82wAAKEHp6elq2rSpli9fTqgFyhjvOMAw48ePl81mK5N9tWnTRm3atLG/3rRpk2w2m1auXFli+zhw4IBsNpuWLVt2w9uuXLlS1apVU4sWLfTTTz9p4MCBmj17donVdi02m03jx48vk31VJM6ck7ISERGh0aNHy9PTs0T7jYyMVHJysv11/vtt06ZNJbofoCIj2ALl2LJly2Sz2ew/Xl5eCg0NVWJioubOnaszZ86UyH6OHj2q8ePHa+fOnSXSX3nxl7/8RQMHDlRISIhiYmL0/vvv68EHH3R2WTclMjLSfh64uLioWrVqatiwoQYOHKivv/7a2eUVm0lzUpT8f4xNnz7d2aUAlY6bswsAcH0TJ05UVFSULl26pGPHjmnTpk0aNmyYZs6cqdWrV6tRo0b2ti+++KJGjx59Q/0fPXpUEyZMUGRkpJo0aVLs7T755JMb2s/NiIiIUE5Ojtzd3W9425SUFNWuXVtubm46ceKE/Pz85OXlVQpVlo0mTZro2WeflfTbh5P27NmjlJQUvfHGGxo+fLhmzpzp5Aqvz7Q5caZWrVopJydHHh4ezi4FKDcItkAF0KFDB91999321y+88II2bNigzp07q2vXrtqzZ4+8vb0lSW5ubnJzK9239rlz51SlSpUy+YWaf6X6ZkRERNj/OzAwsKRKcpratWvrsccec1j2yiuv6NFHH9WsWbNUr149DRo0qET2dfbsWfn4+JRIX1cyZU5K6/jcCBcXF/5RAFyFWxGACur+++/XSy+9pPT0dC1fvty+vLB7bNetW6eWLVuqWrVq8vX1Vf369TVmzBhJv92nFxcXJ0nq27ev/c/d+fe0tmnTRnfeeaf+9a9/qVWrVqpSpYp926vvsc2Xm5urMWPGKDg4WD4+PuratasOHTrk0Obq+wXzXd1nUffY7t27V7169VJgYKC8vb1Vv359jR071r5+//79GjRokG6//XZ5e3urRo0a6tmzpw4cOFBgn//5z3/Us2dPBQQEqEqVKmrevLk+/PDDAu0Kc+HCBQ0fPlyBgYHy8/NT165ddfjw4ULbHjlyRP369VOtWrXk6empBg0aaMmSJcXaT1G8vb319ttvKyAgQJMnT1b+g26Kuv+ysOOZnJwsX19fpaWlqWPHjvLz89Mf/vAHSdLnn3+unj17qk6dOvL09FR4eLiGDx+unJycArWUlzmx2WwaMmSI/va3v6l+/fry8vJS06ZN9dlnnxVo++2336pDhw7y9/eXr6+v2rVrp6+++sqhTf4tQZs3b9bgwYMVFBSksLCwYtVydR9ffvmlRowYocDAQPn4+Kh79+46ceKEQ1vLsjRp0iSFhYWpSpUqatu2rb7//vsCfRY1x19//bU6duyo6tWry8fHR40aNdKcOXMc2uzdu1c9evRQQECAvLy8dPfdd2v16tU3NCagPOKKLVCBPf744xozZow++eQTDRgwoNA233//vTp37qxGjRpp4sSJ8vT01L59+/Tll19Kku644w5NnDhR48aN08CBA3XfffdJkuLj4+19/PLLL+rQoYN69+6txx57TLVq1bpmXZMnT5bNZtOoUaOUmZmp2bNnKyEhQTt37rRfWb4Vu3bt0n333Sd3d3cNHDhQkZGRSktL0z/+8Q9NnjxZ0m+/3Ldu3apHHnlEYWFh2r9/vxYtWqQ2bdooNTVVVapUkSQdP35c8fHxOnfunIYOHaoaNWrozTffVNeuXbVy5Up17979mrU8+eSTWr58uR599FHFx8drw4YN6tSpU4F2x48fV/Pmze2hKzAwUB999JH69++vrKwsDRs27KaPh6+vr7p3767FixcrNTVVDRo0uOE+Ll++rMTERLVs2VLTp0+3H5+UlBSdO3dOgwYNUo0aNbRt2zbNmzdPhw8fVkpKin378jQnkrR582a9++67Gjp0qDw9PbVgwQIlJSVp27ZtuvPOOyX99t6477775O/vr+eff17u7u567bXX1KZNG23evFnNmjVz6HPw4MEKDAzUuHHjdPbs2Rs+xpL0zDPPqHr16nr55Zd14MABzZ49W0OGDNG7775rbzNu3DhNmjRJHTt2VMeOHbVjxw61b99eFy9evG7/69atU+fOnRUSEqI//elPCg4O1p49e7RmzRr96U9/so+7RYsWql27tkaPHi0fHx+tWLFCDz74oN57771iHV+g3LIAlFtLly61JFnbt28vsk3VqlWt3/3ud/bXL7/8snXlW3vWrFmWJOvEiRNF9rF9+3ZLkrV06dIC61q3bm1JshYtWlToutatW9tfb9y40ZJk1a5d28rKyrIvX7FihSXJmjNnjn1ZRESE1adPn+v2uX///gK1tWrVyvLz87PS09Mdts3Ly7P/97lz5wr0vXXrVkuS9dZbb9mXDRs2zJJkff755/ZlZ86csaKioqzIyEgrNze3QD/5du7caUmyBg8e7LD80UcftSRZL7/8sn1Z//79rZCQEOvnn392aNu7d2+ratWqhdZ7pYiICKtTp05Frs+f51WrVlmW9d+52Lhxo0O7wo5nnz59LEnW6NGjC/RbWF1TpkyxbDabw/EvL3NiWZYlyZJkffPNN/Zl6enplpeXl9W9e3f7sgcffNDy8PCw0tLS7MuOHj1q+fn5Wa1atbIvy38ftmzZ0rp8+fI1921Z/z3G06ZNK9BHQkKCwzEZPny45erqap06dcqyLMvKzMy0PDw8rE6dOjm0GzNmjCXJ4T1z9RxfvnzZioqKsiIiIqxff/3VoaYr+2rXrp3VsGFD6/z58w7r4+PjrXr16l13fEB5xq0IQAXn6+t7zacjVKtWTZK0atUq5eXl3dQ+PD091bdv32K3f+KJJ+Tn52d/3aNHD4WEhOif//znTe3/SidOnNBnn32mfv36qU6dOg7rrrwF48orw5cuXdIvv/yi6OhoVatWTTt27LCv++c//6l77rlHLVu2tC/z9fXVwIEDdeDAAaWmphZZS/54hg4d6rD86quvlmXpvffeU5cuXWRZln7++Wf7T2Jiok6fPu1Q083w9fWVpFt6UkZh9+deeRzPnj2rn3/+WfHx8bIsS99++62k8jUn+e699141bdrU/rpOnTrq1q2bPv74Y+Xm5io3N1effPKJHnzwQd122232diEhIXr00Uf1xRdfKCsry6HPAQMGyNXV9br7vpaBAwc6HJP77rtPubm5Sk9PlyStX79eFy9e1DPPPOPQrjhX9L/99lvt379fw4YNs7/v8+X3dfLkSW3YsEG9evXSmTNn7OfhL7/8osTERP300086cuTILY0RcCaCLVDBZWdnO4TIqz388MNq0aKFnnzySdWqVUu9e/fWihUrbijk1q5d+4Y+KFavXj2H1zabTdHR0YXeS3mj/vOf/0iS/c/JRcnJydG4ceMUHh4uT09P1axZU4GBgTp16pROnz5tb5eenq769esX2P6OO+6wry9Kenq6XFxcVLduXYflV/d34sQJnTp1Sq+//roCAwMdfvL/wZCZmXnN8VxPdna2JF3zXLgWNze3Qu8bPXjwoJKTkxUQECBfX18FBgaqdevWkmQ/juVpTvJdfQ5K0u23365z587pxIkTOnHihM6dO1fkfvLy8grcFx4VFXXd/V7P1cG/evXqkqRff/1V0n/HdnX9gYGB9rZFSUtLk3Ttedi3b58sy9JLL71U4Fx8+eWXJd36uQg4E/fYAhXY4cOHdfr0aUVHRxfZxtvbW5999pk2btyoDz/8UGvXrtW7776r+++/X5988kmxrkCVxH2xVyvqSyRyc3Nv+aqY9Nu9jEuXLtWwYcN07733qmrVqrLZbOrdu/dNX7m+Wfn7e+yxx9SnT59C21z5yLabsXv3bkmynwvXOr6F8fT0LPAtWbm5uXrggQd08uRJjRo1SjExMfLx8dGRI0eUnJx8w8exPM3JzSiJ90FR57ZVRt9un3+cn3vuOSUmJhba5lr/fwKUdwRboAJ7++23JanIX1D5XFxc1K5dO7Vr104zZ87U//zP/2js2LHauHGjEhISSvybyn766SeH15Zlad++fQ7hrXr16jp16lSBbdPT0x3+NHy1/HX5Qa4oK1euVJ8+fTRjxgz7svPnzxfYZ0REhH744YcC2+/du9e+vigRERHKy8tTWlqaw5W/q/vLf2JCbm6uEhISrln3zcjOztbf//53hYeH269q5l/du3q8xbname+7777Tjz/+qDfffFNPPPGEffm6desc2pWnOcl39TkoST/++KOqVKlif8xYlSpVityPi4uLwsPDr7ufkpY/tp9++snhfXDixAn7Vd2i5P/lYPfu3UWeZ/l9uru7l8q5CDgbtyIAFdSGDRv05z//WVFRUfZHMxXm5MmTBZblfwnDhQsXJMn+PM7CgubNeOuttxzu9Vy5cqUyMjLUoUMH+7K6devqq6++cvik95o1awr8+fdqgYGBatWqlZYsWaKDBw86rLvyqperq2uBq2Dz5s0rcMWyY8eO2rZtm7Zu3WpfdvbsWb3++uuKjIxUbGxskbXkj2fu3LkOy6/+ilhXV1c99NBDeu+99woNf1c/7ulG5OTk6PHHH9fJkyc1duxY+z9SIiIi5OrqWuARVwsWLCh23/lXF688jpZlFXh0VHmak3xbt251uG/30KFDWrVqldq3by9XV1e5urqqffv2WrVqlcMtMsePH9f//u//qmXLlvL397/ufkpaQkKC3N3dNW/ePIdjVZyvHb7rrrsUFRWl2bNnF3gv5/cVFBSkNm3a6LXXXlNGRkaBPm7lXATKA67YAhXARx99pL179+ry5cs6fvy4NmzYoHXr1ikiIkKrV6++5kPaJ06cqM8++0ydOnVSRESEMjMztWDBAoWFhdk/nFO3bl1Vq1ZNixYtkp+fn3x8fNSsWbObvqcwICBALVu2VN++fXX8+HHNnj1b0dHRDo8ke/LJJ7Vy5UolJSWpV69eSktL0/Llywvcr1qYuXPnqmXLlrrrrrs0cOBARUVF6cCBA/rwww/tXwvcuXNnvf3226patapiY2O1detWrV+/XjVq1HDoa/To0XrnnXfUoUMHDR06VAEBAXrzzTe1f/9+vffeewX+PH+lJk2a6JFHHtGCBQt0+vRpxcfH69NPP9W+ffsKtJ06dao2btyoZs2aacCAAYqNjdXJkye1Y8cOrV+/vtB/gFztyJEj9mcWZ2dnKzU1VSkpKTp27JieffZZPfXUU/a2VatWVc+ePTVv3jzZbDbVrVtXa9asuaH7J2NiYlS3bl0999xzOnLkiPz9/fXee+8VeuWwvMxJvjvvvFOJiYkOj/uSpAkTJtjbTJo0yf6M58GDB8vNzU2vvfaaLly4oL/85S/FPk4lKTAwUM8995ymTJmizp07q2PHjvr222/10UcfqWbNmtfc1sXFRQsXLlSXLl3UpEkT9e3bVyEhIdq7d6++//57ffzxx5Kk+fPnq2XLlmrYsKEGDBig2267TcePH9fWrVt1+PBh/fvf/y6LoQKlwxmPYgBQPPmPCMr/8fDwsIKDg60HHnjAmjNnjsMjtfJd/bivTz/91OrWrZsVGhpqeXh4WKGhodYjjzxi/fjjjw7brVq1yoqNjbXc3NwcHgfVunVrq0GDBoXWV9Tjvt555x3rhRdesIKCgixvb2+rU6dOBR4DZVmWNWPGDKt27dqWp6en1aJFC+ubb74p1uO+LMuydu/ebXXv3t3y9/e3JFn169e3XnrpJfv6X3/91erbt69Vs2ZNy9fX10pMTLT27t1b6GPG0tLSrB49eljVqlWzvLy8rHvuucdas2ZNoWO+Wk5OjjV06FCrRo0alo+Pj9WlSxfr0KFDBR73ZVmWdfz4cevpp5+2wsPDLXd3dys4ONhq166d9frrr193PxEREfbzwGazWf7+/laDBg2sAQMGWF9//XWh25w4ccJ66KGHrCpVqljVq1e3nnrqKWv37t2FPu7Lx8en0D5SU1OthIQEy9fX16pZs6Y1YMAA69///ne5nhNJ1tNPP20tX77cqlevnuXp6Wn97ne/K/DoM8uyrB07dliJiYmWr6+vVaVKFatt27bWli1bHNoU57F7V7rW476u7qOwx7Ll5uZaEyZMsEJCQixvb2+rTZs21u7duwscp6Ie6fbFF19YDzzwgOXn52f5+PhYjRo1subNm+fQJi0tzXriiSes4OBgy93d3apdu7bVuXNna+XKlcUaI1Be2SyrjO5YB4BSkpCQoOeff17t27d3din4P86cE5vNpqefflqvvvpqme8bgHNxjy2ACq9Lly4OXysM52NOADgD99gCqLDeeecdnT17VikpKQoKCnJ2ORBzAsC5uGILoML6/vvvNWTIEB05ckTPPfecs8uBmBMAzsU9tgAAADACV2wBAABgBIItAAAAjECwBQAAgBEq/VMR8vLydPToUfn5+dm/ihIAAADlh2VZOnPmjEJDQ6/57YOVPtgePXpU4eHhzi4DAAAA13Ho0CGFhYUVub7SB1s/Pz9Jvx0of39/J1cDAACAq2VlZSk8PNye24pS6YNt/u0H/v7+BFsAAIBy7Hq3jfLhMQAAABiBYAsAAAAjEGwBAABgBIItAAAAjECwBQAAgBEItgAAADACwRYAAABGINgCAADACARbAAAAGIFgCwAAACMQbAEAAGAEgi0AAACMQLAFAACAEQi2AAAAMALBFgAAAEZwc3YBgDNkZmYqKyvL2WWUOH9/fwUFBTm7DAAAnIJgi0onMzNTfxw0SJcuXnR2KSXO3cNDixYuJNwCAColgi0qnaysLF26eFFeoc3l4uFfon3nXcjS+Yyv5BXSXC6eJdv3dfd9MUvnj36lrKwsgi0AoFIi2KLScvHwl6t3QOn07Vl6fQMAgMLx4TEAAAAYgWALAAAAIxBsAQAAYASCLQAAAIxAsAUAAIARCLYAAAAwAsEWAAAARiDYAgAAwAgEWwAAABiBYAsAAAAjEGwBAABgBIItAAAAjECwBQAAgBEItgAAADACwRYAAABGINgCAADACARbAAAAGIFgCwAAACMQbAEAAGAEgi0AAACMQLAFAACAEQi2AAAAMALBFgAAAEYg2AIAAMAIBFsAAAAYgWALAAAAIxBsAQAAYASCLQAAAIxAsAUAAIARCLYAAAAwAsEWAAAARiDYAgAAwAgEWwAAABiBYAsAAAAjEGxxQ86fP699+/bp/Pnzzi4FBuM8AwDcDIItbsjhw4c1fPhwHT582NmlwGCcZwCAm0GwBQAAgBEItgAAADACwRYAAABGINgCAADACARbAAAAGIFgCwAAACMQbAEAAGAEgi0AAACMQLAFAACAEQi2AAAAMALBFgAAAEYg2AIAAMAIBFsAAAAYgWALAAAAIxBsAQAAYASCLQAAAIxAsAUAAIARCLYAAAAwAsEWAAAARiDYAgAAwAgEWwAAABiBYAsAAAAjEGwBAABgBIItAAAAjECwBQAAgBEItgAAADACwRYAAABGINgCAADACARbAAAAGIFgCwAAACMQbAEAAGAEgi0AAACMQLAFAACAEdycXQAAVFa5ublKTU3VyZMnFRAQoNjYWLm6uhpbU2mPtzwezyvl5uZq9+7d2rVrl2w2m+688041bNjwmjWW9zEVV3kcR2U/H29FeR7bDQXb5ORkvfnmm/bXAQEBiouL01/+8hft2LFDffv2veb2+/fv17JlyzRhwgRJkouLi0JDQ9WhQwdNnTpVAQEB9raRkZFKT08v0MeUKVM0evRoHThwQFFRUYXuZ+vWrWrevPmNDA0AytSWLVu0ePFiZWZm2pcFBQWpf//+io+PN66m0h5veTyeV9qyZYvmz5+vrKws+7J3331XVatW1eDBgwutsbyPqbjK4zgq+/l4K8r72G74VoSkpCRlZGQoIyNDn376qdzc3NS5c2c9/PDD9uUZGRm69957NWDAAIdl4eHhkqQGDRooIyNDBw8e1NKlS7V27VoNGjSowL4mTpzosH1GRoaeeeYZhzbr168v0KZp06Y3eTgAoPRt2bJFU6dOVWRkpKZNm6YVK1Zo2rRpioyM1NSpU7Vlyxajairt8ZbH43l1fVOmTFFWVpZiY2M1adIkTZo0SbGxsTp9+rSmTJlSoMbyPqbiKo/jqOzn462oCGO74WDr6emp4OBgBQcHq0mTJho9erQOHTqk7Oxs+/Lg4GB5eHioSpUqDsvyL1O7ubkpODhYtWvXVkJCgnr27Kl169YV2Jefn5/D9sHBwfLx8XFoU6NGjQJt3N3db/JwAEDpys3N1eLFixUXF6exY8cqJiZG3t7eiomJ0dixYxUXF6clS5YoNzfXiJpKe7zl8XheXd9f//pXeXh4KC4uTlOmTFHjxo3VuHFjTZkyRXFxcfLw8HCosbyPqbjK4zgq+/l4KyrK2G7pHtvs7GwtX75c0dHRqlGjxk31ceDAAX388cfy8PC4lVKK7cKFC7pw4YL99ZV/FkLxHTp0yNkl3LSKXHtxmDA+E8ZQlNTUVGVmZmrkyJFycXG8tuDi4qKePXtq5MiRSk1NVcOGDSt8TaU93vJ4PK+u78SJE5KkXr16OdTo4uKiXr16afv27Tp+/Li9xvI+puIqj+Oo7OfjragoY7vhYLtmzRr5+vpKks6ePauQkBCtWbOmwCCv5bvvvpOvr69yc3N1/vx5SdLMmTMLtBs1apRefPFFh2UfffSR7rvvPvvr+Pj4AvvOzs4uct9Tpkyx3+OLm1fYfKF8YG7Kt5MnT0qSIiIiCl1fp04dh3YVvabSHm95PJ5XunK/hdWYX9+Vbcv7mIqrPI6jsp+Pt6KijO2Gg23btm21cOFCSdKvv/6qBQsWqEOHDtq2bVuRg71a/fr1tXr1ap0/f17Lly/Xzp07C9w7K0kjR45UcnKyw7LatWs7vH733Xd1xx13FLv+F154QSNGjLC/zsrKst/7i+IbMWJEhT1uhw4dMjr8VeS5yWfyHOV/SDY9PV0xMTEF1h88eNChXUWvqbTHWx6P55Wu3G9hNebXd2Xb8j6m4iqP46js5+OtqChju+Fg6+Pjo+joaPvrv/71r6patareeOMNTZo0qVh9eHh42PuYOnWqOnXqpAkTJujPf/6zQ7uaNWs67Ksw4eHh121zJU9PT3l6eha7PQp3o8cdZYe5Kd9iY2MVFBSklJQUjR071uEvTnl5eUpJSVGtWrUUGxtrRE2lPd7yeDyvri8wMFCnT5/WihUr9OKLL9przMvL04oVK+Th4aHq1avbayzvYyqu8jiOyn4+3oqKMrZb/oIGm80mFxcX5eTk3HQfL774oqZPn66jR4/eajkAUK65urqqf//+2r59uyZPnqy9e/fq3Llz2rt3ryZPnqzt27erX79+ZfpMyNKsqbTHWx6P59X1Pfnkk7p48aK2b9+uF154QTt37tTOnTs1evRobd++XRcvXnSosbyPqbjK4zgq+/l4KyrK2GyWZVnFbZycnKzjx49r6dKlkn67FeHVV1/VwoULtWHDBrVp08betk2bNmrSpIlmz57t0Mf48eP1wQcfaOfOnQ7LmzVrpri4OL366quSfnuObf/+/TVgwACHdlWqVJG/v7/9Obbr169XgwYNHNpUq1ZNXl5exRpTVlaWqlatqtOnT8vf379Y21Rm+/bt0/DhwzVr1qwKe1UwfwxVItvL1btk/2SSm3NS5w58Uip9F3ffFXlu8plwnl1PYc+CrFWrlvr161eunu1ZUjWV9njL4/G8UmHPsZV++301aNCgYj/HtjyNqbjK4zgq+/l4K5w1tuLmtRu+FWHt2rUKCQmR9NvjuGJiYpSSkuIQam/G8OHDlZycrFGjRtnvDxw3bpzGjRvn0O6pp57SokWL7K8TEhIK9PXOO++od+/et1QPAJSm+Ph4NWvWrFx9e09p1lTa4y2Px/NK+fXdyDePlfcxFVd5HEdlPx9vRXkf2w1dsTURV2xvjAlX0rhiW/6ZcJ4BAEpOcfPaLd9jCwAAAJQHBFsAAAAYgWALAAAAIxBsAQAAYASCLQAAAIxAsAUAAIARCLYAAAAwAsEWAAAARiDYAgAAwAgEWwAAABiBYAsAAAAjEGwBAABgBIItAAAAjECwBQAAgBEItgAAADACwRYAAABGINgCAADACARbAAAAGIFgCwAAACMQbAEAAGAEgi0AAACMQLAFAACAEQi2AAAAMALBFgAAAEYg2AIAAMAIBFsAAAAYgWALAAAAIxBsAQAAYASCLQAAAIxAsAUAAIARCLYAAAAwAsEWAAAARiDY4oaEhYVp1qxZCgsLc3YpMBjnGQDgZrg5uwBULF5eXoqOjnZ2GTAc5xkA4GZwxRYAAABGINgCAADACARbAAAAGIFgCwAAACMQbAEAAGAEgi0AAACMQLAFAACAEQi2AAAAMALBFgAAAEYg2AIAAMAIBFsAAAAYgWALAAAAIxBsAQAAYASCLQAAAIxAsAUAAIARCLYAAAAwAsEWAAAARiDYAgAAwAgEWwAAABiBYAsAAAAjEGwBAABgBIItAAAAjECwBQAAgBEItgAAADACwRYAAABGINgCAADACARbAAAAGIFgCwAAACMQbAEAAGAEgi0AAACMQLAFAACAEQi2AAAAMALBFgAAAEYg2AIAAMAIBFsAAAAYwc3ZBQDOkncxq+T7vJDl8L9lqTTGAwBARUKwRaXj7+8vdw8PnT/6Vant43xG6fV9Le4eHvL393fKvgEAcDaCLSqdoKAgLVq4UFlZ5l3h9Pf3V1BQkLPLAADAKQi2qJSCgoIIgAAAGIYPjwEAAMAIBFsAAAAYgWALAAAAIxBsAQAAYASCLQAAAIxAsAUAAIARCLYAAAAwAsEWAAAARiDYAgAAwAgEWwAAABiBYAsAAAAjEGwBAABgBIItAAAAjECwBQAAgBEItgAAADACwRYAAABGINgCAADACARbAAAAGIFgCwAAACMQbAEAAGAEgi0AAACMQLAFAACAEQi2AAAAMALBFgAAAEYg2AIAAMAIBFsAAAAYgWALAAAAIxBsAQAAYASCLQAAAIxAsAUAAIARCLYAAAAwAsEWAAAARiDYAgAAwAgEWwAAABjBzdkFALhxmZmZysrKcnYZ+D/+/v4KCgpydhkAUOkRbIEKJjMzU38cNEiXLl50din4P+4eHlq0cCHhFgCcjGALVDBZWVm6dPGifO8OlKufh7PLKTdyz1xU9jcnyvy45O83KyuLYAsATkawBSooVz8PuVX3dHYZ5Q7HBQAqLz48BgAAACMQbAEAAGAEgi0AAACMQLAFAACAEQi2AAAAMALBFgAAAEYg2AIAAMAIBFsAAAAYgWALAAAAIxBsAQAAYASCLQAAAIxAsAUAAIARCLYAAAAwAsEWAAAARiDYAgAAwAgEWwAAABiBYAsAAAAjEGwBAABgBIItAAAAjECwBQAAgBEItgAAADACwRYAAABGINgCAADACARbAAAAGIFgCwAAACMQbAEAAGAEgi0AAACMQLAFAACAEQi2AAAAMALBFgAAAEYg2AIAAMAIBFsAAAAYgWALAAAAIxBsAQAAYASCLQAAAIxAsC1j58+f1759+3T+/HlnlwIAcAJ+DwClh2Bbxg4fPqzhw4fr8OHDzi4FAOAE/B4ASg/BFgAAAEYg2AIAAMAIBFsAAAAYgWALAAAAIxBsAQAAYASCLQAAAIxAsAUAAIARCLYAAAAwAsEWAAAARiDYAgAAwAgEWwAAABiBYAsAAAAjEGwBAABgBIItAAAAjECwBQAAgBEItgAAADACwRYAAABGINgCAADACARbAAAAGIFgCwAAACMQbAEAAGAEgi0AAACMQLAFAACAEQi2AAAAMALBFgAAAEYg2AIAAMAIBFsAAAAYgWALAAAAIxBsAQAAYASCLQAAAIxAsAUAAIARCLYAAAAwgpuzCwAAAObKzc1VamqqTp48qYCAAMXGxsrV1dXZZcFQpXrFNjk5WTabzf5To0YNJSUladeuXfY2V6739/dXXFycVq1a5dDPsmXLVK1aNYfXNptNSUlJDu1OnTolm82mTZs2leawAABAMWzZskUDBw7UmDFjNH36dI0ZM0YDBw7Uli1bnF0aDFXqtyIkJSUpIyNDGRkZ+vTTT+Xm5qbOnTs7tFm6dKkyMjL0zTffqEWLFurRo4e+++67a/br5uam9evXa+PGjaVZPgAAuAlbtmzR1KlTFRkZqWnTpmnFihWaNm2aIiMjNXXqVMItSkWpB1tPT08FBwcrODhYTZo00ejRo3Xo0CGdOHHC3qZatWoKDg7W7bffrj//+c+6fPnydQOrj4+P+vXrp9GjR5f2EAAAwA3Izc3V4sWLFRcXp7FjxyomJkbe3t6KiYnR2LFjFRcXpyVLlig3N9fZpcIwZXqPbXZ2tpYvX67o6GjVqFGjwPrLly9r8eLFkiQPD4/r9jd+/HhFR0dr5cqV6tGjR7FquHDhgi5cuGB/nZWVVczqS9ahQ4ecsl9UfJw75RPzguKqDOdKamqqMjMzNXLkSLm4OF5Dc3FxUc+ePTVy5EilpqaqYcOGTqoSJir1YLtmzRr5+vpKks6ePauQkBCtWbPG4UR/5JFH5OrqqpycHOXl5SkyMlK9evW6bt+hoaH605/+pLFjx+rBBx8sVj1TpkzRhAkTbmosJWnmzJnOLgFACeI9DfzXyZMnJUkRERGFrq9Tp45DO6CklHqwbdu2rRYuXChJ+vXXX7VgwQJ16NBB27Zts5/ws2bNUkJCgv7zn/9o+PDhmjt3rgICAorV/6hRo/Taa69pyZIlxQrDL7zwgkaMGGF/nZWVpfDw8JsY2a0ZMWKEU/aLiu/QoUOEqHKI9zSKqzK8h/N/h6enpysmJqbA+oMHDzq0A0pKqQdbHx8fRUdH21//9a9/VdWqVfXGG29o0qRJkqTg4GBFR0crOjpaS5cuVceOHZWamqqgoKDr9l+tWjW98MILmjBhQoEPpRXG09NTnp6eNz+gEhIeHu5wXABUbLyngf+KjY1VUFCQUlJSNHbsWIe/0ubl5SklJUW1atVSbGysE6uEicr8CxpsNptcXFyUk5NT6Pp77rlHTZs21eTJk4vd5zPPPCMXFxfNmTOnpMoEAAA3ydXVVf3799f27ds1efJk7d27V+fOndPevXs1efJkbd++Xf369eN5tihxpX7F9sKFCzp27Jik325FePXVV5Wdna0uXboUuc2wYcPUvXt3Pf/886pdu/Z19+Hl5aUJEybo6aefLrG6AQDAzYuPj9fo0aO1ePFijRw50r68Vq1aGj16tOLj451YHUxV6sF27dq1CgkJkST5+fkpJiZGKSkpatOmTZHbJCUlKSoqSpMnT9aCBQuKtZ8+ffpoxowZSk1NLYmyAQDALYqPj1ezZs345jGUmVINtsuWLdOyZcuu2cayrALLbDab9uzZY3+dnJys5OTkIl9Lv/3Z4/vvv7+VcgEAQAlzdXXlkV4oM2V+jy0AAABQGgi2AAAAMALBFgAAAEYg2AIAAMAIBFsAAAAYgWALAAAAIxBsAQAAYASCLQAAAIxAsAUAAIARCLYAAAAwAsEWAAAARiDYAgAAwAgEWwAAABiBYAsAAAAjEGwBAABgBIItAAAAjECwBQAAgBEItgAAADACwRYAAABGINgCAADACARbAAAAGIFgCwAAACMQbAEAAGAEgi0AAACMQLAFAACAEQi2AAAAMALBFgAAAEYg2AIAAMAIBFsAAAAYgWALAAAAIxBsAQAAYASCLQAAAIxAsAUAAIARCLZlLCwsTLNmzVJYWJizSwEAOAG/B4DS4+bsAiobLy8vRUdHO7sMAICT8HsAKD1csQUAAIARCLYAAAAwAsEWAAAARiDYAgAAwAgEWwAAABiBYAsAAAAjEGwBAABgBIItAAAAjECwBQAAgBEItgAAADACwRYAAABGINgCAADACARbAAAAGIFgCwAAACMQbAEAAGAEgi0AAACMQLAFAACAEQi2AAAAMALBFgAAAEYg2AIAAMAIBFsAAAAYgWALAAAAIxBsAQAAYASCLQAAAIxAsAUAAIARCLYAAAAwAsEWAAAARiDYAgAAwAgEWwAAABiBYAsAAAAjEGwBAABgBIItAAAAjECwBQAAgBEItgAAADCCm7MLAHBzcs9cdHYJ5Ur+8Sjr48I8AED5QbAFKhh/f3+5e3go+5sTzi6lXHLGcXH38JC/v3+Z7xcA4IhgC1QwQUFBWrRwobKyspxdCv6Pv7+/goKCnF0GAFR6BFugAgoKCiJIAQBwFT48BgAAACMQbAEAAGAEgi0AAACMQLAFAACAEQi2AAAAMALBFgAAAEYg2AIAAMAIBFsAAAAYgWALAAAAIxBsAQAAYASCLQAAAIxAsAUAAIARCLYAAAAwAsEWAAAARiDYAgAAwAgEWwAAABjBzdkFOJtlWZKkrKwsJ1cCAACAwuTntPzcVpRKH2zPnDkjSQoPD3dyJQAAALiWM2fOqGrVqkWut1nXi76Gy8vL09GjR+Xn5yebzVaifWdlZSk8PFyHDh2Sv79/ifaN6+P4Ox9z4HzMgfMxB87HHDjfrc6BZVk6c+aMQkND5eJS9J20lf6KrYuLi8LCwkp1H/7+/ryRnIjj73zMgfMxB87HHDgfc+B8tzIH17pSm48PjwEAAMAIBFsAAAAYgWBbijw9PfXyyy/L09PT2aVUShx/52MOnI85cD7mwPmYA+crqzmo9B8eAwAAgBm4YgsAAAAjEGwBAABgBIItAAAAjECwBQAAgBEItrfos88+U5cuXRQaGiqbzaYPPvjAvu7SpUsaNWqUGjZsKB8fH4WGhuqJJ57Q0aNHnVewga41B5I0fvx4xcTEyMfHR9WrV1dCQoK+/vpr5xRrqOvNwZX++Mc/ymazafbs2WVWX2VwvTlITk6WzWZz+ElKSnJOsYYqzvtgz5496tq1q6pWrSofHx/FxcXp4MGDZV+soa43B1e/B/J/pk2b5pyCDXS9OcjOztaQIUMUFhYmb29vxcbGatGiRSW2f4LtLTp79qwaN26s+fPnF1h37tw57dixQy+99JJ27Nih999/Xz/88IO6du3qhErNda05kKTbb79dr776qr777jt98cUXioyMVPv27XXixIkyrtRc15uDfH//+9/11VdfKTQ0tIwqqzyKMwdJSUnKyMiw/7zzzjtlWKH5rjcHaWlpatmypWJiYrRp0ybt2rVLL730kry8vMq4UnNdbw6uPP8zMjK0ZMkS2Ww2PfTQQ2VcqbmuNwcjRozQ2rVrtXz5cu3Zs0fDhg3TkCFDtHr16pIpwEKJkWT9/e9/v2abbdu2WZKs9PT0simqkinOHJw+fdqSZK1fv75siqpkipqDw4cPW7Vr17Z2795tRUREWLNmzSrz2iqLwuagT58+Vrdu3ZxST2VU2Bw8/PDD1mOPPeacgiqh4vw+6Natm3X//feXTUGVUGFz0KBBA2vixIkOy+666y5r7NixJbJPrtiWsdOnT8tms6latWrOLqVSunjxol5//XVVrVpVjRs3dnY5lUZeXp4ef/xxjRw5Ug0aNHB2OZXWpk2bFBQUpPr162vQoEH65ZdfnF1SpZGXl6cPP/xQt99+uxITExUUFKRmzZpd87YdlK7jx4/rww8/VP/+/Z1dSqUSHx+v1atX68iRI7IsSxs3btSPP/6o9u3bl0j/BNsydP78eY0aNUqPPPKI/P39nV1OpbJmzRr5+vrKy8tLs2bN0rp161SzZk1nl1VpvPLKK3Jzc9PQoUOdXUqllZSUpLfeekuffvqpXnnlFW3evFkdOnRQbm6us0urFDIzM5Wdna2pU6cqKSlJn3zyibp3767f//732rx5s7PLq5TefPNN+fn56fe//72zS6lU5s2bp9jYWIWFhcnDw0NJSUmaP3++WrVqVSL9u5VIL7iuS5cuqVevXrIsSwsXLnR2OZVO27ZttXPnTv38889644031KtXL3399dcKCgpydmnG+9e//qU5c+Zox44dstlszi6n0urdu7f9vxs2bKhGjRqpbt262rRpk9q1a+fEyiqHvLw8SVK3bt00fPhwSVKTJk20ZcsWLVq0SK1bt3ZmeZXSkiVL9Ic//IF7nMvYvHnz9NVXX2n16tWKiIjQZ599pqefflqhoaFKSEi45f65YlsG8kNtenq61q1bx9VaJ/Dx8VF0dLSaN2+uxYsXy83NTYsXL3Z2WZXC559/rszMTNWpU0dubm5yc3NTenq6nn32WUVGRjq7vErrtttuU82aNbVv3z5nl1Ip1KxZU25uboqNjXVYfscdd/BUBCf4/PPP9cMPP+jJJ590dimVSk5OjsaMGaOZM2eqS5cuatSokYYMGaKHH35Y06dPL5F9cMW2lOWH2p9++kkbN25UjRo1nF0S9NvVkwsXLji7jErh8ccfL/Cv8MTERD3++OPq27evk6rC4cOH9csvvygkJMTZpVQKHh4eiouL0w8//OCw/Mcff1RERISTqqq8Fi9erKZNm/JZizJ26dIlXbp0SS4ujtdVXV1d7X/VuFUE21uUnZ3tcMVj//792rlzpwICAhQSEqIePXpox44dWrNmjXJzc3Xs2DFJUkBAgDw8PJxVtlGuNQc1atTQ5MmT1bVrV4WEhOjnn3/W/PnzdeTIEfXs2dOJVZvlWnNQp06dAv+gc3d3V3BwsOrXr1/WpRrrWnMQEBCgCRMm6KGHHlJwcLDS0tL0/PPPKzo6WomJiU6s2izXex+MHDlSDz/8sFq1aqW2bdtq7dq1+sc//qFNmzY5r2jDXG8OJCkrK0spKSmaMWOGs8o02vXmoHXr1ho5cqS8vb0VERGhzZs366233tLMmTNLpoASebZCJbZx40ZLUoGfPn36WPv37y90nSRr48aNzi7dGNeag5ycHKt79+5WaGio5eHhYYWEhFhdu3a1tm3b5uyyjXKtOSgMj/sqedeag3Pnzlnt27e3AgMDLXd3dysiIsIaMGCAdezYMWeXbZTivA8WL15sRUdHW15eXlbjxo2tDz74wHkFG6g4c/Daa69Z3t7e1qlTp5xXqMGuNwcZGRlWcnKyFRoaanl5eVn169e3ZsyYYeXl5ZXI/m2WZVklE5EBAAAA5+HDYwAAADACwRYAAABGINgCAADACARbAAAAGIFgCwAAACMQbAEAAGAEgi0AAACMQLAFAEiSvvrqK9WoUUNPPvmk9uzZo06dOjm7JAC4IQRbACgDycnJstlsstlscnd3V61atfTAAw9oyZIlJfYd6bdq9erVeuWVV1SzZk117NhRTz31lLNLAoAbwjePAUAZSE5O1vHjx7V06VLl5ubq+PHjWrt2raZMmaL77rtPq1evlpub2w33a1mWcnNzb2pbADANV2wBoIx4enoqODhYtWvX1l133aUxY8Zo1apV+uijj7Rs2TIdOHBANptNO3futG9z6tQp2Ww2bdq0SZK0adMm2Ww2ffTRR2ratKk8PT31xRdfKC0tTd26dVOtWrXk6+uruLg4rV+/3mH/Fy5c0KhRoxQeHi5PT09FR0dr8eLFkqTc3Fz1799fUVFR8vb2Vv369TVnzhyH7fPy8jRx4kSFhYXJ09NTTZo00dq1a0v1mAHAjSDYAoAT3X///WrcuLHef//9G9pu9OjRmjp1qvbs2aNGjRopOztbHTt21Keffqpvv/1WSUlJ6tKliw4ePGjf5oknntA777yjuXPnas+ePXrttdfk6+sr6bfQGhYWppSUFKWmpmrcuHEaM2aMVqxYYd9+zpw5mjFjhqZPn65du3YpMTFRXbt21U8//VQyBwMAbhG3IgBAGUhOTtapU6f0wQcfFFjXu3dv7dq1S//85z8VFRWlb7/9Vk2aNJH02xXb6tWra+PGjWrTpo02bdqktm3b6oMPPlC3bt2uuc8777xTf/zjHzVkyBD9+OOPql+/vtatW6eEhIRi1TxkyBAdO3ZMK1eulCTVrl1bTz/9tMaMGWNvc8899yguLk7z588v3oEAgFLETVkA4GSWZclms93QNnfffbfD6+zsbI0fP14ffvihMjIydPnyZeXk5Niv2O7cuVOurq5q3bp1kX3Onz9fS5Ys0cGDB5WTk6OLFy/aA3ZWVpaOHj2qFi1aOGzTokUL/fvf/76h2gGgtBBsAcDJ9uzZo6ioKLm4/HZ32JV/SLt06VKh2/j4+Di8fu6557Ru3TpNnz5d0dHR8vb2Vo8ePXTx4kVJkre39zVr+H//7//pueee04wZM3TvvffKz89P06ZN09dff30rQwOAMsU9tgDgRBs2bNB3332nhx56SIGBgZKkjIwM+/orP0h2LV9++aWSk5PVvXt3NWzYUMHBwTpw4IB9fcOGDZWXl6fNmzcXuX18fLwGDx6s3/3ud4qOjlZaWpp9vb+/v0JDQ/Xll18W2C42NraYowWA0sUVWwAoIxcuXNCxY8cKPO6rc+fOeuKJJ+Tq6qrmzZtr6tSpioqKUmZmpl588cVi9V2vXj29//776tKli2w2m1566SWH5+NGRkaqT58+6tevn+bOnavGjRsrPT1dmZmZ6tWrl+rVq6e33npLH3/8saKiovT2229r+/btioqKsvcxcuRIvfzyy6pbt66aNGmipUuXaufOnfrb3/5W4scKAG4GV2wBoIysXbtWISEhioyMVFJSkjZu3Ki5c+dq1apVcnV1lSQtWbJEly9fVtOmTTVs2DBNmjSpWH3PnDlT1atXV3x8vLp06aLExETdddddDm0WLlyoHj16aPDgwbrttts0YMAAnT17VpL01FNP6fe//70efvhhNWvWTL/88osGDx7ssP3QoUM1YsQIPfvss2rYsKHWrl2r1atXq169eiVwdADg1vFUBACohJ566in16tVL7dq1c3YpAFBiuGILAJXI6dOnlZaWJg8PD61evdrZ5QBAieIeWwCoRI4cOaLmzZvLy8tLy5cvd3Y5AFCiuBUBAAAARuBWBAAAABiBYAsAAAAjEGwBAABgBIItAAAAjECwBQAAgBEItgAAADACwRYAAABGINgCAADACARbAAAAGOH/A9sQ2drO62hRAAAAAElFTkSuQmCC",
      "text/plain": [
       "<Figure size 800x500 with 1 Axes>"
      ]
     },
     "metadata": {},
     "output_type": "display_data"
    }
   ],
   "source": [
    "means = {\n",
    "    'BTREE': sum(duration_btree) / len(duration_btree),\n",
    "    'BRIN': sum(duration_brin) / len(duration_brin),\n",
    "}\n",
    "\n",
    "# Gráfico de Barras (Médias)\n",
    "plt.figure(figsize=(8, 5))\n",
    "plt.bar(means.keys(), means.values(), color=['#4C72B0', '#55A868', '#C44E52'])\n",
    "plt.title('Duração Média por Índice')\n",
    "plt.ylabel('Duração Média')\n",
    "plt.show()\n",
    "\n",
    "# Box Plot Horizontal\n",
    "plt.figure(figsize=(8, 5))\n",
    "sns.boxplot(data=[duration_btree, duration_brin], \n",
    "            palette=['#4C72B0', '#55A868', '#C44E52'], orient='h')\n",
    "plt.yticks([0, 1], ['BTREE', 'BRIN'])\n",
    "plt.title('Distribuição de Duração por Índice')\n",
    "plt.xlabel('Duração')\n",
    "plt.show()"
   ]
  },
  {
   "cell_type": "code",
   "execution_count": null,
   "id": "9709d5c9",
   "metadata": {},
   "outputs": [],
   "source": []
  }
 ],
 "metadata": {
  "kernelspec": {
   "display_name": "3.13.3",
   "language": "python",
   "name": "python3"
  },
  "language_info": {
   "codemirror_mode": {
    "name": "ipython",
    "version": 3
   },
   "file_extension": ".py",
   "mimetype": "text/x-python",
   "name": "python",
   "nbconvert_exporter": "python",
   "pygments_lexer": "ipython3",
   "version": "3.13.3"
  }
 },
 "nbformat": 4,
 "nbformat_minor": 5
}
